Tue May 30 14:19:21 2023       
+---------------------------------------------------------------------------------------+
| NVIDIA-SMI 530.41.03              Driver Version: 530.41.03    CUDA Version: 12.1     |
|-----------------------------------------+----------------------+----------------------+
| GPU  Name                  Persistence-M| Bus-Id        Disp.A | Volatile Uncorr. ECC |
| Fan  Temp  Perf            Pwr:Usage/Cap|         Memory-Usage | GPU-Util  Compute M. |
|                                         |                      |               MIG M. |
|=========================================+======================+======================|
|   0  NVIDIA A100 80GB PCIe           On | 00000000:CA:00.0 Off |                    0 |
| N/A   57C    P0               74W / 300W|      0MiB / 81920MiB |      0%   E. Process |
|                                         |                      |             Disabled |
+-----------------------------------------+----------------------+----------------------+
                                                                                         
+---------------------------------------------------------------------------------------+
| Processes:                                                                            |
|  GPU   GI   CI        PID   Type   Process name                            GPU Memory |
|        ID   ID                                                             Usage      |
|=======================================================================================|
|  No running processes found                                                           |
+---------------------------------------------------------------------------------------+
----------GLOSS VOCAB SIZE 1085----------
----------GLOSS VOCAB SIZE 1085----------
----------GLOSS VOCAB SIZE 1085----------
Loading entire state dict directly...
Succesfully loaded
Freezing up to block 4 in S3D backbone
Loading model from pretrained checkpoint!

--------------------Preparing Baseline Metrics--------------------

--------------------Starting Training--------------------

--------------------------------------------------
EPOCH: 0
TIME: 1679.1112225055695
AVG. LOSS: 40.71936793016964
EPOCH METRICS: {'BLEU_1': 0.15302350145233695, 'BLEU_2': 0.08331161391259424, 'BLEU_3': 0.058028181170864515, 'BLEU_4': 0.045064561143251164, 'LOSS': 41.70340403150731, 'ROUGE': 0.15899752636389403, 'EXAMPLE': 'pred: und nun die wettervorhersage für morgen mittwoch den fünfundzwanzigsten juli, target: sonst ist es teilweise klar an den küsten gibt es einzelne schauer'}
BASELINE METRICS: {}
['in der nacht regnet es im süden und osten hier und da sonst nur hier und da etwas schnee oder gefrierender regen', 'und nun die wettervorhersage für morgen mittwoch den fünfundzwanzigsten juli', 'und nun die wettervorhersage für morgen mittwoch den fünfundzwanzigsten juli', 'und nun die wettervorhersage für morgen mittwoch den fünfundzwanzigsten juli']
['am ist auch ein tief regenneechziergang ameee vor vor vor vor vor heute heute heute heute heute heute heute heute', 'am tief über sich unser wetter bestimmt hat zieht sich zurück noch noch   norden deutschlands  ton an amee', 'am derdeutschland heute wir morgenchsttemperaturen zwischen von etwa drei bishn bis achtbzehn grad und ameee', 'am tief über demmitteleuropa südeuropa bestimmt morgen uns in deutschland für morgen den kommenden tagen für  niges wetter']
['möglich aber wird ein erster schneespaziergang', 'das hoch das heute unser wetter bestimmt hat zieht sich zurück gibt aber noch morgen im süden deutschlands den ton an', 'in norddeutschland haben wir höchsttemperaturen so von etwa fünfzehn bis siebzehn grad', 'das hoch über mittel und westeuropa sorgt bei uns in deutschland auch in den kommenden tagen für meist sonniges wetter']
--------------------------------------------------

--------------------------------------------------
EPOCH: 1
TIME: 1867.9274098873138
AVG. LOSS: 42.64859477322886
EPOCH METRICS: {'BLEU_1': 0.2632797799971052, 'BLEU_2': 0.16021469503023167, 'BLEU_3': 0.11137641441733132, 'BLEU_4': 0.08390564983213547, 'LOSS': 42.29161161678145, 'ROUGE': 0.27677770372312893, 'EXAMPLE': 'pred: in den nächsten tagen wird es dann von westen etwas kühler, target: hier und da bildet sich nebel'}
BASELINE METRICS: {}
['am tag mal sonne mal wolken hier und da schauer und gewitter die in der osthälfte unwetterartig ausfallen können', 'am sonntag ziehen dann von westen wieder neue schauer und gewitter heran die im laufe des tages kräftiger werden', 'im norden und osten einzelne schauer oder gewitter', 'und nun die wettervorhersage für morgen mittwoch den fünfundzwanzigsten november']
['morgen tag viel viel viele son sonne und im südsten und südwesten  es wol teil wolkig sonstgebieter oder gewitter gibt es dann auch vereinzelt', 'am sonntag  von von nordsten wieder wolken heran die das und undet heute am und auch wirdeet von auche wird am wird ess am uns ein', 'imrichtung südsten und itter das wirdte tiefe vore uns sich istr es wird wird iste wiederne ein das imn es im ders im', 'am ogäu morgen nacht drei bis der laner bucht bisde dreizehn grad am und und und am amen amze und temperaturen am und ist viere']
['am tag morgen dann wieder viel sonne ganz im westen und südwesten ist es zum teil wolkig schauer oder gewitter gibt es aber nur vereinzelt', 'am sonntag ziehen dann von westen wieder regenwolken heran', 'richtung osten kaum gewitter', 'im allgäu heute nacht sechs in der kölner bucht milde vierzehn grad']
--------------------------------------------------

--------------------------------------------------
EPOCH: 2
TIME: 1841.9334015846252
AVG. LOSS: 37.81942032115094
EPOCH METRICS: {'BLEU_1': 0.34853308953988743, 'BLEU_2': 0.23778063465910462, 'BLEU_3': 0.17175824339624593, 'BLEU_4': 0.13124376843247573, 'LOSS': 39.09509503221236, 'ROUGE': 0.3635181969999959, 'EXAMPLE': 'pred: am samstag in der südwesthälfte viel sonne in der nordosthälfte einzelne schauer und gewitter, target: am samstag in der südwesthälfte meist trocken sonst mal sonne mal schauer im nordosten gewitter'}
BASELINE METRICS: {}
['in der nacht wird es wechselhaft und unbeständig', 'im norden unter klarem himmel heute nacht bis achtzehn am oberrhein örtlich leichter regen', 'auch am donnerstag viele wolken hier und da regen im bergland auch schnee', 'morgen scheint verbreitet die sonne und es wird etwas milder']
['in  woche beginnt dann  undig und wechselhaft sie es uns auche', 'im der nordste und bis acht bis sie grad imrichtung ober nur grad regentropfen auch vor', 'am am donnerstag vieleweise schauer oder den bergen auch schneeer amee', 'morgen morgen besch dasr luftdruck für freundlichnischein und mil mit etwasluft auch für freundlichsteigende temperaturen']
['das neue jahr beginnt dann mild windig und wechselhaft', 'an der küste auch nur zehn bis zwölf grad und richtung oder ein paar regentropfen', 'auch am donnerstag stellenweise schauer auf den bergen wieder schneeschauer', 'auch morgen sorgt hoher luftdruck für sonnenschein und zusammen mit warmluft auch für steigende temperaturen']
--------------------------------------------------

--------------------------------------------------
EPOCH: 3
TIME: 1804.130049943924
AVG. LOSS: 34.695482798985076
EPOCH METRICS: {'BLEU_1': 0.4033689499216392, 'BLEU_2': 0.29116157598153275, 'BLEU_3': 0.22184371050160392, 'BLEU_4': 0.17613885855314687, 'LOSS': 37.002247913724425, 'ROUGE': 0.42873583313676655, 'EXAMPLE': 'pred: und nun die wettervorhersage für morgen freitag den ersten dezember, target: und nun die wettervorhersage für morgen freitag den zehnten juli'}
BASELINE METRICS: {}
['heute nacht werte zwischen drei und zehn grad an der nordsee bis zwölf grad', 'am sonntag viel sonne', 'im laufe des tages breitet sich von den alpen regen aus der örtlich gefrieren kann im nordwesten ist schnee dabei', 'das hoch über westeuropa bestimmt weiter unser wetter']
['heute nacht  bis zehn grad an der nord und grad an heutetn im bis in heuten heutee', 'am sonntag viel sonneschein am über wirde am über am am', 'und gibtlte isttet bis auf den alpen und dann fällt der regen in in schnee über', 'das f sich von westen mählich wiederr luftdruck durch dasene']
['heute nacht drei bis zehn grad an der see zwölf grad', 'am sonntag viel sonnenschein', 'die kälte flutet bis zu den alpen und dann geht der regen wieder in schnee über', 'gleichzeitig setzt sich von westen allmählich hoher luftdruck durch']
--------------------------------------------------

--------------------------------------------------
EPOCH: 4
TIME: 1808.5165269374847
AVG. LOSS: 32.45600914652833
EPOCH METRICS: {'BLEU_1': 0.42329883300756554, 'BLEU_2': 0.3107857893326154, 'BLEU_3': 0.2393462466223465, 'BLEU_4': 0.19157941180169807, 'LOSS': 36.308199791549946, 'ROUGE': 0.45089263859018025, 'EXAMPLE': 'pred: am tag viele wolken hier und da nebel oder hochnebel dabei ist es meist trocken, target: am tag bleibt es bei vielen wolken und nebel weitgehend trocken mancherorts zeigt sich auch die sonne'}
BASELINE METRICS: {}
['morgen reichen die temperaturen von dreiundzwanzig grad im breisgau bis neunundzwanzig grad am oberrhein', 'und nun die wettervorhersage für morgen donnerstag den sechsten november', 'morgen reichen die temperaturen von zwanzig grad an der ostsee bis sieben grad im breisgau', 'liebe zuschauer guten abend']
['morgen reichen die temperaturen von dreizezwanzig grad im der eiusitz bis neundzwanzig grad am oberrhein', 'und  teile chsen und unwetterwarn des deutschen wetterdienstes und und und unde der es und undr ist', 'morgen norden morgen bis zwanzig im breiraumtland nur sondauerregen nur kühle sieben grad dort diee wirde dort morgen', 'und zuschauer guten abend liebedge gutenine guten und guten ich']
['morgen reichen die temperaturen von dreiundzwanzig grad in der lausitz bis neunundzwanzig grad am oberrhein', 'für große teile sachsens bestehen unwetterwarnung des deutschen wetterdienstes', 'im norden morgen bis zwanzig im vogtland bei dauerregen nur kühle sieben grad', 'liebe zuschauer guten abend']
--------------------------------------------------

--------------------------------------------------
EPOCH: 5
TIME: 1818.9889192581177
AVG. LOSS: 30.75759833360867
EPOCH METRICS: {'BLEU_1': 0.43396100918337577, 'BLEU_2': 0.3251851232400829, 'BLEU_3': 0.25558763142660335, 'BLEU_4': 0.20735344560897168, 'LOSS': 36.36707880501572, 'ROUGE': 0.47055384230368824, 'EXAMPLE': 'pred: guten abend liebe zuschauer, target: ich wünsche ihnen einen schönen abend und machen sie es gut'}
BASELINE METRICS: {}
['das tief über dem östlichen mitteleuropa bestimmt weiter unser wetter', 'heute vormittag war das ein wunderbarer tag für die meteorologen aber leider bleibt es nicht so', 'in der nordosthälfte morgen kühle zwei bis drei grad bei längerem nebel viel sonnenschein', 'am mittwoch erreichen uns von westen wolken eines tiefs über dem atlantik']
['dasdeutschland liegt innerhalb zwischen der grenze zwischen diesen beidendruckgebieten und bekommt von der was das  das das das das  in das   dasn', 'heute nachttwo war das ein ein sehrer tagstand für das westenwetter aber leider bleibt es nicht mehr heute heute heute', 'imhler bleibt es im im nordosten mit zwei bis drei grad und und das liegttter mit vor viel vielne und auchlig trübe wetter', 'am mittwoch ziehen dann dann von westen die wolken eines atlantiktiefs am am am am am amgt in wird am am wird wird']
['deutschland liegt genau an der grenze zwischen diesen luftdruckgebieten und bekommt von allem etwas', 'heute mittag war das eigentlich ein fantastischer einstand für das osterwetter aber leider bleibt es nicht so', 'kühler bleibt es weiterhin im nordosten mit zwei bis drei grad etwa und das wetter bringt zunächst erstmal sonne oder neblig trübes wetter', 'ab mittwoch erreichen uns dann von westen die wolken eines atlantiktiefs']
--------------------------------------------------

--------------------------------------------------
EPOCH: 6
TIME: 1797.288596868515
AVG. LOSS: 30.036767902358143
EPOCH METRICS: {'BLEU_1': 0.46036786175790734, 'BLEU_2': 0.34456714934132815, 'BLEU_3': 0.26927977549022347, 'BLEU_4': 0.2172508976864605, 'LOSS': 35.96718792993439, 'ROUGE': 0.4959071754050779, 'EXAMPLE': 'pred: am mittwoch ändert sich an diesem wetter wenig, target: ähnlich verläuft der mittwoch'}
BASELINE METRICS: {}
['im osten und südosten ist es heute nacht zum teil noch längere zeit klar', 'im übrigen land bleibt es meist trocken auf den höheren bergen sowie an den alpen kann sich auch mal die sonne blicken lassen', 'am dienstag in der nordosthälfte sonne in der westhälfte wolken und zeitweise regen', 'am sonntag ist es zunächst freundlich später von nordwesten kräftige schauer und gewitter']
['im osten undläuft die nacht klar heute noch im   heute heute im im heute heute im heute heute im heute  heute in', 'imlich des rhe bleibt es trocken im den höheren bergen sowie in den alpen kann malneschein im wirdsene im im', 'am dienstag ist der nordosthälfte son längere sonnige abschnitte in neben nordwesten dichtere wolken mit zeitweise regen', 'am sonntag ist freundlich im von nordwesten breite   schauer und gew teil heftige gewitter heran amn ist am wird']
['im osten verläuft die nacht klar', 'südlich des mains bleibt es trocken auf den höheren bergen sowie an den alpen auch sonnenschein', 'am dienstag in der nordosthälfte noch längere sonnige abschnitte sonst von südwesten dichtere wolken und zeitweise regen', 'am sonntag zunächst freundlich aber von nordwesten ziehen wieder einzelne schauer und zum teil heftige gewitter heran']
--------------------------------------------------

--------------------------------------------------
EPOCH: 7
TIME: 1815.9668600559235
AVG. LOSS: 29.974522106141634
EPOCH METRICS: {'BLEU_1': 0.4492517432768065, 'BLEU_2': 0.34057940186128904, 'BLEU_3': 0.2706297278299075, 'BLEU_4': 0.22271695947738457, 'LOSS': 35.55210604006155, 'ROUGE': 0.4821756237548476, 'EXAMPLE': 'pred: morgen temperaturen von acht bis sechzehn grad, target: und morgen früh ist es mild in ganz deutschland acht bis sechzehn grad'}
BASELINE METRICS: {}
['im übrigen land unbeständiges wetter', 'und es wird auch noch ein bisschen kühler als heute meist so zwischen fünfzehn und zwanzig grad', 'vor allem in der osthälfte sowie vom erzgebirge bis zu den alpen regnet es gebietsweise etwas schnee', 'das tief das sich zum atlantik verlagert sorgt morgen im norden und westen deutschlands für zum teil länger anhaltenden regen']
['imtwo einher geht wechselhaftes wetter schauern auch wind in ine auchhaftea  über auch in  ntn auch', 'und haben dann die die kürtlich kühle wetter mit fünfzehn bis z zwanzig grad und undrs wird es auchn esn es den heute es es', 'vor vor von oberinland pfalz über baden württemberg bis zum den alpen noch regen teilweise und da auchneit es auch vor dabei wird am teilweisennenss wird', 'das atlantik näher uns ein ein tiefausläufer der von mal nordenen am donnerstag dann  der ganzen nordhälfte deutschlands für regen teil länger anhaltenden regen sorgt']
['mit ihr einher geht wechselhaftes wetter mit schauern und viel wind', 'wir haben weiterhin eher das herbstlich kühle wetter mit fünfzehn bis maximal zwanzig grad', 'morgen fällt von rheinland pfalz über baden württemberg bis zu den alpen meist regen hier und da schneit es auch', 'vom atlantik erreicht uns morgen ein tiefausläufer der erst im nordwesten am donnerstag dann in der ganzen nordhälfte deutschlands für zum teil länger anhaltendem regen sorgt']
--------------------------------------------------

--------------------------------------------------
EPOCH: 8
TIME: 1792.1459531784058
AVG. LOSS: 28.91790024345443
EPOCH METRICS: {'BLEU_1': 0.45938691769999007, 'BLEU_2': 0.3482524217870241, 'BLEU_3': 0.27532097342001816, 'BLEU_4': 0.22513529400382076, 'LOSS': 36.10621117075514, 'ROUGE': 0.4940282252552906, 'EXAMPLE': 'pred: im norden und süden bleibt es meist trocken, target: am tag ist es im norden und südlich der donau trocken sonst ab und an regen'}
BASELINE METRICS: {}
['ihnen einen schönen abend und machen sie es gut', 'der wind weht schwach bis mäßig aus unterschiedlichen richtungen', 'es geht los in den nächsten tagen mit steigenden temperaturen', 'vor allem am vormittag schneit es hier und da etwas vor allem am alpenrand']
['ihnen einen schönen abend und machen sie es gut ichtn ihnen ihnen guten ihnen', 'deracher bis mäßiger wind der nord auch frischer wind aus nord bis südost der', 'am der mittel fällten ein zu dreißtimeter und be am und und am', 'am am vormittag wird es dann etwasneien im es am dend am alpenrand und']
['ihnen einen schönen abend und machen sie es gut', 'schwacher bis mäßiger an der see auch frischer wind aus süd bis südost', 'an einigen orten fielen bis zu drei zentimeter', 'und am vormittag wird es noch schneien und zwar anhaltend am alpenrand']
--------------------------------------------------

--------------------------------------------------
EPOCH: 9
TIME: 1834.7617814540863
AVG. LOSS: 29.16539209934986
EPOCH METRICS: {'BLEU_1': 0.45972446003606127, 'BLEU_2': 0.34416263540177783, 'BLEU_3': 0.26854336466533585, 'BLEU_4': 0.21599742165023247, 'LOSS': 36.349158834630124, 'ROUGE': 0.48817941955026534, 'EXAMPLE': 'pred: in der nacht dreizehn grad am niederrhein und null grad in den mittelgebirgen, target: in der nacht dreizehn grad auf sylt und null grad in den mittelgebirgstälern'}
BASELINE METRICS: {}
['heute nacht minus zwei bis minus sechs grad am tag minus sechs grad an den alpen und null grad an der ostsee', 'der wind weht schwach bis mäßig im norden frisch bis stark an der nordsee gegen abend stürmische böen', 'im laufe des tages entwickeln sich vor allem in der nordwesthälfte kräftige gewitter', 'das tief über der nordsee lenkt von westen regenwolken heran']
['heute nacht werte zwischen minus zwei und minus acht grad am tag minus siebenwerte zwischen minus sieben grad an den alpen und null grad im breiensten wird', 'der wind weht schwach bis mäßig im der nordwesthälfte auch frisch und nordenen gegen abend türmische böen', 'die gibt vor die sonne vor im der nordwesthälfte können sich am tagesverlauf zum teil heftige gewegewitter entwickelntladen', 'das der nacht breitenkt ein tief über dem nordsee  dersten regenwolken heran dasre unsddrt sichs']
['heute nacht werte zwischen minus zwei und minus zehn grad am tag dann werte zwischen minus sechs grad an den alpen und null grad im nordosten', 'der wind weht schwach bis mäßig in der nordwesthälfte auch frisch im nordwesten am abend stürmische böen', 'dazu scheint meist die sonne besonders in der nordwesthälfte können sich im tagesverlauf zum teil heftige hitzegewitter entladen', 'in der nacht lenkt ein tief über der nordsee von westen regenwolken heran']
--------------------------------------------------

--------------------------------------------------
EPOCH: 10
TIME: 1913.8010711669922
AVG. LOSS: 26.901550193409342
EPOCH METRICS: {'BLEU_1': 0.4794397692534003, 'BLEU_2': 0.366815189361628, 'BLEU_3': 0.2916363287538684, 'BLEU_4': 0.23926760022997923, 'LOSS': 35.95909635478591, 'ROUGE': 0.5126752741975742, 'EXAMPLE': 'pred: morgen wechseln sich sonne und wolken ab in küstennähe zeigt sich auch mal die sonne, target: morgen gibt es mal sonne mal wolken in der nordhälfte zeigt sich die sonne häufiger'}
BASELINE METRICS: {}
['in der südwesthälfte sowie an den alpen regnet es hier und da', 'ein sturmtief über der nordsee sorgt in der nacht und morgen im süden deutschlands für unwetter mit sturmböen auf den bergen orkanböen', 'im norden und nordosten deutschlands sorgt hoher luftdruck bis morgen abend für trockenes wetter', 'am freitag mal sonne mal wolken am nachmittag einzelne schauer und gewitter']
['im süden hin wird ruhiger und am alpenrand da etwas und da etwas schtropfen im ge im im imtd', 'in der ost schwere sturmböen in der  abend   der südhälfte gerechnet werden muss auf in in', 'im nordensten deutschlands wirdiert noch von einemm luftdruck und dort bleibt es bis morgen abend tro teilweisegehend trocken', 'son mittag malne wol wolken am dem nachmittag kann schaue itterschauer am am auchheiten die']
['nach süden hin alles ruhiger nur am alpenrand auch hier und da einige regentropfen', 'an der see schwere sturmböen mit denen morgen abend auch in der südhälfte gerechnet werden muss', 'der nordosten deutschlands profitiert noch von höherem luftdruck und dort bleibt es bis morgen abend zumindest weitgehend trocken', 'am freitag sonne und wolken ab dem nachmittag einzelne kräftige gewitterschauer']
--------------------------------------------------

--------------------------------------------------
EPOCH: 11
TIME: 1845.8726959228516
AVG. LOSS: 27.087727934449585
EPOCH METRICS: {'BLEU_1': 0.4726876990039776, 'BLEU_2': 0.36387916892129457, 'BLEU_3': 0.290889404824381, 'BLEU_4': 0.23908435739907605, 'LOSS': 35.577794313201096, 'ROUGE': 0.5111083639602232, 'EXAMPLE': 'pred: im norden und süden bleibt es meist trocken, target: am tag ist es im norden und südlich der donau trocken sonst ab und an regen'}
BASELINE METRICS: {}
['am donnerstag ist es zunächst freundlich am nachmittag vor allem im süden teilweise heftige gewitter', 'am donnerstag kommt von westen regen auf der örtlich gefrieren kann', 'am nachmittag kann es im nordwesten und westen etwas regnen', 'am samstag viel sonne bei bis zu dreißig grad in küstennähe überwiegen die wolken und es regnet etwas']
['am donnerstag ist es zunächst recht freundlich aber den nachmittagsstunden sind allem im süden teilweise teilweise e gewitter am', 'und der nacht zum donnerstag kommen im westen wieder mit en unwettern gerechnet werden und und auch undta am und am', 'am den nachmittagsstunden bleibt es im nordwesten und bisschen regnen am auchn iste auf wiees im am', 'am samstag viel sonne bei bis zu dreißig grad in küstennähe gibtwiegend die wolken und es eintlich regen']
['am donnerstag ist es zunächst recht freundlich ab den nachmittagsstunden vor allem im süden einige teilweise heftige gewitter', 'in der nacht zum donnerstag muss von westen erneut mit lokalen unwettern gerechnet werden', 'in den nachmittagsstunden kann es im nordwesten ein wenig regnen', 'am samstag viel sonne bei bis zu dreißig grad in küstennähe überwiegen die wolken und bringen gelegentlich regen']
--------------------------------------------------

--------------------------------------------------
EPOCH: 12
TIME: 1828.9273760318756
AVG. LOSS: 26.44361042029154
EPOCH METRICS: {'BLEU_1': 0.4680558531398402, 'BLEU_2': 0.36249756980953096, 'BLEU_3': 0.29229876339728683, 'BLEU_4': 0.24250987132795238, 'LOSS': 36.04313333990027, 'ROUGE': 0.5054035850586198, 'EXAMPLE': 'pred: am tag einundzwanzig grad auf rügen und bis neunundzwanzig grad im breisgau, target: am tag einundzwanzig grad auf sylt und neunundzwanzig grad in der lausitz und in niederbayern'}
BASELINE METRICS: {}
['aber morgen wird es noch wärmer in mitteleuropa dreißig grad ein bisschen kühler wird es dann auch von westen', 'im laufe des tages entwickeln sich mitunter kräftige schauer und gewitter die unwetterartig sein können', 'am freitag eine mischung aus sonne und wolken mit regen fällt vor allem im süden', 'heute nacht achtzehn grad an der nordsee zehn grad im bayerischen wald']
['aber morgen gesagt morgen wird in mitteleuropa diesommer über dreißig grad die temperatur und die wird sich auch allmählich von westen auch abkühlung bei uns bemerkbar', 'im der süd nachthälfte regen kräftige gewitter können sich wieder aufwetterpot dabei sein imrtemss sicht der im', 'am freitag wird dann wieder sonne wieder häufiger zum vorge regen fällt vor allem im im süden am am und am am am am am am am am am am ame am am', 'heute nacht achtzehn grad an der nordsee und grad in breierischen wald heute in heute heutea nacht heute heute heute heute heute heute zehn heute']
['aber wie gesagt morgen nochmal in mitteleuropa hochsommer über dreißig grad die temperatur und dann macht sich so allmählich von westen die abkühlung bei uns bemerkbar', 'in der zweiten nachthälfte auch kräftige gewitter können auch wieder unwetter mit dabei sein', 'ab freitag kommt dann die sonne wieder häufiger zum zuge regen fällt vor allem noch im süden', 'heute nacht achtzehn grad an der nordsee zehn grad im bayerischen wald']
--------------------------------------------------
