Sun May 14 18:11:42 2023       
+---------------------------------------------------------------------------------------+
| NVIDIA-SMI 530.41.03              Driver Version: 530.41.03    CUDA Version: 12.1     |
|-----------------------------------------+----------------------+----------------------+
| GPU  Name                  Persistence-M| Bus-Id        Disp.A | Volatile Uncorr. ECC |
| Fan  Temp  Perf            Pwr:Usage/Cap|         Memory-Usage | GPU-Util  Compute M. |
|                                         |                      |               MIG M. |
|=========================================+======================+======================|
|   0  NVIDIA A100 80GB PCIe           On | 00000000:65:00.0 Off |                    0 |
| N/A   34C    P0               43W / 300W|      0MiB / 81920MiB |      0%   E. Process |
|                                         |                      |             Disabled |
+-----------------------------------------+----------------------+----------------------+
                                                                                         
+---------------------------------------------------------------------------------------+
| Processes:                                                                            |
|  GPU   GI   CI        PID   Type   Process name                            GPU Memory |
|        ID   ID                                                             Usage      |
|=======================================================================================|
|  No running processes found                                                           |
+---------------------------------------------------------------------------------------+
----------GLOSS VOCAB SIZE 1085----------
----------GLOSS VOCAB SIZE 1085----------
----------GLOSS VOCAB SIZE 1085----------
Loading entire state dict directly...
Succesfully loaded
Freezing up to block 4 in S3D backbone

--------------------Preparing Baseline Metrics--------------------

--------------------Starting Training--------------------

--------------------------------------------------
EPOCH: 0
TIME: 1634.8488092422485
AVG. LOSS: 34.646129101481215
EPOCH METRICS: {'BLEU_1': 0.29508094624732145, 'BLEU_2': 0.19047640052077802, 'BLEU_3': 0.13763857930968876, 'BLEU_4': 0.10644541003904263, 'LOSS': 13.498751343100517, 'ROUGE': 0.32129572259774897, 'EXAMPLE': 'pred: im norden ist es heute nacht zum teil längere zeit klar örtlich bildet sich nebel, target: dazukommen in norddeutschland in der klaren luft auch ein paar nebelfelder und es wird zeitweise immer wieder etwas regnen am erzgebirge und im östlichen bayern'}
BASELINE METRICS: {'BLEU_1': 0.09094908292497328, 'BLEU_2': 0.04322398958422319, 'BLEU_3': 0.0208016188292086, 'BLEU_4': 0.01154076525203481, 'ROUGE': 0.2339541019702829}
['im osten und südosten regnet es zum teil kräftig im osten und südosten gebietsweise sonst bleibt es meist trocken', 'es wird dann etwas milder', 'am samstag scheint meist die sonne und es wird wieder zwanzig grad', 'es bleibt meist freundlich aber im laufe des tages kommen einige schauer und gewitter die in der südosthälfte unwetterartig ausfallen können']
['im nacht reg in der osthälfte und im südwest  kräftiger regen sonst bleibtnet es manr hier und da', 'aber  wird es milühl und mal den alsten', 'am samstag scheint meist die sonne und etwaverdäun temperaturentieftieftief', 'es freundliches weckenes wetter und zum dem mitte und wie vor zum teil kräftiger regenschauregen mit gewittern setzt weiterhin dabeiwetter möglichfahrregen insturmböen']
['heute nacht fällt in der osthälfte und im norden teilweise kräftiger regen sonst regnet es nur hier und da', 'im regen bleibt es kühl auch an den küsten', 'am samstag scheint meist die sonne bei rekordverdächtigen temperaturen', 'ganz freundliches trockenes wetter aber über der mitte nach wie vor zum teil kräftiger dauerregen mit gewittern durchsetzt weiterhin unwettergefahr durch starkregen und sturmböen']
--------------------------------------------------

--------------------------------------------------
EPOCH: 1
TIME: 1821.6335728168488
AVG. LOSS: 29.743872070796325
EPOCH METRICS: {'BLEU_1': 0.2716153275187931, 'BLEU_2': 0.17919690015346176, 'BLEU_3': 0.12719971635553184, 'BLEU_4': 0.0975619829811512, 'LOSS': 13.524308008954705, 'ROUGE': 0.30431022896881965, 'EXAMPLE': 'pred: das tief das sich bei großbritannien heute nacht verlagert bringt uns in den kommenden tagen unser wetter, target: zusammen mit dieser kühlen wolkenreichen luft verlagern sich heute nacht auch teilweise kräftige regenfälle in die südosthälfte deutschlands'}
BASELINE METRICS: {'BLEU_1': 0.09094908292497328, 'BLEU_2': 0.04322398958422319, 'BLEU_3': 0.0208016188292086, 'BLEU_4': 0.01154076525203481, 'ROUGE': 0.2339541019702829}
['und nun die wettervorhersage für morgen freitag den siebzehnten dezember', 'wechselhaftes wetter', 'am samstag ist es teilweise freundlich', 'im osten und südosten ist es meist freundlich']
['und we vorgehend inbe nordo und heute  wochenende wird für nu die enenen', 'es es  tages noch  bisschen mild se auch', 'am samstag ist es wieder und newaner nebelfelder istwiegend ist isteen', 'im der nordthälfte und wolchten wolkenfelder auch mal freundliche zeite abschnitte woler wieder wol hoch']
['der winter ist weit abgeschlagen im norden mitte nächster woche kommt er dann aber doch wieder zurück', 'ja die nächsten tage dann noch ein bisschen milder', 'am samstag wird es abseits zäher nebelfelder überwiegend freundlich', 'in der osthälfte neben dichten wolken teilweise auch mal längere freundliche abschnitte']
--------------------------------------------------

--------------------------------------------------
EPOCH: 2
TIME: 1806.3656253814697
AVG. LOSS: 28.45036824311318
EPOCH METRICS: {'BLEU_1': 0.29189760600608655, 'BLEU_2': 0.19384069826138134, 'BLEU_3': 0.13849317537508782, 'BLEU_4': 0.1062368810941085, 'LOSS': 13.17905819898396, 'ROUGE': 0.33607894855148096, 'EXAMPLE': 'pred: heute nacht minus fünf grad an der ostsee und bis minus acht grad im breisgau, target: in der nacht minus drei bis plus vier an der küste bis plus fünf grad'}
BASELINE METRICS: {'BLEU_1': 0.09094908292497328, 'BLEU_2': 0.04322398958422319, 'BLEU_3': 0.0208016188292086, 'BLEU_4': 0.01154076525203481, 'ROUGE': 0.2339541019702829}
['in der nordwesthälfte strömt kühlere luft zu uns', 'das tief das sich in den nächsten tagen weiter richtung südosten deutschlands noch für längere zeit sonnenschein', 'örtlich bildet sich nebel', 'heute nacht fünfzehn bis achtzehn grad am oberrhein']
['und wird auch wirdhler und die oen s und dertürdinavien und tief bis osten und dern es r noch bist', 'daschlt sich bis dasdentlich wird wenig sonnen es auch auch mal der nächsten tagentttt', 'und unsem aufbel kühlert', 'heute der nacht temperaturen bis acht und fünfchzehn grads bis']
['es ist es kühler über dem nordwesten europas in skandinavien oder auch im osten in polen sind es nur zehn grad', 'nasskalt und eher ungemütlich mit wenig sonne geht es dann auch in den nächsten tagen weiter', 'bei längerem nebel noch kühler', 'in der nacht temperaturen zwischen zwölf und sechzehn grad']
--------------------------------------------------

--------------------------------------------------
EPOCH: 3
TIME: 1824.2560760974884
AVG. LOSS: 27.828035128291322
EPOCH METRICS: {'BLEU_1': 0.3078551249542138, 'BLEU_2': 0.20855670301436124, 'BLEU_3': 0.15088694493119117, 'BLEU_4': 0.11696709911249166, 'LOSS': 13.556611435491455, 'ROUGE': 0.35779800208772894, 'EXAMPLE': 'pred: tiefer luftdruck bestimmt unser wetter, target: das tief über südfrankreich bringt uns morgen dichte wolken die zum teil kräftige schneefälle im gepäck haben'}
BASELINE METRICS: {'BLEU_1': 0.09094908292497328, 'BLEU_2': 0.04322398958422319, 'BLEU_3': 0.0208016188292086, 'BLEU_4': 0.01154076525203481, 'ROUGE': 0.2339541019702829}
['tiefer luftdruck bestimmt unser wetter', 'am nachmittag lockert es teilweise auf', 'der wind weht schwach bis mäßig aus unterschiedlichen richtungen', 'am samstag viel sonne hier und da nebelfeldern an der nordsee ist es sehr windig']
['die auslront eines atlanen tiefs über ost ostseekü demuert uns den in den den ostendeutschlandt', 'am nachmittag lock teilweiseflockerungen ist ist es verbreitet freundlichttttttttttttt', 'der wind weht schwwiegend ach aus unterschiedlichen richtungenenenener auchtt', 'am sonwochenende wird es sonn am wiederbgesehen von der diebelfeldern in dieere unsken die der küste und auch auchsommerlich warm am']
['die kaltfront eines kräftigen tiefs über der nordsee überquert bis morgen früh auch den osten deutschlands', 'am nachmittag mehr auflockerungen sonst ist es oft freundlich', 'der wind weht überwiegend schwach aus unterschiedlichen richtungen', 'das wochenende wird richtig sonnig mal abgesehen von einigen nebelfeldern und dichteren wolken an der küste und auch spätsommerlich warm']
--------------------------------------------------

--------------------------------------------------
EPOCH: 4
TIME: 1808.1302301883698
AVG. LOSS: 27.75723964627727
EPOCH METRICS: {'BLEU_1': 0.31096806977068403, 'BLEU_2': 0.21833370275467676, 'BLEU_3': 0.16325849692532338, 'BLEU_4': 0.12900781366263345, 'LOSS': 13.536113995348098, 'ROUGE': 0.37506255240644515, 'EXAMPLE': 'pred: in der nordhälfte regnet es heute nacht verbreitet, target: in der mitte und im norden regnet es heute nacht vereinzelt etwas'}
BASELINE METRICS: {'BLEU_1': 0.09094908292497328, 'BLEU_2': 0.04322398958422319, 'BLEU_3': 0.0208016188292086, 'BLEU_4': 0.01154076525203481, 'ROUGE': 0.2339541019702829}
['in der nordhälfte muss mit teilweise kräftigen gewittern gerechnet werden', 'am tag nebel oder hochnebelfelder vor allem in der osthälfte sowie im süden bildet sich stellenweise nebel oder hochnebel', 'und nun die wettervorhersage für morgen samstag den sechsundzwanzigsten november', 'morgen temperaturen von sechsundzwanzig bis sechsundzwanzig grad']
['die gibt teil erhin itterten auch', 'in gibt wir haben nebelfelder vor den nacht im osten und süd im im südenerer und', 'und nun die wettervorhersage für morgen samstag den sechsundzwanzigsten oktober', 'morgen temperaturenwerte von sechsund fünf grad amererers sie und']
['dabei zum teil immer noch gewitter dabei', 'dazu haben wir viele nebelfelder in dieser nacht im osten und auch teilweise im süden', 'und nun die wettervorhersage für morgen samstag den sechsundzwanzigsten juni', 'morgen werte zwischen ein und sieben grad']
--------------------------------------------------

--------------------------------------------------
EPOCH: 5
TIME: 1795.889663696289
AVG. LOSS: 27.480553666526596
EPOCH METRICS: {'BLEU_1': 0.24819461887575586, 'BLEU_2': 0.16853335634299474, 'BLEU_3': 0.12433431869148828, 'BLEU_4': 0.0992138124626943, 'LOSS': 13.689382330760331, 'ROUGE': 0.29705174357374486, 'EXAMPLE': 'pred: das tief das nach großbritannien zieht bestimmt morgen unser wetter, target: hoher luftdruck sorgt bei uns morgen für viel sonnenschein'}
BASELINE METRICS: {'BLEU_1': 0.09094908292497328, 'BLEU_2': 0.04322398958422319, 'BLEU_3': 0.0208016188292086, 'BLEU_4': 0.01154076525203481, 'ROUGE': 0.2339541019702829}
['im norden und osten bleibt es noch trocken', 'das tief das nach skandinavien zieht bestimmt unser wetter', 'am tag ist es im nordwesten und westen meist freundlich', 'und nun die wettervorhersage für morgen montag den neunzehnten juli']
['im der nordseekü regennen im wolnen wirdt  ime en dase im', 'und aus we we mehr aus vor allem weiter imlich ders tages aus unterschiedlich südwesten sture   wieder', 'im tag im es im nordsten und nordwesten wol freundlich beertt sches', 'am tagg und beständiges wetterbeunter son und undenst auch auch das auch auch e']
['an der nordsee etwas sonne', 'der wind allerdings nicht der ist vor allem hier südlich des mains aus dem südwesten recht kräftig', 'am tag ist es im westen und nordwesten meist freundlich', 'am montag insgesamt unbeständiges wetter mit viel wind']
--------------------------------------------------

--------------------------------------------------
EPOCH: 6
TIME: 1821.04625582695
AVG. LOSS: 27.20287834348109
EPOCH METRICS: {'BLEU_1': 0.2899709928668027, 'BLEU_2': 0.2068989346866266, 'BLEU_3': 0.1543690696224157, 'BLEU_4': 0.12268612348426108, 'LOSS': 13.305204691455083, 'ROUGE': 0.35664578244355133, 'EXAMPLE': 'pred: im nordosten fallen noch einzelne schauer, target: im nordosten gibt es noch einzelne schauer die in der nacht aber rasch abklingen'}
BASELINE METRICS: {'BLEU_1': 0.09094908292497328, 'BLEU_2': 0.04322398958422319, 'BLEU_3': 0.0208016188292086, 'BLEU_4': 0.01154076525203481, 'ROUGE': 0.2339541019702829}
['am alpenrand fällt hier und da etwas schnee oder schneeregen', 'am donnerstag regnet es gebietsweise im bergland auch mal sonne', 'im nordosten schneit es zeitweise leicht', 'sechzehn grad am tag teils wolkig teils freundlich teils klar']
['am alpenrand fällt es noch oder schnee im sch berglaufe de nacht auch nachmitta in', 'am am donnerstag reg am donnertag regn unde esschnitt zu regen regenschauer auchitterttt aucher', 'im norden schsel noch noch sch schneeer', 'am tag ist es viele dichten wolken und nebelfeldern die malgebietsweise sonnigschein']
['am alpenrand gibt es regen oder schneefälle die im laufe der nacht langsam nachlassen', 'auch am donnerstag und am freitag sonnig heiß und ab und zu mal regenschauer oder gewitter', 'im norden rieselt auch noch etwas schnee', 'am tag gibt es neben dichten wolken und nebelfeldern auch gebietsweise sonnenschein']
--------------------------------------------------

--------------------------------------------------
EPOCH: 7
TIME: 1788.6003527641296
AVG. LOSS: 27.315323215192173
EPOCH METRICS: {'BLEU_1': 0.11838430473339037, 'BLEU_2': 0.07548160470112997, 'BLEU_3': 0.053037700670734066, 'BLEU_4': 0.04028578611844279, 'LOSS': 13.480059531382743, 'ROUGE': 0.21265450256893487, 'EXAMPLE': 'pred: sechzehn grad an der ostseeküste, target: ähnliches wetter auch am samstag von norden wird es allerdings kühler'}
BASELINE METRICS: {'BLEU_1': 0.09094908292497328, 'BLEU_2': 0.04322398958422319, 'BLEU_3': 0.0208016188292086, 'BLEU_4': 0.01154076525203481, 'ROUGE': 0.2339541019702829}
['sechzehn bis zum teil kräftiger regen', 'sechzehn grad am oberrhein', 'sechzehn grad an den alpen', 'sechzehn grad an der ostsee']
['auch am tagstenstentag hiernet es weise dern lagen sch schnee ist', 'am der nacht zwölfwanzig grad an oberin und grad an der alpen', 'der wind weht schw schwr schwach bis bergland auch  mäßigt', 'im der nordhäthälfte ht der wind schwach aus mäßig nordlichen süd we unterschiedlichen richtungent']
['auch am ostermontag regnet es stellenweise in höheren lagen auch schnee', 'in der nacht zwanzig grad am rhein zwölf grad an den alpen', 'der wind weht morgen nur schwach im bergland auch mal mäßig', 'in der nordosthälfte weht der wind schwach bis mäßig aus west bis nordwest sonst aus unterschiedlichen richtungen']
--------------------------------------------------

--------------------------------------------------
EPOCH: 8
TIME: 1826.7457525730133
AVG. LOSS: 26.70857796647503
EPOCH METRICS: {'BLEU_1': 0.21428386236450575, 'BLEU_2': 0.15048797345432513, 'BLEU_3': 0.11568897709844608, 'BLEU_4': 0.0956842975830923, 'LOSS': 13.397456273407835, 'ROUGE': 0.3004461972553034, 'EXAMPLE': 'pred: sechzehn bis dreizehn grad im süden, target: am tag minus drei grad im nordosten plus vierzehn grad im süden'}
BASELINE METRICS: {'BLEU_1': 0.09094908292497328, 'BLEU_2': 0.04322398958422319, 'BLEU_3': 0.0208016188292086, 'BLEU_4': 0.01154076525203481, 'ROUGE': 0.2339541019702829}
['und nun die wettervorhersage für morgen montag den sechsundzwanzigsten januar', 'unter klarem himmel heute nacht örtlich leichter frost örtlich bodenfrost bis minus ein grad', 'sechzehn bis dreiundzwanzig grad im breisgau bis dreiundzwanzig grad im breisgau', 'sechzehn grad in der südosthälfte und im nordwesten mal sonne mal wolken hier und da fällt etwas regen']
['und nun die wettervorhersage für morgen montag den sechsundzwanzigsten julitt', 'der klar klar es klar klar bevor meist temperaturen zurückken auf etwa bergenrierendepunkt oder den stundengebirgen und or der orden derdenfrosten kann durch', 'im von deneuropa wirddeutschland auf temperaturenwerte zwischen vierwanzig bis vier ein zundzwanzig grad an oberrhein und anr an im der küsee es auch zehn gradhn', 'am freitag im der südhähälfte viel viel sonne und mal wir wolken unds esweise regnet es etwas']
['und nun die wettervorhersage für morgen montag den sechsundzwanzigsten april', 'meist aber ist der himmel klar und die temperaturen sinken auf den gefrierpunkt in den mittelgebirgen das heißt uns droht bodenfrost', 'denn in westdeutschland steigen die werte auf zwanzig ja sogar auf zweiundzwanzig grad am oberrhein und nur hier an der ostsee bleibt es mit dreizehn grad kühler', 'am freitag in der südwesthälfte weiter viel sonne sonst nehmen die wolken zu und stellenweise regnet es etwas']
--------------------------------------------------

--------------------------------------------------
EPOCH: 9
TIME: 1802.2482192516327
AVG. LOSS: 26.998702583614037
EPOCH METRICS: {'BLEU_1': 0.1912460539807868, 'BLEU_2': 0.13873293883910784, 'BLEU_3': 0.10776454456453406, 'BLEU_4': 0.0895114029755382, 'LOSS': 13.362582695047749, 'ROUGE': 0.2915727061969331, 'EXAMPLE': 'pred: sechzehn grad an den alpen schnee, target: zeitweise fällt regen im bergland ist auch schnee dabei'}
BASELINE METRICS: {'BLEU_1': 0.09094908292497328, 'BLEU_2': 0.04322398958422319, 'BLEU_3': 0.0208016188292086, 'BLEU_4': 0.01154076525203481, 'ROUGE': 0.2339541019702829}
['sechzehn grad im laufe des tages von westen', 'sechzehn grad am oberrhein', 'sechzehn grad in der mitte und im süden regnet es gebietsweise', 'sechzehn grad am alpenrand']
['morgen bringen von laufe des tages morgen morgens mitte undeerne', 'sonst übrigen land viele es meistr noch und da ein paar wolpfen flocken', 'am tag  in allem in arz und und norderi wald reg  gerechnet werden regenkräftig sein sein', 'am son fünf grad im erischen wald und bisf grad im der laner bucht ist']
['sie ziehen im laufe des tages bis in die mitte', 'im übrigen land gibt es nur hier und da ein paar tropfen oder flocken', 'am tag muss vor allem zwischen schwarzwald im bayrischem wald mit regen gerechnet werden der kräftig sein kann', 'am tag drei grad im bayerischen wald und elf grad in der kölner bucht']
--------------------------------------------------

--------------------------------------------------
EPOCH: 10
TIME: 1817.9172143936157
AVG. LOSS: 26.359018555085314
EPOCH METRICS: {'BLEU_1': 0.2670701051815474, 'BLEU_2': 0.18478877685800582, 'BLEU_3': 0.13481159468258752, 'BLEU_4': 0.10436863649836056, 'LOSS': 13.301332100737762, 'ROUGE': 0.33631869053116725, 'EXAMPLE': 'pred: dabei fließt noch kältere luft heran, target: woher soll die wärme derzeit auch kommen'}
BASELINE METRICS: {'BLEU_1': 0.09094908292497328, 'BLEU_2': 0.04322398958422319, 'BLEU_3': 0.0208016188292086, 'BLEU_4': 0.01154076525203481, 'ROUGE': 0.2339541019702829}
['tiefer luftdruck bestimmt unser wetter', 'am sonntag viel sonne', 'heute nacht fünfzehn grad an den alpen', 'und nun die wettervorhersage für morgen mittwoch den ersten dezember']
['in es vertauchen auch auch teil auchere wolken auf ein hier und da reg regen bringent durch durch durch', 'am samntag ist sonnescheinen', 'heute nacht  gradhn grad an alderrhein und fünf grad an den alpen in', 'und nun aussittervorlauf morgen früh es wie dem gesagt im im heißt es nord nesee bis ne arzwald und auch teilabendsland teil auchn']
['und so tauchen dort zum teil dichtere wolken auf die hier und da auch regen bringen', 'am sonntag viel sonnenschein', 'heute nacht fünfzehn grad am niederrhein und vier grad an den alpen', 'und die wetterverteilung morgen sieht ähnlich aus wie heute nacht das heißt von der ostsee bis zum schwarzwald und zum emsland zum teil regen']
--------------------------------------------------

--------------------------------------------------
EPOCH: 11
TIME: 1802.1473762989044
AVG. LOSS: 26.85339770403091
EPOCH METRICS: {'BLEU_1': 0.20828658135770212, 'BLEU_2': 0.1424591894320271, 'BLEU_3': 0.10729662335082638, 'BLEU_4': 0.08605355880405272, 'LOSS': 13.522419392947747, 'ROUGE': 0.2975305351752376, 'EXAMPLE': 'pred: sechzehn grad am montag noch wechselhaftes wetter, target: auch der montag verläuft unbeständig und es wird kühler'}
BASELINE METRICS: {'BLEU_1': 0.09094908292497328, 'BLEU_2': 0.04322398958422319, 'BLEU_3': 0.0208016188292086, 'BLEU_4': 0.01154076525203481, 'ROUGE': 0.2339541019702829}
['heute nacht regnet oder nieselt es vor allem in der osthälfte vorsicht wegen glätte', 'sechzehn grad am oberrhein und an den alpen noch regen', 'der wind weht schwach bis mäßig', 'sechzehn grad heute nacht örtlich bildet sich nebel']
['im heute gibtrt es auch zu regnen heute allen dingen im nacht im im vier frühling ochland bis am ober', 'am tag ist es im freundlich nu und da nu dicht dichtere wolken unterwegs vor im nordwesten ditlich etwasschauer bringene', 'der wind weht schwach  mäßig an unterschiedlichlichen weste', 'ansonsten tagrhein heute zum grad bei bei in es im südun oder der donau bei da bobel auf noche zeit z']
['und es fängt dann an zu regnen vor allen dingen heute nacht dann bis morgen früh im saarland auch wahrscheinlich am main', 'am tag ist es recht freundlich hier und da sind auch dichtere wolken unterwegs die im nordwesten örtlich schauer bringen', 'der wind weht schwach bis mäßig aus südwest bis west', 'am oberrhein bis zwölf grad aber kalt bleibt hier im nebel an der donau denn der nebel wird sich dort längere zeit halten']
--------------------------------------------------

--------------------------------------------------
EPOCH: 12
TIME: 1799.1146819591522
AVG. LOSS: 26.446664424732816
EPOCH METRICS: {'BLEU_1': 0.23570110609185696, 'BLEU_2': 0.16309082502563935, 'BLEU_3': 0.12111112709358493, 'BLEU_4': 0.09577704442734575, 'LOSS': 13.539316342745213, 'ROUGE': 0.3076687359646058, 'EXAMPLE': 'pred: im westen und nordwesten lockert es auf, target: im westen lässt der regen langsam nach'}
BASELINE METRICS: {'BLEU_1': 0.09094908292497328, 'BLEU_2': 0.04322398958422319, 'BLEU_3': 0.0208016188292086, 'BLEU_4': 0.01154076525203481, 'ROUGE': 0.2339541019702829}
['im osten und südosten teilweise kräftige schneefälle örtlich bildet sich nebel', 'und nun die wettervorhersage für morgen freitag den siebzehnten juli', 'und nun die wettervorhersage für morgen donnerstag den fünfzehnten juli', 'die luftdruckunterschiede weiterhin recht freundliches wetter']
['im im auchnte es mal und an sch paarschen sch oder wird auch aber sehr glatt glatt werden', 'und nun die wettervorhersage für morgen samtag den siebze november', 'und die we vor über einen die nächstenüssen wirdwoche wir temperaturengel aber freistagwoche auch freitag früh kü dere', 'die wewest her ein dann wird langsam so dem erwartet uns uns den nächsten tagen verbreitet freundliches teilweise teilweise freundliches webstwetter sein']
['und vielleicht könnte auch ab und zu ein bisschen regen fallen dann wird es natürlich sehr glatt', 'und nun die wettervorhersage für morgen freitag den siebten oktober', 'also das muss alles noch in die flüsse da steigen die pegel am donnerstag abend und am freitag morgen deutlich an', 'von süden her steigt der luftdruck und so erwartet uns in den nächsten tagen verbreitet ruhiges und teilweise freundliches herbstwetter']
--------------------------------------------------

--------------------------------------------------
EPOCH: 13
TIME: 1818.2381763458252
AVG. LOSS: 25.601906080794308
EPOCH METRICS: {'BLEU_1': 0.15898417421185734, 'BLEU_2': 0.10874309758273751, 'BLEU_3': 0.08242379149200631, 'BLEU_4': 0.0665750071926957, 'LOSS': 13.314187890073008, 'ROUGE': 0.25461992744387796, 'EXAMPLE': 'pred: sechzehn grad an der ostsee und bis zu stürmische böen, target: heute nacht sowie ab morgen nachmittag an der küste und in den hochlagen von harz und erzgebirge schwere sturmböen'}
BASELINE METRICS: {'BLEU_1': 0.09094908292497328, 'BLEU_2': 0.04322398958422319, 'BLEU_3': 0.0208016188292086, 'BLEU_4': 0.01154076525203481, 'ROUGE': 0.2339541019702829}
['sechzehn grad an der ostsee und an der ostsee', 'und nun die wettervorhersage für morgen sonntag den elften august', 'tiefdruckgebiete bestimmen unser wetter', 'sechzehn grad im osten und südosten unter klarem himmel']
['auch gewitter sind im sind sein freundlichsten bleibt es nordsten auchs von deren ostseen frischetttwindl zeigen', 'und nun die wettervorhersage für morgen sonntag den erstenften januar', 'und tief über unser unser dastter und derdeutschlandeuropa und in den nächsten  wirdmittel für können sichtesen auf durch', 'im imrichtung osee und meist südignede sinds kandinavien inwaldgen scheint die die sonne schw']
['einzelne gewitter auch wieder dabei am freundlichsten bleibt im küstenumfeld von nord und ostsee', 'und nun die wettervorhersage für morgen sonntag den elften april', 'ein tief bestimmt weiter das wetter in mitteleuropa und in den angrenzenden regionen', 'auch richtung ostsee scheint im windschatten des skandinavischen gebirges zeitweise die sonne']
--------------------------------------------------

--------------------------------------------------
EPOCH: 14
TIME: 1815.5249752998352
AVG. LOSS: 25.24114107682444
EPOCH METRICS: {'BLEU_1': 0.22422358405964335, 'BLEU_2': 0.15301711270114823, 'BLEU_3': 0.11236156954483445, 'BLEU_4': 0.08718992035614363, 'LOSS': 13.622962274992396, 'ROUGE': 0.30091413822047963, 'EXAMPLE': 'pred: heute nacht regnet es im westen und südwesten hier und da schauer, target: gegen abend kann es westlich des rheins leicht regnen'}
BASELINE METRICS: {'BLEU_1': 0.09094908292497328, 'BLEU_2': 0.04322398958422319, 'BLEU_3': 0.0208016188292086, 'BLEU_4': 0.01154076525203481, 'ROUGE': 0.2339541019702829}
['das tief über skandinavien sorgt morgen bei uns für kräftige schneefälle', 'gewitterböen abgesehen weht der wind schwach bis mäßig aus südwest bis südwest', 'sechzehn grad im westen und südwesten sonne wolken und einzelne schauer oder gewitter', 'am donnerstag im norden teilweise kräftige schneefälle in der nordwesthälfte gefrierenden regen oder schnee']
['und kleinekräftiges  das einemäne sorgen bringt dem in nacht und sch auchtürmischen bögiebig schneeeee sein sein sch', 'der deritter sindhe sind ssturmböen möglich we weht der wind meist weststen schwach bis bis norden land teilweisemäßig bis frisch aus west bis südwest werden das', 'morgen tag scheint viel viel son sonne im im westen und südwesten mal es mal teil wolkig mitvereiner oder gewitter es einzelne nur vereinzelt bli bli werden sie sie bis', 'amstag und von der nordwesten neuer regensturer schneefall auf der regen frei die nächsten tagen verbreitetmählich vonstem noch sie']
['ein kräftiges tief bei dänemark bringt uns heute nacht mit teilweise stürmischen winden ergiebige schneefälle', 'in gewitternähe sind sturmböen möglich sonst weht der wind im südosten schwacher im übrigen land mäßig bis frisch aus west bis südwest', 'am tag morgen dann wieder viel sonne ganz im westen und südwesten ist es zum teil wolkig schauer oder gewitter gibt es aber nur vereinzelt', 'donnerstag kommt dann von nordwesten neuer kräftiger schneefall auf der dann in den nächsten tagen allmählich nachlässt es bleibt aber kalt']
--------------------------------------------------

--------------------------------------------------
EPOCH: 15
TIME: 1803.716652393341
AVG. LOSS: 25.645722621726346
EPOCH METRICS: {'BLEU_1': 0.2359160023822679, 'BLEU_2': 0.1559638430775795, 'BLEU_3': 0.11305879905286734, 'BLEU_4': 0.08757755355537178, 'LOSS': 13.29450921516198, 'ROUGE': 0.2825921139061654, 'EXAMPLE': 'pred: heute nacht mäßiger bis frischer wind mit starken böen an der see und auf den bergen stürmischen böen, target: bei nächtlichen unwettern sind schwere sturmböen möglich'}
BASELINE METRICS: {'BLEU_1': 0.09094908292497328, 'BLEU_2': 0.04322398958422319, 'BLEU_3': 0.0208016188292086, 'BLEU_4': 0.01154076525203481, 'ROUGE': 0.2339541019702829}
['und nun die wettervorhersage für morgen donnerstag den neunundzwanzigsten september', 'der wind weht schwach bis mäßig an der nordsee auch frisch bei schauern und gewittern starke böen', 'im süden schwere sturmböen an den alpen orkanböen orkanartige böen', 'am freitag viel sonne']
['heute nachtne wol rau neuerert undt ne nebelfelder aus ausee auf biseree bis auf wol ne wol', 'der schneerefall breiten sich von nacht von westen aus weise mitnee es auch inkräftigee', 'im den bergen und schwere sturmböen schwerwindteeree stark e oreeeee erwartet schwer bö bö schwer durchene een', 'amtag wird samstag zeigt viel son sonne wol wird auch wieder wärmerer']
['die sonne kommt bruzzelt diese nebelfelder weg', 'die schneefälle breiten sich heute nacht von westen aus stellenweise schneit es auch kräftiger', 'auf den bergen keine schwere sturmböen geben', 'freitag und samstag überall deutlich mehr sonne und es wird auch langsam wieder wärmer']
--------------------------------------------------

--------------------------------------------------
EPOCH: 16
TIME: 1794.382175207138
AVG. LOSS: 25.458840272606697
EPOCH METRICS: {'BLEU_1': 0.21537609798382462, 'BLEU_2': 0.14863779801948118, 'BLEU_3': 0.11205904365836249, 'BLEU_4': 0.09119988958925873, 'LOSS': 13.606974503897519, 'ROUGE': 0.2820419386693701, 'EXAMPLE': 'pred: und nun die wettervorhersage für morgen sonntag den vierzehnten dezember, target: und nun die wettervorhersage für morgen sonntag den vierzehnten februar'}
BASELINE METRICS: {'BLEU_1': 0.09094908292497328, 'BLEU_2': 0.04322398958422319, 'BLEU_3': 0.0208016188292086, 'BLEU_4': 0.01154076525203481, 'ROUGE': 0.2339541019702829}
['liebe zuschauer guten abend', 'morgen temperaturen von einundzwanzig grad am oberrhein bis einundzwanzig grad', 'der wind weht schwach bis mäßig an den küsten frisch', 'heute nacht regnet oder nieselt es hier und da']
['und einen einen schönen abend und machen sie es gutt', 'morgen temperaturen es bei bei nordern und einchstwerte zwischen minus und plus gradtnttsn', 'der wind weht schwach bis der nordsee  mäßigtenttt', 'heute fälltließt es heute nacht im nordwesten und anfang regnen esttt']
['ihnen noch einen schönen abend und machen sie es gut', 'morgen bleibt es kalt in bayern mit höchstwerten zwischen ein und drei grad', 'der wind weht schwach an der nordsee auch mäßig', 'dabei fängt es heute nacht im nordwesten bereits an zu regnen']
--------------------------------------------------

--------------------------------------------------
EPOCH: 17
TIME: 1791.3656573295593
AVG. LOSS: 24.7765667134772
EPOCH METRICS: {'BLEU_1': 0.14271476777918984, 'BLEU_2': 0.09077424624480776, 'BLEU_3': 0.06546190621799404, 'BLEU_4': 0.0500924494306393, 'LOSS': 13.911533186660796, 'ROUGE': 0.21433445491049774, 'EXAMPLE': 'pred: am mittwoch unbeständiges wetter mit schauern und gewittern, target: am mittwoch windiges zum teil auch stürmisches regenwetter'}
BASELINE METRICS: {'BLEU_1': 0.09094908292497328, 'BLEU_2': 0.04322398958422319, 'BLEU_3': 0.0208016188292086, 'BLEU_4': 0.01154076525203481, 'ROUGE': 0.2339541019702829}
['sechzehn grad am oberrhein und fünfundzwanzig grad an der ostsee', 'sechzehn grad am oberrhein', 'sechzehn grad am oberrhein', 'sechzehn grad an der ostsee bis minus sechs grad']
['am norden und wir son son sonni undken und nu paar troneefloer an es an dort', 'und die wird es auch westen auch es dann teil auch mehr rau zwanzig gradeuropaenenen  bleiben  bleiben', 'am am dienstag scheint verbreitet die sonne die denpennähe können sich ein schaurwitter nicht sind  sind bö  könneneen  bise bis bis bis bis', 'im morgen minus ein grad osten bis minus sieben gradntttttern auche e']
['im norden haben wir kaum wind sonne wolken und ein paar schneeschauer gibt es dort', 'und da sehen sie im westen geht es zum teil nicht mal unter zwanzig grad', 'auch am dienstag scheint meist die sonne in alpennähe können sich einzelne wärmegewitter entwickeln', 'dort morgen plus vier im osten bis minus sechs grad']
--------------------------------------------------

--------------------------------------------------
EPOCH: 18
TIME: 1799.323115348816
AVG. LOSS: 24.60473145815001
EPOCH METRICS: {'BLEU_1': 0.17010864919822233, 'BLEU_2': 0.11601630105510786, 'BLEU_3': 0.0863033886811943, 'BLEU_4': 0.06788382606048, 'LOSS': 13.474473479625576, 'ROUGE': 0.2645216511364804, 'EXAMPLE': 'pred: nur vereinzelt wechselhaftes wetter, target: am mittwoch unbeständiges wetter'}
BASELINE METRICS: {'BLEU_1': 0.09094908292497328, 'BLEU_2': 0.04322398958422319, 'BLEU_3': 0.0208016188292086, 'BLEU_4': 0.01154076525203481, 'ROUGE': 0.2339541019702829}
['sechzehn grad an der ostsee und am alpenrand etwas regen im breisgau', 'sechzehn grad im norden und westen am nachmittag teilweise kräftige schauer und gewitter', 'sechzehn grad im laufe des tages', 'sechzehn grad am niederrhein und bis zu dreiundzwanzig grad']
['am tagag regnet es inerorts in imweise  sich die sonne und dann am allem im den alpenr bis', 'am donnerstag im es im norden meist vieler der südhälfte abschnitt nachmitg unter wetterartigen gewitter', 'morgendeutschland liegt morgen dank sam der samstag nordlauf einer hochdehnten hochdruckzone', 'das tiefhleretterlage  in vondeutschland nordosten seits allerdings neues regene regenschauee']
['am dienstag regnet es vielerorts und stellenweise zeigt sich die sonne wenn dann vor allem an den alpen', 'am samstag ist es im norden weiter freundlich in der südhälfte ab dem nachmittag mitunter unwetterartige gewitter', 'deutschland liegt morgen und auch am samstag im bereich einer ausgedehnten hochdruckzone', 'das kühle wetter bei uns zieht richtung südosten ab was folgt sind ein paar kleinere regengebiete']
--------------------------------------------------

--------------------------------------------------
EPOCH: 19
TIME: 1807.6504640579224
AVG. LOSS: 23.70546447357169
EPOCH METRICS: {'BLEU_1': 0.18431544735825212, 'BLEU_2': 0.12274053584766231, 'BLEU_3': 0.09088011370003754, 'BLEU_4': 0.07046727996396052, 'LOSS': 13.60092103642076, 'ROUGE': 0.2673058785534499, 'EXAMPLE': 'pred: nur schwacher bis mäßiger wind aus west bis südwest, target: es weht meist ein schwacher wind aus nördlichen bis westlichen richtungen'}
BASELINE METRICS: {'BLEU_1': 0.09094908292497328, 'BLEU_2': 0.04322398958422319, 'BLEU_3': 0.0208016188292086, 'BLEU_4': 0.01154076525203481, 'ROUGE': 0.2339541019702829}
['sechzehn grad in der eifel bis dreizehn grad am oberrhein', 'nur im süden freundliches wetter', 'nur zweiundzwanzig bis fünfundzwanzig grad', 'gewitterböen abgesehen weht der wind schwach bis mäßig aus west bis südwest']
['heute nacht sechs grad drei grad oberderrhein bis zwölfzehn grad', 'im süden und freundlicher im warmttes', 'und nun die wettervorhersage für morgen mittwoch den zweitenwanzigsten oktober', 'und wind wetter ha hat entsprechende warwetterwarnungen de']
['heute nacht sechs bis zwölf am niederrhein bis dreizehn grad', 'im süden noch freundlich und sehr warm', 'und nun die wettervorhersage für morgen mittwoch den zwanzigsten oktober', 'der deutsche wetterdienst hat entsprechende unwetterwarnungen herausgegeben']
--------------------------------------------------

--------------------------------------------------
EPOCH: 20
TIME: 1828.4650382995605
AVG. LOSS: 23.854078648189816
EPOCH METRICS: {'BLEU_1': 0.2845693862175351, 'BLEU_2': 0.19185316991583937, 'BLEU_3': 0.13921007971324748, 'BLEU_4': 0.10813870136227852, 'LOSS': 13.807329149374842, 'ROUGE': 0.32292919627033745, 'EXAMPLE': 'pred: am tag minus sechs grad an der nordsee und minus ein grad an den alpen, target: am tag minus sieben grad im vogtland und null grad an der ostsee'}
BASELINE METRICS: {'BLEU_1': 0.09094908292497328, 'BLEU_2': 0.04322398958422319, 'BLEU_3': 0.0208016188292086, 'BLEU_4': 0.01154076525203481, 'ROUGE': 0.2339541019702829}
['sechzehn grad im vogtland und zweiundzwanzig grad am oberrhein', 'ihnen einen schönen abend und machen sie es gut', 'im osten und südosten noch teilweise kräftige schauer und gewitter sonst weht der wind schwach bis mäßig im nordwesten auch frisch', 'im osten und südosten viel sonne sonst ist es gebietsweise wolkig oder neblig']
['aber wird uns dann wiederchsttemperaturen von dem und ein gradhn grad es derdeutschlandtbayern es länger sonfwanzigf die die die mal die sonneuen  e e', 'ihnen einen schönen abend und machen sie es gut ihnenen i', 'im den nordseekü f allemen sturmböen schneeverwehungen wird entsprechende warwetterwarn des deutschen wetterdienstesn  dabei', 'im nordne im sich im allem im nordensten am den alpen im auch im im südsten sonst aber auch']
['morgen erwarten uns dann höchsttemperaturen zwischen zehn und fünfzehn grad und in südostbayern kann es sogar auf zwanzig grad rauf gehen jedenfalls wenn sich da auch mal die sonne durchquält', 'ihnen einen schönen abend und machen sie es gut', 'an der ostsee außerdem vorsicht wegen sturmböen und schneeverwehungen es gelten entsprechende unwetterwarnung des deutschen wetterdienstes', 'die sonne zeigt sich vor allem im nordosten an den alpen und später auch ganz im westen']
--------------------------------------------------

--------------------------------------------------
EPOCH: 21
TIME: 1823.5775225162506
AVG. LOSS: 23.260134159107487
EPOCH METRICS: {'BLEU_1': 0.30086610591346247, 'BLEU_2': 0.2003178800550374, 'BLEU_3': 0.1463017279192588, 'BLEU_4': 0.11359286553158861, 'LOSS': 13.400964166847038, 'ROUGE': 0.33548634171037384, 'EXAMPLE': 'pred: in der lausitz bis vierundzwanzig grad am alpenrand, target: in der kölner bucht heute nacht milde dreizehn am alpenrand drei grad'}
BASELINE METRICS: {'BLEU_1': 0.09094908292497328, 'BLEU_2': 0.04322398958422319, 'BLEU_3': 0.0208016188292086, 'BLEU_4': 0.01154076525203481, 'ROUGE': 0.2339541019702829}
['das hoch über skandinavien sorgt in der osthälfte deutschlands für unbeständiges wetter mit viel sonnenschein vor allem im süden und osten gibt es einzelne gewitterschauer oder gewitter', 'heute nacht ist es verbreitet klar oder nur locker bewölkt hier und da bildet sich stellenweise nebel oder hochnebelfelder', 'das hoch über skandinavien bestimmt unser wetter unser wetter', 'das hoch über skandinavien bestimmt unser wetter']
['dierichtunghaft geht es dann auch in der nächsten tagen auch  mit son sonitern und westen und auch süden und auch osten schodrin auch sich aber mal die sonne aber bis bis bis nach', 'in nacht ist es zunächst dichtkverhangen stellengebietsweise klart es auf auf ör und da gibt sich nebelt', 'abere luft aberchte luft nacht unst für fürenenenen werden frische', 'das herrlich unden himmel heute scho und einer und und auch und auchenenen es auch zu']
['wechselhaft geht es dann auch in den nächsten tagen weiter mal mit mehr gewittern im westen oder im süden oder im osten zwischendurch zeigt sich auch mal die sonne', 'heute nacht ist es meist wolkenverhangen gebietsweise klart es auch auf hier und da bildet sich nebel', 'heiße teilweise feuchte luft gelangt zu uns', 'diesen herrlich blauen himmel wie hier bei mainz']
--------------------------------------------------

--------------------------------------------------
EPOCH: 22
TIME: 1816.365583896637
AVG. LOSS: 23.073019463959515
EPOCH METRICS: {'BLEU_1': 0.27035252036106144, 'BLEU_2': 0.18820825032068497, 'BLEU_3': 0.1409978336191743, 'BLEU_4': 0.11270290053863809, 'LOSS': 13.632579609148765, 'ROUGE': 0.3357686724048925, 'EXAMPLE': 'pred: im nordwesten einzelne schauer oder gewitter, target: im norden und westen lockert es neben einigen schneeschauern auch mal auf'}
BASELINE METRICS: {'BLEU_1': 0.09094908292497328, 'BLEU_2': 0.04322398958422319, 'BLEU_3': 0.0208016188292086, 'BLEU_4': 0.01154076525203481, 'ROUGE': 0.2339541019702829}
['in den folgenden tagen ändert sich an diesem wetter wenig', 'in der osthälfte ist es heute nacht meist stark bewölkt vor allem in der osthälfte regnet es hier und da', 'der wind weht schwach bis mäßig an der nordsee auch frisch', 'am montag ist es meist trocken sonst teils freundlich teils bewölkt oder neblig trüb hier und da fällt etwas schnee oder regen']
['und es in den nächstenkommenden tagen geht uns nochbeständiges wetter', 'in osten und südosten ist wir nachtkenl nacht  noch regen lücken sonst verbreitet verbreitet verbreitet der vorweise nochschaue   für', 'der norden undweise frischemäßiger wind der nordsee auch frischer wind starker windwinde böe', 'am montag ist es im süden recht freundlich sonst trocken in schtlich regen der schneegen im nordland zum an der nordsee schnee']
['und auch in den kommenden tagen erwartet uns unbeständiges wetter', 'im osten und südosten haben die wolken heute nacht zunächst noch größere lücken sonst fällt verbreitet regen der stellenweise kräftig ist', 'im norden zeitweise mäßiger an der ostsee auch frischer bis starker westwind', 'am montag ist es im süden recht freundlich und trocken sonst gelegentlich regen oder schneeregen im bergland und an der ostsee auch schnee']
--------------------------------------------------

--------------------------------------------------
EPOCH: 23
TIME: 1800.208223581314
AVG. LOSS: 22.786257775284124
EPOCH METRICS: {'BLEU_1': 0.14706575834291805, 'BLEU_2': 0.09477706754649907, 'BLEU_3': 0.0671560319441272, 'BLEU_4': 0.05050938134221569, 'LOSS': 13.79098190324155, 'ROUGE': 0.23277144182451925, 'EXAMPLE': 'pred: nur stellenweise schauer oder gewitter, target: und es könnte dann am abend vielleicht mal ein regenschauer oder gewitter in den alpen geben'}
BASELINE METRICS: {'BLEU_1': 0.09094908292497328, 'BLEU_2': 0.04322398958422319, 'BLEU_3': 0.0208016188292086, 'BLEU_4': 0.01154076525203481, 'ROUGE': 0.2339541019702829}
['nur vereinzelt schauer', 'nur schwacher bis mäßiger wind aus nordwest bis nordwest', 'sechzehn grad am oberrhein und fünfundzwanzig grad an der nordsee', 'sechzehn grad im laufe des tages werte um minus fünfzehn grad']
['am samstag ists freundlich teils wolkig und amweise schauerfälle', 'der wind weht überach bis mäßig im nordenen fris frisch aus', 'im wird es küunterf bis sezehn grad imhler auch bis bis bis', 'sonst wird es meist teil freundlich bis temperaturen bis plus sechs und minus sechs gradn bis bis bis']
['am samstag teils freundlich teils wolkig und stellenweise schauer', 'der wind weht schwach bis mäßig im nordwesten auch frisch', 'sonst bleibt es mit elf bis vierzehn grad auch überall kühler', 'sonst ist es zum teil freundlich bei temperaturen zwischen minus fünf und plus zwei grad']
--------------------------------------------------

--------------------------------------------------
EPOCH: 24
TIME: 1790.598998785019
AVG. LOSS: 22.126999123927032
EPOCH METRICS: {'BLEU_1': 0.11452851905642433, 'BLEU_2': 0.06691239867358599, 'BLEU_3': 0.04228858809795627, 'BLEU_4': 0.025903934851931303, 'LOSS': 13.662989893859981, 'ROUGE': 0.2024022826147705, 'EXAMPLE': 'pred: sechzehn grad an den alpen schnee, target: dabei wird es kühler und die schneefallgrenze sinkt'}
BASELINE METRICS: {'BLEU_1': 0.09094908292497328, 'BLEU_2': 0.04322398958422319, 'BLEU_3': 0.0208016188292086, 'BLEU_4': 0.01154076525203481, 'ROUGE': 0.2339541019702829}
['sechzehn grad an der ostsee und fünfundzwanzig grad am oberrhein', 'nur am nachmittag einzelne schauer und gewitter vor allen dingen in der mitte und im südosten bleibt es deutlich kühler', 'nur wenige wolken die vereinzelt ein paar tropfen bringen', 'nur zweiundzwanzig bis fünfundzwanzig grad']
['im werden es im norden und trbe sein mit einzelnennebel und nebelfelderrichtung süd auch auch denrichtung südzgebirge scheint die die sonne bis bis bis bis unter', 'am mit mittwo e gewitter sind vor sogar bisnadost schon amst dann bis auch', 'die nacht istr hierwanerischennd kommt wir noch noch wolen gewitter die jetzt nach oen ziehen di vor immerschwächen dieser zweiten nachthälfte auf auf auf', 'und nun die wettervorhersage für morgen dienstag den vierundzwanzigsten november  bis']
['morgen wird es im norden eher trübe sein mit hochnebel und nebel richtung oder und auch richtung erzgebirge scheint häufig die sonne', 'seit heute mittag heftige gewitter unterwegs sogar ein tornado wurde schon gesichtet', 'heute nacht nur zögernd da haben wir noch die heftigen gewitter die weiter nach norden ziehen sich dann abschwächen in der zweiten nachthälfte', 'und nun die wettervorhersage für morgen dienstag den zweiundzwanzigsten november']
--------------------------------------------------

--------------------------------------------------
EPOCH: 25
TIME: 1804.36319231987
AVG. LOSS: 22.256720382170048
EPOCH METRICS: {'BLEU_1': 0.16275239807801917, 'BLEU_2': 0.09996268073178163, 'BLEU_3': 0.06305087734901142, 'BLEU_4': 0.039914350831818296, 'LOSS': 13.71704580237181, 'ROUGE': 0.22708789926393355, 'EXAMPLE': 'pred: sechzehn bis achtundzwanzig grad, target: am tag dann temperaturen zwischen achtzehn und dreiundzwanzig grad'}
BASELINE METRICS: {'BLEU_1': 0.09094908292497328, 'BLEU_2': 0.04322398958422319, 'BLEU_3': 0.0208016188292086, 'BLEU_4': 0.01154076525203481, 'ROUGE': 0.2339541019702829}
['gewitterböen abgesehen weht der wind schwach bis mäßig aus unterschiedlichen richtungen richtungen an den küsten auch frisch', 'sechzehn grad im übrigen land viele wolken', 'sechzehn grad im südosten und bis zu schnee', 'sechzehn grad am samstag']
['und wirdtürmischer bötter gibt am vor gibt der dann gibt es wochenende auch ens nach langsam bisrüber schau in den neungen land bringener aus', 'morgen morgen gibt  starkrbe gibt hochken und nenebel', 'am südland fällt im südensten sch es sonntag sch schnee oder regenpelschaue im im imere', 'und nun die wettervorhersage für morgen samstag den el mai']
['das stürmische wetter ist morgen wieder vorbei und dann kann am wochenende der frühling langsam so ein zartes grün in diese braungrauen landschaften bringen', 'auch morgen wieder meist trübe durch wolken und hochnebel', 'im bergland sowie im südosten kann am sonntag auch schnee oder graupel fallen', 'und nun die wettervorhersage für morgen samstag den ersten mai']
--------------------------------------------------

--------------------------------------------------
EPOCH: 26
TIME: 1792.0413398742676
AVG. LOSS: 21.63433765652752
EPOCH METRICS: {'BLEU_1': 0.20954207660028412, 'BLEU_2': 0.14653218557114125, 'BLEU_3': 0.11155641413173635, 'BLEU_4': 0.09080919716098308, 'LOSS': 14.126669384840596, 'ROUGE': 0.2904326529499077, 'EXAMPLE': 'pred: nur vereinzelt gewitter sind dabei die unwetterartige gewitter unterwegs können im norden unwetterartig sein können, target: zur zeit gibt es aber noch teilweise unwetterartige gewitter der deutsche wetterdienst hat entsprechende unwetterwarnungen herausgegeben'}
BASELINE METRICS: {'BLEU_1': 0.09094908292497328, 'BLEU_2': 0.04322398958422319, 'BLEU_3': 0.0208016188292086, 'BLEU_4': 0.01154076525203481, 'ROUGE': 0.2339541019702829}
['und nun die wettervorhersage für morgen montag den dritten februar', 'sechzehn grad im norden und in der mitte deutschlands', 'nur vereinzelt schauer oder gewitter die sich morgen weiter richtung osten ausbreiten', 'temperaturen zwischen minus ein und plus sechs grad an der ostsee']
['und nun die wettervorhersage für morgen montag den sechsiertenten', 'im norden strömt weiter kältere luft so uns nach deutschlanden  dabei', 'morgen neue sich morgen teil morgen morgen viele am überabendzelt schauer oder gewitter mit teil die die sonne später später derer', 'am tag minus minus ein grad an nordvogtland und plusgrad grad an der küsee']
['und nun die wettervorhersage für morgen montag den vierten juli', 'von norden strömt noch kältere luft zu uns nach deutschland', 'die halten sich zum teil auch morgen und bringen vereinzelte schauer oder gewitter sonst scheint häufig die sonne', 'am tag dann minus sechs grad im vogtland und plus ein grad an der ostsee']
--------------------------------------------------

--------------------------------------------------
EPOCH: 27
TIME: 1811.7197139263153
AVG. LOSS: 21.39952958127423
EPOCH METRICS: {'BLEU_1': 0.26135036026349195, 'BLEU_2': 0.17823223025441334, 'BLEU_3': 0.13108566501986202, 'BLEU_4': 0.10217316517638868, 'LOSS': 13.962966937779921, 'ROUGE': 0.3267984978039922, 'EXAMPLE': 'pred: temperaturen zwischen fünfzehn und sechzehn grad am rhein und fünfzehn grad am rhein, target: heute nacht zwölf bis fünf grad am tag dann dreizehn grad in einigen mittelgebirgen bis neunzehn grad am oberrhein'}
BASELINE METRICS: {'BLEU_1': 0.09094908292497328, 'BLEU_2': 0.04322398958422319, 'BLEU_3': 0.0208016188292086, 'BLEU_4': 0.01154076525203481, 'ROUGE': 0.2339541019702829}
['sechzehn grad im nordosten bis fünfundzwanzig grad in der lausitz', 'am montag schauer und gewitter die unwetterartig sein können', 'an den küsten sowie in küstennähe einzelne sturmböen möglich sonst bleibt es meist trocken', 'nur örtlich bildet sich nebel in der nacht verbreitet klar']
['morgen morgen bisund fünfund im ost gradöstlich der elbe drei drei grad', 'am wird dauere schauer und gewitter unsn', 'im regensturm auf den küsten istaut abseits es bleibt bleibt norden noch windtürmisch', 'im übrigen land bleibtcken verbreitet klar und es verbreitet späterri sichtnernn gelegenere']
['dort morgen zwei bis fünf grad über null nordöstlich der elbe bis minus sechs grad', 'dabei auch kräftige schauer und gewitter wieder bei uns', 'der sturm an den küsten flaut etwas ab aber es bleibt im norden noch stürmisch', 'im übrigen land trocken verbreitet klart es auf']
--------------------------------------------------

--------------------------------------------------
EPOCH: 28
TIME: 1816.7603960037231
AVG. LOSS: 20.744694122198336
EPOCH METRICS: {'BLEU_1': 0.2153687721319023, 'BLEU_2': 0.14967993542083727, 'BLEU_3': 0.11538712659770617, 'BLEU_4': 0.09429265828451473, 'LOSS': 14.091779142445912, 'ROUGE': 0.30296275348539836, 'EXAMPLE': 'pred: sechzehn grad an der nordsee und ostseeküste, target: und sie ziehen jetzt richtung nordosten ab die gewitter'}
BASELINE METRICS: {'BLEU_1': 0.09094908292497328, 'BLEU_2': 0.04322398958422319, 'BLEU_3': 0.0208016188292086, 'BLEU_4': 0.01154076525203481, 'ROUGE': 0.2339541019702829}
['sechzehn grad im westen', 'heute nacht gibt es im westen und südwesten noch einzelne schauer oder gewitter', 'morgen reichen die temperaturen von fünfundzwanzig grad in der lausitz bis fünfundzwanzig grad', 'nur an der nordsee ist es heute nacht meist stark bewölkt oder neblig']
['am mittwoch und uns dann von westen wieder wolken wieder tiefatlantiktiefst bis', 'inrichtung liebe gibt es im westen und südwesten vereinliche schauer gewitter', 'und es wird sind es sommer weiters mit mit luft dann der atlan dann fünf bis vier grad', 'im norden und nordwesten ist es meist nacht meist trocken sonst teil noch es f wollkenlücken es im norden land schneien verbreitet']
['ab mittwoch erreichen uns dann von westen die wolken eines atlantiktiefs', 'abends gibt es im westen und südwesten örtliche schauer und gewitter', 'ja morgen früh geht der tag los der warme tag in diesem jahr mit vier bis zwölf grad', 'im norden und nordwesten bleibt es heute nacht meist trocken zum teil gibt es auch größere wolkenlücken während es im übrigen land schneit']
--------------------------------------------------

--------------------------------------------------
EPOCH: 29
TIME: 1817.94553565979
AVG. LOSS: 20.04421009434116
EPOCH METRICS: {'BLEU_1': 0.2892830098686416, 'BLEU_2': 0.20518719062644764, 'BLEU_3': 0.15104607712792908, 'BLEU_4': 0.11766231106870574, 'LOSS': 14.095835436286265, 'ROUGE': 0.35745657711732004, 'EXAMPLE': 'pred: am alpenrand da bildet sich stellenweise nebel, target: besonders in den flussniederungen bildet sich nebel'}
BASELINE METRICS: {'BLEU_1': 0.09094908292497328, 'BLEU_2': 0.04322398958422319, 'BLEU_3': 0.0208016188292086, 'BLEU_4': 0.01154076525203481, 'ROUGE': 0.2339541019702829}
['und nun die wettervorhersage für morgen donnerstag den dritten juni', 'heute nacht regnet es vor allem in der nordhälfte gebietsweise kräftig', 'am nachmittag lockert es im südwesten teilweise auf', 'heute nacht ist es verbreitet klar im süden bildet sich stellenweise nebel oder hochnebel']
['und nun die wettervorhersage für morgen donnerstag den drittenzehnten juli', 'heute nacht fällt es im wieder nen in es vor der nord  im norden deutschlandst', 'am tag gibt sonne mal wolere wolken im es im südwesten am ehstener aus', 'und nacht ist es verbreitet wol im nur locker be beölkt oder in der mittewestlfte auchn sich ne nebelfeldern wol sich auch halten teil näckig haltenen']
['und nun die wettervorhersage für morgen donnerstag den vierzehnten juli', 'heute nacht wird es allerdings noch regnen und zwar in der mitte und im norden deutschlands', 'am tag mal sonne mal dichtere wolken wobei es im südwesten am freundlichsten wird', 'heute nacht ist es verbreitet klar oder nur locker bewölkt besonders in der südhälfte breiten sich einige nebelfelder aus die können sich morgen zum teil hartnäckig halten']
--------------------------------------------------

--------------------------------------------------
EPOCH: 30
TIME: 1837.7288661003113
AVG. LOSS: 20.461995099147252
EPOCH METRICS: {'BLEU_1': 0.30691099094969343, 'BLEU_2': 0.21712761040104664, 'BLEU_3': 0.16065958947054412, 'BLEU_4': 0.12463554077176528, 'LOSS': 14.110797908264777, 'ROUGE': 0.36392189075960507, 'EXAMPLE': 'pred: guten abend liebe zuschauer, target: hallo und guten abend liebe zuschauer'}
BASELINE METRICS: {'BLEU_1': 0.09094908292497328, 'BLEU_2': 0.04322398958422319, 'BLEU_3': 0.0208016188292086, 'BLEU_4': 0.01154076525203481, 'ROUGE': 0.2339541019702829}
['heute nacht regnet oder nieselt es hier und da', 'tiefdruckgebiete bestimmen unser wetter bis acht grad', 'im norden und nordwesten einige schauer oder gewitter sonst teils bewölkt oder neblig trüb teils klar', 'im norden ist es heute nacht klar örtlich bildet sich nebel']
['in reg abend fälltschauer regen im bist bis', 'das nordstwerte zwischen liegen liegen zwischen zwischen drei grad und minus ein grad grad bis', 'im tagntag im im nordenen  wolken al schauer sonst es bleibt fall bleibt es aber noch freundlichde be', 'im norden hert es zunehmend auf bildet und da bildet sich nebele']
['dort gegen abend kräftiger regen', 'die tiefstwerte der nacht liegen zwischen plus acht grad und minus drei grad', 'am sonntag dann im nordwesten mehr wolken einzelne schauer aber auf jeden fall bleibt es erst mal mild', 'von norden klart es danach auf hier und da bildet sich nebel']
--------------------------------------------------

--------------------------------------------------
EPOCH: 31
TIME: 1801.046929359436
AVG. LOSS: 19.697544231221265
EPOCH METRICS: {'BLEU_1': 0.3199430895698732, 'BLEU_2': 0.22342852617679881, 'BLEU_3': 0.1672939908616023, 'BLEU_4': 0.13089025200322796, 'LOSS': 14.150108315352071, 'ROUGE': 0.37216190285037315, 'EXAMPLE': 'pred: und nun die wettervorhersage für morgen montag den achten dezember, target: morgen setzt sich das ruhige und teilweise freundliche hochdruckwetter fort'}
BASELINE METRICS: {'BLEU_1': 0.09094908292497328, 'BLEU_2': 0.04322398958422319, 'BLEU_3': 0.0208016188292086, 'BLEU_4': 0.01154076525203481, 'ROUGE': 0.2339541019702829}
['im norden und osten deutschlands sorgt morgen noch ein tiefausläufer für wolken und teilweise für freundliches wetter', 'sonst weht der wind schwach bis mäßig an den küsten frisch', 'in der nordhälfte regnet es richtung südosten stellenweise sonst ist es neblig trüb', 'am tag viel sonne in der nordhälfte abseits von nebel und hochnebelfeldern in der mitte zeigt sich die sonne morgen häufiger die sonne']
['im süden deutschlands bringt morgen noch von einem schwacher ausläufer bringen wol einken überreift erer', 'an der küsten und es sehrig sch bisern', 'in nacht reg nordo und und da schauer im im südensten reg ab und sich regenschauer und gibt paar trobelfelder bise vor zeigen', 'am tag viel norden und überall sonrübe wetter die scheint sonne mal und unds hochbels hoch sich die sonne zeigt der mitte häufiger sichs südens scheint']
['der norden deutschlands wird morgen noch von einem schwachen tiefausläufer und seinen wolken gestreift', 'an den küsten ist es windig', 'heute nacht im norden hier und da schauer auch im südosten noch abziehende schauer sonst ein paar nebelfelder', 'am tag im norden fast überall trübes wetter sonst viel sonne abseits des nebels wobei sich die sonne in der mitte häufiger zeigt als im süden']
--------------------------------------------------

--------------------------------------------------
EPOCH: 32
TIME: 1830.2026062011719
AVG. LOSS: 19.389296719294123
EPOCH METRICS: {'BLEU_1': 0.2680721370218536, 'BLEU_2': 0.18906888757829404, 'BLEU_3': 0.14358435583124438, 'BLEU_4': 0.11529608862499599, 'LOSS': 14.37901237934311, 'ROUGE': 0.3086909302397727, 'EXAMPLE': 'pred: die schauer und gewitter klingen abgezogen, target: auch über das wochenende hinaus bleibt es im nordosten kalt'}
BASELINE METRICS: {'BLEU_1': 0.09094908292497328, 'BLEU_2': 0.04322398958422319, 'BLEU_3': 0.0208016188292086, 'BLEU_4': 0.01154076525203481, 'ROUGE': 0.2339541019702829}
['aber tagsüber wird es schon wieder etwas milder als heute nacht', 'im osten und südosten noch schauer sonst ist es zum teil freundlich richtung alpenrand noch länger anhaltend und ergiebiger dauerregen', 'das tief über dem östlichen mittelmeer sorgt dafür dass es bei uns in den kommenden tagen wechselhaftes wetter bei uns in deutschlands', 'es muss mit unwetterverwehungen gerechnet werden mit starkregen hagel und gerechnet werden']
['undatlanregen und sechsde tau tau heute denwetter erstmal wieder so dazu dass dass die schau übergel bis der die allen an nordland bis bise bis bis zu bis bis bis bis bis bis bis bis  bis bis', 'im im südensten noch es noch schauer unterwegs unterwegs sonst ist es scho ziemlichrichtung südsten freundlichwesten freundlich freundlicher und ist  tronig und wie nordsgau bis bis bis bis  biserer bis bis grad bis', 'in tiefatlanmtief zieht uns bringt mil in mil milderdenwestwindtagmung sehr milder luft nach auch in wieder dabei   dabei dabei', 'es da habentürmisch es ist or kräftig ist es muss verbreitet regen inom emsland bis nachr nordseeste bis bis bis bis  der bis der  er']
['dauerregen plus milde luft sorgen für tauwetter was wiederum dazu führt dass einige flusspegel ansteigen vor allem im bergland', 'auch im südosten sind morgen noch schauer unterwegs aber sonst wird es doch richtung westen südwesten deutlich freundlicher teilweise sogar ziemlich sonnig so im breisgau', 'ein sturmtief bei island bringt uns mit einer milden südwestströmung eben sehr milde luft aber auch mal wieder regen', 'denn da stürmt es derzeit richtig kräftig und es fällt auch regen vom emsland bis zur ostseeküste']
--------------------------------------------------

--------------------------------------------------
EPOCH: 33
TIME: 1795.2039031982422
AVG. LOSS: 18.963164756639433
EPOCH METRICS: {'BLEU_1': 0.3252967959599123, 'BLEU_2': 0.22786333287219632, 'BLEU_3': 0.17054172110957116, 'BLEU_4': 0.13400337379605629, 'LOSS': 14.106564893887912, 'ROUGE': 0.3770380954641631, 'EXAMPLE': 'pred: der wind weht schwach bis mäßig an den küsten frisch, target: stürmischer wind auch noch an den küsten'}
BASELINE METRICS: {'BLEU_1': 0.09094908292497328, 'BLEU_2': 0.04322398958422319, 'BLEU_3': 0.0208016188292086, 'BLEU_4': 0.01154076525203481, 'ROUGE': 0.2339541019702829}
['hier und da fällt etwas schnee oder gefrierender regen der vorsicht glättegefahr', 'fünfzehn grad im nordwesten', 'jetzt wünsche ich ihnen noch einen schönen abend', 'im süden heute nacht örtlich strenger frost an der nordsee bis sieben grad plus']
['und gibtischen sch und anfang odernee und sch schrierender regen', 'und  fünf grad im nordun und fünf zu gradhn grad am nordoener', 'ihnen einen schönen abend und machen sie es gut erreicht', 'im der südhälfte heute nacht verbreitetrostig im der nordsee bis sieben gradn der bise bist bis']
['dazwischen ab und an regen schnee oder auch gefrierender regen', 'am tag fünf grad im nebel und bis vierzehn grad im nordwesten', 'ihnen einen schönen abend und machen sie es gut', 'in der südhälfte heute nacht frostig an der nordsee bis sieben grad plus']
--------------------------------------------------

--------------------------------------------------
EPOCH: 34
TIME: 1809.9916324615479
AVG. LOSS: 18.55278295970689
EPOCH METRICS: {'BLEU_1': 0.31569672319518793, 'BLEU_2': 0.21892136639743853, 'BLEU_3': 0.16240959804799548, 'BLEU_4': 0.1267961630216196, 'LOSS': 13.860973164755025, 'ROUGE': 0.36650607639572597, 'EXAMPLE': 'pred: und nun die wettervorhersage für morgen donnerstag den dreißigsten oktober, target: und nun die wettervorhersage für morgen freitag den dreißigsten oktober'}
BASELINE METRICS: {'BLEU_1': 0.09094908292497328, 'BLEU_2': 0.04322398958422319, 'BLEU_3': 0.0208016188292086, 'BLEU_4': 0.01154076525203481, 'ROUGE': 0.2339541019702829}
['und nun die wettervorhersage für morgen mittwoch den dreiundzwanzigsten mai', 'und nun die wettervorhersage für morgen montag den achtzehnten september', 'ich wünsche noch einen schönen abend', 'mit vielerorts trüben wetter']
['und nun die wettervorhersage für morgen mittwoch den dreißigsten september', 'und nun die wettervorhersage für morgen montag den achtzehnten juli reg', 'gutench wünsche ihnen einen schönen abend und machen sie es gut aus i', 'am der weareer  sonitter diechtige luft luftterungs sich an morgen mil']
['und nun die wettervorhersage für morgen mittwoch den dreißigsten juni', 'und nun die wettervorhersage für morgen montag den achtzehnten januar', 'ich wünsche ihnen einen schönen abend und machen sie es gut', 'an dieser schwül warmen und gewitterträchtigen witterung ändert sich erst mal wenig']
--------------------------------------------------

--------------------------------------------------
EPOCH: 35
TIME: 1803.484007358551
AVG. LOSS: 18.35889030846829
EPOCH METRICS: {'BLEU_1': 0.33052997657196853, 'BLEU_2': 0.23385361785882008, 'BLEU_3': 0.17613459013569652, 'BLEU_4': 0.1399855421346144, 'LOSS': 14.077905514796116, 'ROUGE': 0.3812064055479205, 'EXAMPLE': 'pred: morgen atlantiktiefs wieder für unser wetter, target: ein tiefausläufer bringt morgen vor allem dem süden deutschlands noch regen'}
BASELINE METRICS: {'BLEU_1': 0.09094908292497328, 'BLEU_2': 0.04322398958422319, 'BLEU_3': 0.0208016188292086, 'BLEU_4': 0.01154076525203481, 'ROUGE': 0.2339541019702829}
['am donnerstag ist es im süden freundlich', 'am samstag ist es teils bewölkt teils freundlich', 'aber geht es weiter in den nächsten tagen weiter nasskalt und vor allen dingen am alpenrand', 'morgen bleibt es noch kühler am alpenrand']
['am donnerstag im es im im süden freundlich freundlichers auch', 'am samstag ist es langsam sam vonäher nebelfelder teilwiegend freundlich', 'und es wird dann  dann nicht viel regen  zieht zieht weiterhin weiter mehr richtung pen zurückand zurück zurück dabei', 'morgen morgen wird es dann auch noch nächstenühl dann nächstewoche wieder nicht nichtenenenens und']
['am donnerstag wird es zumindest im süden etwas freundlicher', 'am samstag wird es abseits zäher nebelfelder überwiegend freundlich', 'und es kommt im moment auch nicht viel regen nach denn der regen zieht sich immer mehr richtung alpenrand zurück', 'und so erwarten wir morgen auch den kühlsten tag der woche']
--------------------------------------------------

--------------------------------------------------
EPOCH: 36
TIME: 1823.1168141365051
AVG. LOSS: 17.70722969046037
EPOCH METRICS: {'BLEU_1': 0.31153938580838947, 'BLEU_2': 0.22113720533462194, 'BLEU_3': 0.16813421701903453, 'BLEU_4': 0.13437072554442986, 'LOSS': 14.150102789921108, 'ROUGE': 0.37146793276347767, 'EXAMPLE': 'pred: im süden recht freundlich, target: im süden macht sich noch leichter hochdruckeinfluss bemerkbar'}
BASELINE METRICS: {'BLEU_1': 0.09094908292497328, 'BLEU_2': 0.04322398958422319, 'BLEU_3': 0.0208016188292086, 'BLEU_4': 0.01154076525203481, 'ROUGE': 0.2339541019702829}
['am donnerstag meist trocken im norden und an den küsten etwas schnee', 'eine strömt heiße luft zu uns bis zu vierunddreißig grad', 'im westen und südwesten einige schauer oder gewitter die örtlich unwetterartig sein können', 'und nun die wettervorhersage für morgen sonntag den siebzehnten juli']
['und aussichten am donnerstag tro meistweise regen derecken es imr noch nordensten', 'undül warml es so twoch scho drei zu dreißig grad bis bis bistt bis bis bis bis bis bis', 'im westen und nordwesten  es heute kig stellenvereinzelt  es schauer gewitter  be', 'und nun die wettervorhersage für morgen sonntag den siebzehnten juli']
['die aussichten am donnerstag fällt zeitweise regen länger trocken bleibt es nur noch im nordosten', 'schwül warm wird dann der mittwoch mit bis zu dreißig grad', 'im westen und südwesten ist es teilweise wolkiger vereinzelt gibt es schauer oder gewitter', 'und nun die wettervorhersage für morgen sonntag den siebzehnten juli']
--------------------------------------------------

--------------------------------------------------
EPOCH: 37
TIME: 1804.8938291072845
AVG. LOSS: 17.373371879573337
EPOCH METRICS: {'BLEU_1': 0.3193298220039885, 'BLEU_2': 0.22320985050624284, 'BLEU_3': 0.1655802359813922, 'BLEU_4': 0.13014803395744542, 'LOSS': 14.437619429332901, 'ROUGE': 0.37698979324757453, 'EXAMPLE': 'pred: am mittwoch mal sonne mal wolken vor allem im westen einzelne schauer und gewitter, target: ab mittwoch wird es wieder kühler dabei gestaltet sich das wetter wechselhaft mit etwas sonne vielen wolken und schauern oder gewittern'}
BASELINE METRICS: {'BLEU_1': 0.09094908292497328, 'BLEU_2': 0.04322398958422319, 'BLEU_3': 0.0208016188292086, 'BLEU_4': 0.01154076525203481, 'ROUGE': 0.2339541019702829}
['am sonntag ist es meist stark bewölkt oder neblig trüb dabei ist es meist trocken', 'heute nacht gibt es vor allem in der nordwesthälfte einige schauer richtung südosten örtlich sind gewitter dabei', 'und nun die wettervorhersage für morgen montag den fünfundzwanzigsten oktober', 'der wind weht schwach bis mäßig an der see frisch mit starken bis stürmischen böen']
['amnetag und amg verbreitet es meist freundlichcken unds sonnig werdens wol wolkig sich es sichr neer', 'heute nacht gibt es vor nordenen und derstennähe   südensten einzelne  teil kräftige ittrige schauer auch  er  erer   aus er', 'und nun die wettervorhersage für morgen montag den fünfundzwanzigsten juli', 'der sind dort dortkanbe böen möglich sind schwacher bis mäßiger wind aus unterschiedlich bis bis süd bö']
['sonntag und montag wird es meist trocken teils sonnig teils auch wolkig', 'heute nacht gibt es im nordwesten in küstennähe sowie im südosten noch zum teil kräftige gewittrige schauer', 'und nun die wettervorhersage für morgen montag den fünfundzwanzigsten oktober', 'dann sind auch orkanartige böen möglich sonst schwacher bis mäßiger wind aus südwest bis west']
--------------------------------------------------

--------------------------------------------------
EPOCH: 38
TIME: 1819.5564541816711
AVG. LOSS: 17.177814359863824
EPOCH METRICS: {'BLEU_1': 0.335418209979141, 'BLEU_2': 0.23429896738081407, 'BLEU_3': 0.17498314378324697, 'BLEU_4': 0.13722710502918717, 'LOSS': 14.180052634149158, 'ROUGE': 0.38231906265049775, 'EXAMPLE': 'pred: heute nacht leichter frost im westen plusgrade im südwesten frost im westen plusgrade, target: ja schnee deshalb weil es heute nacht ziemlich kalt wird überall leichter frost mit minus ein bis minus vier grad nur hier im westen bleibt es frostfrei'}
BASELINE METRICS: {'BLEU_1': 0.09094908292497328, 'BLEU_2': 0.04322398958422319, 'BLEU_3': 0.0208016188292086, 'BLEU_4': 0.01154076525203481, 'ROUGE': 0.2339541019702829}
['und nun die wettervorhersage für morgen montag den sechsten juli', 'am montag viele wolken hier und da regen im nordwesten schneit es etwas', 'im süden regnet es teilweise länger anhaltend oberhalb von etwa sechshundert metern schnee', 'am nachmittag lockert es im norden und nordosten teilweise auf sonst regnet es teilweise ergiebig oder schneit es vor allem in der mitte und im südosten regnet es teilweise ergiebig']
['und nun die wettervorhersage für morgen montag den vund juli böe aus', 'am der neuen woche gibt die wolken im mehr mehr im im norden westen gibt ist benee', 'im süden undnet es teilweise teil länger anhaltend undhalb von etwahundert metern schneeer', 'am nach nachmittag ziehen sich der wind nach deros nach s dann haben auf starke f stürmischer südwest in den nordsee undste und es mitgebieter und gewitter auch nachpenrand kommt abend auch auch e werden sich aus aus aus aus aus aus aus aus aus aus aus aus aus aus aus dabei auser']
['und nun die wettervorhersage für morgen montag den sechsten juli', 'in der neuen woche lassen die wolken wieder etwas mehr fallen im norden und westen eher regen sonst meist schnee', 'im süden regnet es zum teil länger anhaltend oberhalb von sechshundert metern schnee', 'und am nachmittag lässt auch der regen in norddeutschland nach aber wir haben einen starken bis stürmischen nordwind an der nordseeküste und erneut regenschauer und gewitter am alpenrand die gegen abend auch wieder heftiger werden können']
--------------------------------------------------

--------------------------------------------------
EPOCH: 39
TIME: 1823.4148588180542
AVG. LOSS: 16.473480389916507
EPOCH METRICS: {'BLEU_1': 0.31887118510152235, 'BLEU_2': 0.22628584203210375, 'BLEU_3': 0.16849875606417702, 'BLEU_4': 0.13262381142108226, 'LOSS': 14.479814821125684, 'ROUGE': 0.3811952815709643, 'EXAMPLE': 'pred: am mittwoch regnet es vor allem im norden und westen ist es sehr windig, target: am mittwoch hier und da nieselregen in der nordwesthälfte an den küsten kräftiger wind'}
BASELINE METRICS: {'BLEU_1': 0.09094908292497328, 'BLEU_2': 0.04322398958422319, 'BLEU_3': 0.0208016188292086, 'BLEU_4': 0.01154076525203481, 'ROUGE': 0.2339541019702829}
['der wind weht schwach bis mäßig aus unterschiedlichen richtungen', 'aber in den nächsten stunden wird es deutlich milder vor allen dingen in den nächsten tagen von südwesten herbststunden', 'am alpenrand etwas schnee oder regen im westen nur einzelne schauer', 'am montag viele wolken hier und da etwas regen oder schnee']
['deracher bis mäßiger wind derschauernähe auch aucher wind aus süd bis westwest aus aus böerer aus aus aus aus', 'und die es wärmer auch im süden am den nächsten tagen nicht zumstagmählich milül erer grad', 'am sonntag schneit es am vorr nochweise später später imrisi die nordsten von süden ein regen aus von  schnee regener sch grad', 'am montag viele wolken hier regentlich schem schneefall gef wenig regener grader']
['schwacher bis mäßiger in schauernähe teilweise starker wind aus süd bis südwest', 'allerdings wird die wärme dann auch im süden in den nächsten tagen bis samstag allmählich schwinden', 'am sonntag schneit es zunächst nur stellenweise später erfrischt im westen und norden der wind auf begleitet von etwas schnee und regen', 'am montag viele wolken und gelegentlich leichter schneefall oder ein wenig regen']
--------------------------------------------------

--------------------------------------------------
EPOCH: 40
TIME: 1811.9191694259644
AVG. LOSS: 16.11961997993366
EPOCH METRICS: {'BLEU_1': 0.31914632886952027, 'BLEU_2': 0.22821233009517267, 'BLEU_3': 0.17371797286326712, 'BLEU_4': 0.1385879699832078, 'LOSS': 14.432129239301002, 'ROUGE': 0.37952936128777326, 'EXAMPLE': 'pred: in den nächsten tagen wechselhaftes wetter, target: in den nächsten tagen erwartet uns wechselhaftes wetter'}
BASELINE METRICS: {'BLEU_1': 0.09094908292497328, 'BLEU_2': 0.04322398958422319, 'BLEU_3': 0.0208016188292086, 'BLEU_4': 0.01154076525203481, 'ROUGE': 0.2339541019702829}
['morgen reichen die temperaturen von fünfundzwanzig grad in der lausitz bis in den teilen bayerns wärmer', 'am tag minus fünf grad an der ostsee und minus zwölf grad im breisgau', 'wo sich länger aufklart gibt es heute nacht örtlich strenger frost am alpenrand unter klarem himmel auch bodenfrost', 'heute nacht ist es verbreitet klar oder nur gering bewölkt hier und da bildet sich nebel']
['und tagger des azoren sorgtchs morgen son son sonnenschein in warm mit warmuft aus son span für einwärmede temperaturen  aus', 'am tag minus fünf grad im ovogtland und bis vier grad im der ostseeeser aufe aust grader', 'sonst klar klar es himmel klar über nu temperaturen sinken auf den gefrierpunkt oder den mittelgebirgen und heißt es undht bodenfrost auf auf klar kann aufer bis   erer aufer fererer ererererererer', 'heute heute es heute nacht zum teil e verkehrsbehinderungenttt böten   böer']
['der ableger des azorenhoch sorgt morgen für mehr sonnenschein und zusammen mit warmluft aus spanien auch für steigende temperaturen', 'am tag minus fünf grad im vogtland und plus zwei grad an der ostsee', 'meist aber ist der himmel klar und die temperaturen sinken auf den gefrierpunkt in den mittelgebirgen das heißt uns droht bodenfrost', 'deshalb gibt es heute nacht zum teil erhebliche verkehrsbehinderungen']
--------------------------------------------------

--------------------------------------------------
EPOCH: 41
TIME: 1835.7551243305206
AVG. LOSS: 15.962712968484391
EPOCH METRICS: {'BLEU_1': 0.3343450334601851, 'BLEU_2': 0.23522122869369538, 'BLEU_3': 0.17675285226306192, 'BLEU_4': 0.13956994876768525, 'LOSS': 14.296079955349079, 'ROUGE': 0.377173456629389, 'EXAMPLE': 'pred: tiefer luftdruck bestimmt unser wetter und vor allem in den kommenden tagen unser wetter, target: das tief über südfrankreich bringt uns morgen dichte wolken die zum teil kräftige schneefälle im gepäck haben'}
BASELINE METRICS: {'BLEU_1': 0.09094908292497328, 'BLEU_2': 0.04322398958422319, 'BLEU_3': 0.0208016188292086, 'BLEU_4': 0.01154076525203481, 'ROUGE': 0.2339541019702829}
['dabei wird es deutlich milder', 'am tag vier grad im vogtland und sieben grad am niederrhein', 'am tag im osten und nordosten mal sonne mal wolken', 'im norden schauer und gewitter die unwetterartig sein können mit starkregen hagel und unwetterartig sein können']
['und wird wirdärmt noch weiter luft weiter nacher st st dabei auserer', 'am tag im vier zehn grad im osten und niederrhein sieben grad im grad grad grad auser', 'am tag mal oosten mal sonne mal wolken nuerererererer grad', 'es zum es sehr teil sehrwetterartige gewitterschau stark entsprechende warnungen des deutschen wetterdiensteserererer']
['dabei erwärmt sich die luft weiter', 'am tag bis minus vier grad im osten am niederrhein sieben grad', 'am tag im nordosten mal sonne mal wolken', 'dabei gibt es zum teil unwetterartige gewitter es bestehen entsprechende warnungen des deutschen wetterdienstes']
--------------------------------------------------

--------------------------------------------------
EPOCH: 42
TIME: 1805.319356918335
AVG. LOSS: 15.973886598460167
EPOCH METRICS: {'BLEU_1': 0.34058846392388137, 'BLEU_2': 0.24235775358993103, 'BLEU_3': 0.1826638169884186, 'BLEU_4': 0.14486843124432366, 'LOSS': 14.343348078645034, 'ROUGE': 0.38311239927070995, 'EXAMPLE': 'pred: mild wird es immerhin etwas milder als temperaturen naa da regnen und es wird nicht mehr ganz so mild, target: da es aber wieder milder wird steigt auch die schneefallgrenze'}
BASELINE METRICS: {'BLEU_1': 0.09094908292497328, 'BLEU_2': 0.04322398958422319, 'BLEU_3': 0.0208016188292086, 'BLEU_4': 0.01154076525203481, 'ROUGE': 0.2339541019702829}
['ihnen einen schönen abend und machen sie es gut', 'im osten und südosten bis zur ostsee', 'morgen reichen die temperaturen von einundzwanzig grad an der nordsee bis dreiundzwanzig grad am oberrhein', 'sonst zehn bis fünfundzwanzig grad an der nordsee und fünfunddreißig grad in der lausitz']
['ihnench wünsche ihnen einen schönen abend machen sie es gutken', 'das das kalte der europa bis das  reicht im zum  öst mittelgeer zwischen zwischen auserer aus', 'morgen  von el gradzwanzig grad im der nordsee bis zußig grad oberrhein   grad grad gradster bis', 'im zehn ne neunundzwanzig grad aber meist nordsten und wird es ein heiß heiß herlich dreiundzreißig grad dreiunddreißig grad noch graderer dabei graderererer grad   zu bis de bis bis']
['ich wünsche noch einen schönen abend und machen sie es gut', 'weiterhin die hitze über osteuropa und die reicht auch bis zum östlichen mittelmeer', 'morgen temperaturen von einundzwanzig grad an der nordsee bis dreißig am oberrhein', 'sonst bis zu neunundzwanzig grad aber im westen da wird es fast unerträglich dreiunddreißig bis fünfunddreißig grad']
--------------------------------------------------

--------------------------------------------------
EPOCH: 43
TIME: 1816.5699880123138
AVG. LOSS: 15.581709917260937
EPOCH METRICS: {'BLEU_1': 0.33501357228187784, 'BLEU_2': 0.2353758718666428, 'BLEU_3': 0.17415838328413588, 'BLEU_4': 0.134987423847467, 'LOSS': 14.499336358439715, 'ROUGE': 0.3869108758922021, 'EXAMPLE': 'pred: im osten und südosten noch viele wolken örtlich fällt etwas schnee, target: im osten und süden gibt es heute nacht dichte wolken hier und da etwas schnee'}
BASELINE METRICS: {'BLEU_1': 0.09094908292497328, 'BLEU_2': 0.04322398958422319, 'BLEU_3': 0.0208016188292086, 'BLEU_4': 0.01154076525203481, 'ROUGE': 0.2339541019702829}
['und nun die wettervorhersage für morgen mittwoch den fünfundzwanzigsten august', 'am alpenrand bis plus vier grad am oberrhein', 'im osten und südosten schnee oder schneeregen', 'morgen dreiundzwanzig grad in der lausitz bis sechzehn grad an der see']
['und nun die wettervorhersage für morgen mittwoch den fünfundzwanzigsten august under', 'am tag minus zwei grad im zgebirge und bis grad am oberin zwischenr erer aus auser', 'imrichtung osten ist es noch schnee odererer es bis auch dersere scher sch sch scher scher sch sch', 'morgen morgen früh dreiundzwanzig grad nordosten frischerchzehn bisereerer deer auch biser biserer']
['und nun die wettervorhersage für morgen mittwoch den fünfundzwanzigsten november', 'am tag minus zwei grad im erzgebirge und vier grad am rhein', 'richtung osten ist zunächst noch schnee dabei', 'dort morgen bis dreiundzwanzig im nordosten frische sechzehn grad']
--------------------------------------------------

--------------------------------------------------
EPOCH: 44
TIME: 1819.403644323349
AVG. LOSS: 15.060252494177663
EPOCH METRICS: {'BLEU_1': 0.30700380602604105, 'BLEU_2': 0.2164196237525505, 'BLEU_3': 0.16277351981158322, 'BLEU_4': 0.1296595882495416, 'LOSS': 14.53869531976924, 'ROUGE': 0.37875693071751393, 'EXAMPLE': 'pred: minus zehn grad im norden und plus drei grad an der ostsee, target: am tag neun grad im breisgau und minus acht grad im nordosten'}
BASELINE METRICS: {'BLEU_1': 0.09094908292497328, 'BLEU_2': 0.04322398958422319, 'BLEU_3': 0.0208016188292086, 'BLEU_4': 0.01154076525203481, 'ROUGE': 0.2339541019702829}
['dabei bleibt es recht kühl', 'aber geht los schon los mit regenschauern und gewittern ab und zu auch mit graupel oder schneeschauern und gewittern', 'morgen schwacher bis mäßiger im nordwesten frischer wind aus west bis südwest', 'am sonntag im süden und osten teilweise kräftige gewittrige regenfälle']
['es bleibtrömt kü kühlere zudeutschlandere aus ausen', 'und so wird geht auch ders nochängt es zu an zu arland und baden bisürttemberg dennetfangs gesagt auch schnee sein dabei seinererererererererer', 'morgen schwläst ein schwwiegend mäßiger bis aus west bis nordwest im bis bis aus böer der auser aus aus', 'am südlaufe des sonntags kommts südenen möglich gewschauer oder gewitter möglicherereer  bisererer   auserer']
['dabei strömt weiter kühle luft nach deutschland', 'und morgen früh dann anfangs fängt es dort an im saarland und baden württemberg zu regnen anfangs wie gesagt kann auch schnee mit dabei sein', 'morgen bläst ein überwiegend mäßiger wind aus west bis nordwest', 'im laufe des sonntags sind im südwesten einzelne schauer oder gewitter möglich']
--------------------------------------------------

--------------------------------------------------
EPOCH: 45
TIME: 1816.879581451416
AVG. LOSS: 14.683208020994064
EPOCH METRICS: {'BLEU_1': 0.32109590195895926, 'BLEU_2': 0.22928135392090915, 'BLEU_3': 0.17282068541192447, 'BLEU_4': 0.13818775768317512, 'LOSS': 14.524960041964905, 'ROUGE': 0.382579534404875, 'EXAMPLE': 'pred: liebe zuschauer, target: liebe zuschauer guten abend'}
BASELINE METRICS: {'BLEU_1': 0.09094908292497328, 'BLEU_2': 0.04322398958422319, 'BLEU_3': 0.0208016188292086, 'BLEU_4': 0.01154076525203481, 'ROUGE': 0.2339541019702829}
['tagsüber verbreitet leichter frost im südosten bis plus acht grad', 'im norden und osten klart es teilweise auf sonst hier und da bildet sich nebel', 'heute nacht regnet oder nieselt es vor allem im osten', 'wird es in den nächsten tagen deutlich milder']
['am klarem himmel heute nacht leichtweise leicht leicht frost im südosten bis bis acht acht graderererererer erer', 'imom atlansland bis nach nordenriesland sind auch nacht wiedergebietzelt schauer oder sonst im westen sonst es später und da wolken sonst we es meist klarerer be gradererer werdener er häufig', 'heute nacht regnet es nieneit es verbreitet im oen osten und südosten grad gradererer', 'am wird es mil wochenende mil milderwinddeutschlandererer  ererererer auser auser']
['unter klarem himmel heute nacht stellenweise leichter frost im südosten dagegen bis plus acht grad', 'vom emsland bis nach nordfriesland sind heute nacht vereinzelte schauer möglich auch im westen gibt es hier und da wolken sonst ist es verbreitet klar', 'heute nacht regnet oder schneit es noch im äußersten osten und südosten', 'dabei wird es zum wochenende zunehmend milder']
--------------------------------------------------

--------------------------------------------------
EPOCH: 46
TIME: 1802.1273355484009
AVG. LOSS: 14.14014411012914
EPOCH METRICS: {'BLEU_1': 0.3385250703742272, 'BLEU_2': 0.23800259317953265, 'BLEU_3': 0.17636197919815244, 'BLEU_4': 0.13771912899033442, 'LOSS': 14.716385360857425, 'ROUGE': 0.38588233533341554, 'EXAMPLE': 'pred: morgen im osten und südosten abseits zäher nebel oder hochnebelfeldern teils freundlich teils wolkig, target: am tag regnet es im norden und westen ab und zu im süden neben wolken mitunter zäher nebel'}
BASELINE METRICS: {'BLEU_1': 0.09094908292497328, 'BLEU_2': 0.04322398958422319, 'BLEU_3': 0.0208016188292086, 'BLEU_4': 0.01154076525203481, 'ROUGE': 0.2339541019702829}
['aber ab sonntag wird es wieder milder', 'nun die wettervorhersage für morgen mittwoch den dreiundzwanzigsten september', 'auch donnerstag regnet es hier und da im osten und südosten ist es teilweise ergiebig', 'tiefer luftdruck bestimmt unser wetter in mitteleuropa']
['am am es am amkntag mildererer werden ererer erer grad', 'und nun die wettervorhersage für morgen mittwoch den dreiundzwanzigsten novembertererer underer', 'auch am es auch großetter donnerschiede über auch am nacht aber es auchstrahler und gewitter im oosten auchdeutschlandt sonnenschein im weenen ser auch aucher biserererererererererererererererererer', 'das tiefergebiete bestimmen in den nächsten tagen unser wetterererer ererer']
['allerdings wird es dabei ab sonntag wieder milder', 'und nun die wettervorhersage für morgen mittwoch den dreiundzwanzigsten november', 'dann gibt es große wetterunterschiede wie auch heute da gab es schauer und gewitter im nordosten strahlenden sonnenschein dagegen im südwesten', 'zwei tiefdruckgebiete bestimmen in den nächsten tagen unser wetter']
--------------------------------------------------
