Mon May 22 13:59:35 2023       
+---------------------------------------------------------------------------------------+
| NVIDIA-SMI 530.41.03              Driver Version: 530.41.03    CUDA Version: 12.1     |
|-----------------------------------------+----------------------+----------------------+
| GPU  Name                  Persistence-M| Bus-Id        Disp.A | Volatile Uncorr. ECC |
| Fan  Temp  Perf            Pwr:Usage/Cap|         Memory-Usage | GPU-Util  Compute M. |
|                                         |                      |               MIG M. |
|=========================================+======================+======================|
|   0  NVIDIA A100 80GB PCIe           On | 00000000:CA:00.0 Off |                    0 |
| N/A   32C    P0               44W / 300W|      0MiB / 81920MiB |      0%   E. Process |
|                                         |                      |             Disabled |
+-----------------------------------------+----------------------+----------------------+
                                                                                         
+---------------------------------------------------------------------------------------+
| Processes:                                                                            |
|  GPU   GI   CI        PID   Type   Process name                            GPU Memory |
|        ID   ID                                                             Usage      |
|=======================================================================================|
|  No running processes found                                                           |
+---------------------------------------------------------------------------------------+
----------GLOSS VOCAB SIZE 1085----------
----------GLOSS VOCAB SIZE 1085----------
----------GLOSS VOCAB SIZE 1085----------
Loading entire state dict directly...
Succesfully loaded
Freezing up to block 4 in S3D backbone
Loading model with cc25 initialization!

--------------------Preparing Baseline Metrics--------------------

--------------------Starting Training--------------------

--------------------------------------------------
EPOCH: 0
TIME: 1568.9488248825073
AVG. LOSS: 107.01948747610703
EPOCH METRICS: {'BLEU_1': 0.18897732196270875, 'BLEU_2': 0.10786487822349414, 'BLEU_3': 0.07515206413024533, 'BLEU_4': 0.057753820484099876, 'LOSS': 71.2053156441117, 'ROUGE': 0.2171482154274187, 'EXAMPLE': 'pred: und nun die wettervorhersage für morgen mittwoch den alpen, target: am dienstag werden vom westen die wolken dichter schauer folgen'}
BASELINE METRICS: {}
['in der nacht regnet es im norden und süden kräftige schnee schnee', 'am samstag ist es im westen und südosten gewitter', 'in der nacht regnet es im norden und süden kräftige schauer und gewitter', 'in der nacht regnet es im norden und süden kräftiger']
['am  sich sichschausweise  nee in sch insssssssssssss', 'am nun sammittag im es wieder auch ittter den mittepen sssssssssssss', 'am am samwochenende im tro wolken und ne undschausweise  es schauer und gewitter teil  schaue', 'in der nacht woche wird sich die den tter inssssssssss']
['dabei kommt es gebietsweise zu schnee und regenfällen', 'und am nachmittag gibt es dann einzelne gewitter in den alpen', 'auch am wochenende meist mehr wolken als sonne gebietsweise gibt es schauer oder gewitter zum teil fällt auch kräftiger regen', 'in der neuen woche ändert sich an diesem wetter erstmal wenig']
--------------------------------------------------
