Fri May 12 07:33:13 2023       
+---------------------------------------------------------------------------------------+
| NVIDIA-SMI 530.41.03              Driver Version: 530.41.03    CUDA Version: 12.1     |
|-----------------------------------------+----------------------+----------------------+
| GPU  Name                  Persistence-M| Bus-Id        Disp.A | Volatile Uncorr. ECC |
| Fan  Temp  Perf            Pwr:Usage/Cap|         Memory-Usage | GPU-Util  Compute M. |
|                                         |                      |               MIG M. |
|=========================================+======================+======================|
|   0  NVIDIA A100 80GB PCIe           On | 00000000:65:00.0 Off |                    0 |
| N/A   40C    P0               46W / 300W|      0MiB / 81920MiB |      0%   E. Process |
|                                         |                      |             Disabled |
+-----------------------------------------+----------------------+----------------------+
                                                                                         
+---------------------------------------------------------------------------------------+
| Processes:                                                                            |
|  GPU   GI   CI        PID   Type   Process name                            GPU Memory |
|        ID   ID                                                             Usage      |
|=======================================================================================|
|  No running processes found                                                           |
+---------------------------------------------------------------------------------------+
----------GLOSS VOCAB SIZE 1085----------
----------GLOSS VOCAB SIZE 1085----------
----------GLOSS VOCAB SIZE 1085----------
Loading entire state dict directly...
Succesfully loaded
Freezing up to block 4 in S3D backbone

--------------------Preparing Baseline Metrics--------------------

--------------------Starting Training--------------------

--------------------------------------------------
EPOCH: 0
TIME: 1604.4881069660187
AVG. LOSS: 34.836709829570204
EPOCH METRICS: {'BLEU_1': 0.25240130745631467, 'BLEU_2': 0.16128126746461643, 'BLEU_3': 0.1131432899007353, 'BLEU_4': 0.08660687947494411, 'LOSS': 13.260979318894403, 'ROUGE': 0.29887523668060834, 'EXAMPLE': 'pred: im süden bleibt es noch längere zeit klar, target: im süden kann sich der nebel in den niederungen länger halten'}
BASELINE METRICS: {'BLEU_1': 0.09094908292497328, 'BLEU_2': 0.04322398958422319, 'BLEU_3': 0.0208016188292086, 'BLEU_4': 0.01154076525203481, 'ROUGE': 0.23409989067493853}
['am samstag im westen und nordwesten gewittrige schauer', 'und es gibt auch noch so ein bisschen trockener und vor allen dingen so zwischen ostsee und alpenrand haben wir auch in dieser nacht', 'auch am freitag ist es recht freundlich', 'im süden bleibt es noch schneien']
['am windtwoch  dann nig im welaufe des tages von immer westen  südwesten gewittterschauer', 'in ist es langsam klar sehr milue und dienenklar nänacht', 'auchtag undtspannen es wird wieder trockener sehr freundlicher', 'und in dendeutschlandern schneit es zeitweise leicht']
['der mittwoch beginnt überall sonnig im laufe des tages allerdings im westen und südwesten gewitterschauer', 'sonst wird es nochmal eine sehr laue und sternenklare sommernacht', 'freitag entspannung es wird wieder trockener und etwas freundlicher', 'auch in südbayern schneit es zeitweise']
--------------------------------------------------

--------------------------------------------------
EPOCH: 1
TIME: 1841.5122702121735
AVG. LOSS: 30.158042179019503
EPOCH METRICS: {'BLEU_1': 0.29444696859759373, 'BLEU_2': 0.19712198697665945, 'BLEU_3': 0.14109178785846369, 'BLEU_4': 0.10876802630090068, 'LOSS': 13.350538398948478, 'ROUGE': 0.34313355975116994, 'EXAMPLE': 'pred: im südosten noch freundlicher, target: im südosten ist es teilweise noch freundlich'}
BASELINE METRICS: {'BLEU_1': 0.09094908292497328, 'BLEU_2': 0.04322398958422319, 'BLEU_3': 0.0208016188292086, 'BLEU_4': 0.01154076525203481, 'ROUGE': 0.23409989067493853}
['am montag ist es teils freundlich im nordosten einzelne schauer oder gewitter', 'das tief über dem atlantik nach deutschland zieht sorgt morgen bei uns für freundliches wetter mit schauern und gewittern gerechnet werden', 'liebe zuschauer guten abend', 'im nordwesten deutschlands sorgt ein tiefausläufer für recht freundliches wetter']
['am montag ist wolken   imer im gew gewitter im nordensten es montastenstene', 'morgen haben dann dann paarsturm es mit über und dieriemark regen amsten undt es dieken und die und es ne aber dendeutschlandsweg reg den reg es auch auch alleng dannnen aber ese', 'heute die die schönenen wärmetn', 'im nordwest und wewesten deutschlands macht ein hochdruck dem atlanttik ruhiges wettere']
['am montag viele wolken einigeschauer einzelne kurze gewitter im nordosten ist es am freundlichsten', 'da zieht nämlich ein sturtief derzeit hier über dänemark nach osten hat eine wolkenschleppe die es über deutschland hinweg bewegt und da wird es morgen vormittag regnen', 'und jetzt einen interessanten abend noch', 'im norden und nordwesten deutschlands sorgt das hoch über dem atlantik für freundliches wetter']
--------------------------------------------------

--------------------------------------------------
EPOCH: 2
TIME: 1832.1848895549774
AVG. LOSS: 28.69285390772169
EPOCH METRICS: {'BLEU_1': 0.32409279704390953, 'BLEU_2': 0.22564049204731082, 'BLEU_3': 0.16635989856129194, 'BLEU_4': 0.1288842707989891, 'LOSS': 13.453327243268374, 'ROUGE': 0.385668532286527, 'EXAMPLE': 'pred: das hoch über mitteleuropa sorgt dafür dass es sehr warme luft nach deutschland, target: am wochenende wird dann schon wieder der einfluss des hochs stärker'}
BASELINE METRICS: {'BLEU_1': 0.09094908292497328, 'BLEU_2': 0.04322398958422319, 'BLEU_3': 0.0208016188292086, 'BLEU_4': 0.01154076525203481, 'ROUGE': 0.23409989067493853}
['heute nacht ist es verbreitet klar oder nur locker bewölkt stellenweise bildet sich nebel', 'am tag regnet es teilweise länger anhaltend im nordosten teilweise gewittrige regenfälle', 'morgen temperaturen von einundzwanzig grad im breisgau bis einundzwanzig grad', 'am wochenende wechselhaftes wetter mit schauern und gewittern gerechnet werden']
['heute nacht ist es verbreitet klar klar klar klarr noch bewölkt  auch sich invereinzeltbel', 'am istt längergel und en regengebiet gewitter auch ziehenen bisgebiet dann überrichtung südosten übereee', 'morgen frühzehn grad in der sesee undnzeh grad den seems und zwei vierundzwanzig grad breisgaut', 'amkräftighaft geht es dann auch in den woche auch mitkräftigsweise auch auchnee teil bis in in den mittederungen']
['heute nacht ist es wieder verbreitet oder nur gering bewölkt gegen morgen bildet sich vereinzelt nebel', 'es hat zum teil hagel gegeben starken regen und diese gewitter und die starken regengüsse werden jetzt weiter richtung nordosten ziehen', 'morgen dreizehn grad an der ostsee neunzehn an der ems und bis zweiundzwanzig grad im breisgau', 'wechselhaft geht es dann auch ins wochenende gebietsweise fällt schnee zum teil auch bis in die niederungen']
--------------------------------------------------

--------------------------------------------------
EPOCH: 3
TIME: 1827.2924025058746
AVG. LOSS: 28.682938624395995
EPOCH METRICS: {'BLEU_1': 0.23643630270286867, 'BLEU_2': 0.1521114867959125, 'BLEU_3': 0.10905720822927994, 'BLEU_4': 0.0846361864902345, 'LOSS': 13.690315309517185, 'ROUGE': 0.27772128257627254, 'EXAMPLE': 'pred: der wind weht schwach bis mäßig an der ostsee auch frisch, target: der süden kommt dabei besser weg als der norden'}
BASELINE METRICS: {'BLEU_1': 0.09094908292497328, 'BLEU_2': 0.04322398958422319, 'BLEU_3': 0.0208016188292086, 'BLEU_4': 0.01154076525203481, 'ROUGE': 0.23409989067493853}
['das tief über dem östlichen mitteleuropa sorgt morgen bei uns für schauer und gewitter', 'in der südosthälfte ist es zunächst noch freundlich sonst neben sonne auch einige wolken', 'am tag fünfzehn grad an der ostsee und vierundzwanzig grad im breisgau', 'in der osthälfte sowie an der ostsee noch einzelne schauer']
['am  über dem nordsee zieht bei nordensten deutschlands für für zum  regenedauerden regen', 'in osten und süd noch südenenes wetter sonne wolken hoch  mal enene aber', 'morgen tag fünf gradhn grad im der nordsee biszezwanzig grad am der lasitzer in', 'und allem wegenlätte und  auch  auch auch auch auch auch auch das in das in']
['tief über der ostsee sorgt im nordosten deutschlands weiter für zum teil länger anhaltenden regen', 'im osten und auch im süd freundliches wetter mit sonne und wolken das gilt eben auch für münchen morgen', 'am tagzehn grad an der nordsee vierundzwanzig grad in derusitz', 'vorsicht glätte']
--------------------------------------------------

--------------------------------------------------
EPOCH: 4
TIME: 1831.080147743225
AVG. LOSS: 28.25448544923187
EPOCH METRICS: {'BLEU_1': 0.2779996414144591, 'BLEU_2': 0.18729636699955002, 'BLEU_3': 0.13601738282514894, 'BLEU_4': 0.105808296625297, 'LOSS': 13.702879901566257, 'ROUGE': 0.32251741010321133, 'EXAMPLE': 'pred: hier und da fällt etwas regen oder schnee, target: in der mitte teilweise schnee oder gefrierender regen'}
BASELINE METRICS: {'BLEU_1': 0.09094908292497328, 'BLEU_2': 0.04322398958422319, 'BLEU_3': 0.0208016188292086, 'BLEU_4': 0.01154076525203481, 'ROUGE': 0.23409989067493853}
['am dienstag ist es zunächst freundlich im bergland fällt zum teil regen', 'im nordwesten morgen bis siebenundzwanzig grad sonst meist nur siebenundzwanzig grad', 'morgen bleibt es meist stark bewölkt oder neblig trüb hier und da bildet sich nebel', 'der wind weht schwach bis mäßig an der ostsee auch frisch']
['am dienst dienst ist es freundlich undr selten den alpen regnet es zu denen istt sein sch', 'am tag im gradzwanzig grad in den nordfrischen in dern bis bis gradzreiß grad gradrhein', 'und morgen wird wir auch di abteilung für uns wieder ne im ostenee auchettttt', 'und windost derht schwacher   aus nordweststen fris an den küsten frisr wind']
['amag ist teilweise freundlich nur an den alpen regnet noch ab und an', 'am tag siebenundzwanzig grad auf den nordfriesischen inseln und siebenunddreiig grad oberrhein', 'und morgen haben wir eine deutliche zweiteilung was für temperaturen nochmal hier im osten', 'der nordoswind weht schwach bismäßig im nordosten und an den küsten frischer wind']
--------------------------------------------------

--------------------------------------------------
EPOCH: 5
TIME: 1804.8762879371643
AVG. LOSS: 27.916365476444852
EPOCH METRICS: {'BLEU_1': 0.30722038979923777, 'BLEU_2': 0.20396684965311, 'BLEU_3': 0.14502432167469412, 'BLEU_4': 0.1116107359867783, 'LOSS': 13.38953185816491, 'ROUGE': 0.34666230772038276, 'EXAMPLE': 'pred: im nordosten bleibt es heute nacht noch schauer, target: im nordosten gibt es noch einzelne schauer die in der nacht aber rasch abklingen'}
BASELINE METRICS: {'BLEU_1': 0.09094908292497328, 'BLEU_2': 0.04322398958422319, 'BLEU_3': 0.0208016188292086, 'BLEU_4': 0.01154076525203481, 'ROUGE': 0.23409989067493853}
['am freitag wechselhaftes wetter mit schauern und gewittern gerechnet werden', 'das tief das nach mitteleuropa bestimmt unser wetter', 'in der nacht stürmische böen auf den bergen teilweise schwere sturmböen', 'das tief das von großbritannien zieht bestimmt unser wetter']
['am am freitag wird  freitag  es dann  haft und und es wieder kühler', 'das das wird es dann auch noch den nächsten tagentn dasee', 'arzwald und mäßigmböen', 'das der nordnze dabei beginlingenerer luft ein sich ne tiefs tief tief envt']
['und am freitag oder ab freitag wird es dann für alle wiederwechselhafter und auch wieder küh', 'und so bleibt es dann auch in den nächsten tagen erstmal', 'im schwarzwald auch sturmböen', 'an der grenze zu kühlerer luft bildet sich ein kleines das nach südskandinavien zieht']
--------------------------------------------------

--------------------------------------------------
EPOCH: 6
TIME: 1833.9566099643707
AVG. LOSS: 27.62687044616751
EPOCH METRICS: {'BLEU_1': 0.29585757484537994, 'BLEU_2': 0.19353167877531463, 'BLEU_3': 0.13450903337813921, 'BLEU_4': 0.10121698537694153, 'LOSS': 13.554000581620057, 'ROUGE': 0.3188394081266308, 'EXAMPLE': 'pred: in der südhälfte ist es meist trocken sonst teils sonnig teils bewölkt oder neblig trüb teils klar, target: im süden bleibt es meist trocken zwischen einigen wolken und nebelfeldern zeigt sich hier und da die sonne'}
BASELINE METRICS: {'BLEU_1': 0.09094908292497328, 'BLEU_2': 0.04322398958422319, 'BLEU_3': 0.0208016188292086, 'BLEU_4': 0.01154076525203481, 'ROUGE': 0.23409989067493853}
['in der nordwesthälfte einige schauer und gewitter die besonders in der osthälfte richtung südwesten auch längere zeit unwetterartig ausfallen können', 'in der osthälfte gebietsweise kräftige schauer und gewitter die örtlich unwetterartig sein können', 'morgen viele wolken hier und da fällt etwas regen oder schnee', 'morgen scheint verbreitet die sonne in der osthälfte sowie in der osthälfte sowie in der osthälfte sowie in der osthälfte teilweise kräftige schauer oder gewitter']
['im wewesten breite in  erkräftiger und an der ostste auch  z und donneren auch durch', 'und wewest west bislen mittel bis ein einern net es teilweise nacht weise  tagrt sders auchenee es etwas auch auch auch', 'am der nachthälfte mal viele wol wol hier und da danet oder selt es etwas sch kann', 'morgen es meist im im nordensten auchcken und auch sonstnig und nuwiegend dieken unden']
['von nordwesten ziehen später wieder schauer heran an der küste auch mit blitz und donner', 'von nordrin westfalen über hessen bis bayern reg es heute zeitweise am nordostra des nieschlagsgebiet schneit es später', 'in der südhälfte auch morgen vieleken hier und regnet oder nieselt es', 'morgen bleibt esr noch im nordosten trocken teilweise auch sonnig sonst überwiegen wolken']
--------------------------------------------------

--------------------------------------------------
EPOCH: 7
TIME: 1835.8496325016022
AVG. LOSS: 27.815907926677717
EPOCH METRICS: {'BLEU_1': 0.22592757146100423, 'BLEU_2': 0.13822671165189304, 'BLEU_3': 0.0975657544425297, 'BLEU_4': 0.07491673278846336, 'LOSS': 13.74475782133481, 'ROUGE': 0.23821559785596894, 'EXAMPLE': 'pred: und nun die wettervorhersage für morgen mittwoch den vierundzwanzigsten oktober, target: heute nacht sieben grad am niederrhein sonst sechs bis ein grad'}
BASELINE METRICS: {'BLEU_1': 0.09094908292497328, 'BLEU_2': 0.04322398958422319, 'BLEU_3': 0.0208016188292086, 'BLEU_4': 0.01154076525203481, 'ROUGE': 0.23409989067493853}
['am mittwoch wechselhaftes wetter mit schauern und gewittern gerechnet werden die örtlich unwetterartig ausfallen können', 'am tag fünfzehn grad an der ostsee und bis vierundzwanzig grad am oberrhein', 'liebe zuschauer guten abend', 'am sonntag im norden und südosten teilweise kräftige schauer und gewitter sonst viel sonnenschein']
['am nordtterert es im auf in es ist er allem an nordenen auchtlich auch pelschautz und donnereeen aberenenenenenen  auch', 'am grad im den alsten und bisn wieder biswerte bis bisundh gradwan grade dase das', 'und abend liebe zuschauerte auch eseen schwer und  durch', 'am sonn im norden undr sonschau nordo und häufig die sonnettt durch t auch']
['we lockert es später auf aber es gibt noch er vor allem im nordwesten örtlich mit graupel oder blitz und donner', 'dazu die temperaturen zehn grad an den kü sonst es aber schon wieder r fünfzen bis zzig grad', 'guten abend liebe zuschauer', 'am sontag im norden nu wenig richtung süden scheint oft die sonne']
--------------------------------------------------

--------------------------------------------------
EPOCH: 8
TIME: 1872.9640505313873
AVG. LOSS: 27.646842282412422
EPOCH METRICS: {'BLEU_1': 0.27729669783633254, 'BLEU_2': 0.1844076486965421, 'BLEU_3': 0.13238014520720212, 'BLEU_4': 0.10177012289277766, 'LOSS': 13.805343681677229, 'ROUGE': 0.30550937083834717, 'EXAMPLE': 'pred: und nun die wettervorhersage für morgen freitag den fünfundzwanzigsten september, target: und nun die wettervorhersage für morgen freitag den einundzwanzigsten mai'}
BASELINE METRICS: {'BLEU_1': 0.09094908292497328, 'BLEU_2': 0.04322398958422319, 'BLEU_3': 0.0208016188292086, 'BLEU_4': 0.01154076525203481, 'ROUGE': 0.23409989067493853}
['im süden schwacher bis mäßiger an den küsten teilweise frischer wind aus west bis südwest', 'heute nacht minus fünf grad am niederrhein und minus fünf grad am oberrhein', 'am sonntag ist es teilweise freundlich teilweise windig sonst regnet es hier und da etwas schnee oder gefrierender regen', 'am tag viele wolken hier und da etwas regen oder schneeschauer']
['im den nordwestthäläl schweracher mäßiger anwest auch starken bö bö auf auf kann', 'am nachtwerte zwischen minus vier grad grad ein graden gläen bis das', 'ams wetter am auch am sonntag es am nee aber windigenee', 'am am tag reg wolken hier hier und  oder bergen schneever bringent für erreichttt recht immer immer immer bis']
['in der südosthfte schwacher sonst mäßiger südwind mit starken', 'heute nacht werte zwischen plus vier minus ein gradsicht wegen glätte', 'ähnliches wetter dann auch am sonntag wobei es recht verbreitet schneit wird es sehr windig', 'auch am tag viele wolken die hier und da regen imland auch schneeschauer bringen']
--------------------------------------------------

--------------------------------------------------
EPOCH: 9
TIME: 1849.76806640625
AVG. LOSS: 27.461356743884597
EPOCH METRICS: {'BLEU_1': 0.23282648124968236, 'BLEU_2': 0.14661430241959175, 'BLEU_3': 0.10219513064625235, 'BLEU_4': 0.07756860751541991, 'LOSS': 13.96865115413776, 'ROUGE': 0.25616698816833144, 'EXAMPLE': 'pred: am sonntag regnet es im nordwesten hier und da etwas sonst ist es teilweise freundlich sonst ist es sonnig und trocken, target: auch am sonntag regnet es an den alpen ab und an im norden einzelne schauer und in der mitte ist es recht freundlich'}
BASELINE METRICS: {'BLEU_1': 0.09094908292497328, 'BLEU_2': 0.04322398958422319, 'BLEU_3': 0.0208016188292086, 'BLEU_4': 0.01154076525203481, 'ROUGE': 0.23409989067493853}
['sechzehn grad in der mitte und im süden ist es sonnig', 'weht ein schwacher bis mäßiger wind aus unterschiedlichen richtungen', 'sechzehn grad in der mitte und im süden regnet es hier und da', 'sechzehn grad in der mitte und im südwesten teilweise frischer windig']
['am den nächsten tagen ist es sonken son son son son sonne allem im südsten undt viel bis', 'und istht wind schwach im mäßig unterschiedlichlichent', 'am wetter am samg vor samag imn und nord nordenlfte im und da etwasken dem nordwestlfte trot', 'der wind weht schwach bis mäßig an den sesee fris frisch bis südwestt auf böee']
['in den tagen gibt es neben wol und nebelfeldern auch sonne vor allem im westen', 'am tag weht der wind schwach bis mäßig ausost', 'ähnlich zweigeteiltes wetter auch am montag und am dienstag sonne in südhäte hier und da regenwolken über der nordhälfte', 'der wind weht schwach bis mäßig an der nordsee teilweise frisch aus ost bis südost']
--------------------------------------------------

--------------------------------------------------
EPOCH: 10
TIME: 1890.6973164081573
AVG. LOSS: 26.68096429626998
EPOCH METRICS: {'BLEU_1': 0.2230114821305324, 'BLEU_2': 0.14435061807877306, 'BLEU_3': 0.10130529610473155, 'BLEU_4': 0.07725733387587937, 'LOSS': 13.862416545320338, 'ROUGE': 0.25358679281923635, 'EXAMPLE': 'pred: und nun die wettervorhersage für morgen mittwoch den dreizehnten dezember, target: in der neuen woche wieder unbeständig und windig'}
BASELINE METRICS: {'BLEU_1': 0.09094908292497328, 'BLEU_2': 0.04322398958422319, 'BLEU_3': 0.0208016188292086, 'BLEU_4': 0.01154076525203481, 'ROUGE': 0.23409989067493853}
['am montag ist es teils freundlich teils wolkig teils klar teils bewölkt oder neblig teils freundlich teils bewölkt teils bewölkt oder neblig trüb teils klar', 'und nun die wettervorhersage für morgen montag den fünfzehnten dezember', 'am tag regnet es in der osthälfte stellenweiseneit es stellenweise etwas vor allem in der mitte und im bergland sowie im bergland schneeverwehungen', 'der wind weht schwach bis mäßig aus unterschiedlichen richtungen']
['am der nachtnende sonken sich im den mittel auch regennse das das das das das das das das das luft das das das', 'amg noch sone momenteschnitte', 'am morgen wird im schnee im so so alrand auch auchzgebirgeeeen scheeee aber vor vorn das aber das', 'der wind windht schw schwach bistlich   mäßiger schw schw schw schw schw']
['in der woche erstmaltter aber dienet zumindest in einigen regionen etwas bessere chancen', 'am montag auch mal freundliche abschnitte', 'und morgen auch etwas schnee aber nicht mehr so sehr viel allem noch ampenan und im erzgebirge', 'der weht meist schwach gelegentlich auch mal mäßig']
--------------------------------------------------

--------------------------------------------------
EPOCH: 11
TIME: 1896.5531384944916
AVG. LOSS: 27.229441178557302
EPOCH METRICS: {'BLEU_1': 0.16093405816702033, 'BLEU_2': 0.09679834132653022, 'BLEU_3': 0.06528564495869611, 'BLEU_4': 0.048328067572419794, 'LOSS': 13.908662745948012, 'ROUGE': 0.18791916691061364, 'EXAMPLE': 'pred: am tag minus ein grad alpenrand und bis plus drei grad im breisgau, target: von dresden runter bis zum alpenrand null bis minus sechs grad im norden bleibt es aber frostfrei da haben wir es morgen auch wieder mild'}
BASELINE METRICS: {'BLEU_1': 0.09094908292497328, 'BLEU_2': 0.04322398958422319, 'BLEU_3': 0.0208016188292086, 'BLEU_4': 0.01154076525203481, 'ROUGE': 0.23409989067493853}
['sechzehn grad an der ostsee und bis zu fünfundzwanzig grad im breisgau', 'am tag minus drei grad an der ostsee und bis sechzehn grad am oberrhein', 'das tief übermitteleuropa bestimmt unser wetter unser wetter', 'und nun die wettervorhersage für morgen mittwoch den dreißigsten november']
['so sone nordenn mal imdeutschlande esen wird das das das das das das das', 'nenstunden es demernbwald und lichen penden', 'tlich bildet sich nebelttttttttt vor be das sein', 'abend zuschauert das']
['es wird nicht mehr sonnig der an heute imen schon sie haben es auch gehört inchenlandt geschneit', 'den meisten sonnenschein gibt es zwischen bayerischem wald und dem östlichen alpenand', 'örtlich bildet sich nebel', 'guten abend liebe zuschauer']
--------------------------------------------------

--------------------------------------------------
EPOCH: 12
TIME: 1899.8243939876556
AVG. LOSS: 27.37868499970893
EPOCH METRICS: {'BLEU_1': 0.16410217627613838, 'BLEU_2': 0.10300592136211646, 'BLEU_3': 0.07466862790963211, 'BLEU_4': 0.05900689440217204, 'LOSS': 14.074065489576043, 'ROUGE': 0.19633716502160414, 'EXAMPLE': 'pred: und nun die wettervorhersage für morgen montag den dreißigsten november, target: und nun die wettervorhersage für morgen dienstag den zwanzigsten oktober'}
BASELINE METRICS: {'BLEU_1': 0.09094908292497328, 'BLEU_2': 0.04322398958422319, 'BLEU_3': 0.0208016188292086, 'BLEU_4': 0.01154076525203481, 'ROUGE': 0.23409989067493853}
['sechzehn grad am oberrhein bisunddreißig grad am oberrhein', 'sechzehn grad am oberrhein bisundzwanzig grad an der ostsee', 'sechzehn grad am oberrhein und neunundzwanzig grad am oberrhein', 'und nun die wettervorhersage für morgen samstag den einundzwanzigsten november']
['imen die sonne undken im von zu zieht zieht sieges das das sie be bis sch das', 'amtteröen meist starkacher bis mäßiger wind weste auch frischer südwind im bö bö bö im auch stark  der starken zu zu wie wie her zu', 'am tiefwochenende bringtni von wolkenbelfelderfelder auch wol wol die ders sonmer warm wie zu aus das zieht das durch zieht', 'temperaturenne zeigt sich nur langsam blickent zu sommer']
['nord dagegen scheint richtig strahl die sonne', 'er unditterböenbgesehen meist schwacher bis mäßiger der se auch frische westwind', 'das wochenende wird sonnigbgesehen nen und dichterenken an der kü und auch spätsommerlich warm', 'die sonne lässt sich nur selten blicken']
--------------------------------------------------

--------------------------------------------------
EPOCH: 13
TIME: 1900.5518672466278
AVG. LOSS: 26.236228095907236
EPOCH METRICS: {'BLEU_1': 0.10719902537656543, 'BLEU_2': 0.04965977609239871, 'BLEU_3': 0.028978545066784635, 'BLEU_4': 0.019658981007055706, 'LOSS': 14.180533443112823, 'ROUGE': 0.1305940593961155, 'EXAMPLE': 'pred: am tag grad im und minus sechs grad im breisgau bis minus fünfzehn grad im breisgau, target: auch in der neuen woche geht es meist sonnig und warm weiter'}
BASELINE METRICS: {'BLEU_1': 0.09094908292497328, 'BLEU_2': 0.04322398958422319, 'BLEU_3': 0.0208016188292086, 'BLEU_4': 0.01154076525203481, 'ROUGE': 0.23409989067493853}
['guten abend liebe zuschauer', 'sechzehn grad an der ostsee und bisundzwanzig grad im breisgau', 'im norden und osten bleibt es noch trocken es es', 'sechzehn bis fünfundzwanzig grad im breisgau bis fünfundzwanzig grad im breisgau']
['abend liebe zuschauer guten guten', 'am sichchten wolken und sont sonne und imen nord der mitte und im schauer morgen das ne', 'dendeutschland wol nacht sone nicht noch wir haben noch möen auch imera sind es wie', 'am sichze grad teilen weise wie wie wie']
['guten abend liebe zuschau', 'morgen wechseln sich dichte wolken undflockerungen mit sonne ab nord und in der mitte fallen einzelne schauer', 'auch in norddeutschlandchte ja heute diene aber jetzt haben wirkräftige sturmböen und eben auch regenschauera da zieht noch was durch', 'es können also durchaus deutlich fünfzig milli zum teil lokal fallen in kurzer zeit']
--------------------------------------------------

--------------------------------------------------
EPOCH: 14
TIME: 1945.0335171222687
AVG. LOSS: 26.935687253682158
EPOCH METRICS: {'BLEU_1': 0.21035878420648135, 'BLEU_2': 0.123308718120892, 'BLEU_3': 0.08291429113839316, 'BLEU_4': 0.06073559624378881, 'LOSS': 14.008561919419982, 'ROUGE': 0.21171473185273998, 'EXAMPLE': 'pred: und nun die wettervorhersage für morgen mittwoch den fünfundzwanzigsten april, target: ähnlich verläuft der mittwoch'}
BASELINE METRICS: {'BLEU_1': 0.09094908292497328, 'BLEU_2': 0.04322398958422319, 'BLEU_3': 0.0208016188292086, 'BLEU_4': 0.01154076525203481, 'ROUGE': 0.23409989067493853}
['am tag minus grad im nordosten und minus grad im breisgau bis minus grad im breisgau', 'und nun die wettervorhersage für morgen dienstag denundzwanzigsten oktober', 'das tief über skandinavien bestimmt unser wetter unser wetterttersten', 'am tag regnet es in der osthälfte gebietsweise im südosten ist es teilweise freundlich sonst ist es meist bewölkt oder neblig trüb hier und da fällt etwas schnee']
['haben habenr lufte dieserdeutschlandeuropa uns zu fünfßig grad nordenenr zu fünfwanzig grad sie', 'undttervorher das durch', 'und kommtaus nach  zussenefällee gew gewtter', 'tag reg im noch derosthbay und sonst neben dinechten wol wol und da net es schau es im auf']
['wir haben hoheunterschiede in mitteleuropa also bei unsdeutschland bis zu dreißig grad aber im nordwesten nur bis zu zwanzig grad', 'die wetter bleibt stabil', 'dazu kommt tief das gegensätzlichen luftma zusammenbringt heftigen regen und auch ebenso heftig gewitter', 'am tag es zunächst in südostern meist freundlich sonst neben sonne dichteken hier und da regnet oder ert es']
--------------------------------------------------

--------------------------------------------------
EPOCH: 15
TIME: 1886.4440970420837
AVG. LOSS: 26.24079173312784
EPOCH METRICS: {'BLEU_1': 0.13651500602392702, 'BLEU_2': 0.08072162921398728, 'BLEU_3': 0.06093975091193983, 'BLEU_4': 0.050205374577524095, 'LOSS': 13.938608888027066, 'ROUGE': 0.17119140750205747, 'EXAMPLE': 'pred: sechzehn grad an der nordsee und siebenunddreißig grad an der ostsee, target: am tag ist es im norden und südlich der donau trocken sonst ab und an regen'}
BASELINE METRICS: {'BLEU_1': 0.09094908292497328, 'BLEU_2': 0.04322398958422319, 'BLEU_3': 0.0208016188292086, 'BLEU_4': 0.01154076525203481, 'ROUGE': 0.23409989067493853}
['sechzehn grad an der ostsee und bisunddreißig grad oberrhein', 'sechzehn grad an der ostsee und bisunddreißig grad am oberrhein', 'sechzehn grad an der nordsee bis siebenundzwanzig grad der ostsee', 'und nun die wettervorhersage für morgen sonntag den dreizehnten']
['einen auf', 'freistag freundlich deroshäte wolwol nord freiwechselhaft auch vor vor deutlich deutlich deutlich deutlich', 'am tag grad im tagrandd bis vier grad am der nordseen zu zuen zu', 'und nun wird wettervorhersage für morgeng den mai']
['und diese kälte ha noch einenflussreichen fre sagen', 'am donnerstag weiten sich in der nordwestlf wieder regenwken aus und am es überall wechselhaft', 'am tag minus sieben grad ampenr und plus ein grad an der ostsee', 'und die wettervorhersage für montag den achten oktober']
--------------------------------------------------

--------------------------------------------------
EPOCH: 16
TIME: 1908.4313869476318
AVG. LOSS: 26.034816895692433
EPOCH METRICS: {'BLEU_1': 0.15379278666789287, 'BLEU_2': 0.09790342602021321, 'BLEU_3': 0.07253146922205368, 'BLEU_4': 0.0571967657250446, 'LOSS': 14.098339879214189, 'ROUGE': 0.1980940965214846, 'EXAMPLE': 'pred: der wind weht schwach bis mäßig an der ostsee auch frisch mit starken bis stürmischen böen, target: und dazu kräftiger wind aus nord nordost und der verursacht auch schneeverwehungen'}
BASELINE METRICS: {'BLEU_1': 0.09094908292497328, 'BLEU_2': 0.04322398958422319, 'BLEU_3': 0.0208016188292086, 'BLEU_4': 0.01154076525203481, 'ROUGE': 0.23409989067493853}
['sechzeh grad an der ostsee', 'der wind weht schwach bis mäßig an der nordsee auch frisch', 'sechzeh grad an der see undh grad an der ostsee', 'nun die wettervorhersage für morgen samstag denzehnten dezember']
['imos', 'seethälftestur wind weht schw schwr schw', 'enuft nacht noch dem nordut de', 'itterenen']
['der heute in süd das einetagsfliege', 'der nordosthäl mit mäßiger wind sonst weht er meist nurach', 'die kaltluft die heute immer noch über la sehr ausgeräumt mit kräftigem mit milder luft und auch wind', 'kommen sie also gut durch die gewtter']
--------------------------------------------------

--------------------------------------------------
EPOCH: 17
TIME: 1980.4638073444366
AVG. LOSS: 25.398897571789504
EPOCH METRICS: {'BLEU_1': 0.1599759316201745, 'BLEU_2': 0.10566735350550668, 'BLEU_3': 0.07891174862604451, 'BLEU_4': 0.06251578055397763, 'LOSS': 13.928940498759982, 'ROUGE': 0.21232472610139863, 'EXAMPLE': 'pred: ihnen noch einen schönen abend und machen sie es gut, target: ich wünsche einen schönen abend und machen sie es gut'}
BASELINE METRICS: {'BLEU_1': 0.09094908292497328, 'BLEU_2': 0.04322398958422319, 'BLEU_3': 0.0208016188292086, 'BLEU_4': 0.01154076525203481, 'ROUGE': 0.23409989067493853}
['heute nacht vierzehn grad an der ostsee und bis minus fünfzehn grad', 'nun die wettervorhersage für morgen samstag denundzwanzigsten november', 'sechzehn grad an der ostsee', 'heute nacht vierzehn grad an der ostsee und bis vierzehn grad am oberrhezehn grad am oberrhein']
['nachtzeh grad achtun grad bis bis bis', 'siewetterwarnungen de de sie weqwan sie', 'wocheeinflussnig troag trode', 'nachtwerte zwischenchze undf amwanzig grad sie']
['sinken dieser nacht auf viern bis neun grad', 'wenn sie neues zu unwetterwarnungen erfahren möchten können sie das jederzeit uns im internet überdf text oder auch über wetter zf punkt d e', 'neue woche beginnt hochdruckein sonnig und am dienstag es auch noch milder', 'heute nacht werte zwischen sechn und el am dann zwanzig undßig grad']
--------------------------------------------------

--------------------------------------------------
EPOCH: 18
TIME: 1967.327043056488
AVG. LOSS: 24.95500153484581
EPOCH METRICS: {'BLEU_1': 0.12929574406689975, 'BLEU_2': 0.07879228432836785, 'BLEU_3': 0.05548414171620733, 'BLEU_4': 0.04291215998824796, 'LOSS': 14.069354955401264, 'ROUGE': 0.19765575873450253, 'EXAMPLE': 'pred: schwacher bis mäßiger im nordwesten auch frischer bis starker wind aus südwest bis südwest im südwesten stürmischen bö, target: meist weht nur ein schwacher wind aus unterschiedlichen richtungen der bei schauern und gewittern stark böig sein kann'}
BASELINE METRICS: {'BLEU_1': 0.09094908292497328, 'BLEU_2': 0.04322398958422319, 'BLEU_3': 0.0208016188292086, 'BLEU_4': 0.01154076525203481, 'ROUGE': 0.23409989067493853}
['sechzehn grad oberrhein und fünfundzwanzig grad am oberrhein', 'morgen schwacher bis mäßiger im nordwesten frischer bis starker wind aus west bis südwest', 'sechzehn grad im nordosten bleibt es trocken', 'sechzehn im nordwesten und westen sonne']
['nun morgen vonzehn grad imhee', 'ht nordach bis bis itternkräftigmöen', 'der nacht nacht es nordeno der docken bleibt schauer', 'am sonne nords sich allem im nord nordwestlfte unditter diebwetterartig sein']
['und dort dann morgen temperaturen ähnlich wie heutechzehn biszig gradr es dort kaum', 'morgen we der wind meist schwach aus süd bei gewittern am abendsturböen aus westtreten', 'in ist im nordsten südlich dernau meist trocken sonst fallen einige er', 'stag viel sonnee des tages entwickeln sich vor allem der nordwestlfte hier da gewitter teilweise sie unwetterartig']
--------------------------------------------------

--------------------------------------------------
EPOCH: 19
TIME: 2118.013550758362
AVG. LOSS: 24.865976121272418
EPOCH METRICS: {'BLEU_1': 0.10117479974799394, 'BLEU_2': 0.07216029541192003, 'BLEU_3': 0.05658359641784261, 'BLEU_4': 0.04730095644273604, 'LOSS': 13.984880121227404, 'ROUGE': 0.22105642466834574, 'EXAMPLE': 'pred: , target: tiefer luftdruck bestimmt in den nächsten tagen unser wetter'}
BASELINE METRICS: {'BLEU_1': 0.09094908292497328, 'BLEU_2': 0.04322398958422319, 'BLEU_3': 0.0208016188292086, 'BLEU_4': 0.01154076525203481, 'ROUGE': 0.23409989067493853}
['im süden und osten süden', 'und nun die wettervorhersage für morgen samstag den fünfundzwanzigsten november', 'am freitag im süden und osten teilweise kräftige schauer und gewitter', 'und nun die wettervorhersage für morgen montag denundzwanzigsten november']
['imenkendruckeinfluss und bis', 'am zwanzig bis denerzwanin   das', 'am allem dingen in nordenstterenen regenschenr', 'und nun die wevorhersage für fürg den den']
['süden es unter hochdruckeinfluss dann wiederer', 'einundzwanzig auflt einundreißig gradrhe', 'vor allen dingen im südenhaftes we sam dann im son norden neuer regen insgesamt ein bisschenwärmer', 'und nunttervors morgen montag elften januar']
--------------------------------------------------

--------------------------------------------------
EPOCH: 20
TIME: 2124.5774834156036
AVG. LOSS: 24.248225670925258
EPOCH METRICS: {'BLEU_1': 0.16072960429402397, 'BLEU_2': 0.1080143509258196, 'BLEU_3': 0.08118750277326128, 'BLEU_4': 0.06608006865169722, 'LOSS': 14.071813783664005, 'ROUGE': 0.22401517646374508, 'EXAMPLE': 'pred: tiefdruckgebiete bestimmenstimmen unser wetter, target: das tief über südfrankreich bringt uns morgen dichte wolken die zum teil kräftige schneefälle im gepäck haben'}
BASELINE METRICS: {'BLEU_1': 0.09094908292497328, 'BLEU_2': 0.04322398958422319, 'BLEU_3': 0.0208016188292086, 'BLEU_4': 0.01154076525203481, 'ROUGE': 0.23409989067493853}
['heute nacht drei grad an der ostsee und minus drei grad', 'im süden und westen', 'im süden nacht südwesten', 'heute nacht grad']
['heute der nacht heute frosstig acht grad den alpen bise', 'im südenen und sichen regenen', 'ins südwestenül en aus aus', 'nachtm himmel heute heute nachter frost bis grad bis bis bis']
['in der wird es überall fostig bis minus sieben an den al', 'besonders im südsten können kräftig', 'es tages wird es von süden undwestener es auf der regen wird schwächer und sich nach norden zurück', 'klarem heute nacht leichterrt möglich sland dagegen plus zehn grad']
--------------------------------------------------

--------------------------------------------------
EPOCH: 21
TIME: 2128.5355808734894
AVG. LOSS: 24.411031441328355
EPOCH METRICS: {'BLEU_1': 0.11351423388333791, 'BLEU_2': 0.08049969480377497, 'BLEU_3': 0.06311015262732679, 'BLEU_4': 0.0537137041541143, 'LOSS': 13.943410645100881, 'ROUGE': 0.23334420718548599, 'EXAMPLE': 'pred: , target: es bleibt kalt in den nächsten tagen bei uns in mitteleuropa so um die null grad am mittelmeer zehn bis fünfzehn'}
BASELINE METRICS: {'BLEU_1': 0.09094908292497328, 'BLEU_2': 0.04322398958422319, 'BLEU_3': 0.0208016188292086, 'BLEU_4': 0.01154076525203481, 'ROUGE': 0.23409989067493853}
['am montag im süden und osten teilweise kräftige schauer und gewitter sonst', 'am freitag', 'morgen temperaturen vonzehn grad imundzwanzig grad im breisgau', 'morgen temperaturen vonzehn grad im']
['am und daerwan grad der donaunet länger zeitrzehn', 'am gew gew teilkräftige', 'enen gradensten', 'und morgenzehnzehn der']
['stag hier und daschau teilweisetz undlich der donau regnet es füre zeit nur zwölf bis achtzehn', 'mtief über de bringt dem deutschlands heute heftigebulenzen und zum teil auch kräftigen regen', 'im südwesten morgen sieben im nordosten zwei grad', 'dort siebzehn sonst fünfzen bisf ansee grad']
--------------------------------------------------

--------------------------------------------------
EPOCH: 22
TIME: 2125.626533508301
AVG. LOSS: 23.878849327093853
EPOCH METRICS: {'BLEU_1': 0.06872425710820117, 'BLEU_2': 0.0507945450729027, 'BLEU_3': 0.04134155287384203, 'BLEU_4': 0.036027124074328364, 'LOSS': 14.38877716781087, 'ROUGE': 0.20857260909549658, 'EXAMPLE': 'pred: der wind weht schwach bis mäßig aus unterschiedlichen richtungen richtung, target: der wind weht schwach bis mäßig an den küsten teilweise frisch'}
BASELINE METRICS: {'BLEU_1': 0.09094908292497328, 'BLEU_2': 0.04322398958422319, 'BLEU_3': 0.0208016188292086, 'BLEU_4': 0.01154076525203481, 'ROUGE': 0.23409989067493853}
['sechzehn grad', 'heute nacht vierzehn grad an der ostsee bis minus grad', 'wolken', 'und nun die wettervorhersage für morgen donnerstag denundzwanzigsten oktoberttervorhersage für']
['', 'es heuteltermittelbirgen grad grad', 'nordenken nord', 'und nun die wettervorhersage für donnerstag den den']
['', 'und überall in deutschland ist es morgen kälts zwei das heißt in mitte den mittelge minus bis minus acht', 'im nord sich noch wolken der über atlantikmerkbar', 'und nun wettervorherage morgen donnerstagften august']
--------------------------------------------------

--------------------------------------------------
EPOCH: 23
TIME: 2134.1354110240936
AVG. LOSS: 22.494306460039727
EPOCH METRICS: {'BLEU_1': 0.05997603294962848, 'BLEU_2': 0.04276170622981855, 'BLEU_3': 0.03484547767296445, 'BLEU_4': 0.0299578399621677, 'LOSS': 14.189568380399935, 'ROUGE': 0.17986277797055628, 'EXAMPLE': 'pred: das tief über großbritannien zieht sorgt dafür dass dass, target: auch in den nächsten tagen beschert uns hoher luftdruck eine herbstliche mischung aus zähem hochnebel wolken und sonnenschein'}
BASELINE METRICS: {'BLEU_1': 0.09094908292497328, 'BLEU_2': 0.04322398958422319, 'BLEU_3': 0.0208016188292086, 'BLEU_4': 0.01154076525203481, 'ROUGE': 0.23409989067493853}
['schauer und gewitter', 'das tief über großbritannien zieht sorgt dafür dass dass', 'und die wettervorhersage für morgen donnerstag denundzwanzigsten oktober', 'am tag']
['nachten und imennee', 'dere nocherdruck', 'entsprechendewettern des deutschenstterdienstes', 'n grad und so so sosten']
['ja heute gibt ja sturö jetzt sind in mitte und im süd unterwegs schfall jetzt imen', 'an heilig abend folgt käere luft', 'es gelten entsprechende unwewarnungen des wetterdienstes', 'das ist einenahmezehn es inern lange nicht mehr gehabtf graden westen']
--------------------------------------------------

--------------------------------------------------
EPOCH: 24
TIME: 2152.087483406067
AVG. LOSS: 23.34914646987313
EPOCH METRICS: {'BLEU_1': 0.029508433224626207, 'BLEU_2': 0.021927314976170526, 'BLEU_3': 0.017615665428198205, 'BLEU_4': 0.014822632973482871, 'LOSS': 14.006487985566862, 'ROUGE': 0.17788698027987337, 'EXAMPLE': 'pred: am, target: am tag zehn grad wo es trüb bleibt und bis achtzehn grad am oberrhein'}
BASELINE METRICS: {'BLEU_1': 0.09094908292497328, 'BLEU_2': 0.04322398958422319, 'BLEU_3': 0.0208016188292086, 'BLEU_4': 0.01154076525203481, 'ROUGE': 0.23409989067493853}
['im süden', 'am montag es im norden und nordsten', 'das hoch über skandinavien sorgt morgen', 'schauer gewitter osten']
['en es bis', 'amtag nord etwas esschaune', 'sich demmitteltik über mitteleuropa', 'nachtnet es es und da']
['süd bleibt noch freundlich wirdig', 'am sontag imenken und da regnet oder  es viel sonne', 'befindet sich zwischen hoch über dem atlantik und tiefem luftdruck östlichen mitteleuropa', 'in der regnet oder schneit es im und südosten hier da']
--------------------------------------------------

--------------------------------------------------
EPOCH: 25
TIME: 2142.792779445648
AVG. LOSS: 22.609691268024207
EPOCH METRICS: {'BLEU_1': 0.03583950145180988, 'BLEU_2': 0.025675467913473214, 'BLEU_3': 0.020363861331879073, 'BLEU_4': 0.01745012285129737, 'LOSS': 13.799713126037393, 'ROUGE': 0.17511634138824622, 'EXAMPLE': 'pred: , target: es bestehen entsprechende unwetterwarnung des deutschen wetterdienstes'}
BASELINE METRICS: {'BLEU_1': 0.09094908292497328, 'BLEU_2': 0.04322398958422319, 'BLEU_3': 0.0208016188292086, 'BLEU_4': 0.01154076525203481, 'ROUGE': 0.23409989067493853}
['heute', 'der wind weht schwach bis mäßig an der nordsee frisch stark', 'montag wird es', 'sonntag']
['norden', 'dertter sindöbgesehenht wind schw bis  der kü frisch', 'am aussichten mittwochstagne es mitgerechneter gewgerechnet', 'thfte son son mal']
['im nordwesten an und dortäng es an zuneien auch oderregen', 'gewtterb a weht der wind morgenach bismäßig an auch frisch', 'die aussichten am mittwo und am donner son und da istkzelt muss schauern gewit werden', 'dann auch in der osthäl malne']
--------------------------------------------------

--------------------------------------------------
EPOCH: 26
TIME: 2129.647783279419
AVG. LOSS: 22.461407926466983
EPOCH METRICS: {'BLEU_1': 0.030559657550839767, 'BLEU_2': 0.019751073875439496, 'BLEU_3': 0.015095554500722317, 'BLEU_4': 0.012246094130165067, 'LOSS': 14.169085352407025, 'ROUGE': 0.13319498532818247, 'EXAMPLE': 'pred: kräftiger regen, target: im norden und später auch im südosten sind zum teil kräftige schauer und gewitter dabei'}
BASELINE METRICS: {'BLEU_1': 0.09094908292497328, 'BLEU_2': 0.04322398958422319, 'BLEU_3': 0.0208016188292086, 'BLEU_4': 0.01154076525203481, 'ROUGE': 0.23409989067493853}
['undttervorhersage für morgen donnerstag denten dezembertter', 'zehn grad an der ostsee und fünfundzwanzig grad oberrheinwanzig grad oberrhein', 'der wind weht schwach bis mäßig an der see stark bö', 'wind weht schwach bis mäßig an der nordsee böenach']
['er', 'es tdeutschland grad bis', 'derlfteöen derbe der bis', 'teilböen bis']
['norden es auch leicht', 'wird auch ziemlich frisch in süddeutschland zwei bis sieben grad', 'in derhä mben an dersee auchkanen', 'zum teil starker wind mitsturmbö']
--------------------------------------------------

--------------------------------------------------
EPOCH: 27
TIME: 2120.1583065986633
AVG. LOSS: 22.173622629150596
EPOCH METRICS: {'BLEU_1': 0.040635029841496584, 'BLEU_2': 0.028135322648663908, 'BLEU_3': 0.022837140099759772, 'BLEU_4': 0.019741368373357833, 'LOSS': 14.086029604450585, 'ROUGE': 0.13399775919034435, 'EXAMPLE': 'pred: schauer und gewitter, target: später im westen wieder schauer und gewitter'}
BASELINE METRICS: {'BLEU_1': 0.09094908292497328, 'BLEU_2': 0.04322398958422319, 'BLEU_3': 0.0208016188292086, 'BLEU_4': 0.01154076525203481, 'ROUGE': 0.23409989067493853}
['nun die wettervorhersage für morgen mittwochage für morgen donnerstag', 'morgen', 'heute nacht minus fünfzehn grad', 'ken']
['und nun wettervorhersage für morgenag denh', 'stenr noch', 'seezwan grad derar biszezreißig', 'nordseeftedeutschlandnenschein bis']
['und die wetterhersage morgen dienst den dreizehnten', 'dort morgen acht nord und osten teilweise nur null grad', 'an dere morgenwan einundwanzig an der isar bis vierunddreißig grad', 'das ziehtn derälfte  morgen aber sonnenschein']
--------------------------------------------------

--------------------------------------------------
EPOCH: 28
TIME: 2142.749228477478
AVG. LOSS: 22.12755925357006
EPOCH METRICS: {'BLEU_1': 0.01099843199423869, 'BLEU_2': 0.00856265218209492, 'BLEU_3': 0.007263822558265393, 'BLEU_4': 0.006572246980402638, 'LOSS': 13.964832135477966, 'ROUGE': 0.10624430354991016, 'EXAMPLE': 'pred: heute nacht, target: in den nördlichen und östlichen mittelgebirgen schneit es teilweise gegen abend kann es in der nordhälfte auch mal bis ins flachland schneien'}
BASELINE METRICS: {'BLEU_1': 0.09094908292497328, 'BLEU_2': 0.04322398958422319, 'BLEU_3': 0.0208016188292086, 'BLEU_4': 0.01154076525203481, 'ROUGE': 0.23409989067493853}
['morgen wird esken', 'heute', '', 'heute nacht']
['belfelder', 'sichkenwest', '', 'westörd']
['weise sich nebel', 'die nachtläuft ziehen dichtere wolken den norden bringen nicht', 'und ist fall kein regen zu erwarten es wird sonnig', 'morgen abend erreicht er bereits nordküste ein ortief liegt im  über der nördlichen nordsee mit einert kilometern stu windgeschwindigkeit']
--------------------------------------------------

--------------------------------------------------
EPOCH: 29
TIME: 2136.8531115055084
AVG. LOSS: 21.390509467786167
EPOCH METRICS: {'BLEU_1': 0.001651224538080241, 'BLEU_2': 0.001371777606294769, 'BLEU_3': 0.0012349572272606106, 'BLEU_4': 0.001120842347269992, 'LOSS': 14.437378629783675, 'ROUGE': 0.09764844796491495, 'EXAMPLE': 'pred: heute, target: in der nacht fünf grad an der nordfriesischen küste und minus vier grad an den alpen'}
BASELINE METRICS: {'BLEU_1': 0.09094908292497328, 'BLEU_2': 0.04322398958422319, 'BLEU_3': 0.0208016188292086, 'BLEU_4': 0.01154076525203481, 'ROUGE': 0.23409989067493853}
['morgen', 'ttervorhersage für morgen', '', 'morgen']
['ig', 'zuer guten', 'ess', 'die temperaturenn gradseee']
['an der nordsee morgenundzig verbreitet dreißig und mehr', 'ja liebeschauer', 'auch danach bleibt wechselhaftem we', 'reichen dieh grad der nord bis zuzzig bodensee']
--------------------------------------------------

--------------------------------------------------
EPOCH: 30
TIME: 2145.5092828273773
AVG. LOSS: 20.989461606626715
EPOCH METRICS: {'BLEU_1': 0.01398864153144507, 'BLEU_2': 0.00980079625592591, 'BLEU_3': 0.008050146461816373, 'BLEU_4': 0.006827272953651957, 'LOSS': 14.413060632514586, 'ROUGE': 0.1162027505772352, 'EXAMPLE': 'pred: vorhersage für morgen mittwoch den fünfundzwanzig grad, target: morgen temperaturen von null bis sieben am niederrhein bis acht grad'}
BASELINE METRICS: {'BLEU_1': 0.09094908292497328, 'BLEU_2': 0.04322398958422319, 'BLEU_3': 0.0208016188292086, 'BLEU_4': 0.01154076525203481, 'ROUGE': 0.23409989067493853}
['vorhersage für morgen freitag den fünfundzwanzigsten januar', 'der wind weht schwach bis mäßig im nord frisch mit starköen', 'die wettervorhersage für morgen mittwoch den fünfundzwanzigsten januar januar januar januar januar januar januar januar januar januar januar januar januar', 'sage für morgen mittwoch den fünfundzwanzig gradsten']
['die wevorherage morgentag den', 'bismäßigerster', 'die wevorher für denundundwansten januar', 'ros den']
['nunvorage für morgen frei achten', 'schwacher mäßiger der küweise frische wind aus bis', 'nun die wetterage morgenstag denzzigsten januar', 'dann sich ne zumindest nicht man aus dem frt raus wie zum beispiel an der do']
--------------------------------------------------

--------------------------------------------------
EPOCH: 31
TIME: 2125.124060153961
AVG. LOSS: 20.77997773583336
EPOCH METRICS: {'BLEU_1': 0.004986992910258959, 'BLEU_2': 0.0038272980476331815, 'BLEU_3': 0.0031281199032760277, 'BLEU_4': 0.0025630984681641942, 'LOSS': 14.210010009923652, 'ROUGE': 0.11182086470791427, 'EXAMPLE': 'pred: wettervorhersage für morgen mittwoch den fünfundzwan, target: morgen werte von einundzwanzig grad an der nordsee bis achtundzwanzig am oberrhein'}
BASELINE METRICS: {'BLEU_1': 0.09094908292497328, 'BLEU_2': 0.04322398958422319, 'BLEU_3': 0.0208016188292086, 'BLEU_4': 0.01154076525203481, 'ROUGE': 0.23409989067493853}
['für längere zeit', '', '', 'wolken']
['es hoch', 'es', 'e en möglich bis', 'en teilpenweise']
['verantwortlich dafür ist das hochsten europa', 'und dann wird der wind erht dann aus süd', 'zum sind auch schwereböen einzelne orkanöen sonst schwacher bismäßiger gelegentlich auchr süd west', 'morgen imen tro zum auch freundlich wol als sonne und zeitweise']
--------------------------------------------------

--------------------------------------------------
EPOCH: 32
TIME: 2126.6041214466095
AVG. LOSS: 20.434787136054226
EPOCH METRICS: {'BLEU_1': 0.017358185862384575, 'BLEU_2': 0.012037835368103161, 'BLEU_3': 0.009962520348548436, 'BLEU_4': 0.008566865038072859, 'LOSS': 14.246139360990139, 'ROUGE': 0.10746138466370851, 'EXAMPLE': 'pred: heute nacht fünfzehn grad im grad, target: heute nacht temperaturen von minus fünf grad im nordosten bis plus drei grad am rhein'}
BASELINE METRICS: {'BLEU_1': 0.09094908292497328, 'BLEU_2': 0.04322398958422319, 'BLEU_3': 0.0208016188292086, 'BLEU_4': 0.01154076525203481, 'ROUGE': 0.23409989067493853}
['am am freitag freitag', 'schauer und gewitter gewitter', '', 'heute nacht fünfzehn grad im']
['twohälf', 'iternsturöen kanböen', 'grad graddenost', 'nacht der gradhn grad']
['am mittwo ist esnig in der westhälf später wolken mit', 'bei gewittern schwere mböen zelt auch orkanbö möglich', 'heute sieben bis ein stellenweise gibt bofrost', 'inben heute kühle vier in nordriesland vierzeh grad']
--------------------------------------------------

--------------------------------------------------
EPOCH: 33
TIME: 2138.883820772171
AVG. LOSS: 19.82593539306787
EPOCH METRICS: {'BLEU_1': 0.007930463073252845, 'BLEU_2': 0.005739913325463722, 'BLEU_3': 0.0043953974951874055, 'BLEU_4': 0.00302058154134744, 'LOSS': 14.31087601896885, 'ROUGE': 0.10527989139681815, 'EXAMPLE': 'pred: heute nacht, target: in der nacht fünf grad an der nordfriesischen küste und minus vier grad an den alpen'}
BASELINE METRICS: {'BLEU_1': 0.09094908292497328, 'BLEU_2': 0.04322398958422319, 'BLEU_3': 0.0208016188292086, 'BLEU_4': 0.01154076525203481, 'ROUGE': 0.23409989067493853}
['weht', 'we', 'wettervorhersage für morgen donnerstag den dreiundzwanzigsten', '']
['wochech we', 'bel dingen', 'tagnwanwan', 'wedeutschland']
['e der woche sorgt ein hoch aber wieder freundlicheres wetter', 'und auch in der kommenden nacht sein wieder bilden sich diese ne vor allen dingen an do am bodense', 'bhn bis einzheundzzig grad', 'und die lagen scho wochenende über in nordsda deutschland']
--------------------------------------------------

--------------------------------------------------
EPOCH: 34
TIME: 2132.6248095035553
AVG. LOSS: 19.262275678060504
EPOCH METRICS: {'BLEU_1': 0.0027851176442526015, 'BLEU_2': 0.002314990867304165, 'BLEU_3': 0.002023189260880949, 'BLEU_4': 0.0017643812437411173, 'LOSS': 14.406983720544217, 'ROUGE': 0.12007847506060046, 'EXAMPLE': 'pred: schauer, target: im norden noch schauer'}
BASELINE METRICS: {'BLEU_1': 0.09094908292497328, 'BLEU_2': 0.04322398958422319, 'BLEU_3': 0.0208016188292086, 'BLEU_4': 0.01154076525203481, 'ROUGE': 0.23409989067493853}
['schwach bis mäßiger wind aus bö', 'schauer', '', 'wolken']
['kü', 'daer', 'nordemö', '']
['er bis an den kü wind', 'nacht fallen hier undschauer gibt aberl', 'zge und im  schweresturmen', 'dieken dichter']
--------------------------------------------------

--------------------------------------------------
EPOCH: 35
TIME: 2131.433741569519
AVG. LOSS: 18.77612514076534
EPOCH METRICS: {'BLEU_1': 0.0017174390112312552, 'BLEU_2': 0.0012843245079737543, 'BLEU_3': 0.0009658952292287472, 'BLEU_4': 0.0007354711547663995, 'LOSS': 14.431913599113509, 'ROUGE': 0.09547140418665992, 'EXAMPLE': 'pred: am montag, target: ab mittwoch wird es wieder kühler dabei gestaltet sich das wetter wechselhaft mit etwas sonne vielen wolken und schauern oder gewittern'}
BASELINE METRICS: {'BLEU_1': 0.09094908292497328, 'BLEU_2': 0.04322398958422319, 'BLEU_3': 0.0208016188292086, 'BLEU_4': 0.01154076525203481, 'ROUGE': 0.23409989067493853}
['', 'wetterherage für morgen montag den fünfzehnten april', '', '']
['dingen nordsten', 'age', 'luft', 'räthälfte']
['dem auf o und vor allen dingen im südo noch am tro auch einige bleiben', 'und nun weherage fürtwoch dennten juni', 'tiefer bestimmttter', 'aber es nu sehr wenigom allgu zum karwendelit es mehr während es in der osthäl klar ist']
--------------------------------------------------

--------------------------------------------------
EPOCH: 36
TIME: 2146.154054880142
AVG. LOSS: 18.87244834975164
EPOCH METRICS: {'BLEU_1': 0.0015691112689504175, 'BLEU_2': 0.00110866094970562, 'BLEU_3': 0.0008789582150724699, 'BLEU_4': 0.0005827782924467222, 'LOSS': 14.525345839057584, 'ROUGE': 0.10006260700608852, 'EXAMPLE': 'pred: ken, target: die werden am nachmittag in der nordwesthälfte wieder dichter und bringen regen'}
BASELINE METRICS: {'BLEU_1': 0.09094908292497328, 'BLEU_2': 0.04322398958422319, 'BLEU_3': 0.0208016188292086, 'BLEU_4': 0.01154076525203481, 'ROUGE': 0.23409989067493853}
['sonne', 'we', '', 'heutezig grad']
['druckne', 'den', '', 'der nachtzbir']
['stabil hochdruck mit sonschein nicht in sich', 'deutschland das ganz so heftig immerhin haben wir bodenseequert geht mit dem gewtern', 'g ein kleinefragezeichen', 'in der nacht oberin einrichtung ergebir']
--------------------------------------------------

--------------------------------------------------
EPOCH: 37
TIME: 2128.759217977524
AVG. LOSS: 18.25264053575888
EPOCH METRICS: {'BLEU_1': 0.0005785964269069016, 'BLEU_2': 0.0004457872180949864, 'BLEU_3': 0.00039585913919868955, 'BLEU_4': 0.00030897968857657474, 'LOSS': 14.527335412240442, 'ROUGE': 0.1196183514708298, 'EXAMPLE': 'pred: windöööenöen, target: bei nächtlichen unwettern sind schwere sturmböen möglich'}
BASELINE METRICS: {'BLEU_1': 0.09094908292497328, 'BLEU_2': 0.04322398958422319, 'BLEU_3': 0.0208016188292086, 'BLEU_4': 0.01154076525203481, 'ROUGE': 0.23409989067493853}
['', 'schauer', 'we', 'süden']
['brand', 'kräftig', 'mtt luftr', '']
['von brand sa bis nachern es meist', 'heute nacht es süden teil kräftig', 'strö warme luft zu uns frischere', 'deutschlandnet erbig']
--------------------------------------------------

--------------------------------------------------
EPOCH: 38
TIME: 2146.9365882873535
AVG. LOSS: 17.986016821028013
EPOCH METRICS: {'BLEU_1': 0.00041190869478761313, 'BLEU_2': 0.00028013111366681465, 'BLEU_3': 0.0001880411454978557, 'BLEU_4': 0.0001148999824514266, 'LOSS': 14.93646550316342, 'ROUGE': 0.08663391848112226, 'EXAMPLE': 'pred: tag, target: am tag minus sieben grad im vogtland und null grad an der ostsee'}
BASELINE METRICS: {'BLEU_1': 0.09094908292497328, 'BLEU_2': 0.04322398958422319, 'BLEU_3': 0.0208016188292086, 'BLEU_4': 0.01154076525203481, 'ROUGE': 0.23409989067493853}
['we', 'wesage für morgen den', 'morgen', '']
['', 'sage', 'einige', '']
['dabeiwiegendde heran und zunächst', 'dievor für den neunwanzigsten oktober', 'nordwest einige wolken mit ein', 'nordensten profitieren morgen luftdruck']
--------------------------------------------------

--------------------------------------------------
EPOCH: 39
TIME: 2156.267821073532
AVG. LOSS: 17.387629946834473
EPOCH METRICS: {'BLEU_1': 0.0008998613798711913, 'BLEU_2': 0.0006219233161401855, 'BLEU_3': 0.0004075098017318033, 'BLEU_4': 0.0, 'LOSS': 14.65883833502988, 'ROUGE': 0.0825937880961252, 'EXAMPLE': 'pred: heute nacht, target: die werden am nachmittag in der nordwesthälfte wieder dichter und bringen regen'}
BASELINE METRICS: {'BLEU_1': 0.09094908292497328, 'BLEU_2': 0.04322398958422319, 'BLEU_3': 0.0208016188292086, 'BLEU_4': 0.01154076525203481, 'ROUGE': 0.23409989067493853}
['heute nacht grad', 'liebe', 'schauer', 'heute minus fünf']
['h', '', 'tter', 'heute nacht nachtsten grad']
['und auch sonst zum astronomischen mitzehundzig ganz daher', 'liebeschauer guten', 'norden gibt er gewtter und sm nord', 'im südo plus sieben grad im we']
--------------------------------------------------

--------------------------------------------------
EPOCH: 40
TIME: 2137.910345554352
AVG. LOSS: 16.767058987225056
EPOCH METRICS: {'BLEU_1': 0.00040079117735483097, 'BLEU_2': 0.0003098146419024756, 'BLEU_3': 0.00028674443330176867, 'BLEU_4': 0.00023430530791630587, 'LOSS': 14.739168298956516, 'ROUGE': 0.08593322268462217, 'EXAMPLE': 'pred: heute, target: heute nacht temperaturen zwischen elf und achtzehn grad'}
BASELINE METRICS: {'BLEU_1': 0.09094908292497328, 'BLEU_2': 0.04322398958422319, 'BLEU_3': 0.0208016188292086, 'BLEU_4': 0.01154076525203481, 'ROUGE': 0.23409989067493853}
['grad', 'gewi', 'wettervorhersage für morgen montag denundzwanzigsten', 'gewitter gewitter']
['r', 'eng', 'undher morgen denzenten', 'nende']
['norden alpenr kü grad', 'am tag zieht sich der regen zupen die im nordwest weiter mitte am nachmitta könneni mit sein', 'undvorheragestag achtzehnten februar', 'wochet sichen aus dastteri an']
--------------------------------------------------

--------------------------------------------------
EPOCH: 41
TIME: 2133.4816040992737
AVG. LOSS: 16.872767621527395
EPOCH METRICS: {'BLEU_1': 0.0001061767320181462, 'BLEU_2': 7.26705582008116e-05, 'BLEU_3': 6.338972587632477e-05, 'BLEU_4': 3.760330710303472e-05, 'LOSS': 14.551935994326493, 'ROUGE': 0.08025846970595747, 'EXAMPLE': 'pred: heute, target: ihnen einen schönen abend und machen sie es gut'}
BASELINE METRICS: {'BLEU_1': 0.09094908292497328, 'BLEU_2': 0.04322398958422319, 'BLEU_3': 0.0208016188292086, 'BLEU_4': 0.01154076525203481, 'ROUGE': 0.23409989067493853}
['wolken', 'wolken', 'regen', 'heute schauer']
['g wol', '', '', 'enür']
['am montags sonne teilsken da', 'wird jetzt fastdeutschland überqu nicht', 'im ostengieiger der sich  mittebreitet', 'der imern bad würtems mit einzelnenitt gerechnet sonst']
--------------------------------------------------
