Loaded dependency [python3/3.10.7]: gcc/11.3.0-binutils-2.38
Loaded module: python3/3.10.7

Loading python3/3.10.7
  Loading requirement: gcc/11.3.0-binutils-2.38
Loaded module: cuda/12.0
Loaded module: cudnn/v8.3.2.44-prod-cuda-11.X
Traceback (most recent call last):
  File "/zhome/6b/b/151617/Sign2Text/main.py", line 59, in <module>
    main()
  File "/zhome/6b/b/151617/Sign2Text/main.py", line 55, in main
    train(model, dataloader_train, dataloader_val, T_CFG)
  File "/zhome/6b/b/151617/Sign2Text/Trainer/trainer.py", line 76, in train
    preds, probs = model(ipt.to(CFG.device), ipt_len)
  File "/zhome/6b/b/151617/env2/lib/python3.10/site-packages/torch/nn/modules/module.py", line 1501, in _call_impl
    return forward_call(*args, **kwargs)
  File "/zhome/6b/b/151617/Sign2Text/Sign2Text/Sign2Text.py", line 35, in forward
    out = self.language_model(gloss_representations, ipt_len)
  File "/zhome/6b/b/151617/env2/lib/python3.10/site-packages/torch/nn/modules/module.py", line 1501, in _call_impl
    return forward_call(*args, **kwargs)
  File "/zhome/6b/b/151617/Sign2Text/mBART/TranslationModel.py", line 79, in forward
    padded_decoder_inputs_embeds[:,:seq_length+2,:] = decoder_inputs_embeds
RuntimeError: The expanded size of the tensor (100) must match the existing size (101) at non-singleton dimension 1.  Target sizes: [4, 100, 1024].  Tensor sizes: [4, 101, 1024]
