Thu Apr  6 11:52:16 2023       
+---------------------------------------------------------------------------------------+
| NVIDIA-SMI 530.30.02              Driver Version: 530.30.02    CUDA Version: 12.1     |
|-----------------------------------------+----------------------+----------------------+
| GPU  Name                  Persistence-M| Bus-Id        Disp.A | Volatile Uncorr. ECC |
| Fan  Temp  Perf            Pwr:Usage/Cap|         Memory-Usage | GPU-Util  Compute M. |
|                                         |                      |               MIG M. |
|=========================================+======================+======================|
|   0  Tesla V100-PCIE-32GB            On | 00000000:58:00.0 Off |                    0 |
| N/A   29C    P0               27W / 250W|      0MiB / 32768MiB |      0%   E. Process |
|                                         |                      |                  N/A |
+-----------------------------------------+----------------------+----------------------+
                                                                                         
+---------------------------------------------------------------------------------------+
| Processes:                                                                            |
|  GPU   GI   CI        PID   Type   Process name                            GPU Memory |
|        ID   ID                                                             Usage      |
|=======================================================================================|
|  No running processes found                                                           |
+---------------------------------------------------------------------------------------+

--------------------Preparing Data--------------------

--------------------Preparing Model--------------------

--------------------Preparing Training--------------------

--------------------Preparing Baseline Metrics--------------------

--------------------Starting Training--------------------
0/7096500/70961000/70961500/7096NAN VALUE!!!! ('die höchsttemperaturen aber nur so zwischen zwei und maximal neun grad',)
NAN VALUE!!!! ('die aussichten am mittwoch ist es im nordwesten wolkig sonst ist es abseits von nebel und hochnebel freundlich',)
NAN VALUE!!!! ('so geht es auch morgen vielerorts weiter auch im osten und an den küsten wird es wieder sonniger und vor allen dingen auch wärmer',)
NAN VALUE!!!! ('in der nacht ist es verbreitet klar oder nur gering bewölkt nur hier und da bildet sich nebel besonders in tälern und windgeschützten senken',)
NAN VALUE!!!! ('und nun die wettervorhersage für morgen montag den neunzehnten oktober',)
NAN VALUE!!!! ('und nun die wettervorhersage für morgen sonntag den achtzehnten april',)
NAN VALUE!!!! ('die temperaturen größtenteils sogar unter zwanzig grad nur am rhein geht es auch knapp darüber',)
NAN VALUE!!!! ('in der südhälfte heute nacht verbreitet frostig in nordfriesland bis acht grad plus',)
NAN VALUE!!!! ('guten abend liebe zuschauer',)
NAN VALUE!!!! ('und nun die wettervorhersage für morgen dienstag den dreizehnten juli',)
NAN VALUE!!!! ('auch am samstag einzelne flocken insgesamt aber etwas mehr sonne',)
NAN VALUE!!!! ('um die null grad sind es im westen',)
NAN VALUE!!!! ('im süden zum beispiel im breisgau wenigstens noch achtzehn grad',)
NAN VALUE!!!! ('und das ganze dann bei plus ein und sieben grad dauerfrost eigentlich nur in den mittelgebirgen und vielleicht nochmal so ganz im nordosten',)
NAN VALUE!!!! ('ja die nächsten tage dann wechselhaft erstmal regen',)
NAN VALUE!!!! ('und dann kann es äußerst glatt werden',)
NAN VALUE!!!! ('im laufe der nacht lässt der regen im westen nach und dort kann sich die sonne morgen teilweise länger zeigen während es in der osthälfte gebietsweise regnet oder schauert',)
NAN VALUE!!!! ('im süden regnet es kaum und dort zeigt sich auch häufiger die sonne',)
NAN VALUE!!!! ('guten abend',)
NAN VALUE!!!! ('und nun die wettervorhersage für morgen freitag den zweiundzwanzigsten oktober',)
NAN VALUE!!!! ('am tag null grad im äußersten norden und sieben grad im südwesten',)
NAN VALUE!!!! ('am dienstag in der osthälfte sonnig sonst mal sonne mal wolken vor allem im westen und nordwesten einige zum teil heftige schauer und gewitter die am mittwoch auch den osten erreichen können',)
NAN VALUE!!!! ('sonst zeigen sich neben einigen wolkenfeldern auch die sterne',)
NAN VALUE!!!! ('dabei fällt zum teil gefrierender regen oder schnee',)
NAN VALUE!!!! ('am tag temperaturen zwischen sechzehn und zwanzig grad am oberrhein bis zweiundzwanzig grad',)
NAN VALUE!!!! ('dort heute nacht vierzehn im süden örtlich nur sieben grad',)
NAN VALUE!!!! ('ja winterglück ist dieses tiefdruckgebiet sozusagen es hat noch regen im gepäck erst einmal erreicht dann morgen und heute nacht frankreich morgen früh dann deutschland',)
NAN VALUE!!!! ('ihnen noch einen schönen abend',)
NAN VALUE!!!! ('das ganze breitet sich noch weiter richtung norden und auch richtung süden aus',)
NAN VALUE!!!! ('nebel sonne und auch ein paar wolken das erwartet uns in den nächsten tagen unter hochdruckeinfluss',)
NAN VALUE!!!! ('in der nacht verlagert sich der regen in die osthälfte im höheren bergland schneit es teilweise vorsicht wegen glätte',)
NAN VALUE!!!! ('am main und oberrhein morgen sieben und zwanzig bis achtundzwanzig grad an nord und ostseeküste frische siebzehn bis achtzehn grad',)
NAN VALUE!!!! ('am freitag mal sonne mal wolken und nur hier und da ein schauer',)
NAN VALUE!!!! ('auch tagsüber weiterhin dauerfrost zwischen minus vier und minus zehn grad an der nordsee wird ein bisschen milder der wind dreht dort auf südwest bringt ein paar schneeschauer doch viel wird es nicht mehr sein',)
NAN VALUE!!!! ('der wind weht schwach bis mäßig an der ostsee zunächst noch frisch',)
NAN VALUE!!!! ('ansonsten in der mitte deutschlands weiterhin das eher trübe wetter mit regen aber an der nordsee da lockert es schon mal auf',)
NAN VALUE!!!! ('in den folgenden tagen wird es immerhin ein wenig wärmer und trockener',)
NAN VALUE!!!! ('sonst schwacher bis mäßiger im norden frischer und stark böiger südwestwind',)
NAN VALUE!!!! ('und der bringt dann zum samstag eine kräftige abkühlung',)
NAN VALUE!!!! ('dabei fließt nordische kaltluft heran die die warmluft aus deutschland verdrängt',)
NAN VALUE!!!! ('in der nacht und auch am tag muss in der osthälfte stellenweise weiter mit schnee oder schneeregen bis in tiefe lagen gerechnet werden',)
NAN VALUE!!!! ('heute nacht regnet es in der nordwesthälfte örtlich fällt auch schnee und es kann wieder gefährlich glatt werden',)
NAN VALUE!!!! ('nordische tiefausläufer bringen uns stürmische winde und regenwolken',)
NAN VALUE!!!! ('frost ist dann zumindest tagsüber kein thema mehr',)
NAN VALUE!!!! ('am freitag fällt verbreitet regen der besonders im südwesten kräftig sein kann',)
NAN VALUE!!!! ('für viele war das heute wahrscheinlich der letzte sonnige oktobertag denn im norden haben heute schon dichte wolken einzug gehalten den wetterwechsel eingeleitet',)
NAN VALUE!!!! ('in der nacht trübt verbreitet nebel oder hochnebel den himmel die sterne können sich vor allem über dem höheren bergland sowie gebietsweise in der mitte des landes zeigen',)
NAN VALUE!!!! ('das wird ein klasse wochenende da kann man noch mal so richtig die herbstsonne tanken',)
NAN VALUE!!!! ('am freitag setzt sich das leicht wechselhafte wetter fort',)
NAN VALUE!!!! ('der hohe luftdruck wird morgen auch im süden deutschlands schwächer',)
NAN VALUE!!!! ('am tag minus zwei grad im erzgebirge und vier grad am rhein',)
NAN VALUE!!!! ('guten abend liebe zuschauer',)
NAN VALUE!!!! ('am tag dort sieben grad und sechzehn grad am oberrhein',)
NAN VALUE!!!! ('von dänemark zieht ein tief richtung baltikum',)
NAN VALUE!!!! ('am freitag und samstag wechseln sich sonnenschein und regenwolken ab',)
NAN VALUE!!!! ('besonders in diesen regionen muss morgen mit verkehrsbehinderungen gerechnet werden',)
NAN VALUE!!!! ('im erzgebirge und im bayerischen wald schwere sturmböen',)
NAN VALUE!!!! ('am donnerstag meist stark bewölkt',)
NAN VALUE!!!! ('am tag werte zwischen vier und zwölf grad bei nebel ist es kühler',)
NAN VALUE!!!! ('tiefer luftdruck bestimmt weiterhin unser wetter und vor allem im osten und norden fällt noch ergiebiger dauerregen',)
NAN VALUE!!!! ('am montag wird es überall wechselhaft vor allem im osten und süden gibt es zum teil gewittrige und ergiebige regenfälle',)
NAN VALUE!!!! ('am mittwoch ist es erst sonnig in der westhälfte später wolken mit regen oder schauern',)
NAN VALUE!!!! ('am donnerstag schneit es an den alpen noch länger sonst schneeschauer im flachland im westen auch schneeregenschauer',)
NAN VALUE!!!! ('am samstag teils freundlich teils wolkig und stellenweise schauer',)
NAN VALUE!!!! ('in der nacht ist es meist dicht bewölkt von einzelnen schneeflocken abgesehen ist es trocken',)
NAN VALUE!!!! ('in den hochlagen rieselt schnee',)
NAN VALUE!!!! ('und nun die wettervorhersage für morgen freitag den achten januar',)
NAN VALUE!!!! ('aber das streift wirklich erstmal nur den westen vor dem brauchen wir noch keine angst zu haben',)
NAN VALUE!!!! ('heute nacht also zum teil klar örtlich leichter bodenfrost im süden nebelfelder im westen dichtere wolken und erste regentropfen morgen früh am rhein',)
NAN VALUE!!!! ('dabei bleibt es für die jahreszeit etwas zu kühl',)
NAN VALUE!!!! ('schwacher bis mäßiger an der see teilweise frischer west bis nordwestwind der in schauernähe stark böig auffrischen kann',)
NAN VALUE!!!! ('die kälte flutet bis zu den alpen und dann geht der regen wieder in schnee über',)
NAN VALUE!!!! ('der wind weht schwach bis mäßig aus südwest bis west',)
NAN VALUE!!!! ('viel regen wird wohl nicht fallen auch am nachmittag kann es vielleicht im norden von schleswig holstein noch schauer geben',)
NAN VALUE!!!! ('aber es wird nicht viel regen geben denn über frankreich entsteht schon wieder das nächste hoch',)
NAN VALUE!!!! ('ab freitag macht sich dann ein hoch bemerkbar und von westen wird es langsam wieder freundlicher',)
NAN VALUE!!!! ('da aber auch noch recht kalte luft aus osten heranfließt bleiben die temperaturen trotz sonne relativ niedrig',)
NAN VALUE!!!! ('am sonntag mehr wolken als sonne regenschauer teilweise auch gewitter',)
NAN VALUE!!!! ('am samstag gibt es in der osthälfte zum teil heftige gewitter richtung westen auch längere zeit sonnenschein',)
NAN VALUE!!!! ('dauerregen plus milde luft sorgen für tauwetter was wiederum dazu führt dass einige flusspegel ansteigen vor allem im bergland',)
NAN VALUE!!!! ('morgen vormittag regnet es am kräftigsten östlich der elbe im westen tröpfelt es nur leicht',)
NAN VALUE!!!! ('im süden und in der mitte gibt es morgen fast ungetrübten sonnenschein',)
NAN VALUE!!!! ('im übrigen land mehr oder weniger dichte wolken die gebietsweise etwas regen bringen',)
NAN VALUE!!!! ('am freitag vor allem in der südosthälfte kräftige mitunter auch gewittrige regenfälle',)
NAN VALUE!!!! ('am freitag teils wolken teils sonne und gelegentlich schauer im nordosten zeitweise regen',)
NAN VALUE!!!! ('am samstag scheint die sonne neben einigen wolken für längere zeit im süden und südwesten einige schauer',)
NAN VALUE!!!! ('am dienstag in der nordosthälfte viel sonne von südwesten kommt regen auf teilweise ist es windig',)
NAN VALUE!!!! ('und bleiben morgen früh noch ein bisschen hängen am vormittag im osten noch schauer und gewitter auch an den alpen',)
NAN VALUE!!!! ('meist aber ist der himmel klar und die temperaturen sinken auf den gefrierpunkt in den mittelgebirgen das heißt uns droht bodenfrost',)
NAN VALUE!!!! ('am montag mehr sonne als wolken schauer sind dann selten',)
NAN VALUE!!!! ('örtlich sind auch gewitter dabei',)
NAN VALUE!!!! ('es geht auch erst einmal so weiter in süddeutschland noch hat das hoch bestand',)
NAN VALUE!!!! ('die temperaturen sehen morgen ganz gut aus vierundzwanzig grad im nordosten auch sonst meist über zwanzig grad',)
NAN VALUE!!!! ('sie reicht von südwesteuropa bis nach skandinavien',)
NAN VALUE!!!! ('das tief über norditalien sorgt dafür dass es in der kommenden nacht und am tag für längere zeit in deutschland schneit',)
NAN VALUE!!!! ('und am donnerstag am mittwoch kommt von nordwesten neuer schnee anfangs teilweise regen dabei auch noch kalt',)
NAN VALUE!!!! ('heute nacht plus vier bis minus drei grad an der nordsee ist es teilweise milder',)
NAN VALUE!!!! ('und auch morgen bleibt es wo das tief nahe ist hier im osten immer noch bei dichten wolken gelegentlich mit ein paar regentropfen aber keine großen mengen mehr',)
NAN VALUE!!!! ('von westen ziehen ja jetzt kräftige regenschauer und einige gewitter heran die das rothaargebirge erreichen',)
NAN VALUE!!!! ('dort morgen minus ein im osten bis minus acht grad',)
NAN VALUE!!!! ('in der nacht zieht sich der regen zur ostsee zurück richtung süden klart es zunehmend auf vor allem in den südlichen flusstälern bildet sich nebel',)
NAN VALUE!!!! ('es ist die wärmste ecke derzeit in europa',)
NAN VALUE!!!! ('liebe zuschauer guten abend',)
NAN VALUE!!!! ('guten abend liebe zuschauer',)
NAN VALUE!!!! ('die nacht wird schon sehr kühl wo es klar wird in der mitte und im süden null bis minus ein grad kann es morgens auch örtlich mal glatt werden auf nassen straßen',)
NAN VALUE!!!! ('und jetzt wünsche ich ihnen noch einen schönen abend',)
NAN VALUE!!!! ('die aussichten am montag wechseln sich sonne und wolken ab hier und da bilden sich schauer im süden vereinzelt gewitter',)
NAN VALUE!!!! ('heute ging es ordentlich zur sache beim wetter',)
NAN VALUE!!!! ('auch am donnerstag liegen die wolken unterschiedlich dicht beieinander',)
NAN VALUE!!!! ('ein tief zieht ab das nächste schickt uns aber schon im laufe der nacht neue regenwolken',)
NAN VALUE!!!! ('die aussichten am mittwoch und am donnerstag viel sonnenschein hier und da ist es wolkig vereinzelt muss mit schauern oder gewittern gerechnet werden',)
NAN VALUE!!!! ('der wind weht morgen nur schwach aus unterschiedlichen richtungen',)
NAN VALUE!!!! ('und wenn sie sich über die aktuelle unwetterlage bei uns informieren möchten dann können sie das jederzeit tun entweder über zdf text oder über das internet',)
NAN VALUE!!!! ('na rüttelt es gerade an ihren fensterläden meine damen und herren',)
NAN VALUE!!!! ('und es weht nur ein schwacher südwestwind dazu',)
NAN VALUE!!!! ('ansonsten wird es am nachmittag später dann auch im erzgebirge und in thüringen schneien',)
NAN VALUE!!!! ('am freitag wird es zunächst im norden kälter',)
NAN VALUE!!!! ('aber es wird ja morgen wieder wärmer als heute auch an den küsten sind es so um die fünfzehn grad',)
NAN VALUE!!!! ('in der nacht regnet es in der südhälfte gebietsweise im südosten mitunter kräftig anfangs sind gewitter dabei sonst einzelne schauer',)
NAN VALUE!!!! ('bei uns wird es morgen jedenfalls relativ ruhig was das wetter angeht',)
NAN VALUE!!!! ('ein tief über mitteleuropa bringt uns heute nacht und morgen schnee und teilweise gefrierenden regen',)
NAN VALUE!!!! ('heute nacht fünfzehn grad im südwesten und fünf grad in vorpommern',)
NAN VALUE!!!! ('auch am montag wechselhaft im höheren bergland ist auch wieder schnee dabei',)
NAN VALUE!!!! ('aber wir bleiben in der nähe der kälte im nordosten europas mit höchsttemperaturen von minus fünf bis minus fünfzehn grad',)
NAN VALUE!!!! ('es wird etwas kühler am wochenende von osten aber das mit diesem wunderbaren sonnenschein',)
NAN VALUE!!!! ('die werden sich morgen verdichten besonders in den nachmittagsstunden ziehen die dann über schleswig holstein und mecklenburg vorpommern hinterlassen dann auch ein paar regentropfen',)
2000/7096NAN VALUE!!!! ('am tag kann es in den alpen zunächst noch länger regnen sonst ist es mal aufgelockert mit etwas sonnenschein mal stärker bewölkt mit schauern besonders im nordwesten sind auch gewitter dabei',)
NAN VALUE!!!! ('schon morgen abend schneit es bis auf etwa fünfhundert meter runter',)
NAN VALUE!!!! ('am wochenende erwartet uns dann wechselhaftes und recht kühles wetter',)
NAN VALUE!!!! ('von schauer und gewitterböen abgesehen wird der ostwind morgen schwach bis mäßig',)
NAN VALUE!!!! ('am tag minus sechs bis plus ein grad am kältesten wird es am rhein',)
NAN VALUE!!!! ('und nun die wettervorhersage für morgen donnerstag den einundzwanzigsten oktober',)
NAN VALUE!!!! ('und es geht los in den nächsten stunden schon wieder mit regen hier an der nordsee der breitet sich aus zum teil kräftiger regen während es am erzgebirge und an den alpen noch ein bisschen weiter schneien kann',)
NAN VALUE!!!! ('richtung südosten wolken nebel teilweise auch sonne',)
NAN VALUE!!!! ('abgesehen von schauer und gewitterböen weht ein schwacher bis mäßiger wind aus west bis südwest',)
NAN VALUE!!!! ('der mittwoch beginnt überall sonnig im laufe des tages allerdings im westen und südwesten gewitterschauer',)
NAN VALUE!!!! ('morgen reichen die temperaturen von fünf grad im sauerland bis achtzehn grad im passauer raum',)
NAN VALUE!!!! ('am karfreitag viel sonne in der südwesthälfte über den bergen vereinzelt schauer oder gewitter',)
NAN VALUE!!!! ('in den kommenden tagen verlagert sich die milde luft noch weiter nach norden',)
NAN VALUE!!!! ('die aussichten im laufe des mittwochs von westen neue kräftige regenfälle anfangs auch schnee',)
NAN VALUE!!!! ('die letzten regenschauer gab es heute noch mal an der nordsee ab jetzt wird es nur noch schnee sein und das war heute teilweise in den mittelgebirgen auch der fall',)
NAN VALUE!!!! ('am freitag sonne und wolken ab dem nachmittag einzelne kräftige gewitterschauer',)
NAN VALUE!!!! ('tiefer luftdruck bestimmt weiterhin unser wetter',)
NAN VALUE!!!! ('in der neuen woche erstmal ähnliches wetter aber die sonne hat zumindest in einigen regionen etwas bessere chancen',)
NAN VALUE!!!! ('donnerstag und freitag gibt es teils sonne teils wolken mit schauern',)
NAN VALUE!!!! ('tiefdruckeinfluss mit feuchter und wolkenreicher luft bestimmt auch morgen das wetter in deutschland',)
NAN VALUE!!!! ('im norden und nordosten halten sich morgen viele wolken vor allem nordöstlich der elbe regnet es',)
NAN VALUE!!!! ('am tag sieben grad im vogtland und bis vierzehn grad am niederrhein',)
NAN VALUE!!!! ('wir sind auch sehr verwöhnt worden aber flächendeckend lagen die temperaturen weitgehend über dem mittelwert',)
NAN VALUE!!!! ('die leichten niederschläge verlagern sich nach norden',)
NAN VALUE!!!! ('tiefs über der nordsee frankreich und südosteuropa machen sich aber nur am rande bemerkbar',)
NAN VALUE!!!! ('auch am freitag sind bei über dreißig grad örtliche unwetter möglich',)
NAN VALUE!!!! ('am tag zehn grad an der nordsee einundzwanzig grad im breisgau',)
NAN VALUE!!!! ('diese gewitter ziehen dann bis freitag weiter richtung osten werden wahrscheinlich schon am donnerstag abend die osthälfte auch erreichen',)
NAN VALUE!!!! ('bis freitag bleibt die hochdruckzone stabil und beschert uns viel sonnenschein',)
NAN VALUE!!!! ('am mittwoch und auch am donnerstag im norden und in der mitte viele wolken die etwas regen oder schnee bringen vorsicht glätte',)
NAN VALUE!!!! ('und nun die wettervorhersage für morgen samstag den fünfundzwanzigsten juni',)
NAN VALUE!!!! ('in der neuen woche tagsüber frostfrei im westen sogar mild',)
NAN VALUE!!!! ('guten abend liebe zuschauer',)
NAN VALUE!!!! ('am montag verbreitet sonnig am nachmittag einzelne schauer und gewitter',)
NAN VALUE!!!! ('ab donnerstag wird es wieder wechselhafter und in der westhälfte auch kühler',)
NAN VALUE!!!! ('mild wird es dagegen am alpenrand da steigen die temperaturen bis acht grad',)
NAN VALUE!!!! ('und das wochenende da wird der freitag im süden noch gewittrig ansonsten wird es ziemlich durchwachsen und auch wieder kühler',)
NAN VALUE!!!! ('allerdings so von münsterland runter bis nach hessen vielleicht auch bis nach thüringen sind vorübergehend die wolken ein bisschen dichter',)
NAN VALUE!!!! ('an diesem unbeständigen wetter ändert sich bis mittwoch wenig',)
NAN VALUE!!!! ('am samstag mal sonne mal wolken und im westen gelegentlich etwas schnee',)
NAN VALUE!!!! ('und nun die wettervorhersage für morgen freitag den siebten januar',)
NAN VALUE!!!! ('wo es heute nacht länger aufklart ist leichter frost möglich',)
NAN VALUE!!!! ('am tag zwanzig grad an der nordsee und dreißig grad in der lausitz',)
NAN VALUE!!!! ('und nun die wettervorhersage für morgen montag den ersten oktober',)
NAN VALUE!!!! ('ansonsten weht auch nur ein schwacher wind und es wird ein wunderschöner tag',)
NAN VALUE!!!! ('am tag in der südosthälfte weitere regenfälle die im laufe des tages stärker werden und dann vom erzgebirge bis zu den alpen zum teil ergiebig ausfallen',)
NAN VALUE!!!! ('der kommt heute nach dem südwesten bereits an aber sonst wird es eine ruhige nacht mit nebelfeldern hochnebelresten im osten oder auch sternenklarem himmel und tiefsttemperaturen zwischen sechs grad in den östlichen mittelgebirgen und milden vierzehn grad sogar am oberrhein',)
NAN VALUE!!!! ('jetzt wünsche ich ihnen noch einen schönen abend',)
NAN VALUE!!!! ('die regenfälle im norden und osten verlagern sich im laufe der nacht in die gebiete nordöstlich der elbe',)
NAN VALUE!!!! ('der wind weht meist mäßig im norden frisch',)
NAN VALUE!!!! ('und nun die wettervorhersage für morgen samstag den dritten dezember',)
NAN VALUE!!!! ('wir sitzen immer noch so ein bisschen zwischen den stühlen beim wetter zwischen wärmer und kälter wenige zentimeter neuschnee heute in norddeutschland',)
NAN VALUE!!!! ('da kommt endlich dann wirklich mal der sommer',)
NAN VALUE!!!! ('heute nacht plus vier grad am niederrhein und minus vier grad wo es aufklart',)
NAN VALUE!!!! ('das hoch über osteuropa bestimmt nach wie vor unser wetter',)
NAN VALUE!!!! ('abends wird das ganze wohl in schnee übergehen',)
NAN VALUE!!!! ('in nordfriesland heute nacht sieben in den mittelgebirgen teilweise nur zwei bis drei grad',)
NAN VALUE!!!! ('viel sonnenschein und noch weiter steigende temperaturen erwarten uns am wochenende am sonntag aber auch ein steigendes gewitterrisiko von südwesten',)
NAN VALUE!!!! ('das trockenste frühjahr seit beginn der wetteraufzeichnungen allerdings auch',)
NAN VALUE!!!! ('morgen temperaturen von zwanzig grad an der see bis fünfunddreißig im breisgau',)
NAN VALUE!!!! ('das tief das sich von skandinavien bis nach osteuropa erstreckt bringt morgen vor allem der mitte und dem süden deutschlands wechselhaftes wetter',)
NAN VALUE!!!! ('in der nacht muss zunächst vor allem in den östlichen landesteilen stellenweise mit schauern und gewittern gerechnet werden',)
NAN VALUE!!!! ('in küstennähe fällt heute nacht ab und zu etwas schnee sonst teils stark bewölkt oder neblig teils klar und weitgehend trocken',)
NAN VALUE!!!! ('am samstag erreicht die hitze mit werten um sechsunddreißig grad ihren höhepunkt',)
NAN VALUE!!!! ('donnerstag kommt dann von nordwesten neuer kräftiger schneefall auf der dann in den nächsten tagen allmählich nachlässt es bleibt aber kalt',)
NAN VALUE!!!! ('über dem süden deutschlands liegt eine feuchte warme luftmassen über dem norden eine kühle aber recht trockene',)
NAN VALUE!!!! ('sonst aber wird es auch sonnig sein',)
NAN VALUE!!!! ('aber eben heute nacht und in den nächsten stunden weiterhin schauer und gewitter im westen die ziehen bis morgen früh auch in den osten',)
NAN VALUE!!!! ('feuchte luft sorgt dort morgen wir wolken am freitag für gewitter',)
NAN VALUE!!!! ('am sonntag im äußersten norden einige wolken die aber kaum regen bringen sonst wieder viel sonne',)
NAN VALUE!!!! ('und nun die wettervorhersage für morgen samstag den vierundzwanzigsten juli',)
NAN VALUE!!!! ('am tag regnet es in der nordwesthälfte ab und an richtung südosten ist es stellenweise für längere zeit trüb',)
NAN VALUE!!!! ('am montag schneit es nur vereinzelt etwas',)
NAN VALUE!!!! ('heute nacht milde zehn bis fünfzehn im südosten unter klarem himmel nur sieben bis neun grad',)
NAN VALUE!!!! ('im sauerland heute nacht kühle acht grad bis fünfzehn grad an der donau',)
NAN VALUE!!!! ('wenn sie jetzt wollen dass es wärmer wird dann schauen wir uns zusammen nochmal schnell berlin an der fünfzehn tage trend und sie sehen die ganze zeit über bleibt es bei vierzehn bis achtzehn grad',)
NAN VALUE!!!! ('an spree und ems heute nacht bis dreizehn am alpenrand nur sieben grad',)
NAN VALUE!!!! ('und so fallen die niederschläge zunehmend als schnee im bergland ist bis samstag örtlich über dreißig zentimeter neuschnee möglich',)
NAN VALUE!!!! ('das wolkenband eines tiefausläufers überquert heute nacht deutschland richtung südosten',)
NAN VALUE!!!! ('gebietsweise breitet sich nebel aus',)
NAN VALUE!!!! ('ansonsten steht uns noch einiges bevor in dieser nacht',)
NAN VALUE!!!! ('auch am ostermontag regnet es stellenweise in höheren lagen auch schnee',)
NAN VALUE!!!! ('immer wieder fällt leichter regen oder schnee in den mittelgebirgen',)
NAN VALUE!!!! ('sonst mal sonne mal wolken an der nordsee später kräftige schauer und einzelne gewitter',)
NAN VALUE!!!! ('tiefs über den balkan und dem atlantik lenken wolken in ein paar regionen für schauer reicht es aber nur vereinzelt',)
NAN VALUE!!!! ('und erst wieder südlich der donau bis zu den alpen und schwarzwald haben wir mit einigen schauern und gewittern zu rechnen',)
NAN VALUE!!!! ('im breisgau zehn grad über null',)
NAN VALUE!!!! ('heute nacht acht grad in berlin und zwei grad im nordwesten',)
NAN VALUE!!!! ('wir erleben dann morgen einen milden extrem milden tag im westen',)
NAN VALUE!!!! ('und auch da ist die situation auch teilweise angespannt',)
NAN VALUE!!!! ('auch am donnerstag regnet es gebietsweise an den alpen föhn auch sonst ist es teilweise windig',)
NAN VALUE!!!! ('guten abend ich begrüße sie zum wetter',)
NAN VALUE!!!! ('dann sind auch sturmböen möglich',)
NAN VALUE!!!! ('in der südhälfte ist es von einigen schleierwolken abgesehen meist klar',)
NAN VALUE!!!! ('in norddeutschland haben wir höchsttemperaturen so von etwa fünfzehn bis siebzehn grad',)
NAN VALUE!!!! ('etwas kühler im westen vor allem über frankreich da liegt gewitterregen morgen drüber der uns dann in der nacht zum donnerstag erreicht',)
NAN VALUE!!!! ('ab donnerstag ist bei sinkenden temperaturen auch wieder mehr schnee dabei',)
NAN VALUE!!!! ('am sonntag beginnt es im norden und westen wieder zu regnen',)
NAN VALUE!!!! ('teilweise auch nicht trocken aber zumindest ab und zu doch mal etwas sonne',)
NAN VALUE!!!! ('es wird morgen mal wieder ein meist sonniger tag',)
NAN VALUE!!!! ('am montag viele wolken und gelegentlich leichter schneefall oder ein wenig regen',)
NAN VALUE!!!! ('die verteilung der luftdruckgebiete über europa ähnelt sich seit einigen wochen',)
NAN VALUE!!!! ('in den alpen durch den föhn noch sturmböen sonst weht der wind im norden schwach bis mäßig im übrigen land nur schwach',)
NAN VALUE!!!! ('abseits davon viel sonne',)
NAN VALUE!!!! ('auch gewitter sind dabei',)
NAN VALUE!!!! ('und das wird eben vor allen dingen in der mitte deutschlands der fall sein',)
NAN VALUE!!!! ('tiefer luftdruck beschert deutschland viele wolken und zum teil kräftige regenfälle',)
NAN VALUE!!!! ('im osten bleibt es morgen noch weitgehend trocken und auch noch warm',)
NAN VALUE!!!! ('in der südwesthälfte ist gebietsweise auch etwas nieselregen dabei aber meist bleibt es trocken',)
NAN VALUE!!!! ('am montag muss mit teilweise gewittrigen regenschauern gerechnet werden',)
NAN VALUE!!!! ('guten abend liebe zuschauer',)
NAN VALUE!!!! ('die temperaturen dort dann ein bisschen über null so meist zwischen null und drei grad aber sonst haben wir den dauerfrost mit minus zwei bis minus sieben grad',)
NAN VALUE!!!! ('und nun die wettervorhersage für morgen donnerstag den einunddreißigsten januar',)
NAN VALUE!!!! ('über die mitte und den süden ziehen einige wolken',)
NAN VALUE!!!! ('guten abend liebe zuschauer',)
NAN VALUE!!!! ('donnerstag und freitag meist mehr wolken als sonne gebietsweise fällt regen',)
NAN VALUE!!!! ('und da an dieser grenze entstehen immer wieder diese regengebiete zum teil eben auch die heftigen gewitter',)
NAN VALUE!!!! ('wir haben ein sturmtief über dänemark das jetzt weiterzieht richtung südschweden viel regen fällt dabei heute nacht noch an den küsten',)
NAN VALUE!!!! ('und nun die wettervorhersage für morgen dienstag den dreizehnten dezember',)
NAN VALUE!!!! ('am tag im westen und süden viel sonne bei nur wenigen schleierwolken im norden und osten ziehen die wolken noch weiter südwärts an der nordseite des erzgebirges ein paar regentropfen',)
NAN VALUE!!!! ('ihnen noch einen schönen abend und machen sie es gut',)
NAN VALUE!!!! ('in der südwesthälfte gibt es heute nacht noch weitere schauer und gewitter im nordosten regnet es gebietsweise sonst teils klar teils locker bewölkt',)
NAN VALUE!!!! ('guten abend liebe zuschauer',)
NAN VALUE!!!! ('am wenigsten regen fällt im südosten wo sich auch mal die sonne blicken lässt',)
NAN VALUE!!!! ('nebel hochnebel im süden und auch im norden in der mitte zum teil auch nebel und die tiefsten temperaturen weiterhin zweistellig vor allen dingen im osten und auch im süden',)
NAN VALUE!!!! ('ansonsten wird es dann in den nächsten tagen deutlich wärmer aus dem südwesten und sonniger mit diesem herrlichen hochdruckgebiet',)
NAN VALUE!!!! ('schwül warm wird dann der mittwoch mit bis zu dreißig grad',)
NAN VALUE!!!! ('die nordwesthälfte wird dagegen von einem tief mit wolken und kühlerer luft versorgt schauer und gewitter inklusive',)
NAN VALUE!!!! ('ja mit viel sonne mit einfachen nebelfeldern geht es über das wochenende und kühl wird es eigentlich erst so richtig nächste woche',)
NAN VALUE!!!! ('und das wird uns bis donnerstag beschäftigen',)
NAN VALUE!!!! ('auf den bergen und an der see sind stürmische böen möglich',)
NAN VALUE!!!! ('der ausläufer eines tiefs vor der norwegischen küste überquert deutschland mit regenwolken ostwärts',)
NAN VALUE!!!! ('heute nacht werte zwischen sieben und drei grad im südosten bis ein grad',)
NAN VALUE!!!! ('ein passendes bild für heute ein perfekter tag um aus sonnenenergie strom zu gewinnen',)
NAN VALUE!!!! ('im nordwesten bleibt es heute nacht meist trocken sonst muss mit teilweise kräftigen schauern gerechnet werden örtlich mit blitz und donner',)
NAN VALUE!!!! ('im süden weht der wind schwach richtung norden mäßig an den küsten weht er frisch',)
NAN VALUE!!!! ('sonst viele wolken und gebietsweise ergiebiger regen',)
NAN VALUE!!!! ('auch am montag eine mischung aus sonne wolken und nebel an den küsten regnet es etwas',)
NAN VALUE!!!! ('ein zweites das vom mittelmeer zur slowakei zieht lässt es im südosten schneien',)
NAN VALUE!!!! ('dort morgen bis vierundzwanzig in nordfriesland dagegen frische fünfzehn grad',)
NAN VALUE!!!! ('heute nacht werte zwischen minus zwei und minus zehn grad am tag dann werte zwischen minus sechs grad an den alpen und null grad im nordosten',)
NAN VALUE!!!! ('am tag im osten und ganz im südosten sonne sonst gebietsweise etwas schnee oder gefrierender regen im westlichen flachland regen',)
NAN VALUE!!!! ('möglich aber wird ein erster schneespaziergang',)
NAN VALUE!!!! ('am tag dichte wolken etwas sonne einige schauer teilweise mit graupel oder gewittern',)
NAN VALUE!!!! ('in der neuen woche sorgen dann atlantische tiefausläufer wieder für unbeständiges und windiges wetter',)
NAN VALUE!!!! ('in der mitte fällt hier und da regen im norden gibt es einzelne schauer',)
NAN VALUE!!!! ('morgen hängen dann noch so ein paar regenreste im südosten im norden kommt dann schon wieder neuer regen an und nach süden hin wird es dann langsam freundlicher',)
NAN VALUE!!!! ('am mittwoch ziehen wolken vorüber es bleibt noch trocken aber dann donnerstag wird es nass und vor allen dingen auch am freitag',)
NAN VALUE!!!! ('richtung westen anfangs noch einige schauer dann teils wolkig teils klar',)
NAN VALUE!!!! ('am mittwoch mal sonne mal wolken stellenweise bleibt es neblig trüb dabei ist es trocken',)
NAN VALUE!!!! ('und nun die wettervorhersage für morgen sonntag den vierzehnten august',)
NAN VALUE!!!! ('am dienstag ist es mit dem sonnigen wetter erstmal vorbei hier und da muss mit regen oder schauern gerechnet werden auf den bergen teilweise mit schnee',)
NAN VALUE!!!! ('morgen temperaturen von vierzehn grad in der eifel bis einundzwanzig in der lausitz',)
NAN VALUE!!!! ('heute nacht zieht sich der schnee dann immer mehr richtung süden zurück teilweise klart es auf',)
NAN VALUE!!!! ('die aussichten am dienstag schneit es nur noch selten am mittwoch im norden und osten etwas schneegriesel sonst ist es abseits einiger nebel und hochnebelfelder freundlich',)
NAN VALUE!!!! ('heute nacht verbreitet milde vierzehn bis siebzehn grad an der küste elf bis dreizehn grad',)
NAN VALUE!!!! ('auch morgen im norden viele wolken die hier und da etwas regen bringen',)
NAN VALUE!!!! ('im norden und nordwesten schneit es teilweise kräftig im bereich dazwischen gefrierender regen',)
NAN VALUE!!!! ('am tag kommen von westen neue mitunter kräftige schneefälle auf in der westhälfte ist im flachland teilweise auch regen mit dabei',)
NAN VALUE!!!! ('elf grad heute nacht im norden bis neunzehn grad am oberrhein',)
NAN VALUE!!!! ('und morgen haben wir dann die höchsten temperaturen im westen zu erwarten immerhin wieder fünfzehn bis siebzehn grad westlich des rheins',)
NAN VALUE!!!! ('der wind weht schwach bis mäßig im südwesten frisch teilweise auch stark böig',)
NAN VALUE!!!! ('heute nacht ist es teils klar teils bildet sich wieder nebel oder hochnebel',)
NAN VALUE!!!! ('und an dieser wetterlage ändert sich eigentlich erst einmal nichts bis donnerstag ein bisschen schnee und vor allen dingen kalt',)
NAN VALUE!!!! ('das tief das von polen nach südskandinavien zieht bringt morgen vor allem dem nordosten deutschlands noch regen',)
NAN VALUE!!!! ('am donnerstag erreicht uns dann wieder kühlerer atlantikluft',)
NAN VALUE!!!! ('morgen erwarten uns höchstwerte zwischen minus ein und plus sechs grad',)
NAN VALUE!!!! ('die nächsten tage werden aber jetzt wenn wir den norden mal ausnehmen langsam besser trockener teilweise auch freundlicher',)
NAN VALUE!!!! ('vor allem im nordwesten regnet es heute nacht aber auch im süden regnet oder nieselt es gebietsweise',)
NAN VALUE!!!! ('am samstag sonne wolken und teilweise zäher nebel',)
NAN VALUE!!!! ('am tag sechzehn grad an der ostsee und dort wo es länger regnet sonst bis dreiundzwanzig grad',)
NAN VALUE!!!! ('und nun die wettervorhersage für morgen donnerstag den dritten februar',)
NAN VALUE!!!! ('wo es geregnet hat kann sich vereinzelt nebel bilden',)
NAN VALUE!!!! ('im nordwesten macht sich allerdings das tief zwischen island und schottland mit neuem regen bemerkbar',)
NAN VALUE!!!! ('heute nacht minus ein grad am alpenrand bis plus elf grad im emsland',)
NAN VALUE!!!! ('der wind weht schwach bis mäßig an der nordsee auch frisch',)
NAN VALUE!!!! ('deshalb verwandelt sich der regen im bergland zunehmend in schnee',)
NAN VALUE!!!! ('im übrigen land eine mischung aus nebel und sonne in einigen niederungen des südens bleibt es den ganzen tag trübe während es in der mitte recht freundlich wird',)
NAN VALUE!!!! ('sonst wird es neblig und eben auch klar das heißt es wird zum teil frostig im norden im osten und auch im süden ansonsten im westen sind es morgen früh drei bis fünf grad',)
NAN VALUE!!!! ('die wird jetzt fast deutschland überqueren nicht ganz',)
NAN VALUE!!!! ('es kann aber auch eben eisregen oder auch mal regen geben',)
NAN VALUE!!!! ('und am freitag kommt vom nordwesten regen',)
NAN VALUE!!!! ('von westen ziehen am nachmittag neue wolken ins land und gebietsweise fällt regen',)
NAN VALUE!!!! ('am mittwoch wird dann die zwanzig grad marke überschritten bevor es im weiteren verlauf der woche wieder kühler wird',)
NAN VALUE!!!! ('nach westen hin wird es trockener und freundlicher vor allen dingen nachmittags scheint dann auch häufiger mal die sonne',)
NAN VALUE!!!! ('aber heute nacht ist ja alles ruhig',)
NAN VALUE!!!! ('in der oberpfalz morgen minus zwei im breisgau bis plus fünf grad',)
NAN VALUE!!!! ('die sonne kommt bruzzelt diese nebelfelder weg',)
NAN VALUE!!!! ('am samstag regnet es vor allem in der nordwesthälfte dazu ist es besonders dort windig',)
NAN VALUE!!!! ('morgen muss verbreitet mit schauern und gewittern gerechnet werden die besonders richtung südosten teilweise heftig sein können mit starkregen und hagel',)
NAN VALUE!!!! ('auch in den folgenden tagen geht es wechselhaft weiter',)
NAN VALUE!!!! ('am freundlichsten wird es wahrscheinlich im norden',)
NAN VALUE!!!! ('am tag ab und zu sonne gelegentlich fallen noch schauer',)
NAN VALUE!!!! ('und nun die wettervorhersage für morgen donnerstag den vierundzwanzigsten februar',)
NAN VALUE!!!! ('in den nächsten tagen deutlich wärmer',)
NAN VALUE!!!! ('am dienstag ändert sich an dem kalten teilweise freundlichem wetter wenig',)
NAN VALUE!!!! ('am samstag ähnliches wetter',)
NAN VALUE!!!! ('und morgen früh bringen sie dann tatsächlich im westen auch ein bisschen regen oder eben schnee',)
NAN VALUE!!!! ('und dieses regengebiet zieht dann morgen vormittag schon rasch über den norddeutschland hinweg es lockert dahinter schon wieder etwas auf aber es gibt noch einzelne regenschauer',)
NAN VALUE!!!! ('morgen noch ähnliche temperaturen wie heute zwei grad im vogtland bis zehn am oberrhein',)
NAN VALUE!!!! ('zusammen sorgen sie morgen für wechselhaftes wetter in weiten teilen deutschlands',)
NAN VALUE!!!! ('an der nordfriesischen küste morgen zehn in der lausitz bis siebzehn grad',)
NAN VALUE!!!! ('sonst scheint bei bis zu achtundzwanzig grad häufig die sonne',)
NAN VALUE!!!! ('freitag und samstag erwartet uns noch ähnliches wetter',)
NAN VALUE!!!! ('morgen bleibt es kalt in bayern mit höchstwerten zwischen ein und drei grad',)
NAN VALUE!!!! ('im norden gibt es mal mehr mal weniger wolken die sich morgen verdichten',)
NAN VALUE!!!! ('dann frischt auch der wind stark böig auf sonst weht er schwach bis mäßig aus nordwestlicher richtung',)
NAN VALUE!!!! ('die sonne lässt sich nur selten blicken hier und da fällt schnee aber besonders viel wird es nicht sein',)
NAN VALUE!!!! ('am montag viele wolken einige schauer einzelne kurze gewitter im nordosten ist es am freundlichsten',)
NAN VALUE!!!! ('guten abend liebe zuschauer',)
NAN VALUE!!!! ('dem südwesten bringt das hoch schon recht freundliches wetter während das tief im osten noch für ergiebigen regen sorgt',)
NAN VALUE!!!! ('dazu gibt es im norden sehr windiges an der küste auch stürmisches regenwetter',)
NAN VALUE!!!! ('am montag im süden nur noch wenig regen sonst sonne wolken und nebel',)
NAN VALUE!!!! ('das gilt auch für süddeutschland auch dort am rhein entlang schon mal regen am vormittag schauer und am nachmittag gewitter die sich nach osten hin ausbreiten werden',)
NAN VALUE!!!! ('hier und da bildet sich nebel',)
NAN VALUE!!!! ('morgen im allgäu zwei sonst werte von drei bis sieben grad',)
NAN VALUE!!!! ('am donnerstag ist es im westen und nordwesten freundlich sonst regnet es mancherorts',)
NAN VALUE!!!! ('auch am donnerstag wechselhaftes wetter im höheren bergland auch schneeschauer',)
NAN VALUE!!!! ('danach bildet sich zwischen den azoren und russland eine hochdruckzone die für trockeneres wetter sorgt',)
NAN VALUE!!!! ('der regen heute in süddeutschland das war eine eintagsfliege',)
NAN VALUE!!!! ('heute nacht wird es vor allem frostig kalt die luft ist auch feucht und dazu gibt es dann eben den nebel',)
NAN VALUE!!!! ('heute nacht neun bis drei grad im norden frost bis minus ein grad',)
NAN VALUE!!!! ('der wind weht schwach bis mäßig an der see frisch und zum teil stark böig aus süd west',)
NAN VALUE!!!! ('tiefer luftdruck und polare kaltluft sorgen morgen für nasskaltes schauerwetter',)
NAN VALUE!!!! ('vielerorts gibt es starke bis stürmische böen vereinzelt sturmböen',)
NAN VALUE!!!! ('aber auf jeden fall kann man morgen mal durchatmen die temperaturen zwischen siebzehn grad am alpenrand und vierundzwanzig in der lausitz ganz angenehm',)
NAN VALUE!!!! ('und morgen er flaut ein bisschen ab der sturm windstärke etwa sechs bis acht',)
NAN VALUE!!!! ('in einem streifen dazwischen scheint auch mal die sonne',)
NAN VALUE!!!! ('der wind weht schwach aus unterschiedlichen richtungen an der küste auch mäßig aus süd bis südwest',)
NAN VALUE!!!! ('am sonntag im süden regen im norden ab und an schauer teilweise ist es sehr windig',)
NAN VALUE!!!! ('ruhiges sonniges und mildes herbstwetter in dieser woche',)
NAN VALUE!!!! ('hinter den regenband gibt es einen wechsel aus sonne und wolken mit schauern im nordwesten auch einzelne kurze gewitter',)
NAN VALUE!!!! ('und nun die wettervorhersage für morgen dienstag den sechsten juli',)
NAN VALUE!!!! ('sonst sonne und wolken am freundlichsten wird es an den alpen',)
NAN VALUE!!!! ('in der neuen woche scheint erstmal verbreitet die sonne und es wird wieder milder',)
NAN VALUE!!!! ('vor allem im südosten können sich heftige gewitter bilden in der westhälfte gibt es dann mal sonne mal wolken mit ein paar schauern',)
NAN VALUE!!!! ('sonst weht meist nur ein schwacher wind aus unterschiedlichen richtungen',)
NAN VALUE!!!! ('heute nacht kühlt die luft ab auf vierzehn bis acht grad',)
NAN VALUE!!!! ('dieses ungemütliche wetter das nehmen wir auch mit ins wochenende',)
NAN VALUE!!!! ('im süden bleibt es meist sonnig',)
NAN VALUE!!!! ('am nachmittag oder abend lässt der schneefall von nordwesten nach nur im nordwesten selbst da wird es morgen freundlich und trocken',)
NAN VALUE!!!! ('das war es vom wetter ich wünsche ihnen noch einen schönen abend',)
NAN VALUE!!!! ('schönen abend noch für sie und tschüss',)
NAN VALUE!!!! ('und man sah ganz deutlich am vormittag die nebelfelder hier zum beispiel koblenz das moseltal aber auch das rheintal dick im nebel teilweise',)
NAN VALUE!!!! ('und nun die wettervorhersage für morgen mittwoch den achtundzwanzigsten april',)
NAN VALUE!!!! ('an der nordsee etwas sonne',)
NAN VALUE!!!! ('bei längerem aufklaren vereinzelt auch bis minus fünfzehn grad vorsicht wegen glätte',)
NAN VALUE!!!! ('am tag zehn grad bei dauerregen und zweiundzwanzig grad am niederrhein',)
NAN VALUE!!!! ('am montag ist es teils freundlich teils wolkig hier und da schauer und gewitter',)
NAN VALUE!!!! ('im süden ist der wind nur schwach da scheint auch weiterhin meist die sonne ein paar wolken kommen bis zu den mittelgebirgen voran',)
NAN VALUE!!!! ('heute nacht bildet sich stellenweise nebel sowohl in der nacht als auch am tag regnet es in der mitte',)
NAN VALUE!!!! ('und die temperaturen im südosten gerade nochmal die vierundzwanzig grad aber sonst nur noch fünfzehn an den küsten',)
NAN VALUE!!!! ('auch heute nacht gibt es im norden regen schnee oder graupelschauer',)
NAN VALUE!!!! ('heute nacht siebzehn grad an der ostsee und fünf grad an den alpen',)
NAN VALUE!!!! ('heute nacht fällt in vielen regionen regen der im südwesten mitunter kräftig ist',)
NAN VALUE!!!! ('mäßiger bis frischer westwind im norden mit stürmischen böen an der see und auf den bergen auch sturmböen',)
NAN VALUE!!!! ('heute nacht fällt im südosten noch schnee oder gefrierender regen',)
NAN VALUE!!!! ('und morgen wird es dann also kaum noch regnen oder schneien es gibt aber auch nicht allzu viel sonne im norden',)
NAN VALUE!!!! ('sonst regnet oder nieselt es hier und da',)
NAN VALUE!!!! ('am dienstag neben dichten wolken auch lücken in der wolkendecke vor allem im westen und in der mitte entwickeln sich stellenweise schauer und gewitter',)
NAN VALUE!!!! ('deutschland liegt weiterhin zwischen tiefem und hohem luftdruck',)
NAN VALUE!!!! ('am freitag verbreitet teilweise kräftige gewitterschauer',)
NAN VALUE!!!! ('meist schwacher bis mäßiger südwestwind mit starken böen in schauer und gewitternähe',)
NAN VALUE!!!! ('in den kommenden tagen erwartet uns überwiegend ruhiges hochdruckwetter',)
NAN VALUE!!!! ('so bestimmt auch morgen hoher luftdruck das wetter mit nebel wolken und sonne',)
NAN VALUE!!!! ('am tag einundzwanzig grad auf sylt einunddreißig grad am oberrhein',)
NAN VALUE!!!! ('diese lokalen unwetter verlagern sich im laufe der nacht mit heftigem starkregen und hagel richtung osten',)
NAN VALUE!!!! ('und nun die wettervorhersage für morgen dienstag den zehnten august',)
NAN VALUE!!!! ('erst einmal ist trocken die wolken im westen sind schon dichter und in den nachmittagsstunden gibt es dort regenschauer runter bis zu den alpen',)
NAN VALUE!!!! ('auch an der ostsee gab es heute noch mal richtiges traumwetter aber zum träumen war es doch ein bisschen kühl direkt am wasser',)
NAN VALUE!!!! ('vor allem in den niederungen des südens bildet sich nebel',)
NAN VALUE!!!! ('und nun die wettervorhersage für morgen donnerstag den dreißigsten juni',)
NAN VALUE!!!! ('im norden teilweise frischer an der küste auch starker bis stürmischer westwind sonst ist er meist schwach und kommt aus west bis nordwest',)
NAN VALUE!!!! ('ja und so geht es eigentlich auch weiter mit diesem sonnigen oder teils nebligem wetter in den nächsten tagen',)
NAN VALUE!!!! ('im norden und nordosten bleibt es morgen meist trocken auch die sonne kann sich im tagesverlauf zeigen',)
NAN VALUE!!!! ('es weht ein schwacher bis mäßiger wind aus unterschiedlichen richtungen im südwestlichen bergland zum teil mit starken bis stürmischen böen',)
NAN VALUE!!!! ('morgen tagsüber in den mittelgebirgen bis zu zwanzig zentimeter',)
NAN VALUE!!!! ('gegen abend lenkt dann ein tief von der nordsee wieder regenwolken und stürmische winde heran',)
NAN VALUE!!!! ('kommt aber schon wieder ein neuer sturm am donnerstag viel regen in norddeutschland und bis zum freitag und samstag bleibt es auf jeden fall in süddeutschland immer freundlicher',)
NAN VALUE!!!! ('dabei sind noch unwetter möglich es gelten entsprechende warnungen des deutschen wetterdienstes',)
NAN VALUE!!!! ('am rande des tiefs das sich richtung baltikum verlagert strömt morgen kühle und relativ trockene luft in den norden deutschlands',)
NAN VALUE!!!! ('am mittwoch regnet es gebietsweise im süden kräftige gewitter',)
NAN VALUE!!!! ('heute nacht ist es meist dicht bewölkt lücken gibt es nur wenige hier und da fällt etwas regen',)
NAN VALUE!!!! ('am donnerstag schneit es teilweise kräftig mit verkehrsstörungen muss gerechnet werden',)
NAN VALUE!!!! ('heute nacht acht grad in ostfriesland und null grad an den alpen',)
NAN VALUE!!!! ('auch deutschland zum teil noch eisig kalt und besonders ungemütlich wird es zum wochenende hin',)
NAN VALUE!!!! ('der leichte regen im norden und westen erreicht bis morgen früh den südosten deutschlands',)
NAN VALUE!!!! ('im süden und in der mitte entwickeln sich quellwolken aus denen sie später stellenweise gewitter zusammenbrauen',)
NAN VALUE!!!! ('die südöstlichen landesteile profitieren zunächst noch von einem hoch über dem balkan',)
NAN VALUE!!!! ('am mittwoch trocken und viel sonne im nordwesten noch dichtere wolken',)
NAN VALUE!!!! ('liebe zuschauer guten abend',)
NAN VALUE!!!! ('an der ostsee morgen dreiundzwanzig im südwesten heiße dreißig bis zweiunddreißig grad',)
NAN VALUE!!!! ('am donnerstag überwiegen in der südosthälfte die wolken und es fallen stellenweise schauer',)
NAN VALUE!!!! ('das tief über südwesteuropa lenkt dichte wolken zu uns',)
NAN VALUE!!!! ('am freitag gibt es mal sonne mal wolken und vor allem im süden noch kräftige schauer',)
NAN VALUE!!!! ('stellenweise regnet es etwas auch sonst ziehen einige wolken durch dazwischen auch sonne',)
NAN VALUE!!!! ('bei klarem himmel heute nacht leichter frost an der nordsee unter wolken bis plus sechs grad',)
NAN VALUE!!!! ('am alpenrand wird es anfangs auch teilweise noch regnen',)
NAN VALUE!!!! ('freitag entspannung es wird wieder trockener und etwas freundlicher',)
NAN VALUE!!!! ('auch am donnerstag meist sonnig an der nordsee zum teil auch mal wolkig aber weiterhin trocken',)
NAN VALUE!!!! ('kühle acht grad heute nacht in niederbayern bis achtzehn grad an der spree',)
NAN VALUE!!!! ('im nordwesten viel wind',)
NAN VALUE!!!! ('deutschlandweit bleibt es trocken',)
NAN VALUE!!!! ('auch morgen beschert uns das sonnenhoch noch einen freundlichen spätsommertag',)
NAN VALUE!!!! ('aber auch in der osthälfte frostig im westen plusgrade',)
NAN VALUE!!!! ('sonst weht der wind nur schwach bis mäßig',)
NAN VALUE!!!! ('wo es aufklart kommt noch überfrierende nässe dazu',)
NAN VALUE!!!! ('und dann kommt auch wieder aus dem südwesten sehr sehr warme luft zu uns',)
NAN VALUE!!!! ('heute nacht am alpenrand bis minus acht am niederrhein plus drei grad',)
NAN VALUE!!!! ('kühle zwei grad heute nacht an der oberen donau bis dreizehn grad an der ostsee',)
NAN VALUE!!!! ('im süden scheint häufig die sonne und es wird hochsommerlich warm',)
NAN VALUE!!!! ('im norden morgen viele wolken die schon am vormittag regen bringen gegen abend erreichen wolken und regen mosel und main',)
NAN VALUE!!!! ('in der westhälfte schwacher sonst mäßiger bis frischer und zum teil stark böiger wind aus nord bis nordwest',)
NAN VALUE!!!! ('am sonntag gebietsweise zäher nebel abseits davon ist es freundlich',)
NAN VALUE!!!! ('stellenweise fallen ein paar tropfen oder flocken',)
NAN VALUE!!!! ('auch am montag noch wechselhaft aber schon wieder etwas wärmer',)
NAN VALUE!!!! ('am donnerstag wieder kühler im norden regen und sehr windig richtung süden bleibt es weitgehend trocken',)
NAN VALUE!!!! ('am tag ist es zunächst in südostbayern meist freundlich sonst neben sonne dichte wolken hier und da regnet oder schauert es',)
NAN VALUE!!!! ('der wind weht schwach bis mäßig an den küsten sowie richtung westen weht er frisch im schwarzwald einzelne sturmböen',)
NAN VALUE!!!! ('aber in bayern sind noch einige gewitter unterwegs und deswegen gab es auch dort nochmal die unwetterwarnung des deutschen wetterdienstes hauptsächlich vor starken dauerregen und zum teil auch vor hagel',)
NAN VALUE!!!! ('wolken des tiefs bei norwegen überqueren uns am dienstag es folgt dann deutlich kühlere luft',)
NAN VALUE!!!! ('gelegentlich fällt regen am meisten im nordwesten',)
NAN VALUE!!!! ('und es bildet sich in dieser nacht noch nebel',)
NAN VALUE!!!! ('am dienstag wird es etwas milder dazu scheint meist die sonne',)
NAN VALUE!!!! ('im norden ist es heute nacht meist klar in der mitte und im süden zum teil noch wolkig nur vereinzelt fallen ein paar tropfen oder flocken',)
NAN VALUE!!!! ('morgen wird es etwas kühler sein als heute und das liegt an den schauern und gewittern die zurzeit ja vor allem über den norden deutschlands ziehen',)
NAN VALUE!!!! ('wechselhaft geht es dann auch in den nächsten tagen weiter mal mit mehr gewittern im westen oder im süden oder im osten zwischendurch zeigt sich auch mal die sonne',)
NAN VALUE!!!! ('sonst schwacher bis mäßiger in der mitte zeitweise frischer südwestwind',)
NAN VALUE!!!! ('am dienstag ein wechsel aus sonne und wolken nur vereinzelt fallen schauer',)
NAN VALUE!!!! ('am freundlichsten ist es im süden',)
NAN VALUE!!!! ('unter klarem himmel heute nacht leichter frost an der küste bis sechs grad plus',)
NAN VALUE!!!! ('zwischen dem hoch über schottland und dem tief über dem östlichen mitteleuropa strömt kalte und teilweise wolkenreiche luft zu uns nach deutschland',)
NAN VALUE!!!! ('in den mittelgebirgen heute nacht bei zwei grad örtlich bodenfrost an den alpen neun grad',)
NAN VALUE!!!! ('mäßiger richtung norden frischer bis starker und in böen stürmischer wind aus west bis südwest',)
NAN VALUE!!!! ('am vormittag aber im westen ist eine richtig wunderbare luft schon da',)
NAN VALUE!!!! ('am donnerstag mal sonne mal wolken hier und da schauer dabei wird es kühler',)
NAN VALUE!!!! ('das war es vom wetter ihnen noch einen schönen abend',)
NAN VALUE!!!! ('am freitag ziehen von westen wieder heftige schauer und gewitter heran',)
NAN VALUE!!!! ('abgesehen von schauer und gewitterböen weht der wind schwach aus unterschiedlichen richtungen',)
NAN VALUE!!!! ('am sonntag und montag teils sonne teils wolken meist trocken',)
NAN VALUE!!!! ('ein kräftiges skandinavientief sorgt in küstennähe für zum teil stürmische winde',)
NAN VALUE!!!! ('dort morgen sechzehn bis achtzehn grad im südwesten bis siebenundzwanzig grad',)
NAN VALUE!!!! ('das hoch über norwegen bestimmt in den kommenden beiden tagen unser wetter',)
NAN VALUE!!!! ('in der nacht regnet oder schauert es in der nordosthälfte nordöstlich der elbe sind einzelne gewitter dabei',)
NAN VALUE!!!! ('es gibt aber kein halten mehr wenn erstmal eisregen fällt',)
NAN VALUE!!!! ('am tag regnet es nördlich einer linie emsland uckermark an der nordsee zum teil länger in der mitte mal sonne mal wolken',)
NAN VALUE!!!! ('und auch der morgige tag naja er wird nicht richtig milder als die nacht',)
NAN VALUE!!!! ('am samstag in der südosthälfte schnee ganz im nordwesten hier und da sonne',)
NAN VALUE!!!! ('ich wünsche ihnen einen schönen abend und machen sie es gut',)
NAN VALUE!!!! ('im nordosten beginnt der tag zum teil noch wolkig',)
NAN VALUE!!!! ('und nun die wettervorhersage für morgen samstag den neunten januar',)
NAN VALUE!!!! ('heute nacht gibt es hier und da schauer vereinzelt gewitter',)
NAN VALUE!!!! ('dabei ist es windig im bergland stürmisch',)
NAN VALUE!!!! ('in der südwesthälfte regnet es länger an den alpen ergiebig',)
NAN VALUE!!!! ('und es bleibt auch durchweg frostig zwischen minus zehn und minus ein grad weitgehend',)
NAN VALUE!!!! ('das tief das von österreich nach polen zieht bringt dem osten und südosten deutschlands teilweise noch ergiebige regenfälle',)
NAN VALUE!!!! ('am späten abend ziehen dann von frankreich schauer und teilweise unwetterartige gewitter heran',)
NAN VALUE!!!! ('in alpen und küstennähe zeigt sich morgen gelegentlich die sonne',)
NAN VALUE!!!! ('ein kleines hoch über süddeutschland beschert uns morgen überwiegend freundliches wetter und steigende temperaturen',)
NAN VALUE!!!! ('aber gerade im bereich der mittelgebirge also thüringer wald erzgebirge fichtelgebirge und dann runter bis zu den alpen da könnte es nochmal leichten bodenfrost geben',)
NAN VALUE!!!! ('am mittwoch in der nordhälfte verbreitet hochnebel in der südhälfte erst stellenweise nebel dann sonne',)
NAN VALUE!!!! ('ab und zu etwas sonne',)
NAN VALUE!!!! ('dann wird es wieder schwüler',)
NAN VALUE!!!! ('die neue woche beginnt meist sonnig und heiß am dienstag im nordwesten zum teil heftige gewitter',)
NAN VALUE!!!! ('liebe zuschauer guten abend',)
NAN VALUE!!!! ('im süden bildet sich in der nacht teilweise dichter nebel von nordwesten werden die wolken dichter es regnet dort leicht',)
NAN VALUE!!!! ('und nun die wettervorhersage für morgen mittwoch den siebzehnten februar',)
NAN VALUE!!!! ('das hoch über skandinavien verändert seine position kaum',)
NAN VALUE!!!! ('bisher kam die warmluft direkt aus dem südwesten zu uns jetzt mehr über westeuropa strömt sie nach norden',)
NAN VALUE!!!! ('in alpennähe gibt es heute nacht noch einzelne schauer im norden fällt stellenweise etwas regen sonst klart es vielerorts auf',)
NAN VALUE!!!! ('ja vorher noch kurz der blick auf das wetter guten abend liebe zuschauer',)
NAN VALUE!!!! ('aber ab mittwoch wird es schon wieder sehr schwül im westen kann es die ersten regenschauer und gewitter geben',)
NAN VALUE!!!! ('ihnen einen schönen abend und machen sie es gut',)
NAN VALUE!!!! ('von nordwesten breiten sich wolken aus die heute nacht im norden und westen für etwas regen sorgen',)
NAN VALUE!!!! ('im nordosten schneit es teilweise bis ins flachland',)
NAN VALUE!!!! ('in den nächsten tagen kühlt es aber weiter ab und am donnerstag muss mit teilweise länger andauernden regenfällen gerechnet werden',)
NAN VALUE!!!! ('am tag minus ein grad am meer bis minus sechs grad in teilen bayerns',)
NAN VALUE!!!! ('am sonntag liegen die wolken unterschiedlich dicht beieinander teilweise gibt es gewittrige schauer',)
NAN VALUE!!!! ('jetzt wünsche ich ihnen erstmal einen schönen abend',)
NAN VALUE!!!! ('auch am tag im südosten anhaltender und ergiebiger regen',)
NAN VALUE!!!! ('nach dessen auflösung scheint im süden und in der mitte morgen häufig die sonne',)
NAN VALUE!!!! ('hinter der gewitterfront fließt dann von westen etwas kühlere atlantikluft nach deutschland',)
NAN VALUE!!!! ('es fällt nur vereinzelt etwas schnee im äußersten südwesten kann es etwas regnen',)
NAN VALUE!!!! ('im nordosten verläuft die nacht oft klar sonst regnet es hier und da',)
NAN VALUE!!!! ('der wind weht schwach aus nord bis nordwest im nordosten dreht er auf ost',)
NAN VALUE!!!! ('atlantische tiefausläufer bringen uns bis freitag viele wolken gebietsweise auch regen',)
NAN VALUE!!!! ('die aussichten am montag liegen die wolken unterschiedlich dicht beieinander es schneit nur stellenweise',)
NAN VALUE!!!! ('und nun die wettervorhersage für morgen freitag den zwölften november',)
NAN VALUE!!!! ('am mittwoch schneit es vor allem im südosten und im nordwesten stellenweise am donnerstag im nordosten hier unter schnee',)
NAN VALUE!!!! ('am mittwoch liegen die wolken mal mehr mal weniger dicht beieinander gebietsweise regnet es dabei ist es windig',)
NAN VALUE!!!! ('dort morgen zehn bis zwölf grad im dauernebel wieder um den gefrierpunkt',)
NAN VALUE!!!! ('über den alpen steht bereits ein hoch in den startlöchern das morgen das wetter im süden bestimmt',)
NAN VALUE!!!! ('die nacht verläuft klar über den norden und die mitte ziehen dünne schleierwolken ostwärts',)
NAN VALUE!!!! ('am mittwoch in der südosthälfte längere sonnige abschnitte dabei einzelne gewitterschauer',)
NAN VALUE!!!! ('dabei fängt es heute nacht im nordwesten bereits an zu regnen',)
NAN VALUE!!!! ('morgen zehn grad an den alpen und bis siebzehn grad in brandenburg',)
NAN VALUE!!!! ('das tief das nach skandinavien zieht bestimmt unser wetter morgen',)
NAN VALUE!!!! ('in der nacht ist es überwiegend bewölkt erst fällt nur örtlich leichter regen aber später beginnt es im süden stärker zu regnen',)
NAN VALUE!!!! ('heute nacht minus zwei grad an der ostsee und minus siebzehn grad am alpenrand',)
NAN VALUE!!!! ('am tag scheint verbreitet die sonne hier und da ein paar quellwolken',)
NAN VALUE!!!! ('am tag gibt es vor allem im norden teilweise kräftige schauer und gewitter die örtlich unwetterartig sein können',)
NAN VALUE!!!! ('ab dienstag wird es unter hochdruckeinfluss freundlicher in teilweise klaren nächten aber auch wieder frostig',)
NAN VALUE!!!! ('ja heute nachmittag sind schon diese heftigen gewitter sie sehen es hier an diesen starken regenechos nach norden weitergezogen und haben dann unwetter schon über schleswig holstein gebracht',)
NAN VALUE!!!! ('wintersportler müssen sich allerdings noch gedulden denn die menge reicht bisher nicht aus um loipen und pisten zu präparieren',)
NAN VALUE!!!! ('am donnerstag regnet es vor allem in der nordhälfte zum teil länger anhaltend im süden freundlicher',)
NAN VALUE!!!! ('dazu startet der tag auch mit viel sonnenschein im westen gibt es schon so ein paar quellwolken',)
NAN VALUE!!!! ('klar wird es im osten und süden mit einigen nebelfeldern und dort wo es aufklart sinken die temperaturen bis zum frühen morgen deutlich unter zehn grad vier sogar nur am alpenrand',)
NAN VALUE!!!! ('es gibt auch hochnebel zum teil in der mitte deutschlands',)
NAN VALUE!!!! ('in den norden und nordwesten bringt ein atlantischer tiefausläufer allerdings teilweise dichte wolken',)
NAN VALUE!!!! ('liebe zuschauer guten abend',)
NAN VALUE!!!! ('heute nacht gibt es im osten und süden noch schnee oder regen der stellenweise gefriert vorsicht glättegefahr',)
NAN VALUE!!!! ('ja aber dann geht es nasskalt weiter in den nächsten tagen und der nächste sturm kommt auch',)
NAN VALUE!!!! ('die nächsten schauer tauchen dann wohl erst am freitag auf',)
NAN VALUE!!!! ('am wochenende sorgen dann noch mildere luft und viel wind gebietsweise für zweistellige plusgrade',)
NAN VALUE!!!! ('am montag ist es im süden recht freundlich und trocken sonst gelegentlich regen oder schneeregen im bergland und an der ostsee auch schnee',)
NAN VALUE!!!! ('beispiel dafür hier diese kurve von stuttgart echterdingen hier das rote der mittelwert die abweichungen weitgehend nach oben',)
NAN VALUE!!!! ('in der nacht ziehen dichte wolkenfelder von der mitte in den süden stellenweise regnet es',)
NAN VALUE!!!! ('und nun die wettervorhersage für morgen dienstag den siebzehnten november',)
NAN VALUE!!!! ('und nun die wettervorhersage für morgen pfingstsonntag den dreiundzwanzigsten mai',)
NAN VALUE!!!! ('dort weht der wind morgen schwach im norden und osten teilweise frisch an der ostsee stark mit sturmböen',)
NAN VALUE!!!! ('auch am samstag wechselhaftes recht kühles wetter',)
NAN VALUE!!!! ('am montag mal sonnenschein mal liegen die wolken dichter beieinander hier und da schauer',)
NAN VALUE!!!! ('nach süden hin alles ruhiger nur am alpenrand auch hier und da einige regentropfen',)
NAN VALUE!!!! ('vereinzelt kann es gewittern',)
NAN VALUE!!!! ('von nordwesten ziehen später wieder neue schauer heran an der küste auch mit blitz und donner',)
NAN VALUE!!!! ('anfangs sind auch einzelne gewitter dabei',)
NAN VALUE!!!! ('morgen fällt vor allem von baden württemberg bis nach nordrhein westfalen sowie an den küsten stellenweise regen',)
NAN VALUE!!!! ('in der zweiten nachthälfte auch kräftige gewitter können auch wieder unwetter mit dabei sein',)
NAN VALUE!!!! ('ihnen einen schönen abend und machen sie es gut',)
NAN VALUE!!!! ('im norden ist es heute noch zum teil stark bewölkt hier und da fällt etwas regen',)
NAN VALUE!!!! ('morgen schwacher bis mäßiger wind aus west bis südwest',)
NAN VALUE!!!! ('in ganz deutschland im durchschnitt sind einhundertsiebenundzwanzig prozent der sollmenge gefallen',)
NAN VALUE!!!! ('der donnerstag beginnt freundlich später entwickeln sich gebietsweise schauer und zum teil heftige gewitter',)
NAN VALUE!!!! ('dagegen bleibt es über der osthälfte doch trübe örtlich kann es noch etwas schneien am alpenrand fällt auch noch etwas schnee oder regen aber viel wird es insgesamt nicht werden',)
NAN VALUE!!!! ('hat er sich aufgelöst scheint morgen verbreitet die sonne',)
NAN VALUE!!!! ('im osten klar und dort auch entsprechend kalt',)
NAN VALUE!!!! ('nach zum teil noch leicht frostigen nächten wird es tag für tag wärmer',)
NAN VALUE!!!! ('heute nacht gehen die temperaturen zurück auf acht bis minus ein grad am tag steigen die werte an auf drei bis elf grad',)
NAN VALUE!!!! ('im süden dürfte es wahrscheinlich bis zum abend trocken bleiben',)
NAN VALUE!!!! ('morgen vierzehn grad im emsland bis zweiundzwanzig in niederbayern',)
NAN VALUE!!!! ('und nun die wettervorhersage für morgen mittwoch den siebten oktober',)
NAN VALUE!!!! ('heute nacht regnet oder schneit es hier und da etwas im südosten bayerns anfangs auch noch kräftiger',)
NAN VALUE!!!! ('und nun die wettervorhersage für morgen montag den fünften dezember',)
NAN VALUE!!!! ('und das wetter dazu bringt die meiste sonne in der westhälfte im südosten vormittags einige schauer',)
