Fri May 12 17:03:47 2023       
+---------------------------------------------------------------------------------------+
| NVIDIA-SMI 530.41.03              Driver Version: 530.41.03    CUDA Version: 12.1     |
|-----------------------------------------+----------------------+----------------------+
| GPU  Name                  Persistence-M| Bus-Id        Disp.A | Volatile Uncorr. ECC |
| Fan  Temp  Perf            Pwr:Usage/Cap|         Memory-Usage | GPU-Util  Compute M. |
|                                         |                      |               MIG M. |
|=========================================+======================+======================|
|   0  NVIDIA A100 80GB PCIe           On | 00000000:65:00.0 Off |                    0 |
| N/A   43C    P0               47W / 300W|      0MiB / 81920MiB |      0%   E. Process |
|                                         |                      |             Disabled |
+-----------------------------------------+----------------------+----------------------+
                                                                                         
+---------------------------------------------------------------------------------------+
| Processes:                                                                            |
|  GPU   GI   CI        PID   Type   Process name                            GPU Memory |
|        ID   ID                                                             Usage      |
|=======================================================================================|
|  No running processes found                                                           |
+---------------------------------------------------------------------------------------+
----------GLOSS VOCAB SIZE 1085----------
----------GLOSS VOCAB SIZE 1085----------
----------GLOSS VOCAB SIZE 1085----------
Loading entire state dict directly...
Succesfully loaded
Freezing up to block 4 in S3D backbone

--------------------Preparing Baseline Metrics--------------------

--------------------Starting Training--------------------

--------------------------------------------------
EPOCH: 0
TIME: 1532.676792383194
AVG. LOSS: 34.56003489663663
EPOCH METRICS: {'BLEU_1': 0.265784255144337, 'BLEU_2': 0.17705705807718014, 'BLEU_3': 0.1275987392468077, 'BLEU_4': 0.09993876009049957, 'LOSS': 13.18867209743213, 'ROUGE': 0.3122184192539988, 'EXAMPLE': 'pred: die luft die zu uns strömt ist zu uns, target: tiefer luftdruck bestimmt in den nächsten tagen unser wetter'}
BASELINE METRICS: {'BLEU_1': 0.09094908292497328, 'BLEU_2': 0.04322398958422319, 'BLEU_3': 0.0208016188292086, 'BLEU_4': 0.01154076525203481, 'ROUGE': 0.23376486315300238}
['in der südhälfte ist es morgen meist bewölkt oder neblig trüb es fallen einige schauer', 'heute nacht sechs grad an der nordsee und fünfzehn grad im osten', 'in den nächsten tagen wird es dann aber schon wieder ein bisschen sonniger es wird aber dann kühler', 'vor allem in der südosthälfte kann es kräftiger schneien']
['am imnet es im der südhäthälfte gebietsweise  im alpenrand auch male zeit wol teil mischung aus wolnebel wolken und sonne es es es es es es', 'heute der nacht sechs grad an der nordsee und vier sechs grad im ogäu', 'aber den nächsten  tagen wird es dann bisschen milwärmer aber vor allen dingen   regenniger werden wir', 'im f es  allem richtung süden sch teil schkräftig schneien']
['morgen regnet es in der südosthälfte gebietsweise besonders am alpenrand auch längere zeit sonst eine mischung aus hochnebel wolken und sonne', 'in der nacht sechs grad an der nordsee und minus sechs grad im allgäu', 'in den nächsten zwei tagen wird es ein bisschen wärmer und vor allen dingen auch wieder sonniger regen erwarten wir kaum', 'dabei kann es vor allem richtung süden zum teil kräftig schneien']
--------------------------------------------------

--------------------------------------------------
EPOCH: 1
TIME: 1719.5645189285278
AVG. LOSS: 30.02726050401621
EPOCH METRICS: {'BLEU_1': 0.29921353960174724, 'BLEU_2': 0.2061347549625779, 'BLEU_3': 0.15274501441250657, 'BLEU_4': 0.12056468671489463, 'LOSS': 13.245055828020982, 'ROUGE': 0.3611150097270094, 'EXAMPLE': 'pred: sonst schneit es hier und da etwas vor allem im nordwesten örtlich gefrierender regen oder schneeregen, target: in den nördlichen und östlichen mittelgebirgen schneit es teilweise gegen abend kann es in der nordhälfte auch mal bis ins flachland schneien'}
BASELINE METRICS: {'BLEU_1': 0.09094908292497328, 'BLEU_2': 0.04322398958422319, 'BLEU_3': 0.0208016188292086, 'BLEU_4': 0.01154076525203481, 'ROUGE': 0.23376486315300238}
['tiefer luftdruck bestimmt unser wetter', 'morgen gibt es noch einen schönen abend', 'dabei ist es sehr mild', 'der wind weht schwach bis mäßig im südwesten teilweise frisch mit starken bis stürmischen böen']
['das tief das demkandinavien bringt uns morgenluft aus vonin deutlichn', 'und gibt morgen werden kräftign kann bis bis an', 'und es wochenende ist est sie und', 'der wind weht schwmäßig bis südwesten und we südsten ch bis schauern und teil türmische böent']
['das tief über skandinavien bringt uns kaltluft', 'deshalb dort glatte straßen morgen früh', 'aber am wochenende ist alles anders', 'der wind weht mäßig im südwesten und im westen frisch bei schauern zum teil stürmische böen']
--------------------------------------------------

--------------------------------------------------
EPOCH: 2
TIME: 1712.4636223316193
AVG. LOSS: 28.584701509862768
EPOCH METRICS: {'BLEU_1': 0.3328831509615502, 'BLEU_2': 0.23207808210986533, 'BLEU_3': 0.17017117997961007, 'BLEU_4': 0.13116085915846656, 'LOSS': 13.238676632530197, 'ROUGE': 0.38708603818361487, 'EXAMPLE': 'pred: am mittwoch mal sonne mal wolken vor allem im westen einzelne schauer oder gewitter, target: ab mittwoch wird es wieder kühler dabei gestaltet sich das wetter wechselhaft mit etwas sonne vielen wolken und schauern oder gewittern'}
BASELINE METRICS: {'BLEU_1': 0.09094908292497328, 'BLEU_2': 0.04322398958422319, 'BLEU_3': 0.0208016188292086, 'BLEU_4': 0.01154076525203481, 'ROUGE': 0.23376486315300238}
['im osten und süden wird es freundlicher und trocken', 'im süden weht der wind schwach bis mäßig im bergland auch frisch', 'es gelten entsprechende warnungen des deutschen wetterdienstes', 'auch am alpenrand regnet es gebietsweise im süden ist es trocken']
['und  überert uns nordsten unddeutschlands wird noch freundlich freundlich z aber freundlichen aber trockender abern', 'im südwest und wewesten wird frischer wind mituntersturmböen nordland auch weht er ach mäßigbweststenttte', 'es wird sich wenig wetter wenigr wenig es und eswe', 'auch in den alpen regnet es noch ist es hier süden undcken und estttt ist tro']
['das hoch beschert dem osten deutschlands zunächst noch einen halbwegs freundlichen und trocknen tag', 'im süden und südwesten teilweise frischer wind mit sturmböen im bergland sonst weht er schwach bis mäßig aus nordosten', 'sonst ändert sich das wetter nur wenig', 'auch an den alpen regnet es sonst ist es im süden trocken']
--------------------------------------------------

--------------------------------------------------
EPOCH: 3
TIME: 1726.527314901352
AVG. LOSS: 27.990236157897897
EPOCH METRICS: {'BLEU_1': 0.3479652550087024, 'BLEU_2': 0.2476509066871701, 'BLEU_3': 0.1876088796527671, 'BLEU_4': 0.14903112148014785, 'LOSS': 13.502756323658202, 'ROUGE': 0.4002105727698894, 'EXAMPLE': 'pred: am tag sechs grad bei dauernebel und sechsundzwanzig grad am oberrhein teilweise schwere sturmböen, target: und da bleibt es auch tagsüber kühl sechs grad höchsttemperatur in bayern teilweise genauso wie in schleswig holstein'}
BASELINE METRICS: {'BLEU_1': 0.09094908292497328, 'BLEU_2': 0.04322398958422319, 'BLEU_3': 0.0208016188292086, 'BLEU_4': 0.01154076525203481, 'ROUGE': 0.23376486315300238}
['in den nächsten tagen erwartet uns unbeständiges wetter', 'im osten und südosten am samstag noch neunundzwanzig grad sonst scheint häufig die sonne', 'heute nacht minus zwei grad am oberrhein bis minus drei grad', 'tiefer luftdruck bestimmt unser wetter unser wetter']
['die die hoch das für den folgetagen für  windbeständiges wetterbetwewe', 'in sonchten am sonstag wird deutlich sonnen und neunundzwanzig grad son sonnentag die häufig sonne', 'heute nacht minuswerte zwischen minus sechs und minus sechs gradhn gradersentenentt', 'undszoe diestimmen unser wetter wind ss iststs']
['und das sorgt auch an den folgetagen für sehr unbeständiges wetter', 'die aussichten am samstag überall viel sonne bis neunundzwanzig grad auch am sonntag scheint meist noch die sonne', 'heute nacht werte zwischen minus drei und minus dreizehn grad', 'tiefdruckgebiete bestimmen unser wetter']
--------------------------------------------------

--------------------------------------------------
EPOCH: 4
TIME: 1723.507996559143
AVG. LOSS: 27.245576486781054
EPOCH METRICS: {'BLEU_1': 0.31500734357280075, 'BLEU_2': 0.2204973127053904, 'BLEU_3': 0.16393264932680654, 'BLEU_4': 0.12817138057534055, 'LOSS': 13.71298326233219, 'ROUGE': 0.366191178010316, 'EXAMPLE': 'pred: im übrigen land klart es gebietsweise auf in der nordhälfte regnet es stellenweise, target: sonst ist es teilweise klar an den küsten gibt es einzelne schauer'}
BASELINE METRICS: {'BLEU_1': 0.09094908292497328, 'BLEU_2': 0.04322398958422319, 'BLEU_3': 0.0208016188292086, 'BLEU_4': 0.01154076525203481, 'ROUGE': 0.23376486315300238}
['und nun die wettervorhersage für morgen donnerstag den vierten juni', 'ab freitag wird es dann langsam wieder freundlicher', 'tiefer luftdruck bestimmt unser wetter in deutschland', 'morgen bleibt es meist stark bewölkt hier und da fällt etwas regen oder schnee']
['und nun die wettervorhersage für morgen donnerstag den elzezwanzigsten november', 'amstag bleibt freitag wird es dann oklar es we teil waner nebelfeldern wieder freundlicher auchder  aucht', 'und tief das demmitteleuropa sorgt uns heute nacht verbreitet morgen verbreitetneefall teilweise nochrieren regente inttet', 'morgen ändert sich morgen morgen tag vieler wenig etwaswiegen die wolken ausb esrichtungzelt etwas wenig schckenettttenertt']
['und nun die wettervorhersage für morgen donnerstag den achtundzwanzigsten oktober', 'donnerstag und freitag bleibt es nach auflösung von zum teil zähen nebelfeldern recht freundlich und mild', 'ein tief über mitteleuropa bringt uns heute nacht und morgen schnee und teilweise gefrierenden regen', 'daran ändert sich auch am tag nur wenig insgesamt überwiegen die wolken aus denen vereinzelt ein paar flocken fallen']
--------------------------------------------------

--------------------------------------------------
EPOCH: 5
TIME: 1714.890037536621
AVG. LOSS: 27.252290054802966
EPOCH METRICS: {'BLEU_1': 0.3105559472249793, 'BLEU_2': 0.21874054605540286, 'BLEU_3': 0.16411402799632818, 'BLEU_4': 0.1301459551279572, 'LOSS': 13.56243470225031, 'ROUGE': 0.36300346327855987, 'EXAMPLE': 'pred: in den alpen regnet es hier und da, target: richtung alpen weiter dauerregen'}
BASELINE METRICS: {'BLEU_1': 0.09094908292497328, 'BLEU_2': 0.04322398958422319, 'BLEU_3': 0.0208016188292086, 'BLEU_4': 0.01154076525203481, 'ROUGE': 0.23376486315300238}
['am samstag viele wolken hier und da regen oder schneeschauer', 'und nun die wettervorhersage für morgen mittwoch den vierundzwanzigsten dezember', 'am mittwoch teils sonne teils wolken oder neblig trüb hier und da regnet es etwas', 'am dienstag vielerorts freundlich und wärmer']
['am donnerstag vieles wolchte wolken teils regenflockerungen fällt oder schneeschauer ist', 'und nun die wettervorhersage für morgen mittwoch den vierierten dezetent', 'am aussichten am mittwoch teils sonne teils wolken teil nebli teil und da regennet es etwaslichen etwas vielt', 'am dienstag wird es dann langsam wieder freundlich freundlicher und es am  wärmererer']
['am samstag teils dichte wolken teils auflockerungen regen oder schneeschauer', 'und nun die wettervorhersage für morgen mittwoch den vierten august', 'die aussichten am mittwoch teils sonne teils wolken oder nebel hier und da regnet es etwas', 'ab dienstag wird es dann langsam wieder etwas freundlicher und auch ein wenig wärmer']
--------------------------------------------------

--------------------------------------------------
EPOCH: 6
TIME: 1733.6366529464722
AVG. LOSS: 27.26376217650722
EPOCH METRICS: {'BLEU_1': 0.30095438976650185, 'BLEU_2': 0.210726111751385, 'BLEU_3': 0.15749347104969888, 'BLEU_4': 0.12451982287375041, 'LOSS': 13.538892808906834, 'ROUGE': 0.35220357111293443, 'EXAMPLE': 'pred: morgen scheint verbreitet die sonne, target: im norden kann sich morgen auch mal die sonne blicken lassen'}
BASELINE METRICS: {'BLEU_1': 0.09094908292497328, 'BLEU_2': 0.04322398958422319, 'BLEU_3': 0.0208016188292086, 'BLEU_4': 0.01154076525203481, 'ROUGE': 0.23376486315300238}
['schauer und gewitterböen abgesehen weht der wind schwach bis mäßig aus unterschiedlichen richtungen', 'am tag schneit es hier und da noch etwas sonst viel sonnenschein', 'am freitag wechselhaftes wetter', 'und nun die wettervorhersage für morgen mittwoch den dreizehnten april']
['diee regen wirde bisitter sind sich in den nächsten tagen  im derkenswetterpo es über und allen dingen im dendeutschland', 'am morgen wird es dann auch wieder noch schnen und schnee es wird dann auch nicht vielzu viel sonne en für undt', 'am freitag wird es dann wieder wechselhaft dasee', 'inhlere grad heute nacht im der oderr donau und dreizehn grad an der nordsee eree das']
['heftiger regen starke gewitter halten uns in den nächsten stunden noch in atem unwetter sind ja unterwegs vor allen dingen über süddeutschland', 'und morgen wird es dann also kaum noch regnen oder schneien es gibt aber auch nicht allzu viel sonne im norden', 'ab freitag wird es dann überall wechselhaft', 'kühle zwei grad heute nacht an der oberen donau bis dreizehn grad an der ostsee']
--------------------------------------------------

--------------------------------------------------
EPOCH: 7
TIME: 1707.4016654491425
AVG. LOSS: 27.259192165688706
EPOCH METRICS: {'BLEU_1': 0.3079790455515632, 'BLEU_2': 0.21074133977540588, 'BLEU_3': 0.15361348966170885, 'BLEU_4': 0.11821701755858179, 'LOSS': 13.237236222320439, 'ROUGE': 0.3604306475866359, 'EXAMPLE': 'pred: das hoch über dem östlichen mitteleuropa bestimmt unser wetter morgen unser wetter, target: das hoch über dem baltikum zieht weiter nach osten bestimmt aber morgen noch unser wetter'}
BASELINE METRICS: {'BLEU_1': 0.09094908292497328, 'BLEU_2': 0.04322398958422319, 'BLEU_3': 0.0208016188292086, 'BLEU_4': 0.01154076525203481, 'ROUGE': 0.23376486315300238}
['das tief über skandinavien bestimmen unser wetter', 'örtlich sind kurze gewitter möglich', 'am dienstag mal sonne mal wolken vor allem in der nordosthälfte einzelne schauer und gewitter', 'von westen lockert es später wieder auf örtlich bildet sich nebel']
['und s regen derden regen und und zums hochwetter bleibt bleibt heute bleibttlich mit unschwemmmm gerechnet werden', 'auch gew gewitter sind dabei dabeizennem vonnerer', 'am dienstag istne wol wolken im nordosten und an zeitnege abschnitte im der südwestlfte  schauer und gew gewitter', 'die in weut kommten breiteänften ein paar hochnebel der landttt ne werden']
['wegen des anhaltenden regens und des tauwetters muss dort örtlich mit überschwemmungen gerechnet werden', 'auch einzelne gewitter sind mit dabei', 'am dienstag sonne und wolken im nordosten längere sonnige abschnitte in der südhälfte weitere schauer und einzelne gewitter', 'auch von tschechien driften ein paar hochnebelfelder ins land']
--------------------------------------------------

--------------------------------------------------
EPOCH: 8
TIME: 1717.274760723114
AVG. LOSS: 26.984116508296808
EPOCH METRICS: {'BLEU_1': 0.1673816745795804, 'BLEU_2': 0.10585967408213942, 'BLEU_3': 0.06927332401005885, 'BLEU_4': 0.0479260445272233, 'LOSS': 13.3020238632871, 'ROUGE': 0.2361972466585135, 'EXAMPLE': 'pred: am samstag wechselhaftes wetter in der nordhälfte viel sonne, target: am sonntag nur noch wenig schnee im norden zeigt sich teilweise die sonne'}
BASELINE METRICS: {'BLEU_1': 0.09094908292497328, 'BLEU_2': 0.04322398958422319, 'BLEU_3': 0.0208016188292086, 'BLEU_4': 0.01154076525203481, 'ROUGE': 0.23376486315300238}
['sechzehn grad am nachmittag sind einzelne schauer und gewitter möglich', 'an der ostsee bis vierzehn grad am oberrhein kann es etwas regnen', 'sechzehn grad am nachmittag einzelne schauer und gewitter', 'sechzehn grad am mittwoch ist es wolkig oder neblig trüb']
['das sten und scho  sonühlung schon deutlich und am gew mit gewen gewittern  biss auch denenburg aucht auch auch auch  am g n malschaueittter es die die am am die die auch in das', 'am den nordste bis bisr im grad plus grad am amrichtung nord auch paar flotropfen fallenttttt wird kannee', 'und windtterlagehaften in denmte und teil  kräftigen gewittern  die aber ganzenmittags auch auch  dabei  sie möglich möglich möglich möglich möglich möglich möglich dabei möglich möglich möglich möglich möglich möglich mögliche das das das', 'am mittwoch mal die wolken unterschiedlich mehr mal weniger ne beeinander']
['im westen aber die abkühlung schon unterwegs und die ging mit starken gewittern einher also in brandenburg hat es dann auch heute nachmittag schon kräftig gewittert', 'an der küste auch nur zehn bis zwölf grad und richtung oder ein paar regentropfen', 'der wetterwechsel schon in vollem gange zum teil mit kräftigen gewittern die seit den nachmittagsstunden unterwegs sind', 'am mittwoch liegen die wolken mal mehr mal weniger dicht beieinander']
--------------------------------------------------

--------------------------------------------------
EPOCH: 9
TIME: 1717.7777473926544
AVG. LOSS: 27.168511294189678
EPOCH METRICS: {'BLEU_1': 0.2100349933044437, 'BLEU_2': 0.1323875491052044, 'BLEU_3': 0.08757934609307416, 'BLEU_4': 0.06055898637734059, 'LOSS': 13.51660279777468, 'ROUGE': 0.26698748242376935, 'EXAMPLE': 'pred: heute nacht vierzehn grad am niederrhein und bis vierzehn grad an der ostsee, target: heute nacht sechs bis dreizehn grad am tag steigen die temperaturen an auf zehn grad an den alpen und bis fünfundzwanzig grad am niederrhein'}
BASELINE METRICS: {'BLEU_1': 0.09094908292497328, 'BLEU_2': 0.04322398958422319, 'BLEU_3': 0.0208016188292086, 'BLEU_4': 0.01154076525203481, 'ROUGE': 0.23376486315300238}
['es bestehen entsprechende unwetterwarnungen des deutschen wetterdienstes', 'das tief das sich von westen verlagert bestimmt weiter unser wetter', 'sechzehn grad in der südhälfte gebietsweise sonnenschein', 'gewittern weht der wind schwach bis mäßig an der ostsee auch frisch']
['undsture wind süd süd dannn am viere ab temperaturen nicht in rhein den sogar sein morgen morgen sein', 'die s we das derreich ziehtift uns ween westen deutschlandsstttttt das das das dase', 'im süden  es noch leichtdruckeinflusscken sonst sonst auch freundlich', 'deracher bis mäßiger im nordenen frische an dermäßiger undhe stark frischer wind bis mitt sch']
['kräftiger wind der bringt schon plusgrade die wir hier am oberrhein zu spüren bekommen', 'ein weiteres tief über frankreich streift den äußersten westen deutschlands', 'im süden bleibt es unter hochdruckeinfluss noch trocken und teilweise recht freundlich', 'schwacher bis mäßiger im nordwesten sowie in schauernähe teilweise frischer westwind']
--------------------------------------------------

--------------------------------------------------
EPOCH: 10
TIME: 1709.5771856307983
AVG. LOSS: 26.419279288546747
EPOCH METRICS: {'BLEU_1': 0.2884817416765596, 'BLEU_2': 0.19551515873609857, 'BLEU_3': 0.14111262288368656, 'BLEU_4': 0.10795593564649564, 'LOSS': 13.463122293439215, 'ROUGE': 0.33755359427432474, 'EXAMPLE': 'pred: am tag ist es im süden teilweise freundlich sonst viele wolken hier und da regnet oder schauert es, target: am tag ist es ganz im süden noch länger freundlich sonst breiten sich die wolken südwärts aus'}
BASELINE METRICS: {'BLEU_1': 0.09094908292497328, 'BLEU_2': 0.04322398958422319, 'BLEU_3': 0.0208016188292086, 'BLEU_4': 0.01154076525203481, 'ROUGE': 0.23376486315300238}
['ansonsten scheint häufig die sonne', 'von westen ziehen dichtere wolkenfelder auf stellenweise regnet es etwas', 'und nun die wettervorhersage für morgen sonntag den neunten juni', 'am samstag ist es im süden und osten freundlich sonst regnet es hier und da']
['am donnerstag scheint auch noch etwasschauerenen ist auch auch wiedert', 'im einems unddruck über nordenen und wer regendruck über nordensten  es wolucht wole luft deutschlandnkt wolnwt in wol noche sein', 'und nun die wettervorhersage für morgen sonntag den zwölfnzehnten juni', 'am samstag reg südensten und im nordwesten einige und da etwasschauer sonst ist es meistn']
['am donnerstag dann kaum noch schauer', 'zwischen tiefem luftdruck im nordwesten und hohem luftdruck im südosten wird wieder feucht heiße luft nach deutschland gelenkt', 'und nun die wettervorhersage für morgen sonntag den neunzehnten juli', 'am samstag im südosten und im nordwesten hier und da schauer sonst ist es freundlich']
--------------------------------------------------

--------------------------------------------------
EPOCH: 11
TIME: 1714.9172728061676
AVG. LOSS: 26.053317096886534
EPOCH METRICS: {'BLEU_1': 0.2659984922165595, 'BLEU_2': 0.18672734511512856, 'BLEU_3': 0.13831029173746381, 'BLEU_4': 0.10859714222548437, 'LOSS': 13.337802688510433, 'ROUGE': 0.330606574836266, 'EXAMPLE': 'pred: sechzehn bis siebenundzwanzig grad, target: und nun die wettervorhersage für morgen freitag den siebenundzwanzigsten august'}
BASELINE METRICS: {'BLEU_1': 0.09094908292497328, 'BLEU_2': 0.04322398958422319, 'BLEU_3': 0.0208016188292086, 'BLEU_4': 0.01154076525203481, 'ROUGE': 0.23376486315300238}
['morgen werte von sieben grad im breisgau bis minus acht grad', 'sechzehn grad im nordwesten unter klarem himmel leichter frost', 'der wind weht schwach bis mäßig aus unterschiedlichen richtungen', 'sechzehn grad an der ostsee und bis zu regen']
['morgen morgen wird wirdaut ein bis acht frische dienst küemm an mite sieben bis bis achtundze', 'heute nacht im grad im den nordseeriesischen undseln und minus acht grad es längerklart klar bildet klar auf', 'der sind es meist  sturmböen sonstweise sonst nee möglichwehungen möglich sonst wemäßiger bis frischer an südwest undweise stark aus windwestwindts auch auch auch auf auch', 'am tag im sich im nord osten noch nordosten nochweise chte wolken die  ders noch bringen di']
['und morgen er flaut ein bisschen ab der sturm windstärke etwa sechs bis acht', 'heute nacht null grad auf den ostfriesischen inseln bis minus acht grad wo es aufklart', 'dort gibt es schwere sturmböen stellenweise sind schneeverwehungen möglich sonst mäßiger bis frischer im norden zeitweise starker südwestwind', 'am tag halten sich über dem osten und nordosten zeitweise dichte wolken die anfangs regen bringen']
--------------------------------------------------

--------------------------------------------------
EPOCH: 12
TIME: 1717.2096688747406
AVG. LOSS: 26.26470101968277
EPOCH METRICS: {'BLEU_1': 0.18584293863678172, 'BLEU_2': 0.13043350489598873, 'BLEU_3': 0.09962363054290159, 'BLEU_4': 0.08023009467959369, 'LOSS': 13.474967839400893, 'ROUGE': 0.28303655173628406, 'EXAMPLE': 'pred: sechzehn grad an den küsten, target: am freundlichsten wird es am meer'}
BASELINE METRICS: {'BLEU_1': 0.09094908292497328, 'BLEU_2': 0.04322398958422319, 'BLEU_3': 0.0208016188292086, 'BLEU_4': 0.01154076525203481, 'ROUGE': 0.23376486315300238}
['sechzehn bis zwanzig grad', 'sechzehn grad an den alpen', 'sechzehn grad an der ostsee', 'hier und da bildet sich nebel']
['und nun die wettervorhersage für morgen donnerstag den fünfundzwanzigsten mairz', 'und das we schwn tagen im vor wirdüber im allem im almittag ein bis al regenenenen und', 'das haben die  niges wedruck und dem südwesten sehr zuluft aus aus aus luft', 'und wenischeinch zieht we weiter nach nordsteneenwind']
['und nun die wettervorhersage für morgen donnerstag den vierundzwanzigsten märz', 'aber von dieser frische am frühen morgen es tagsüber vor allem am nachmittag nichts mehr zu spüren', 'wir haben schließlich ein sonniges hoch dazu aus dem südwesten weiterhin die warmluft', 'unser sonnenhoch das zieht weiter nach osten']
--------------------------------------------------

--------------------------------------------------
EPOCH: 13
TIME: 1706.312493801117
AVG. LOSS: 25.62263245163265
EPOCH METRICS: {'BLEU_1': 0.27054004242937546, 'BLEU_2': 0.19237585844072097, 'BLEU_3': 0.14607957239805347, 'BLEU_4': 0.1170823874743634, 'LOSS': 13.299000940800632, 'ROUGE': 0.3404693668177782, 'EXAMPLE': 'pred: im süden scheint häufig die sonne, target: sonst setzt sich von südwesten allmählich die sonne durch'}
BASELINE METRICS: {'BLEU_1': 0.09094908292497328, 'BLEU_2': 0.04322398958422319, 'BLEU_3': 0.0208016188292086, 'BLEU_4': 0.01154076525203481, 'ROUGE': 0.23376486315300238}
['in der nordosthälfte gebietsweise kräftige schauer und gewitter die sich vorübergehend beruhigt sich das wetter', 'am nachmittag einzelne schauer oder gewitter', 'am mittwoch teils wolkig teils klar im westen und nordwesten einzelne schauer', 'im norden tauchen auch mal ein paar harmlose wolken auf hier und da fallen ein paar schauer']
['im in nacht es in nordensten noch einzelne  n  zumerwärmeern gewitternt nocheen', 'am den kommendenen zwischen aucht sich  nachmittag  e itter auser', 'am mittwoch im es im imnig im der westhälfte später wolken   oder gewschauernlichemt', 'im sten und nordwesten  nach chsen fällt amenburg zeigt sich die mal die sonne es kommt nur nochtlich schauererees aber viel sch']
['auch heute gab es im nordosten noch mal eine schonfrist vor schauern und gewittern', 'in den gebieten dazwischen breiten sich am nachmittag teilweise heftige gewitterschauer aus', 'am mittwoch ist es erst sonnig in der westhälfte später wolken mit regen oder schauern', 'im westen und nordwesten bis nach sachsen und brandenburg zeigt sich auch mal die sonne und es gibt nur gelegentliche schauer']
--------------------------------------------------

--------------------------------------------------
EPOCH: 14
TIME: 1728.1110315322876
AVG. LOSS: 25.48203764504752
EPOCH METRICS: {'BLEU_1': 0.30909634895359106, 'BLEU_2': 0.21801403851290244, 'BLEU_3': 0.16384007586165164, 'BLEU_4': 0.13052496381965506, 'LOSS': 13.561811597820421, 'ROUGE': 0.36895850511679695, 'EXAMPLE': 'pred: heute nacht fünfzehn grad im westen und fünf grad in der eifel örtlich bildet sich nebel, target: im westen heute nacht bis plus fünf grad sonst verbreitet leichter frost stellenweise ist reifglätte möglich'}
BASELINE METRICS: {'BLEU_1': 0.09094908292497328, 'BLEU_2': 0.04322398958422319, 'BLEU_3': 0.0208016188292086, 'BLEU_4': 0.01154076525203481, 'ROUGE': 0.23376486315300238}
['im übrigen land mal sonne mal wolken und nur stellenweise schauer', 'tiefer luftdruck bestimmt unser wetter', 'am montag viel sonne an den küsten einige wolken sonst ist es meist trocken', 'der wind weht schwach bis mäßig an den küsten teilweise frisch mit starken bis stürmischen böen auf den bergen orkanböen']
['im ween land scheint die die sonne undr selten  alvereingebirgen einzelne ein paarer regenschaueriko durch', 'im aust tag zwischen hitze und westen und südühlung westen dabei sein', 'am montag son sonne malr hierverein küsten ist es abkig escken di di', 'der der westurmböen  im ganz schauen auch das dem gefwest und orosstig im es morgenr noch am alpenrand das auch schw vor']
['im übrigen land scheint verbreitet die sonne nur über den mittelgebirgen besteht ein leichtes schauerrisiko', 'der heutige tag zwischen hitze im osten und abkühlung im westen', 'am montag viel sonne nur richtung küsten ist es wolkiger aber trocken', 'und die sturmböen lassen nicht nach kräftig sind sie aus dem süden und frostig wird es nur noch am alpenrand']
--------------------------------------------------

--------------------------------------------------
EPOCH: 15
TIME: 1704.0879127979279
AVG. LOSS: 25.289483523825783
EPOCH METRICS: {'BLEU_1': 0.27957598940632206, 'BLEU_2': 0.19488345249383812, 'BLEU_3': 0.14575228257299255, 'BLEU_4': 0.11695148819097591, 'LOSS': 13.323732724309197, 'ROUGE': 0.343271255338951, 'EXAMPLE': 'pred: am freitag mehr wolken als sonne gebietsweise regen oder nieselregen im süden, target: am freitag lockert es kaum auf im norden hier und da regen bis maximal vierzehn grad'}
BASELINE METRICS: {'BLEU_1': 0.09094908292497328, 'BLEU_2': 0.04322398958422319, 'BLEU_3': 0.0208016188292086, 'BLEU_4': 0.01154076525203481, 'ROUGE': 0.23376486315300238}
['am nachmittag einzelne schauer oder gewitter sonst scheint häufig die sonne', 'heute nacht plus vier grad am niederrhein und minus drei grad an den alpen', 'jetzt wünsche ich ihnen noch einen schönen abend', 'am tag minus vier grad im breisgau und plus vier grad am niederrhein']
['am am tag regnet es gebiet weosten noch kräftig imschau ousitz noch gewitter möglich die der oshähälfte auch sonne bis ne', 'heute nacht minus ein grad im oberrhein plus plus plus einzehn grad am es längerklart der bis bis bis', 'und gelten entsprechende unwetterwarnungen des deutschen wetterdienstes durch', 'am tag minus vier bis im zgebirge und plusund an oberin ne ne auf zue ne bis bis']
['auch am tag regnet es richtung südosten teilweise kräftig richtung lausitz sind gewitter dabei in der nordwesthälfte viel sonne', 'heute nacht minus zwei grad am oberrhein und bis minus fünfzehn grad dort wo es aufklart', 'es bestehen entsprechende unwetterwarnungen des deutschen wetterdienstes', 'am tag minus zwei grad im erzgebirge und vier grad am rhein']
--------------------------------------------------

--------------------------------------------------
EPOCH: 16
TIME: 1733.451473236084
AVG. LOSS: 25.335121300739257
EPOCH METRICS: {'BLEU_1': 0.2997335338783787, 'BLEU_2': 0.20445671265298201, 'BLEU_3': 0.14922609383740684, 'BLEU_4': 0.11583874279637371, 'LOSS': 13.452801130180873, 'ROUGE': 0.338925221123168, 'EXAMPLE': 'pred: am freitag viele wolken hier und da regen im norden und osten ist es teilweise freundlich, target: am freitag lockert es kaum auf im norden hier und da regen bis maximal vierzehn grad'}
BASELINE METRICS: {'BLEU_1': 0.09094908292497328, 'BLEU_2': 0.04322398958422319, 'BLEU_3': 0.0208016188292086, 'BLEU_4': 0.01154076525203481, 'ROUGE': 0.23376486315300238}
['am freitag unbeständiges wetter dazu ist es windig', 'unser wetter beruhigt sich das wetter im süden und osten aus', 'im westen und südwesten lockert es schon wieder auf', 'sonst ist es meist stark bewölkt oder neblig trüb']
['am freitag  sam samstag wechselhafts recht windigs wetterf bö', 'und temperatur luftdruck bestimmt morgen von von süden unddeutschlands vonächer sicht luft von hoch hoch di', 'und westen und dieern es schon mal mal bisschen auf nach wird es son nachmittag scho ruhig bis bis zu', 'und das luft luft luft luftgensätze wie luft wir noch den nächsten stunden nochenenn']
['am freitag und am samstag wechselhaftes teilweise windiges wetter', 'der hohe luftdruck wird morgen auch im süden deutschlands schwächer', 'im westen allerdings lockert es schon wieder ein bisschen auf da ist das am nachmittag alles vorbei', 'und diese hohen temperaturgegensätze die behalten wir in den nächsten tagen']
--------------------------------------------------

--------------------------------------------------
EPOCH: 17
TIME: 1723.4857621192932
AVG. LOSS: 24.626884933254495
EPOCH METRICS: {'BLEU_1': 0.29224679552121263, 'BLEU_2': 0.20389904794204275, 'BLEU_3': 0.15107507006763168, 'BLEU_4': 0.11821058639739009, 'LOSS': 13.55577694382052, 'ROUGE': 0.35858771571958825, 'EXAMPLE': 'pred: tiefer luftdruck beeinflusst und morgen recht freundliches wetter, target: morgen sorgt ein ableger des azorenhochs vielerorts für freundliches wetter'}
BASELINE METRICS: {'BLEU_1': 0.09094908292497328, 'BLEU_2': 0.04322398958422319, 'BLEU_3': 0.0208016188292086, 'BLEU_4': 0.01154076525203481, 'ROUGE': 0.23376486315300238}
['in der nordhälfte heute nacht örtlich leichter frost im westen plusgrade', 'heute nacht minus ein grad am alpenrand und minus zwei grad am niederrhein', 'tiefer luftdruck bestimmt unser wetter', 'sechzehn grad am oberrhein']
['im nordsten und süden  nacht örtlich strenger frost im ween westen undverein den gefrierpunkt', 'heute nacht temperaturen drei grad in alpenrand und minus vierf grad am emslandsesttin', 'am temperaturenstem zwischen liegen liegen auf und zehn und und plus acht grad grad', 'amze heute nacht am der elr undnau dreizehn grad am der elarn']
['im osten und süden heute nacht örtlich strenger frost im äußersten westen werte um den gefrierpunkt', 'heute nacht minus ein grad am alpenrand bis plus elf grad im emsland', 'die tiefstwerte der nacht liegen zwischen plus acht grad und minus drei grad', 'vier grad heute nacht an der oberen donau bis vierzehn grad an der saar']
--------------------------------------------------

--------------------------------------------------
EPOCH: 18
TIME: 1784.7461667060852
AVG. LOSS: 24.229647783711638
EPOCH METRICS: {'BLEU_1': 0.30165589780322466, 'BLEU_2': 0.21229282553012185, 'BLEU_3': 0.1592515665713576, 'BLEU_4': 0.12621765611162408, 'LOSS': 13.421014641980445, 'ROUGE': 0.37151617137904724, 'EXAMPLE': 'pred: im südwesten einige schauer oder gewitter, target: örtlich fallen schauer besonders im südwesten ist abends auch mit gewittern zu rechnen'}
BASELINE METRICS: {'BLEU_1': 0.09094908292497328, 'BLEU_2': 0.04322398958422319, 'BLEU_3': 0.0208016188292086, 'BLEU_4': 0.01154076525203481, 'ROUGE': 0.23376486315300238}
['heute nacht zehn grad an der ostsee und minus ein grad an der nordsee', 'heute nacht achtzehn bis einundzwanzig grad an den alpen und dreißig grad an den alpen', 'am tag im süden und osten teilweise kräftige gewittrige schauer', 'am tag minus ein grad am niederrhein und minus sechs grad am niederrhein']
['heute nacht ein grad im niederrhein und drei grad im norden', 'heute nacht acht zwischen drei und einund am den alpen und drei grad bis', 'morgen frühnet es weiter inlich der donau am den nord und in nordo auch und da  gewitter mit', 'morgen gäu morgen bis sieben am emsland bis sieben sechs grad bis sie bleiben bis bis  bis']
['heute nacht zehn grad am niederrhein und ein grad im norden', 'heute nacht temperaturen zwischen acht und ein grad an den alpen minus ein grad', 'morgen regnet es zunächst südlich der donau an der oder und im norden hier und da einzelne gewitter sind dabei', 'im allgäu morgen minus drei im emsland bis plus sechs grad']
--------------------------------------------------

--------------------------------------------------
EPOCH: 19
TIME: 1708.426368713379
AVG. LOSS: 24.567998235631553
EPOCH METRICS: {'BLEU_1': 0.30199154879912704, 'BLEU_2': 0.21206151599880116, 'BLEU_3': 0.1603131725844963, 'BLEU_4': 0.12708128261797205, 'LOSS': 13.589895965506345, 'ROUGE': 0.3659097815324973, 'EXAMPLE': 'pred: heute nacht fallen schauer an den alpen einzelne schauer, target: heute nacht sind im norden und in der mitte ein paar schauer unterwegs an den alpen regnet es hier und da'}
BASELINE METRICS: {'BLEU_1': 0.09094908292497328, 'BLEU_2': 0.04322398958422319, 'BLEU_3': 0.0208016188292086, 'BLEU_4': 0.01154076525203481, 'ROUGE': 0.23376486315300238}
['morgen zweiundzwanzig grad an der ostsee bis vierundzwanzig grad an den küsten', 'heute nacht minus ein grad wo es länger aufklart örtlich bildet sich nebel', 'tiefdruckgebiete bestimmen in den nächsten tagen unser wetter', 'wolken des tiefs vor allem im süden deutschlands überquert']
['morgen morgen zwei zweiundzreißig grad küstennähe zweiundzwanzig an zweiundzwanzig grad z z z z z z z z z bis z z z fünf z z z z z z z z z bis z z z z bis bis bis bis bis bis bis bis', 'heute nacht bleibtt ja ja alles ruhig keine bedeutung bleibt weit', 'und tiefatlane hoch über skandinavien sorgt süd war über von von äzen meer meerlagern sich weiter dass sich nach luft dieseken beier luft nach uns strömteee', 'sonstchte liegen wol wolken unterschiedlicheinander hier im norden und anweise kü der küstenen']
['dort morgen bis vierunddreißig in küstennähe einundzwanzig bis vierundzwanzig grad', 'heute nacht hat das also alles noch keine bedeutung es bleibt ruhig', 'das kräftige hoch über skandinavien und das tief das sich zum schwarzen meer verlagert sorgen dafür dass weiter kalte und wolkenreiche luft zu uns strömt', 'dichter liegen die wolken beieinander ganz im süden sowie zeitweise an den küsten']
--------------------------------------------------

--------------------------------------------------
EPOCH: 20
TIME: 1726.8504946231842
AVG. LOSS: 23.896323371497996
EPOCH METRICS: {'BLEU_1': 0.3102906848683598, 'BLEU_2': 0.22048017280653753, 'BLEU_3': 0.16564486647218946, 'BLEU_4': 0.13166933531679553, 'LOSS': 13.458778136497747, 'ROUGE': 0.3741736611146931, 'EXAMPLE': 'pred: morgen noch dichtere wolken hier und da fallen ein paar tropfen, target: morgen im norden zunächst noch stark bewölkt mit ein paar tropfen'}
BASELINE METRICS: {'BLEU_1': 0.09094908292497328, 'BLEU_2': 0.04322398958422319, 'BLEU_3': 0.0208016188292086, 'BLEU_4': 0.01154076525203481, 'ROUGE': 0.23376486315300238}
['nachmittags lockert es hier und da auf örtlich bildet sich nebel', 'und nun die wettervorhersage für morgen donnerstag den einundzwanzigsten juni', 'am mittwoch regnet es im norden und südosten zeitweise sonst ist es teilweise freundlich', 'schauer und gewitterböen abgesehen weht der wind schwach bis mäßig an der nordsee auch frisch aus west bis südwest']
['nach derdeutschland sieht es nacht morgen mehr stark be noch sich über ab nebelfelder aus auchmittags vor es dannr an der ostpenin  auch auchschau mit viel regenbel', 'am am die wettervorhersage für morgen donnerstag den drei junier', 'am mittwoch reg nordo und osten reg und da regen imrichtung südoen ist es meist freundlich', 'im schauern und gewittern we schwere sturmböen möglich sonst schwht der wind schwach bis mäßig im norden auch malch an bis bis dabei schw schw schw']
['in süddeutschland ist der wind nicht so stark deshalb halten sich erstmal die nebelfelder aber nachmittags gibt es föhn an der alpennordseite und dann ist schluss mit dem nebel', 'und nun die wettervorhersage für morgen donnerstag den zweiten juni', 'am mittwoch im norden und osten hier und da regen richtung südwesten ist das teilweise freundlich', 'bei schauern und gewittern sind schwere sturmböen möglich sonst weht der wind schwach bis mäßig im norden auch frisch']
--------------------------------------------------

--------------------------------------------------
EPOCH: 21
TIME: 1702.740432024002
AVG. LOSS: 23.503649969380497
EPOCH METRICS: {'BLEU_1': 0.29686843109788297, 'BLEU_2': 0.20556568014957663, 'BLEU_3': 0.15117764868800637, 'BLEU_4': 0.11881792041271, 'LOSS': 13.740800135397498, 'ROUGE': 0.37689115030416775, 'EXAMPLE': 'pred: und nun die wettervorhersage für morgen donnerstag den dreißigsten oktober, target: und nun die wettervorhersage für morgen freitag den dreißigsten oktober'}
BASELINE METRICS: {'BLEU_1': 0.09094908292497328, 'BLEU_2': 0.04322398958422319, 'BLEU_3': 0.0208016188292086, 'BLEU_4': 0.01154076525203481, 'ROUGE': 0.23376486315300238}
['heute nacht kühlt es ab und an an an den küsten ist es etwas kühler', 'am donnerstag ist es recht freundlich teilweise dichtere wolken', 'und nun die wettervorhersage für morgen montag den zweiundzwanzigsten september', 'nachmittags auch noch kühlere luft']
['in aussichte etwas etwas kühl ein regenschauern auch an den küste sichs auch', 'am am donnerstag ist es meists freundlicher ist auch wolwölkt neblig t zu', 'und nun die wettervorhersage für morgen montag den zweiwanzigsten oktoberer', 'von istließtt noch kä luft heran sich amhlere luftesluft ausitet']
['die nächte derzeit sehr kühl mit einigen regenschauern auch an der küste', 'auch am donnerstag ist es teils freundlich teilweise aber auch bewölkt oder neblig', 'und nun die wettervorhersage für morgen montag den zwanzigsten september', 'dabei fließt zunächst noch warme luft heran bevor sich kühlere meeresluft ausbreitet']
--------------------------------------------------

--------------------------------------------------
EPOCH: 22
TIME: 1765.265308380127
AVG. LOSS: 23.23834462687289
EPOCH METRICS: {'BLEU_1': 0.24870500450398106, 'BLEU_2': 0.16448806946385006, 'BLEU_3': 0.11825584723787277, 'BLEU_4': 0.09102163681377011, 'LOSS': 13.685972340534189, 'ROUGE': 0.31574762765403613, 'EXAMPLE': 'pred: und nun die wettervorhersage für morgen montag den fünften mai, target: und nun die wettervorhersage für morgen dienstag den zwanzigsten oktober'}
BASELINE METRICS: {'BLEU_1': 0.09094908292497328, 'BLEU_2': 0.04322398958422319, 'BLEU_3': 0.0208016188292086, 'BLEU_4': 0.01154076525203481, 'ROUGE': 0.23376486315300238}
['sechzehn bis fünfundzwanzig grad', 'das tief über skandinavien sorgt morgen bei uns für teilweise kräftiges wetter', 'sechzehn grad im norden und westen freundliches wetter', 'in den folgenden tagen ändert sich an diesem wetter wenig']
['in grad heute nacht im bayerischen wald bis fünf bis zwölf grad', 'das tief über sich kandinavien sorgt weiter morgen wetter morgen unser eeret der dererfelder', 'am freitag im es im norden und osten freundlich wechselhaft und recht es rechtübergehend freundlicher', 'sonst den nächsten tagen ändert ändert an diesem we ruhigrübe wettere']
['drei grad heute nacht im bayerischen wald sonst fünf bis zwölf grad', 'das tief das nach skandinavien zieht bestimmt unser wetter morgen', 'am freitag ist es im norden und westen weiterhin wechselhaft sonst ist es vorübergehend freundlich', 'in den folgenden tagen ändert sich an dem meist trüben wetter wenig']
--------------------------------------------------

--------------------------------------------------
EPOCH: 23
TIME: 1729.80491232872
AVG. LOSS: 22.534831774140695
EPOCH METRICS: {'BLEU_1': 0.2706772374714211, 'BLEU_2': 0.18724154146597458, 'BLEU_3': 0.13842912150877254, 'BLEU_4': 0.10908535370303624, 'LOSS': 13.479293719881532, 'ROUGE': 0.3406916896786123, 'EXAMPLE': 'pred: heute nacht regnet oder nieselt es vor allem im süden, target: heute nacht dagegen fallen nur ein paar schneeflocken noch im norden und auch im südosten'}
BASELINE METRICS: {'BLEU_1': 0.09094908292497328, 'BLEU_2': 0.04322398958422319, 'BLEU_3': 0.0208016188292086, 'BLEU_4': 0.01154076525203481, 'ROUGE': 0.23376486315300238}
['ab sonntag wird es wieder milder', 'morgen schwacher bis mäßiger in der osthälfte teilweise frischer bis starker wind aus west bis südwest', 'heute nacht plus drei grad am oberrhein und minus zwei grad an der ostsee', 'morgen reichen die temperaturen von sechzehn grad an der ostsee bis zu dreißig grad an der ostsee']
['am sonntag wird es mil mil milder', 'morgen morgen nordsten wird wir morgenchte nebelfelder und morgen wird es regengige tag tag überall in trüüber', 'am nacht minus zwei grad grad breisgau und plus grad minusgrad grad in imern  grad', 'morgen morgen bis dreichzehn grad der ostsee bis nur dreihle drei grade bis']
['ab sonntag wird es langsam wieder milder', 'und im westen haben wir dicke nebelfelder und deshalb wird der morgige tag fast überall ziemlich trüb sein', 'heute nacht plus drei grad im breisgau sonst zwei bis minus vier grad', 'dort morgen bis sechzehn an der ostsee dagegen nur kühle drei grad']
--------------------------------------------------

--------------------------------------------------
EPOCH: 24
TIME: 1735.2253775596619
AVG. LOSS: 22.254890085207435
EPOCH METRICS: {'BLEU_1': 0.30524049701049044, 'BLEU_2': 0.2128878547484544, 'BLEU_3': 0.1560523307647877, 'BLEU_4': 0.12132784061813157, 'LOSS': 13.425782310710018, 'ROUGE': 0.36819887126952255, 'EXAMPLE': 'pred: tiefdruckgebiete bestimmen unser wetter mit gewittrige schauern, target: auch über rheinland pfalz das saarland und nordrhein westfalen zogen heftige gewitter'}
BASELINE METRICS: {'BLEU_1': 0.09094908292497328, 'BLEU_2': 0.04322398958422319, 'BLEU_3': 0.0208016188292086, 'BLEU_4': 0.01154076525203481, 'ROUGE': 0.23376486315300238}
['in der osthälfte schnee oder gefrierender regen vorsicht wegen glätte', 'im westen und südwesten regnet es heute nacht teilweise ergiebig', 'im osten und südosten klart es teilweise auf örtlich bildet sich nebel', 'und nun die wettervorhersage für morgen dienstag den vierundzwanzigsten juli']
['im osten und oberhalb von sechshundhundert metern lock bis an wird es auch sch sch bis bis bis bis bis bis bis bis auch der', 'im ween westen und südarzwald kann al den alpen einzelne  abends schauer und gewitter möglich', 'imrichtung osten und auchdruck dasfluss das wetter in im der südwestthälfte  es klar nacht teilweises klars wolkig es  sterken  wewesten teilweise mehrichten dabei', 'und nun die wettervorhersage für morgen dienstag den vierzezwanzigsten juli und']
['im osten so oberhalb von sechs siebenhundert metern etwa und darunter wird es noch regen sein', 'im äußersten westen im schwarzwald und an den alpen sind gegen abend erste schauer oder gewitter möglich', 'richtung osten bestimmt hochdruckeinfluss das wetter und in der nordosthälfte ist es heute nacht teils klar teils wolkig während sich die wolken von südwesten immer mehr verdichten', 'und nun die wettervorhersage für morgen dienstag den vierundzwanzigsten mai']
--------------------------------------------------

--------------------------------------------------
EPOCH: 25
TIME: 1704.7113091945648
AVG. LOSS: 22.21526286163889
EPOCH METRICS: {'BLEU_1': 0.2938049272847701, 'BLEU_2': 0.20334775324356708, 'BLEU_3': 0.1490480970170331, 'BLEU_4': 0.11637775125966673, 'LOSS': 13.994651734254724, 'ROUGE': 0.3609099538377789, 'EXAMPLE': 'pred: das hoch über skandinavien zieht bestimmt unser wetter, target: hinter dem tief fließt polare kaltluft heran die für schnee und glättegefahr sorgt'}
BASELINE METRICS: {'BLEU_1': 0.09094908292497328, 'BLEU_2': 0.04322398958422319, 'BLEU_3': 0.0208016188292086, 'BLEU_4': 0.01154076525203481, 'ROUGE': 0.23376486315300238}
['das hoch über skandinavien zieht sorgt morgen bei uns in der mitte deutschlands für mehr sonnenschein', 'am freitag viele wolken hier und da regen oder schneeschauer', 'sechzehn grad an der ostsee und siebenundzwanzig grad am oberrhein', 'morgen vormittag im südosten noch einige schauer oder gewitter']
['im hoch über  westskayy sorgtsnt  nach südmitteleuropa bis und beschert uns morgen den nächsten tagen  sonne und temperaturen mal  in steigensteigen lässt sich scheinter', 'am frei über di wol weniger wolken hier der regionen sch sich vornee oderer oderrichtung südsten es mal', 'morgen temperaturen von nzehn bis im der nordsee bis siebenundzwanzig grad der lausitz bis im südsgau im', 'morgen nachmittag im es im osten und imosten noch teil noch kräftigeren eneren gew dabei']
['das hoch über der biskaya dehnt sich nach mitteleuropa aus und beschert uns in den nächsten tagen verbreitet sonne die auch die temperaturen langsam ansteigen lässt', 'am tag mal mehr mal weniger wolken in einigen regionen entwickeln sich schneeschauer richtung westen ist auch regen dabei', 'morgen temperaturen von neunzehn grad an der nordsee bis siebenundzwanzig in der lausitz und im breisgau', 'morgen vormittag kann es im osten und südosten zum teil noch kräftig krachen']
--------------------------------------------------

--------------------------------------------------
EPOCH: 26
TIME: 1711.177211523056
AVG. LOSS: 21.8642705809304
EPOCH METRICS: {'BLEU_1': 0.265447395173414, 'BLEU_2': 0.18553579357247157, 'BLEU_3': 0.1403211611328418, 'BLEU_4': 0.11198911573667783, 'LOSS': 13.625815331821038, 'ROUGE': 0.3415489311131542, 'EXAMPLE': 'pred: heute nacht plus drei drei grad an den alpen örtlich bodenfrost, target: am oberrhein heute nacht bis plus drei grad sonst verbreitet werte um den gefrierpunkt oder leichter frost'}
BASELINE METRICS: {'BLEU_1': 0.09094908292497328, 'BLEU_2': 0.04322398958422319, 'BLEU_3': 0.0208016188292086, 'BLEU_4': 0.01154076525203481, 'ROUGE': 0.23376486315300238}
['am tag dreiundzwanzig grad im breisgau bis vierundzwanzig grad', 'im norden schwere sturmböen an den bergen orkanartige böen an den alpen orkanartige böen', 'nur zweiundzwanzig bis fünfundzwanzig grad', 'am nachmittag lockert es im westen und südwesten freundlich']
['und die allen dingen so angenehm temperaturen temperaturenwanzig gradundzwanzig grad erreicht vier bis sind', 'imsturmböen an or schwer an norden und schwere sturmböen an den bergenn berg orkanartigöen können', 'morgen der nordsee morgen dreiundzwanzig grad südenen bise dreiundig bis zweiundzreißig grad drei bis', 'am diemittags wird wird es dann westen wieder nordwesten freundlich freundlicher']
['und vor allen dingen angenehme temperaturen zwanzig einundzwanzig grad werden sogar nochmal erreicht', 'sturmböen sind mit dabei im norden auch schwere sturmböen auf den höheren bergen orkanböen', 'an der ostsee morgen dreiundzwanzig im südwesten heiße dreißig bis zweiunddreißig grad', 'aber nachmittags da wird es von westen und südwesten deutlich freundlicher']
--------------------------------------------------

--------------------------------------------------
EPOCH: 27
TIME: 1717.8431344032288
AVG. LOSS: 21.295214221066256
EPOCH METRICS: {'BLEU_1': 0.2729523833531824, 'BLEU_2': 0.19166988973534513, 'BLEU_3': 0.14469983407095355, 'BLEU_4': 0.11609163085230984, 'LOSS': 13.876236682682368, 'ROUGE': 0.3371888380837488, 'EXAMPLE': 'pred: heute nacht vierzehn grad am niederrhein und siebzehn grad in der eifel, target: elf grad heute nacht im allgäu bis siebzehn an neckar und spree'}
BASELINE METRICS: {'BLEU_1': 0.09094908292497328, 'BLEU_2': 0.04322398958422319, 'BLEU_3': 0.0208016188292086, 'BLEU_4': 0.01154076525203481, 'ROUGE': 0.23376486315300238}
['am alpenrand längere zeit sonnige abschnitte', 'am sonntag im nordwesten teilweise kräftige schauer und gewitter', 'tiefer luftdruck bestimmt unser wetter und morgen vor allem in der osthälfte deutschlands für schauer und gewitter sorgt', 'und nun die wettervorhersage für morgen dienstag den siebzehnten april']
['am tag scheint es imom balarzwald bis zum den alpen  nochkenig scheint die süden häufig insten die sonne scheint', 'am sonntag im es im im wewesten  westen  kräftige  gewitrige regenfälle er', 'und laufe de nacht fallen der regen nach sten und süd im kann es die sonne mal vor  zeigen im im der mittethälfte kräftigsweise regnet es schauer es', 'und nun die wettervorhersage für morgen montatwoch den sechschzehnten april']
['am tag ist es vom schwarzwald bis zu den alpen zunächst wolkig ansonsten scheint im süden und westen häufig die sonne', 'am sonntag gibt es dann im nordwesten und westen teilweise kräftige und gewittrige regenfälle', 'im laufe der nacht lässt der regen im westen nach und dort kann sich die sonne morgen teilweise länger zeigen während es in der osthälfte gebietsweise regnet oder schauert', 'und nun die wettervorhersage für morgen mittwoch den sechzehnten juni']
--------------------------------------------------

--------------------------------------------------
EPOCH: 28
TIME: 1723.534103155136
AVG. LOSS: 21.004652403118644
EPOCH METRICS: {'BLEU_1': 0.3024881356778262, 'BLEU_2': 0.21020536294873882, 'BLEU_3': 0.1566013673611456, 'BLEU_4': 0.1245625530492911, 'LOSS': 14.230332904238692, 'ROUGE': 0.35498683341719994, 'EXAMPLE': 'pred: heute nacht minus drei grad im nordosten minus fünfzehn grad an der ostsee, target: wo es heute nacht aufklart örtlich bis minus fünfzehn an der ostsee bei seewind und im breisgau minus drei grad'}
BASELINE METRICS: {'BLEU_1': 0.09094908292497328, 'BLEU_2': 0.04322398958422319, 'BLEU_3': 0.0208016188292086, 'BLEU_4': 0.01154076525203481, 'ROUGE': 0.23376486315300238}
['und nun die wettervorhersage für morgen freitag den dreiundzwanzigsten dezember', 'tiefer luftdruck bestimmt unser wetter', 'am freitag vor allem im nordosten noch schauer und gewitter die unwetterartig sein können', 'morgen temperaturen von achtzehn grad an der ostsee bis neunundzwanzig grad im breisgau']
['und nun die wettervorhersage für morgen freitag den zweitenundzwanzigsten januar', 'das der ostnze zurühlerer luft ein sich wiederss dasdeutschlanddinavien', 'am freitag dann allem im norden und schauer und gewitter die auch der der wind danne', 'am der sesee morgen dreir drei amhn am derf bis near bis neun gradzwanzig grad']
['und nun die wettervorhersage für morgen freitag den einundzwanzigsten januar', 'an der grenze zu kühlerer luft bildet sich ein kleines tief das nach südskandinavien zieht', 'am freitag vor allem im norden einige schauer oder gewitter dazu liegt dort der wind zu', 'an der nordsee morgen nur achtzehn an elbe und isar bis neunundzwanzig grad']
--------------------------------------------------

--------------------------------------------------
EPOCH: 29
TIME: 1724.9961643218994
AVG. LOSS: 20.146532101722553
EPOCH METRICS: {'BLEU_1': 0.3006877441459019, 'BLEU_2': 0.21312875226819286, 'BLEU_3': 0.16143665732774362, 'BLEU_4': 0.12942953943413926, 'LOSS': 13.81837279259125, 'ROUGE': 0.36674336075278985, 'EXAMPLE': 'pred: morgen temperaturen von siebenundzwanzig grad am oberrhein bis achtundzwanzig grad am oberrhein, target: morgen temperaturen von null bis sieben am niederrhein bis acht grad'}
BASELINE METRICS: {'BLEU_1': 0.09094908292497328, 'BLEU_2': 0.04322398958422319, 'BLEU_3': 0.0208016188292086, 'BLEU_4': 0.01154076525203481, 'ROUGE': 0.23376486315300238}
['am alpenrand sechzehn bis zwanzig grad am oberrhein', 'der wind weht schwach bis mäßig an den küsten frisch mit starken bis stürmischen böen', 'am tag viel sonne in der nordwesthälfte ab und an ein paar quellwolken', 'heute nacht plus drei grad am niederrhein und minus ein grad im breisgau']
['am tagpenrand morgen bzehn am oberin bis vier ober lausitz bis siezezwanzig grad am und z fünf sie sie', 'der schauern und gewittern sind essturmböen möglich sonst weht der wind  schwmäßig bis zeigenee  dabei dabeien', 'morgen tagg scheint dienstag wird vieles wedruckwetter die vielne und wolbel im der nord regionenteilen  nord nordenen  die wol wolken sich auch regen bringens', 'heute klarem heute heute nacht leichterorts fer frost bis nordemsland bis in südsgau bis grad plus grad dreie grader abere durch gradte']
['am alpenrand morgen siebzehn am rhein und in der lausitz bis vierundzwanzig grad', 'bei schauern und gewittern sind sturmböen möglich sonst weht der wind meist mäßig', 'am montag und dienstag weiter ruhiges hochdruckwetter mit sonne und nebel in den meisten landesteilen in den nordwesten ziehen mitunter wolken die aber kaum regen bringen', 'unter klarem himmel heute nacht vielerorts leichter frost im emsland sowie im breisgau ein bis zwei plusgrade']
--------------------------------------------------

--------------------------------------------------
EPOCH: 30
TIME: 1717.4308648109436
AVG. LOSS: 20.4896358239476
EPOCH METRICS: {'BLEU_1': 0.30255083292677937, 'BLEU_2': 0.21823990435023657, 'BLEU_3': 0.16528388211980882, 'BLEU_4': 0.1305931984343827, 'LOSS': 13.716721085454687, 'ROUGE': 0.37882126045675857, 'EXAMPLE': 'pred: in der nacht regnet es stellenweise an den alpen noch einzelne gewitter, target: und es könnte dann am abend vielleicht mal ein regenschauer oder gewitter in den alpen geben'}
BASELINE METRICS: {'BLEU_1': 0.09094908292497328, 'BLEU_2': 0.04322398958422319, 'BLEU_3': 0.0208016188292086, 'BLEU_4': 0.01154076525203481, 'ROUGE': 0.23376486315300238}
['in der nordwesthälfte einzelne schauer', 'der wind weht schwach bis mäßig aus unterschiedlichen richtungen', 'morgen bis vierzehn im westen örtlich bodenfrost bis vierzehn grad', 'tiefer luftdruck bestimmen unser wetter in den kommenden tagen für wechselhaftes wetter']
['in abend kommen im nordwesten einzelne gewitter möglicht', 'der wind weht schwwiegend ach aus unterschiedlichen richtungenten', 'morgen morgenbel bis morgen es temperaturenchsttemperaturen von im westen bis westen bis es noch biss bis etwazehn bis bis sind es im bis bis am bis bis bis', 'dasdruck über dem kan be dem atlantik beken dieken und weit paar troregionen für schauer gibt nur wenig wenigzeltt']
['gegen abend sind im nordwesten einzelne gewitter möglich', 'der wind weht überwiegend schwach aus unterschiedlichen richtungen', 'ja neun grad sind die höchsttemperaturen morgen im osten im westen geht es nochmal rauf auf vierzehn grad aber das war es', 'tiefs über den balkan und dem atlantik lenken wolken in ein paar regionen für schauer reicht es aber nur vereinzelt']
--------------------------------------------------

--------------------------------------------------
EPOCH: 31
TIME: 1785.2507865428925
AVG. LOSS: 19.93986782240088
EPOCH METRICS: {'BLEU_1': 0.3079268123807341, 'BLEU_2': 0.21786905102321608, 'BLEU_3': 0.16292607116501737, 'BLEU_4': 0.12799174053219234, 'LOSS': 14.157148098899679, 'ROUGE': 0.3702395327965126, 'EXAMPLE': 'pred: örtlich bildet sich nebel, target: wo sich nebel hält ist es kälter'}
BASELINE METRICS: {'BLEU_1': 0.09094908292497328, 'BLEU_2': 0.04322398958422319, 'BLEU_3': 0.0208016188292086, 'BLEU_4': 0.01154076525203481, 'ROUGE': 0.23376486315300238}
['von westen breiten sich später kräftige schauer und gewitter aus', 'am nachmittag lockert es hier und da auf', 'heute nacht minus ein grad wo es länger aufklart bildet sich stellenweise nebel', 'und nun die wettervorhersage für morgen sonntag den fünfundzwanzigsten februar']
['im westen ziehenröröt wolchtere und zu bis der sich später  heftige gewschauer und gewitter sindeerer aus', 'am am nachmittag wird wir dannn das es wol wahrscheinlich auch ein berlin die dief die dies von bö', 'heute nacht plust es leicht alles ruhig leicht bedeckttung bleibt überalln be be be', 'und nun die wettervorhersage für morgen sonabendenstörtntag den zundzwanzigsten oktober']
['von westen strömt feuchtere luft ein in der sich einige teilweise heftige schauer und gewitter bilden können', 'und am nachmittag haben wir chancen dass diese luft langsam auch berlin erreicht', 'heute nacht hat das also alles noch keine bedeutung es bleibt ruhig', 'und nun die wettervorhersage für morgen pfingstsonntag den dreiundzwanzigsten mai']
--------------------------------------------------

--------------------------------------------------
EPOCH: 32
TIME: 1765.207240819931
AVG. LOSS: 19.711388118909472
EPOCH METRICS: {'BLEU_1': 0.32402660671128236, 'BLEU_2': 0.22875908367193157, 'BLEU_3': 0.1706859157075188, 'BLEU_4': 0.1337970402010002, 'LOSS': 14.201924949252767, 'ROUGE': 0.3793037824119965, 'EXAMPLE': 'pred: am sonntag im westen und nordwesten teilweise dichte wolken und regenwolken sonst ist es teilweise freundlich, target: am sonntag im westen und nordwesten wieder viele wolken und etwas regen richtung osten ist es weiterhin recht freundlich'}
BASELINE METRICS: {'BLEU_1': 0.09094908292497328, 'BLEU_2': 0.04322398958422319, 'BLEU_3': 0.0208016188292086, 'BLEU_4': 0.01154076525203481, 'ROUGE': 0.23376486315300238}
['im laufe des tages entwickeln sich nur vereinzelt schauer oder gewitter sonst ist es meist trocken', 'am freitag mal sonne mal wolken vor allem in der mitte und im südosten sowie im erzgebirge', 'am sonntag viele wolken im nordwesten und osten teilweise kräftige schauer und gewitter sonst ist es im süden freundlicher', 'im westen und südwesten teilweise kräftige schneefälle und gefrierender regen']
['im  gibt es im auch noch mehr kleines itter hier der nordseekü dass mehrklar esb mehr dem nacht fallen das', 'sonst tag viele sonne nu wol lockr lockert wolken am', 'am sonntag viele der nordwesthälfte viele vieleken die weise regen im osten und süden  noch regen auch auchschauer und gew teil kräftige gewitter nach', 'im tag imom südwesten bis in die wewest ern und sowie im chsen schnee und schneeregenschau dersten lagen auch dabeier']
['morgen früh gibt es vielleicht auch mal ein kleines gewitter an der nordsee passen sie auf dass sie nicht aus dem bett fallen', 'am tag viel sonne und meist nur lockere wolken', 'am sonntag in der nordwesthälfte viele wolken und zeitweise regen im osten und süden zunächst noch freundlich später dann schauer und zum teil kräftige gewitter', 'am tag vom südwesten bis in den süden bayerns sowie in sachsen schnee oder schneeregen in tiefen lagen regen']
--------------------------------------------------

--------------------------------------------------
EPOCH: 33
TIME: 1707.6064910888672
AVG. LOSS: 19.223089803703203
EPOCH METRICS: {'BLEU_1': 0.2901123551368731, 'BLEU_2': 0.20386581935810544, 'BLEU_3': 0.1517601399480817, 'BLEU_4': 0.11873544571202557, 'LOSS': 14.01112333106627, 'ROUGE': 0.3605559543879621, 'EXAMPLE': 'pred: morgen im osten und südwesten teilweise kräftige regenfälle, target: morgen fällt dann vor allen dingen in der nordhälfte also im nordosten und auch im westen gelegentlich etwas schnee'}
BASELINE METRICS: {'BLEU_1': 0.09094908292497328, 'BLEU_2': 0.04322398958422319, 'BLEU_3': 0.0208016188292086, 'BLEU_4': 0.01154076525203481, 'ROUGE': 0.23376486315300238}
['die höchsttemperaturen zwischen fünfzehn und siebenundzwanzig grad im süden bis dreizehn grad', 'vom südosten bis zur lausitz fällt heute nacht noch zeitweise kräftiger regen', 'am nachmittag hier und da regnet oder schauert es vereinzelt ist es windig', 'im osten morgen fünfundzwanzig bis dreiundzwanzig grad']
['imr an derdeutschland da sind es heute bis bis bis bis bishin bisun bis minusf grad bis süden bis scho nachtzehn bis bisbzehn grad bis bis bis bis bis bis bis bis bis bis bis bis bis bis bis bis', 'im dem tief und demost und und dem tief das polereich strömt kü mil und feu feuchter luft luft zu uns', 'am nach scheint auch morgen die häufig sonne und es gibt mal vormittag reg einzelne paar schauer und es dazu ist dazu allem dingen auch wind', 'am tag fünfzehn grad an osten und bisundzwanzig grad in oberrhein bis']
['nur in norddeutschland da sind es dann statt fünf sechs grad immerhin neun bis elf grad und im süden wie heute dreizehn bis siebzehn grad', 'zwischen dem hoch über südosteuropa und dem tief über frankreich strömt sehr warme und zunehmend feuchtere luft zu uns', 'aber dort scheint auch mal wieder die sonne wenn es auch am vormittag noch ein paar regenschauer gibt und es ist vor allen dingen noch windig', 'am tag fünfzehn grad im osten und dreiundzwanzig grad am oberrhein']
--------------------------------------------------

--------------------------------------------------
EPOCH: 34
TIME: 1725.2158408164978
AVG. LOSS: 18.775882331467535
EPOCH METRICS: {'BLEU_1': 0.31026448618647307, 'BLEU_2': 0.22081941380332346, 'BLEU_3': 0.16534318463585562, 'BLEU_4': 0.12931420363592205, 'LOSS': 14.08476910793253, 'ROUGE': 0.37434884160032755, 'EXAMPLE': 'pred: jetzt wünsche ich ihnen noch einen schönen abend an den küsten, target: am freundlichsten wird es am meer'}
BASELINE METRICS: {'BLEU_1': 0.09094908292497328, 'BLEU_2': 0.04322398958422319, 'BLEU_3': 0.0208016188292086, 'BLEU_4': 0.01154076525203481, 'ROUGE': 0.23376486315300238}
['guten abend liebe zuschauer', 'das war es vom wetter ihnen noch einen schönen abend und machen sie es gut', 'in der südwesthälfte ist es meist klar örtlich bildet sich nebel', 'die schneefallgrenze sinkt weiter nach osten']
['guten abend liebe zuschauer guten nie guten guten guten guten guten guten guten guten guten guten guten guten guten guten guten guten guten guten guten guten guten guten guten guten guten guten guten', 'und das die temperatur ha doch nicht nicht nicht den waren denn wirdr zwei gradgar vier  überallgar nicht nicht dabei', 'im der südwesthälfte  es heutes klarkig teils klar esckentlich bildet sich nebel grad zwischen be be', 'in der nacht regt sich von kräftige neefälle aus der südensten  n in den mitte   zwischen noch  aus  e be be']
['guten abend liebe zuschauer', 'und bislang der november ist aber noch nicht zu ende waren es nur null komma vier also fast gar nichts', 'in der südwesthälfte ist es teils wolkig teils klar und trocken örtlich bildet sich nebel', 'in der nacht breiten sich teilweise kräftige schneefälle aus dem südosten weiter bis in die mitte aus']
--------------------------------------------------

--------------------------------------------------
EPOCH: 35
TIME: 1709.1258709430695
AVG. LOSS: 18.45683285173999
EPOCH METRICS: {'BLEU_1': 0.23470570644903063, 'BLEU_2': 0.15476682984732887, 'BLEU_3': 0.11301853159646416, 'BLEU_4': 0.08902790561391143, 'LOSS': 14.01194636486399, 'ROUGE': 0.290447740570847, 'EXAMPLE': 'pred: im süden und osten bleibt es noch weitgehend trocken, target: im süden macht sich noch leichter hochdruckeinfluss bemerkbar'}
BASELINE METRICS: {'BLEU_1': 0.09094908292497328, 'BLEU_2': 0.04322398958422319, 'BLEU_3': 0.0208016188292086, 'BLEU_4': 0.01154076525203481, 'ROUGE': 0.23376486315300238}
['im norden und westen mäßiger bis frischer wind an der see auch starker wind aus west bis südwest', 'im norden und osten tauchen auch mal dichtere wolken auf stellenweise ein paar schauer auf', 'guten abend liebe zuschauer', 'aber es wird wieder wärmer als heute']
['morgen derdeutschland morgen frühp derp und zu einpfen es dabei dabei schwschen mil es wirdht er frischerkräftigen westwind dabei s dabeien dabei dabei dabei dabei', 'imdeutschland norden und es kräftigmtief die eine nach großkandinavien zieht der dabei derhlere luft  ärtken heran    en  grad der bis dabeien', 'guten abend liebe zuschaueren es', 'und ist sie der die wetterlage ist uns ist ganz ruhig ruhigt das dast bisen grad grad grad dabei']
['in norddeutschland morgen grau in grau ab und zu tröpfelt es dabei ein bisschen und es weht dieser frische kräftige südwestwind', 'richtung norden wird ein sturmtief aktiv das nach skandinavien zieht und dabei kühlere luft und regenwolken heran lenkt', 'guten abend liebe zuschauer', 'das heißt aber dass die wetterlage bei uns eigentlich relativ ruhig bleibt']
--------------------------------------------------

--------------------------------------------------
EPOCH: 36
TIME: 1719.6650702953339
AVG. LOSS: 17.735141131224733
EPOCH METRICS: {'BLEU_1': 0.2972026188533157, 'BLEU_2': 0.20791181228347466, 'BLEU_3': 0.15608227176233383, 'BLEU_4': 0.12416568772914924, 'LOSS': 13.700603821374088, 'ROUGE': 0.3571055088023975, 'EXAMPLE': 'pred: stellenweise bildet sich nebel, target: wo es aufklart können sich nebelfelder bilden'}
BASELINE METRICS: {'BLEU_1': 0.09094908292497328, 'BLEU_2': 0.04322398958422319, 'BLEU_3': 0.0208016188292086, 'BLEU_4': 0.01154076525203481, 'ROUGE': 0.23376486315300238}
['im norden und nordosten tauchen auch mal dichtere wolken auf', 'am mittwoch vor allem im westen und südwesten teilweise kräftige schauer', 'im osten und südosten örtlich noch strenger frost', 'heute nacht achtzehn grad an den alpen und fünfundzwanzig grad an den alpen']
['im stark tiefdruck überne am nordeuropa undsnt uns nach norden aus dem bis aus aus', 'am mittwoch ist es in verbreitetnig und der westhälfte  wiederk und  und nieschauerneeere', 'auch ist ist das hoch über dem ostenen de aus', 'heute nacht acht zwischen acht undhn und sef grad am tag einzehn grad an den alpen zzezwanzig grad am oberrheinsen']
['die umfangreiche tiefdruckzone über nordeuropa dehnt sich nach süden aus', 'am mittwoch ist es erst sonnig in der westhälfte später wolken mit regen oder schauern', 'verantwortlich dafür ist das hoch über dem osten europas', 'heute nacht temperaturen zwischen achtzehn und elf grad am tag fünfzehn grad an den alpen und dreiundzwanzig grad am oberrhein']
--------------------------------------------------

--------------------------------------------------
EPOCH: 37
TIME: 1720.181664466858
AVG. LOSS: 17.605367558515866
EPOCH METRICS: {'BLEU_1': 0.31409412794507274, 'BLEU_2': 0.22288332685252818, 'BLEU_3': 0.1657697465742477, 'BLEU_4': 0.1302590286414215, 'LOSS': 13.921740970170568, 'ROUGE': 0.3864075532654382, 'EXAMPLE': 'pred: morgen gibt es neben dichten wolken auch gebietsweise sonnenschein, target: morgen teils dicht bewölkt teils sonnig wobei sich die sonne im osten am häufigsten zeigt'}
BASELINE METRICS: {'BLEU_1': 0.09094908292497328, 'BLEU_2': 0.04322398958422319, 'BLEU_3': 0.0208016188292086, 'BLEU_4': 0.01154076525203481, 'ROUGE': 0.23376486315300238}
['heute nacht ist es im norden teilweise dicht bewölkt hier und da fallen schauer', 'in der nordwesthälfte heute nacht örtlich bodenfrost an den küsten ist es leichter frostig', 'morgen dreiundzwanzig bis dreiundzwanzig grad im südwesten bis zweiundzwanzig grad', 'ich wünsche ihnen noch einen schönen abend']
['in der nachtosthälfte ist es heute nacht meist teil stark dicht bewölkt aberverein osee fallen es auch noch schauer  aus bet be', 'im am nordsten und um die null grad sind es nordwesten f istrostfrei bleibt aus aus', 'morgen der nordsee morgen zweiundzwanzig bis südenen bise zweißig bis dreiundzreißig gradund zwei', 'und abend undenssersnenene']
['in der nordosthälfte ist es heute nacht zum teil noch stark bewölkt richtung ostsee gibt es auch einzelne schauer', 'auch im osten so um die null grad während im nordwesten es frostfrei bleibt', 'an der ostsee morgen dreiundzwanzig im südwesten heiße dreißig bis zweiunddreißig grad', 'schönen abend noch']
--------------------------------------------------

--------------------------------------------------
EPOCH: 38
TIME: 1724.1388697624207
AVG. LOSS: 16.986089513293784
EPOCH METRICS: {'BLEU_1': 0.3184596533831065, 'BLEU_2': 0.22522844041083329, 'BLEU_3': 0.1681884297505005, 'BLEU_4': 0.1319431490396683, 'LOSS': 14.207664725408389, 'ROUGE': 0.3788381054956237, 'EXAMPLE': 'pred: und nun die wettervorhersage für morgen sonntag den dritten februar, target: und was folgte ist so eine bisschen frische luft ganz angenehm morgen für den größten teil deutschlands'}
BASELINE METRICS: {'BLEU_1': 0.09094908292497328, 'BLEU_2': 0.04322398958422319, 'BLEU_3': 0.0208016188292086, 'BLEU_4': 0.01154076525203481, 'ROUGE': 0.23376486315300238}
['tiefer luftdruck bestimmt unser wetter', 'in den nächsten tagen noch schauer oder gewitter die sich weiter nach osten ausbreiten', 'das tief über großbritannien sorgt dafür dass wolken später ziehen von westen neue regenwolken heran', 'in den kommenden tagen ist es meist bewölkt oder neblig trüb']
['undom arland bis zur savereinbe gibt undchtchtenchten sich die wolken und auch bringen und da schauer aus', 'und haben uns regenschaue regenfälle vor den nächsten stunden weiterhin südsten mit jedenht auf auf auf regen bis dabei', 'undom atlantik näher uns dann mit tiefausläufer der nord erst nordwesten dann freistag dann in der mitte tagoslfte unddeutschlands und regen teil regenedauerde regen dabei dabei', 'in tagstag ist nelösung zumgebietliche nebelfelder die der regionen z recht meist mildereee']
['vom saarland bis zur lübecker bucht verdichten sich die wolken später und bringen hier und da schauer', 'wir erwarten wieder kräftigen regen der in den nächsten stunden im westen aufzieht', 'vom atlantik erreicht uns morgen ein tiefausläufer der erst im nordwesten am donnerstag dann in der ganzen nordhälfte deutschlands für zum teil länger anhaltendem regen sorgt', 'am samstag nach auflösung örtlicher nebelfelder in vielen regionen recht freundlich und etwas milder']
--------------------------------------------------

--------------------------------------------------
EPOCH: 39
TIME: 1703.38680768013
AVG. LOSS: 17.12544698161498
EPOCH METRICS: {'BLEU_1': 0.3258781488528475, 'BLEU_2': 0.2295215419975914, 'BLEU_3': 0.170959159210115, 'BLEU_4': 0.1337597476897869, 'LOSS': 14.319315449121142, 'ROUGE': 0.3872780129598105, 'EXAMPLE': 'pred: heute nacht an der nordsee schwere sturmböen an den bergen orkanböen, target: heute nacht im norden örtlich sturmböen auf den bergen orkanböen'}
BASELINE METRICS: {'BLEU_1': 0.09094908292497328, 'BLEU_2': 0.04322398958422319, 'BLEU_3': 0.0208016188292086, 'BLEU_4': 0.01154076525203481, 'ROUGE': 0.23376486315300238}
['am montag mal sonne mal wolken und nur vereinzelt schauer', 'am sonntag im norden und nordwesten einige schauer oder gewitter die unwetterartig sein können', 'heute nacht vierzehn grad an der ostsee und sechzehn grad im breisgau', 'tiefer luftdruck bestimmt auch am alpenrand und in den alpen mittelgebirgen deutschlands noch schnee']
['am montag  sonne mal wolken und r  schauernen  aus ause', 'am sonntag im norden und nordsten  schauer sonst gewitter die örunter unwetterartigenfallen können dabei grad be dabei dabei dabei dabei grad dabei dabei', 'heute grad heute nacht am bayerischen wald an der ostsee siebzehn grad im aus', 'über den mitteleuropaer zu dem allem dem südpenr sch sch schneeeten sch aus sch sch aus sch aus aus sch']
['am montag mal sonne mal wolken mit nur wenigen schauern', 'am sonntag im norden und westen einige schauer und gewitter die mitunter unwetterartig ausfallen', 'zehn grad heute nacht im bayerischen wald an der ostsee bis siebzehn grad', 'ein tief über dem mittelmeer bringt vor allem dem alpenraum noch etwas schnee']
--------------------------------------------------

--------------------------------------------------
EPOCH: 40
TIME: 1727.0974888801575
AVG. LOSS: 16.538424559752325
EPOCH METRICS: {'BLEU_1': 0.29570708149961666, 'BLEU_2': 0.210107320528653, 'BLEU_3': 0.1592457598233972, 'BLEU_4': 0.12681299526658968, 'LOSS': 14.196719501289559, 'ROUGE': 0.3708955918393103, 'EXAMPLE': 'pred: das hoch über skandinavien sorgt bei uns für unwetterartige gewittern, target: auch über rheinland pfalz das saarland und nordrhein westfalen zogen heftige gewitter'}
BASELINE METRICS: {'BLEU_1': 0.09094908292497328, 'BLEU_2': 0.04322398958422319, 'BLEU_3': 0.0208016188292086, 'BLEU_4': 0.01154076525203481, 'ROUGE': 0.23376486315300238}
['am dienstag regnet es in der osthälfte gebietsweise sonst ist es teilweise freundlich', 'heute nacht plus drei grad an den alpen und minus acht grad an den alpen', 'das hoch über skandinavien sorgt bei uns für windiges wetter', 'und nun die wettervorhersage für morgen donnerstag den siebten juli']
['am dienstag reg im der mitte gebietsweise reg im der lichen  auch imnee sonst viele teil freundlich  er', 'in nacht wird verbreitet leichter frost am alpenrand plus minus drei grad plus biser     grad grad', 'das der neuen woche   füratlantik tiefausläufer für für windweständiges und windiges wettere dabei', 'und nun die wettervorhersage für morgen donnerstag den sieten mai']
['am dienstag besonders in der mitte gebietsweise regen in den östlichen bergen auch schnee sonst zum teil freundlich', 'heute nacht wieder verbreitet leichter frost am alpenrand bis minus acht grad', 'in der neuen woche sorgen dann atlantische tiefausläufer wieder für unbeständiges und windiges wetter', 'und nun die wettervorhersage für morgen donnerstag den siebenten juli']
--------------------------------------------------

--------------------------------------------------
EPOCH: 41
TIME: 1734.31334066391
AVG. LOSS: 15.839251236421012
EPOCH METRICS: {'BLEU_1': 0.3400406831571481, 'BLEU_2': 0.23784487880849753, 'BLEU_3': 0.17780130660217847, 'BLEU_4': 0.13985663672701368, 'LOSS': 14.156175205013886, 'ROUGE': 0.390077333690348, 'EXAMPLE': 'pred: im südosten bleibt es noch trocken, target: im südosten noch meist trocken'}
BASELINE METRICS: {'BLEU_1': 0.09094908292497328, 'BLEU_2': 0.04322398958422319, 'BLEU_3': 0.0208016188292086, 'BLEU_4': 0.01154076525203481, 'ROUGE': 0.23376486315300238}
['am dienstag mal mehr mal weniger wolken vor allem im osten und südosten regnet es teilweise ergiebig', 'der wind weht schwach bis mäßig an den küsten teilweise frisch mit starken bis stürmischen böen', 'am dienstag mehr wolken als sonne wolken und vor allem in der westhälfte regnet es gebietsweise vor allem im westen und südwesten regnet oder nieselt es gebietsweise', 'am montag im osten und osten teilweise kräftige regenfälle']
['am mitag ists wol ims wolkenig imrichtungsweise regschauer im regenitter reg der ososthälfteer dabei', 'und wind wech bis westen bis bis stürmischer auf den allem wegen e sturmböen orkanstärke böen den bergenkanböen dabei auf dabei er  erererer', 'am tag dichte wolken zunächst die istnet es schselt es vor allem in nachmittag im westen und v zumwest der donau auf im nue und ne dabei dabeier sch', 'am ändert sich am am montag und noch regen allem in osten undnet es noch kräftiger']
['am dienstag teils freundlich teils wolkig gebietsweise schauert oder gewittert es in der südosthälfte auch heftig', 'der wind frischt von westen stark bis stürmisch auf vorsicht wegen schweren sturmböen bis orkanartigen böen auf den bergen orkanböen', 'am tag dichte wolkenfelder dabei regnet oder nieselt es vor allem am vormittag im westen so wie südlich der donau', 'daran ändert sich auch am montag kaum etwas vor allem im osten regnet es teilweise kräftig']
--------------------------------------------------

--------------------------------------------------
EPOCH: 42
TIME: 1723.1422147750854
AVG. LOSS: 15.516518965245906
EPOCH METRICS: {'BLEU_1': 0.3195847160860713, 'BLEU_2': 0.23004458985602963, 'BLEU_3': 0.17673393822925518, 'BLEU_4': 0.14154436891009628, 'LOSS': 14.290438822468811, 'ROUGE': 0.3861809244845874, 'EXAMPLE': 'pred: am dienstag mal sonne mal wolken und weitgehend trocken, target: am dienstag überall viel sonne nur lockere wolken und trocken'}
BASELINE METRICS: {'BLEU_1': 0.09094908292497328, 'BLEU_2': 0.04322398958422319, 'BLEU_3': 0.0208016188292086, 'BLEU_4': 0.01154076525203481, 'ROUGE': 0.23376486315300238}
['in der nordosthälfte regnet es heute nacht gebietsweise sonst ist es teilweise klar', 'im süden weht der wind schwach bis mäßig an den küsten teilweise frisch', 'und nun die wettervorhersage für morgen freitag den dreizehnten november', 'stellenweise schauer im norden']
['in nordensten regläuft die nacht klar klar regnet es hier und da noch be er', 'der tag ist süden schwacher bis kü nord richtunger im norden frischer wind mit der küsee undtürmische böener  aus', 'und nun die wettervorhersage für morgen freitag den dreizehnten maierererer', 'es schauer und auch die im norden er auf aus dabei aus']
['im nordosten verläuft die nacht oft klar sonst regnet es hier und da', 'am tag im süden schwacher in der mitte mäßiger im norden frischer wind an der ostsee stürmische böen', 'und nun die wettervorhersage für morgen freitag den dreizehnten november', 'einzelne schauer sind auch dabei die im norden häufiger auftreten']
--------------------------------------------------

--------------------------------------------------
EPOCH: 43
TIME: 1708.7022767066956
AVG. LOSS: 15.575808263147563
EPOCH METRICS: {'BLEU_1': 0.2998615295939802, 'BLEU_2': 0.21639383519763933, 'BLEU_3': 0.1649341635863025, 'BLEU_4': 0.1301072846440486, 'LOSS': 14.161101970139725, 'ROUGE': 0.3801078971308024, 'EXAMPLE': 'pred: liebe zuschauer, target: das temperaturniveau ändert sich auch über das wochenende hinaus kaum'}
BASELINE METRICS: {'BLEU_1': 0.09094908292497328, 'BLEU_2': 0.04322398958422319, 'BLEU_3': 0.0208016188292086, 'BLEU_4': 0.01154076525203481, 'ROUGE': 0.23376486315300238}
['vom atlantik nähert sich aber wieder ein paar nebelfelder aus', 'die nächsten tage bringen noch nicht', 'aber in der osthälfte weiterhin frostig in den westlichen mittelgebirgen bis minus sieben grad plus', 'jetzt wünsche ich ihnen noch einen schönen abend']
['das allem demnen regenkenband ist es aber klartlich bildet sich nebeler', 'und so wird es noch auch noch den nächsten tagen k nichter aner grad', 'aber so wird regenwettertief tage wird nichts f auch überall frosstig am westen minus sieben bis minus sieben grad westen es f null grad auch auch noch frost westen  bis bis grad grad grad graderererer grad erer', 'und gelten entsprechende warnungen des deutschen wetterdienstes aus grad aus de']
['vor und hinter dem wolkenband ist es teilweise klar örtlich bildet sich nebel', 'und so bleibt es dann auch in den nächsten tagen erstmal', 'und trotz dieses tauwetters es wird nachts ja fast überall frostig im osten minus vier bis minus sieben grad im westen sind es etwa null grad und vielleicht auch kein frost mehr ganz im westen', 'es bestehen entsprechende warnungen des deutschen wetterdienstes']
--------------------------------------------------

--------------------------------------------------
EPOCH: 44
TIME: 1723.6926012039185
AVG. LOSS: 14.743615083119243
EPOCH METRICS: {'BLEU_1': 0.30453183521389954, 'BLEU_2': 0.2163808603333593, 'BLEU_3': 0.16282890653146803, 'BLEU_4': 0.1281797680399279, 'LOSS': 14.256048383510642, 'ROUGE': 0.3821230754690774, 'EXAMPLE': 'pred: im süden ist es teilweise klar, target: im süden funkeln ohnehin häufig die sterne'}
BASELINE METRICS: {'BLEU_1': 0.09094908292497328, 'BLEU_2': 0.04322398958422319, 'BLEU_3': 0.0208016188292086, 'BLEU_4': 0.01154076525203481, 'ROUGE': 0.23376486315300238}
['am tag einundzwanzig grad an der see und einunddreißig grad in der lausitz', 'morgen nur noch einzelne gewitter', 'von westen breiten sich später kräftige schauer und gewitter aus die örtlich unwetterartig sein können', 'im süden teilweise kräftige schauer und gewitter']
['am tag dreiundzwanzig grad an rült einunddreißig grad an oberrhein ane grader', 'morgen nu es nur noch vereinzelt gewitteren am', 'im westen wirdruhigt sich das das we dann die haben wir auch scho den nächsten stunden scho  paar gewitterschau an der nordseesteeer be er', 'im im süden und schauer und gewittertt aus']
['am tag einundzwanzig grad auf sylt einunddreißig grad am oberrhein', 'morgen gibt es nur noch vereinzelt gewitter', 'im westen beruhigt sich später das ganze und wir haben wahrscheinlich jetzt in den nächsten stunden auch noch ein paar gewitter oben an der nordseeküste zu erwarten', 'später im süden einzelne schauer oder gewitter']
--------------------------------------------------

--------------------------------------------------
EPOCH: 45
TIME: 1711.2950727939606
AVG. LOSS: 14.594505591080718
EPOCH METRICS: {'BLEU_1': 0.3098143746620533, 'BLEU_2': 0.22194692187274154, 'BLEU_3': 0.16884688831237862, 'BLEU_4': 0.13505053128800834, 'LOSS': 14.171311666051317, 'ROUGE': 0.38046600589712337, 'EXAMPLE': 'pred: am samstag viel sonne im norden einzelne schauer, target: am samstag viel sonne ganz im norden einzelne schauer'}
BASELINE METRICS: {'BLEU_1': 0.09094908292497328, 'BLEU_2': 0.04322398958422319, 'BLEU_3': 0.0208016188292086, 'BLEU_4': 0.01154076525203481, 'ROUGE': 0.23376486315300238}
['liebe zuschauer guten abend', 'in der nacht regnet es in der osthälfte gebietsweise sonst ist es teilweise klar', 'am tag mal sonne mal wolken vor allem in der nordhälfte zeigt sich stellenweise auch mal die sonne', 'tiefer luftdruck bestimmt unser wetter']
['die das temperaturen sin jetztbriten der sie sichwärmergen undt dabeier und dabei möglich und dabeie grad aus ähnlich dabeier aus', 'heute die regen scho nacht im derenen im osten klar es klar scho troerererer aus austener grad be grad grad', 'am tag beginnt ders sonne teils wolnebelartigartigwölkt scheint sich an am die sonnee grader grad grad aus aus aus auser grad aus dabei', 'ein tief tief tiefs das unser wetter bis aus']
['und die temperaturen werden großartig jedenfalls wenn sie wärme mögen', 'also neuer regen heute nacht von nordwesten im osten bleibt es aber noch klar', 'der tag beginnt teils sonnig teils hochnebelartig bewölkt später setzt sich dann verbreitet die sonne durch', 'ein umfangreiches tief bestimmt weiter unser wetter']
--------------------------------------------------

--------------------------------------------------
EPOCH: 46
TIME: 1728.0721986293793
AVG. LOSS: 14.345760123436722
EPOCH METRICS: {'BLEU_1': 0.31947274677691523, 'BLEU_2': 0.23319011903383222, 'BLEU_3': 0.1804708519982205, 'BLEU_4': 0.14698770917335563, 'LOSS': 14.22709900244123, 'ROUGE': 0.39238649723483116, 'EXAMPLE': 'pred: am samstag teilweise kräftige gewitterschauer, target: samstag ebenso und dann am sonntag vielleicht im westen die ersten schauer und gewitter'}
BASELINE METRICS: {'BLEU_1': 0.09094908292497328, 'BLEU_2': 0.04322398958422319, 'BLEU_3': 0.0208016188292086, 'BLEU_4': 0.01154076525203481, 'ROUGE': 0.23376486315300238}
['am dienstag mehr wolken als sonne besonders im westen einzelne schauer oder gewitter', 'eine kaltfront die heute nacht abkühlung im südosten mit zehn bis dreizehn grad', 'am tag dreizehn grad bei längerem nebel und kühler', 'tiefer luftdruck bestimmt unser wetter']
['am dienstag mal wolchten wolken auch malücken in der westkendecke vor allem im westen und süd der mitte einzelne sich einzelneweise schauer und gewitterererer erer', 'die wird bei ja heute dieser kaltenuft noch denn im haben in nacht scho den frost im oo und inosten bis bis etwasstellige minusgrade bis auserererer bis er', 'am tag dannf grad siezehn grad bei längerem nebel und es kühlerererer', 'von tief über nord nordsee über kräftigmb regenschau  osten auserer auser']
['am dienstag neben dichten wolken auch lücken in der wolkendecke vor allem im westen und in der mitte entwickeln sich stellenweise schauer und gewitter', 'das ganze läuft ja in diese kaltluft rein denn wir haben heute nacht noch verbreitet frost im süden und südosten sogar noch zweistellige minusgrade', 'am tag elf bis achtzehn grad bei längerem nebel ist es kühler', 'dieses tief von der nordsee mit sturm und regen zieht also weiter nach osten']
--------------------------------------------------

--------------------------------------------------
EPOCH: 47
TIME: 1724.656051158905
AVG. LOSS: 13.742526504205879
EPOCH METRICS: {'BLEU_1': 0.31180963468898176, 'BLEU_2': 0.2232066355590581, 'BLEU_3': 0.16888865663745734, 'BLEU_4': 0.13341583197738077, 'LOSS': 14.149285378943059, 'ROUGE': 0.383627129577663, 'EXAMPLE': 'pred: im süden bleibt es meist trocken örtlich bildet sich nebel, target: im süden bleibt es meist trocken zwischen einigen wolken und nebelfeldern zeigt sich hier und da die sonne'}
BASELINE METRICS: {'BLEU_1': 0.09094908292497328, 'BLEU_2': 0.04322398958422319, 'BLEU_3': 0.0208016188292086, 'BLEU_4': 0.01154076525203481, 'ROUGE': 0.23376486315300238}
['am nachmittag schneit es hier und da etwas sonniger', 'von norden strömt kältere luft zu uns nach deutschland', 'nur im norden noch schauer', 'und nun die wettervorhersage für morgen sonntag den siebenundzwanzigsten januar']
['am am dann mitmittag sch sonneefälle am weensten am abmit dann dann an mal son sonne zum vorscheinenen anens bis sch nach   sch sch scher', 'im norden strömt heran kältere luft zu uns deutschland  stweise aus  aus  auser  grad aus', 'vor regen fallen nur im im nordener auser  be auser', 'und nun die wettervorhersage für morgen sonntag den siebenundzwanzigsten januarererher']
['und wenn am vormittag die schneefälle im südosten langsam nachlassen kommt ab und zu mal die sonne zum vorschein', 'von norden strömt noch kältere luft zu uns nach deutschland', 'etwas regen fällt nur noch im norden', 'und nun die wettervorhersage für morgen sonntag den siebenundzwanzigsten januar']
--------------------------------------------------

--------------------------------------------------
EPOCH: 48
TIME: 1728.0125653743744
AVG. LOSS: 13.34801446302902
EPOCH METRICS: {'BLEU_1': 0.32606772159319664, 'BLEU_2': 0.23276797193708454, 'BLEU_3': 0.1764964125957219, 'BLEU_4': 0.13993595209214324, 'LOSS': 14.392165888251597, 'ROUGE': 0.39704775483291666, 'EXAMPLE': 'pred: morgen achtundzwanzig bis dreiundzwanzig grad, target: am tag dann temperaturen zwischen achtzehn und dreiundzwanzig grad'}
BASELINE METRICS: {'BLEU_1': 0.09094908292497328, 'BLEU_2': 0.04322398958422319, 'BLEU_3': 0.0208016188292086, 'BLEU_4': 0.01154076525203481, 'ROUGE': 0.23376486315300238}
['morgen reichen die temperaturen von schleswig holstein bis nach baden württemberg bis nach nordrhein westfalen im übrigen land bleibt es meist trocken', 'zwanzig bis neunundzwanzig grad in der lausitz', 'am samstag im süden recht freundlich sonst viele wolken und einige schauer an den küsten einzelne gewitter', 'im bergland schwere sturmböen an der see orkanböen sonst weht der wind schwach bis mäßig an der nordsee auch frisch']
['auch aber es morgen die sonne zeigt nochs und und gibt ein sogar bis schneeflocken vor im südensten sch den bei und brandenburg wird brand sein sein sein     sch dabei aucherer sch zwischener sch zwischens aus aus aus aus aus sch aus sch', 'z tag vierwanzig grad in der nordsee und bis neunundzwanzig grad in derern ele grad zwischen grad biserer', 'am samstag im süden und freundliches viele wolken und weise  der nordste  einzelneitterer aus auch be auser auser aus aus aus aus aus aus  aus aus er', 'in deritter sindhe sindhr vontürmischer böen sonst weacher bis mäßiger wind nordenen teilweise frischer an süd bis aus   aus ausere aus aus aus aus aus auser aus dabeierererererer']
['da wird auch morgen die sonne kaum rauskommen es gibt sogar ein paar schneeflocken hier im nordosten um berlin herum und brandenburg', 'am tag zwanzig grad an der nordsee und bis neunundzwanzig grad in bayern', 'am samstag im süden recht freundlich sonst viele wolken und zeitweise regen an der küste auch gewitter', 'in gewitternähe gefahr stürmischer böen sonst schwacher bis mäßiger im nordwesten auch frischer wind aus südwest']
--------------------------------------------------

--------------------------------------------------
EPOCH: 49
TIME: 1722.24476480484
AVG. LOSS: 13.171199063437633
EPOCH METRICS: {'BLEU_1': 0.3387870543971944, 'BLEU_2': 0.24123965617276114, 'BLEU_3': 0.1816293640463284, 'BLEU_4': 0.14383356200972297, 'LOSS': 14.443169419246372, 'ROUGE': 0.3971756309598112, 'EXAMPLE': 'pred: liebe zuschauer, target: hallo und guten abend'}
BASELINE METRICS: {'BLEU_1': 0.09094908292497328, 'BLEU_2': 0.04322398958422319, 'BLEU_3': 0.0208016188292086, 'BLEU_4': 0.01154076525203481, 'ROUGE': 0.23376486315300238}
['vom westen bis zur lausitz fällt heute nacht regen der örtlich gefrierender regen bringen', 'im süden heute nacht örtlich strenger frost an der nordsee ein grad', 'im norden bildet sich stellenweise nebel oder gefrierender regen', 'in der osthälfte ist es meist freundlich sonst regnet es gebietsweise']
['die beängt ab immerwiegend milde luft heran so sorgt noch regen regen  bis bis und de bö böee er grad auss bringen bringener', 'in die uns heute auch scho kü starkhle luftchte nahe null grad heute nacht norddeutschland luft aus biserer graderer er grader grad auser grader auser', 'im norden und osten habennebel odere niewölkt und en norden kann es gefrierenden regen sprregen geben  er grad zwischener er de auserer grad de  de grad be', 'am enen  ein scho schon morgen freundliches wetter sonst es  im osten zum regen längergiebiger regenfälle underer grader  beerert  beer scher']
['dabei fließt noch überwiegend milde luft heran und zunächst fällt meist regen', 'aber bei uns eben auch noch sehr kühle nächte nahe null grad heute in norddeutschland', 'im norden und osten hochnebelartige bewölkung im äußersten norden kann es gefrierenden sprühregen geben', 'dem südwesten bringt das hoch schon recht freundliches wetter während das tief im osten noch für ergiebigen regen sorgt']
--------------------------------------------------
