Loaded dependency [python3/3.10.7]: gcc/11.3.0-binutils-2.38
Loaded module: python3/3.10.7

Loading python3/3.10.7
  Loading requirement: gcc/11.3.0-binutils-2.38
Loaded module: cuda/12.0
Loaded module: cudnn/v8.3.2.44-prod-cuda-11.X
INFO:absl:Using default tokenizer.
Traceback (most recent call last):
  File "/zhome/d6/f/156047/BachelorProject/Sign2Text/main.py", line 59, in <module>
    main()
  File "/zhome/d6/f/156047/BachelorProject/Sign2Text/main.py", line 55, in main
    train(model, dataloader_train, dataloader_val, T_CFG)
  File "/zhome/d6/f/156047/BachelorProject/Sign2Text/Trainer/trainer.py", line 165, in train
    save_checkpoint(save_path, model, optimizer, scheduler, epoch, epoch_losses, epoch_metrics[epoch]["BLEU_4"])
  File "/zhome/d6/f/156047/BachelorProject/Sign2Text/utils/save_checkpoint.py", line 4, in save_checkpoint
    torch.save({'epoch' : epoch,
  File "/zhome/d6/f/156047/.local/lib/python3.10/site-packages/torch/serialization.py", line 422, in save
    with _open_zipfile_writer(f) as opened_zipfile:
  File "/zhome/d6/f/156047/.local/lib/python3.10/site-packages/torch/serialization.py", line 309, in _open_zipfile_writer
    return container(name_or_buffer)
  File "/zhome/d6/f/156047/.local/lib/python3.10/site-packages/torch/serialization.py", line 287, in __init__
    super(_open_zipfile_writer_file, self).__init__(torch._C.PyTorchFileWriter(str(name)))
RuntimeError: Parent directory /work3/s204138/back-models/Sign2Text/NLL_fb4_no_feature_crop_author_cfg does not exist.
