Tue May  9 11:54:16 2023       
+---------------------------------------------------------------------------------------+
| NVIDIA-SMI 530.41.03              Driver Version: 530.41.03    CUDA Version: 12.1     |
|-----------------------------------------+----------------------+----------------------+
| GPU  Name                  Persistence-M| Bus-Id        Disp.A | Volatile Uncorr. ECC |
| Fan  Temp  Perf            Pwr:Usage/Cap|         Memory-Usage | GPU-Util  Compute M. |
|                                         |                      |               MIG M. |
|=========================================+======================+======================|
|   0  NVIDIA A100 80GB PCIe           On | 00000000:65:00.0 Off |                    0 |
| N/A   47C    P0               47W / 300W|      0MiB / 81920MiB |      0%   E. Process |
|                                         |                      |             Disabled |
+-----------------------------------------+----------------------+----------------------+
                                                                                         
+---------------------------------------------------------------------------------------+
| Processes:                                                                            |
|  GPU   GI   CI        PID   Type   Process name                            GPU Memory |
|        ID   ID                                                             Usage      |
|=======================================================================================|
|  No running processes found                                                           |
+---------------------------------------------------------------------------------------+
----------GLOSS VOCAB SIZE 1085----------
----------GLOSS VOCAB SIZE 1085----------
----------GLOSS VOCAB SIZE 1085----------
Loading entire state dict directly...
Succesfully loaded
Freezing up to block 4 in S3D backbone

--------------------Preparing Baseline Metrics--------------------

--------------------Starting Training--------------------

--------------------------------------------------
EPOCH: 0
TIME: 1500.467340707779
AVG. LOSS: 34.67019556071336
EPOCH METRICS: {'BLEU_1': 0.0649778347721872, 'BLEU_2': 0.03245210971678329, 'BLEU_3': 0.017734547378362813, 'BLEU_4': 0.010859209886588964, 'LOSS': 13.44003112283975, 'ROUGE': 0.12080126351789428, 'EXAMPLE': 'pred: geht weiter das wetterbestimmendinavien, target: diese ganzen gewitter werden gesteuert von einem höhentief über nordeuropa das wird diese warmluft abdrängen und durch deutlich kühlere von westen her ersetzen'}
BASELINE METRICS: {'BLEU_1': 0.09094908292497328, 'BLEU_2': 0.04322398958422319, 'BLEU_3': 0.0208016188292086, 'BLEU_4': 0.01154076525203481, 'ROUGE': 0.2340829444658984}
['temperaturen zwischen und fünfzehn entlang des rheins milde elf', 'südlich des mains bleibt es recht freundlich', 'ähnliches wetter', 'südlich des mains bleibt es klar']
['und tag minusze im vogtland und ein grad in südsgau und temperaturen hoch hoch hoch hoch hoch hoch hoch hoch hoch', 'im süden und osten bleibt es noch freundlich hoch hoch hoch hoch hoch hoch hoch hoch hoch hoch hoch hoch', 'und einen schönen abend und machen sie es gut', 'amrichtung süden wird wird es so ein temperaturen örolken ab abtlich ein paar tropfen bringen so etwaom südzgebirge bisüringer wald und zum erarzwald und']
['am tag fünf grad im vogtland und zwölf grad im breisgau', 'im süden und osten bleibt es noch freundlich', 'ihnen einen schönen abend und machen sie es gut', 'richtung süden da sind noch so die restwolken die örtlich ein paar tropfen bringen können so vom erzgebirge thüringer wald bis zum schwarzwald']
--------------------------------------------------

--------------------------------------------------
EPOCH: 1
TIME: 1726.9460880756378
AVG. LOSS: 29.70862593887355
EPOCH METRICS: {'BLEU_1': 0.10113304742629256, 'BLEU_2': 0.061152177530498356, 'BLEU_3': 0.03887195459950064, 'BLEU_4': 0.02572118811486308, 'LOSS': 13.798285100731087, 'ROUGE': 0.18031807862698687, 'EXAMPLE': 'pred: sechzehn an den alpen regnet es, target: auch am tag im süden noch schnee am rhein auch schneeregen'}
BASELINE METRICS: {'BLEU_1': 0.09094908292497328, 'BLEU_2': 0.04322398958422319, 'BLEU_3': 0.0208016188292086, 'BLEU_4': 0.01154076525203481, 'ROUGE': 0.2340829444658984}
['sechzehn grad am samstag', 'sechzehn grad im nordwesten', 'sechzehn bis zum teil ergiebig', 'sechzehn anfangs noch einzelne schauer']
['am samstag  es dann fmwe einwechselhaft und bis windigt', 'in nordsten und nordwesten istläuft die nacht teilweise trocken sonsttlich bildet sich nebel', 'in in norden land scheint wolken die meist trockene luftltgene', 'im fällt sch imneeschau impel imer sonstzwischen an mal sone zeitnegen']
['am samstag gibt es einen temperatursturz dabei wechselhaft und sehr windig', 'im westen und nordwesten verläuft die nacht meist trocken örtlich bildet sich nebel', 'auch im übrigen land viele wolken aber meist trocken', 'sonst einzelne regen schnee und graupelschauer dazwischen auch mal längere sonnige phasen']
--------------------------------------------------

--------------------------------------------------
EPOCH: 2
TIME: 1712.197074174881
AVG. LOSS: 28.81987327706854
EPOCH METRICS: {'BLEU_1': 0.013947796524619808, 'BLEU_2': 0.004817930367021885, 'BLEU_3': 0.0021800270439751037, 'BLEU_4': 0.0011821445879849986, 'LOSS': 14.029008712842055, 'ROUGE': 0.05935604270112346, 'EXAMPLE': 'pred: sechzehn bis fünfundzwanzig grad, target: auch am oberrhein nehmen gegen abend die wolken zu'}
BASELINE METRICS: {'BLEU_1': 0.09094908292497328, 'BLEU_2': 0.04322398958422319, 'BLEU_3': 0.0208016188292086, 'BLEU_4': 0.01154076525203481, 'ROUGE': 0.2340829444658984}
['sechzehn bis fünfundzwanzig grad', 'sechzehn bis fünfundzwanzig grad', 'sechzehn bis fünfundzwanzig grad im breisgau', 'sechzehn bis fünfundzwanzig grad']
['am wird entsprechende warwetterwarnungen des deutschen wetterdienstestenn das aber', 'am dem sich sich auch ein die sonne raucken mitesten in im nordo und undtenttt vonten', 'am wolststtemperaturen vonr noch schen im morgen son  werden lter luft auch auch auch', 'am  tiefen sturr danng liegt derwetterwar aus gewitter auch auch auch auch über auch zu das über']
['es gelten entsprechende unwetterwarnungen des deutschen wetterdienstes', 'zwischendurch kann sich auch mal die sonne blicken lassen am ehesten noch im norden', 'die höchsttemperaturen nur ein bis sechs grad und die nächsten tage werden noch kälter', 'neben der extremen wärmebelastung können unwetterartige gewitter entstehen']
--------------------------------------------------

--------------------------------------------------
EPOCH: 3
TIME: 1719.4631886482239
AVG. LOSS: 28.112686607990888
EPOCH METRICS: {'BLEU_1': 0.056085895371681155, 'BLEU_2': 0.025224480131032227, 'BLEU_3': 0.01336024258039293, 'BLEU_4': 0.008245994513431354, 'LOSS': 13.440796493794876, 'ROUGE': 0.12812558321452078, 'EXAMPLE': 'pred: sechzehn bis siebenundzwanzig grad, target: und es wird dann auch bis freitag wieder kühler'}
BASELINE METRICS: {'BLEU_1': 0.09094908292497328, 'BLEU_2': 0.04322398958422319, 'BLEU_3': 0.0208016188292086, 'BLEU_4': 0.01154076525203481, 'ROUGE': 0.2340829444658984}
['sechzehn bis nachmittag noch dichtere wolken', 'sechzehn grad am alpenrand', 'sechzehn bis nachmittag einzelne schauer oder gewitter', 'sechzehn grad an der ostsee']
['im nordsten und schon ein bis dichtere wolken mit mit einzelnen regen oder tt in aufben', 'und die wirdnet in ab amr  im r aber samwochenende und wirdt auchtttttt zu und', 'im der pen sind sich vor nachmittag einzelne und da gewitter die in in in auch auch auch in gew gew', 'und nun die wettervorhersage für morgen montag den einundigsten oktober morgen']
['im westen sind schon ein paar dichtere wolken unterwegs mit wenig regen', 'ja es regnet weiter allerdings nur noch in norddeutschland am wochenende', 'über den alpen bilden sich am nachmittag hier und da gewitter', 'und nun die wettervorhersage für morgen montag den dreißigsten november']
--------------------------------------------------

--------------------------------------------------
EPOCH: 4
TIME: 1702.3449003696442
AVG. LOSS: 27.811998654379515
EPOCH METRICS: {'BLEU_1': 0.08396099833965544, 'BLEU_2': 0.04880669848916899, 'BLEU_3': 0.026848325070926188, 'BLEU_4': 0.014305052633007655, 'LOSS': 13.557049661243123, 'ROUGE': 0.1561322268838786, 'EXAMPLE': 'pred: sechzehn grad am oberrhein, target: und morgen haben wir meist zwischen zwei und sechs grad zu erwarten aber in bayern bleibt es eben ein bisschen kälter und in den mittelgebirgen'}
BASELINE METRICS: {'BLEU_1': 0.09094908292497328, 'BLEU_2': 0.04322398958422319, 'BLEU_3': 0.0208016188292086, 'BLEU_4': 0.01154076525203481, 'ROUGE': 0.2340829444658984}
['sechzehn bis fünfundzwanzig grad', 'sechzehn bis morgen frühlingshaftes wetter', 'sechzehn grad heute nacht im breisgau', 'sechzehn grad am oberrhein']
['am südenen heute scho ne z ne so ne do z z da fünfstellzwanzig gradenenststenee', 'am tag regnet es im der ososhälfte  und an anschau alensten ist es teilweiseweise wol sche zeit klarrüb kannttttt im auch', 'in der nacht reg die vor nordsten undschauer und gewitter im im auf im osten  ttntt', 'morgen wird sich im nebelfelder teil wieder im süden und noch ganzen tag über und auchttt kann kanntt ha aber']
['im südwesten dagegen nochmal richtig ja frühsommerlich warm mit einundzwanzig grad', 'am tag regnet es in der nordwesthälfte ab und an richtung südosten ist es stellenweise für längere zeit trüb', 'in der nacht bringt es von westen schauer und gewitter die morgen auch den osten erreichen', 'morgen hält sich der nebel zum teil lange im süden oft den ganzen tag']
--------------------------------------------------

--------------------------------------------------
EPOCH: 5
TIME: 1719.386803150177
AVG. LOSS: 28.35170824202502
EPOCH METRICS: {'BLEU_1': 0.06670826121092224, 'BLEU_2': 0.0400161617766133, 'BLEU_3': 0.024958259021554987, 'BLEU_4': 0.01579574798806712, 'LOSS': 9.641739898564039, 'ROUGE': 0.14432943605724557, 'EXAMPLE': 'pred: sechzehn grad in der südosthälfte, target: am tag schneit es im süden und osten gebietsweise im flachland auch schneeregen'}
BASELINE METRICS: {'BLEU_1': 0.09094908292497328, 'BLEU_2': 0.04322398958422319, 'BLEU_3': 0.0208016188292086, 'BLEU_4': 0.01154076525203481, 'ROUGE': 0.2340829444658984}
['sechzehn grad', 'sechzehn grad an der ostsee', 'sechzehn grad am donnerstag', 'sechzehn grad am montag ist es meist freundlich']
['am nun giltwochenende wirdzw es windtag dann norden  iternrige  der es auch wachsen sein eben in hler und und und auch', 'dasom atlantik bist sich ein tiefausgebiete sorgtnkt etwas von warmede luftssengren damitwolken nach deutschlandttt', 'am am allen dingen am dass donnerstag wird es zum auch denern noch nochergen geben  sogar mal schwiemmungen genttsttttt', 'und undg wirdruhigt sich das wetter wieder hochdruckeinfluss wieder wiederser das']
['und das wochenende da wird der freitag im süden noch gewittrig ansonsten wird es ziemlich durchwachsen und auch wieder kühler', 'vom atlantik nähert sich ein tiefdruckgebiet und lenkt dabei sehr milde luftmassen und regenwolken nach deutschland', 'und vor allen dingen so am donnerstag kann es dann in bayern auch starkregen wieder geben vielleicht sogar mit überschwemmungen', 'ab montag beruhigt sich das wetter unter hochdruckeinfluss wieder']
--------------------------------------------------
