Sat May  6 00:19:22 2023       
+---------------------------------------------------------------------------------------+
| NVIDIA-SMI 530.41.03              Driver Version: 530.41.03    CUDA Version: 12.1     |
|-----------------------------------------+----------------------+----------------------+
| GPU  Name                  Persistence-M| Bus-Id        Disp.A | Volatile Uncorr. ECC |
| Fan  Temp  Perf            Pwr:Usage/Cap|         Memory-Usage | GPU-Util  Compute M. |
|                                         |                      |               MIG M. |
|=========================================+======================+======================|
|   0  NVIDIA A100 80GB PCIe           On | 00000000:65:00.0 Off |                    0 |
| N/A   38C    P0               45W / 300W|      0MiB / 81920MiB |      0%   E. Process |
|                                         |                      |             Disabled |
+-----------------------------------------+----------------------+----------------------+
                                                                                         
+---------------------------------------------------------------------------------------+
| Processes:                                                                            |
|  GPU   GI   CI        PID   Type   Process name                            GPU Memory |
|        ID   ID                                                             Usage      |
|=======================================================================================|
|  No running processes found                                                           |
+---------------------------------------------------------------------------------------+
----------GLOSS VOCAB SIZE 1085----------
----------GLOSS VOCAB SIZE 1085----------
----------GLOSS VOCAB SIZE 1085----------
Loading entire state dict directly...
Succesfully loaded
Freezing up to block 4 in S3D backbone

--------------------Preparing Baseline Metrics--------------------

--------------------Starting Training--------------------

--------------------------------------------------
EPOCH: 0
TIME: 1581.0676624774933
AVG. LOSS: 38.10191530520107
EPOCH METRICS: {'BLEU_1': 0.05244775411299736, 'BLEU_2': 0.01818610503676975, 'BLEU_3': 0.005593448188792356, 'BLEU_4': 0.0, 'LOSS': 15.738749685085349, 'ROUGE': 0.12407867604754347, 'EXAMPLE': 'pred: und es gibt auch noch, target: heute nacht sind im norden und in der mitte ein paar schauer unterwegs an den alpen regnet es hier und da'}
BASELINE METRICS: {'BLEU_1': 0.09094908292497328, 'BLEU_2': 0.04322398958422319, 'BLEU_3': 0.0208016188292086, 'BLEU_4': 0.01154076525203481, 'ROUGE': 0.23409513622147704}
['', 'erreicht es gibt es in der nordost', 'süden der windig klart es schne in', 'erreicht der ne tag  über ein paar westen und es wird auch auf']
['es wechseln sonne und wolken', 'und auch so zwischen ostsee und eifel oder auch am oberrhein können gelegentlich ein paar regentropfen fallen viel wird es aber nicht sein', 'das tief das sich bei großbritannien bildet sorgt dafür dass regenwolken in die westlichen landesteile deutschlands ziehen', 'von westen ziehen am nachmittag neue wolken ins land und gebietsweise fällt regen']
--------------------------------------------------

--------------------------------------------------
EPOCH: 1
TIME: 1744.08655667305
AVG. LOSS: 32.66555393696369
EPOCH METRICS: {'BLEU_1': 2.491389726822696e-06, 'BLEU_2': 2.248684772398807e-06, 'BLEU_3': 0.0, 'BLEU_4': 0.0, 'LOSS': 13.56550056764386, 'ROUGE': 0.022484250869580488, 'EXAMPLE': 'pred: vier grad, target: in der nacht sechs grad an der nordsee und minus drei grad an der unteren donau'}
BASELINE METRICS: {'BLEU_1': 0.09094908292497328, 'BLEU_2': 0.04322398958422319, 'BLEU_3': 0.0208016188292086, 'BLEU_4': 0.01154076525203481, 'ROUGE': 0.23409513622147704}
['', '', '', '']
['mittwoch und donnerstag regnet oder schneit es vor allem im süden am freitag dann eher im westen', 'im norden unter klarem himmel heute nacht leichter frost an der isar bis sieben grad plus', 'auf den bergen keine schwere sturmböen geben', 'am montag mehr sonne als wolken einzelne schauer fallen vor allem am nachmittag über den alpen und im schwarzwald']
--------------------------------------------------

--------------------------------------------------
EPOCH: 2
TIME: 1791.4656043052673
AVG. LOSS: 31.32531724734129
EPOCH METRICS: {'BLEU_1': 0.0001836152132604342, 'BLEU_2': 7.717148427641976e-05, 'BLEU_3': 2.828948745891719e-05, 'BLEU_4': 0.0, 'LOSS': 15.655544623703856, 'ROUGE': 0.023914365510977184, 'EXAMPLE': 'pred: , target: auch am dienstag viele wolken die etwas mehr regen oder schnee fallen lassen'}
BASELINE METRICS: {'BLEU_1': 0.09094908292497328, 'BLEU_2': 0.04322398958422319, 'BLEU_3': 0.0208016188292086, 'BLEU_4': 0.01154076525203481, 'ROUGE': 0.23409513622147704}
['kan', '', '', '']
['es geht dann heiß weiter in den nächsten tagen bis zu siebenunddreißig grad am freitag wieder', 'schwacher bis mäßiger an der see teilweise frischer west bis nordwestwind der in schauernähe stark böig auffrischen kann', 'und im osten und im süden geht es nochmal ruhig weiter mit klarem himmel oder zum teil auch mit dunst oder nebelfeldern leichter frost ist dann auch nochmal möglich', 'am samstag nur stellenweise etwas regen oder schnee']
--------------------------------------------------

--------------------------------------------------
EPOCH: 3
TIME: 1819.8077030181885
AVG. LOSS: 30.400069074942536
EPOCH METRICS: {'BLEU_1': 0.10959633876013337, 'BLEU_2': 0.04507530893394876, 'BLEU_3': 0.013208074294075185, 'BLEU_4': 0.004543631935045376, 'LOSS': 15.360300706301121, 'ROUGE': 0.14441890932220497, 'EXAMPLE': 'pred: se im im nordostenen ist es sich schauer, target: am montag gibt es verbreitet schauer richtung osten auch noch kräftige gewitter im südwesten längere zeit freundlich'}
BASELINE METRICS: {'BLEU_1': 0.09094908292497328, 'BLEU_2': 0.04322398958422319, 'BLEU_3': 0.0208016188292086, 'BLEU_4': 0.01154076525203481, 'ROUGE': 0.23409513622147704}
['', 'se', 'se', '']
['vielerorts gibt es starke bis stürmische böen vereinzelt sturmböen', 'das hoch über großbritannien sorgt dafür dass das meist sonnige wetter bei uns anhält', 'von der eifel bis zum alpenrand fällt gebietsweise regen der örtlich kräftig sein kann', 'im südosten schwacher bis mäßiger wind sonst weht er mäßig bis frisch mit starken bis stürmischen böen vereinzelt sind auch sturmböen dabei']
--------------------------------------------------

--------------------------------------------------
EPOCH: 4
TIME: 1873.7758388519287
AVG. LOSS: 30.135811241799303
EPOCH METRICS: {'BLEU_1': 0.16873889875666073, 'BLEU_2': 0.06657815715280789, 'BLEU_3': 0.016436451920183136, 'BLEU_4': 0.0, 'LOSS': 15.702665456687324, 'ROUGE': 0.1889873073218256, 'EXAMPLE': 'pred: se das das tief tief tief tief tief tief tief tief tiefdruckatlantik  uns morgen vondeutschland nords in der regen und nach südwesten hochsten freundlich luft, target: tiefs über nordeuropa bringen den nordwesten deutschlands morgen schauer und dem südosten gewitter'}
BASELINE METRICS: {'BLEU_1': 0.09094908292497328, 'BLEU_2': 0.04322398958422319, 'BLEU_3': 0.0208016188292086, 'BLEU_4': 0.01154076525203481, 'ROUGE': 0.23409513622147704}
['', 'se wind windstursturstursturstursturmbö bö', 'se ne', '']
['heute nacht ist es vielerorts sternenklar stellenweise bildet sich nebel', 'vorsicht wegen sturmböen teilweise auch schweren sturmböen im norden zum teil orkanartige böen auf den höheren bergen orkanböen', 'sieben grad heute nacht im allgäu sonst neun bis vierzehn an der ostsee bis fünfzehn grad', 'dabei ist es windig im bergland stürmisch']
--------------------------------------------------

--------------------------------------------------
EPOCH: 5
TIME: 1880.661494255066
AVG. LOSS: 29.831570609715236
EPOCH METRICS: {'BLEU_1': 0.15582592419279362, 'BLEU_2': 0.06399268820003047, 'BLEU_3': 0.014842064846305288, 'BLEU_4': 0.0, 'LOSS': 15.57205942830139, 'ROUGE': 0.17284937448359017, 'EXAMPLE': 'pred: se schw schw schw schw schw schw schw schw schw schw schw schw schw schw schw schwmäßigachachachachachach bis  wind aus der nordwesten frische fris sonst südrichtung wehter west stark bö, target: am tag weht der wind schwach bis mäßig im norden und nordosten mäßig bis frisch an der ostsee stark'}
BASELINE METRICS: {'BLEU_1': 0.09094908292497328, 'BLEU_2': 0.04322398958422319, 'BLEU_3': 0.0208016188292086, 'BLEU_4': 0.01154076525203481, 'ROUGE': 0.23409513622147704}
['se das das das das we', 'se es es es', '', 'erreicht sch sch sch sch sch sch sch']
['dem norden und westen deutschlands beschert ein tiefausläufer immer mehr wolken', 'und das nächste tief überigens ex hurrikan bill das zieht weiter nördlich streift uns nur im nordwesten', 'wir haben hohe temperaturunterschiede in mitteleuropa also bei uns in deutschland bis zu dreißig grad aber im nordwesten eben nur bis zu zwanzig grad', 'dazu kann es aber glatt werden oberhalb von dreihundert metern rechnen wir in den mittelgebirgen heute nacht mit schnee']
--------------------------------------------------

--------------------------------------------------
EPOCH: 6
TIME: 1949.8127136230469
AVG. LOSS: 29.763743988153227
EPOCH METRICS: {'BLEU_1': 0.11708236907516929, 'BLEU_2': 0.03779346621396831, 'BLEU_3': 0.0, 'BLEU_4': 0.0, 'LOSS': 15.774597450487876, 'ROUGE': 0.15465680859014286, 'EXAMPLE': 'pred: se das das das das das tief übert sich luft, target: sie trennt kalte luft nördlich davon von milderer luft weiter südlich'}
BASELINE METRICS: {'BLEU_1': 0.09094908292497328, 'BLEU_2': 0.04322398958422319, 'BLEU_3': 0.0208016188292086, 'BLEU_4': 0.01154076525203481, 'ROUGE': 0.23409513622147704}
['se und temperaturen vierkan es grad bis einr zwischenzzighn drei', 'kan aber aber aber kühl sehr', 'erreicht son sonne wolken', 'erreicht die sich auch']
['auf rügen morgen frische sechs am oberrhein dagegen milde zwanzig grad', 'es wird auch entsprechend kühl', 'am tag im nordosten mal sonne mal wolken', 'am dienstag werden vom westen die wolken dichter schauer folgen']
--------------------------------------------------

--------------------------------------------------
EPOCH: 7
TIME: 1927.4851014614105
AVG. LOSS: 29.67281771512553
EPOCH METRICS: {'BLEU_1': 0.10130090062350859, 'BLEU_2': 0.034436184822521705, 'BLEU_3': 0.005832259310783099, 'BLEU_4': 0.0, 'LOSS': 15.395399742732847, 'ROUGE': 0.14501096929748744, 'EXAMPLE': 'pred: se das das das das tief tief tief tief tief über sich wolken  regen breite uns morgen nach noch und norden dieere hier mit mitte in der freundlich teilweise aber bewstensweise fälltnegebietschauere teils, target: in der mitte dagegen ist es stark bewölkt bis bedeckt und da fällt auch immer noch etwas regen'}
BASELINE METRICS: {'BLEU_1': 0.09094908292497328, 'BLEU_2': 0.04322398958422319, 'BLEU_3': 0.0208016188292086, 'BLEU_4': 0.01154076525203481, 'ROUGE': 0.23409513622147704}
['se am am am frei frei frei frei frei frei frei freitagtagtagtagtag wird es sturig winder und un s dermtür noch bisen gew', 'se die das das das das das das das das sichne und morgen über son', 'kan das wird wird t', 'erreicht und freundlich freundlich freundlich freundlich freundlich freundlich freundlich']
['am freitag in der nordhälfte regnerisch dabei sehr windig teilweise stürmisch', 'das hoch das morgen über dem östlichen mitteleuropa liegt bestimmt bis mindestens sonntag unser wetter mit viel sonne und steigenden temperaturen', 'am nachmittag lockert es hier und da auf aber gegen abend zieht von der nordsee wieder regen heran', 'auch morgen wird es in weiten teilen deutschlands oft freundlich']
--------------------------------------------------

--------------------------------------------------
EPOCH: 8
TIME: 1994.5114889144897
AVG. LOSS: 29.169083725102457
EPOCH METRICS: {'BLEU_1': 0.08013958995450862, 'BLEU_2': 0.02639566944640974, 'BLEU_3': 0.004528084610749756, 'BLEU_4': 0.0, 'LOSS': 15.833332093005465, 'ROUGE': 0.12413889552406598, 'EXAMPLE': 'pred: se am am tag tag tag scheint scheint scheint scheint scheint scheint scheint son son son son son sonnenenenenenenenenene viel zeigt häufig undnig diescheinnen nebel auch sich, target: im norden kann sich morgen auch mal die sonne blicken lassen'}
BASELINE METRICS: {'BLEU_1': 0.09094908292497328, 'BLEU_2': 0.04322398958422319, 'BLEU_3': 0.0208016188292086, 'BLEU_4': 0.01154076525203481, 'ROUGE': 0.23409513622147704}
['se am sam samstag son son son sonne undschauschauschauschauschauer  gew diee auch', 'se in tag tag tag tag teil klar klar klar klar klar klar klar klar klar klar klar klar klar klar klar klar klar klar klar klar klar klar klar klar klar klar klar klar klar klar klarbel und ne neenfelder sich auf auf nord', 'felder wind winderer schw schw schw schwen  nordr', 'erreicht am am frei frei frei frei freitag es sich nes die']
['auch am samstag ist es meist sonnig ab dem nachmittag bilden sich in der westhälfte einige schauer und gewitter die unwetterartig ausfallen können', 'im norden fällt heute nacht teilweise kräftiger regen sonst ist es verbreitet klar vor allem in den niederungen bildet sich nebel', 'abseits von schauern und gewittern weht der wind schwach bis mäßig im norden auch frisch', 'am freitag teils wolkig oder neblig trüb']
--------------------------------------------------

--------------------------------------------------
EPOCH: 9
TIME: 2032.07395029068
AVG. LOSS: 29.509406256433806
EPOCH METRICS: {'BLEU_1': 0.041809626507205176, 'BLEU_2': 0.015069854716879551, 'BLEU_3': 0.0, 'BLEU_4': 0.0, 'LOSS': 15.428819145540741, 'ROUGE': 0.07464074169812121, 'EXAMPLE': 'pred: se am am tag tag tag tagtagtag regnet es im  regen westenenwestwestwestwestwestwestwestwestwestwestwestwestwestwestwestwestwestwestwestwestwestwestwestwestwestwestwestwestwestwestwestwestwestwestwestwestwestwestwestwestwestwestwest, target: auch in den nächsten stunden wieder kräftiger regen zunächst im westen dann auch an den küsten'}
BASELINE METRICS: {'BLEU_1': 0.09094908292497328, 'BLEU_2': 0.04322398958422319, 'BLEU_3': 0.0208016188292086, 'BLEU_4': 0.01154076525203481, 'ROUGE': 0.23409513622147704}
['se in den den nord nordenm über s s s s s s auf auf  undstursturstur', 'se tag tag tag tagne wol wol wolkenkenken und nochsen im sten viele', 'ern morgen morgen morgen morgen morgen  bis bis bissturstursturstursturstursturstursturstursturstursturstursturstursturstursturstur', 'se klar klar klar klar klar klar klar klar']
['wir rechnen mit sturmböen aus nordost', 'am tag mal mehr mal weniger wolken in einigen regionen entwickeln sich schneeschauer richtung westen ist auch regen dabei', 'der wind bläst mäßig bis frisch und teilweise stark böig im bergland sowie an den küsten stürmische böen im erzgebirge und im bayerischen wald auch sturmböen', 'sonst klart es mancherorts auf']
--------------------------------------------------

--------------------------------------------------
EPOCH: 10
TIME: 2027.1772530078888
AVG. LOSS: 28.990443305743455
EPOCH METRICS: {'BLEU_1': 0.031072488342518016, 'BLEU_2': 0.011131372621528964, 'BLEU_3': 0.0, 'BLEU_4': 0.0, 'LOSS': 15.749837227639436, 'ROUGE': 0.05923972224755612, 'EXAMPLE': 'pred: se am am tag tag tag tag regnetnetnetnetnetnetnetnetnetnet süd süd süd süd süd süd süd süd süd süd süd süd süd süd süd süd süd süd süd süd süd süd süd süd süd süd süd süd süd süd süd süd süd, target: morgen regnet es vor allem noch in der südosthälfte'}
BASELINE METRICS: {'BLEU_1': 0.09094908292497328, 'BLEU_2': 0.04322398958422319, 'BLEU_3': 0.0208016188292086, 'BLEU_4': 0.01154076525203481, 'ROUGE': 0.23409513622147704}
['se am son son son son son son son son son wolkenkenken', 'temperaturen der wind wind wind wind schw', 'se morgen morgen morgen morgen morgen morgen morgen morgen morgen morgen morgenzigzigzigzigzigzigzigzigzigzigzigzigzigzigzigzigzigzigzigzigzigzigzigzigzigzigzigzigzigzigzigzigzigzigzigzigzigzigzigzigzig', 'kan das das das dasdruckdruckdruckdruckdruckdruckdruck süd süd süd süd süd süd süd']
['am dienstag in der nordosthälfte noch längere sonnige abschnitte sonst von südwesten dichtere wolken und zeitweise regen', 'am donnerstag ändert sich an diesem wetter wenig', 'am tag sechzehn grad an den küsten bei seewind sonst einundzwanzig bis sechsundzwanzig grad', 'vor allem im süden deutschlands erwartet uns morgen dank hochdruckeinfluss recht freundliches wetter']
--------------------------------------------------

--------------------------------------------------
EPOCH: 11
TIME: 2002.1406779289246
AVG. LOSS: 29.10343820562223
EPOCH METRICS: {'BLEU_1': 0.03528206129221159, 'BLEU_2': 0.014559482778609389, 'BLEU_3': 0.0, 'BLEU_4': 0.0, 'LOSS': 15.420752645227951, 'ROUGE': 0.060614415069169314, 'EXAMPLE': 'pred: gew gew gew gewschauschauschauschauschauschauschauschauschauschauschauschauschauschauschauschauschauschauschauschauschauschauschauschauschauschauschau, target: in der nacht muss vor allem im norden und in der mitte mit teilweise heftigen gewitterschauern gerechnet werden'}
BASELINE METRICS: {'BLEU_1': 0.09094908292497328, 'BLEU_2': 0.04322398958422319, 'BLEU_3': 0.0208016188292086, 'BLEU_4': 0.01154076525203481, 'ROUGE': 0.23409513622147704}
['se am tag tag tag tag tag tag tag grad grad grad grad grad grad grad grad grad grad grad grad grad grad grad grad grad grad grad grad grad grad grad grad grad grad grad grad grad grad grad grad grad grad grad grad grad grad grad grad grad', 'se guten guten guten guten guten guten guten guten guten guten guten guten guten guten guten', 'se es es wird wird wird wird wird wird wird und', 'se am am wird wird wird wird wird wird wird wird wird']
['in der nacht temperaturen von null bis sieben im nordwesten bis acht grad', 'guten abend liebe zuschauer', 'aber in den nächsten tagen kommt der sommer nochmal zurück bis zum wochenende', 'es wird noch milder']
--------------------------------------------------

--------------------------------------------------
EPOCH: 12
TIME: 2000.2396614551544
AVG. LOSS: 28.757629243201308
EPOCH METRICS: {'BLEU_1': 0.025493458027966372, 'BLEU_2': 0.009192438181100748, 'BLEU_3': 0.0, 'BLEU_4': 0.0, 'LOSS': 15.36043345859285, 'ROUGE': 0.058382684404051866, 'EXAMPLE': 'pred: se heutekan nacht nacht nacht nacht nacht nacht nacht nacht nacht nacht nacht minus minus minus minus minus minus minus minus minus minus minus minus minus minus minus minus minus minus minus minus minus minus minus minus minus minus minus minus minus minus minus minus minus minus minus minus minus minus minus minus minus minus minus minus minus minus minus minus minus minus minus minus minus minus minus minus minus minus minus minus minus minus minus minus minus minus minus minus minus minus minus minus minus minus minus, target: im bayerischen wald heute nacht minus fünf im emsland bis plus drei grad'}
BASELINE METRICS: {'BLEU_1': 0.09094908292497328, 'BLEU_2': 0.04322398958422319, 'BLEU_3': 0.0208016188292086, 'BLEU_4': 0.01154076525203481, 'ROUGE': 0.23409513622147704}
['temperaturen am tag tagwanwanwanwanwanwanzigzigzigzigzigzigzigzigzigzig', 'temperaturen das das das das das das das das das das das das das das das das das das das', 'ern auch auch auch auch bleibt bleibt bleibt bleibt bleibt bleibt bleibt bleibt kü kü kü kü kü kü kü kü kü kü kü kü kü kü', 'se am am tag tag tag tag  sind sind es es gew gew gew gew gew gew gew gew gew gew gew gew gew gew gew gew gew gew gewwestwestwestwestwestwestwestwestwestwestwestwestwest']
['am tag fünfundzwanzig grad im norden und sechzehn grad an den alpen', 'zwei tiefs bestimmen unser wetter das tief über dem nordmeer und das tief das von schottland heranzieht', 'und es wird auch sehr kühl mal wieder', 'am nachmittag und abend gibt es im westen und südwesten lokale hitzegewitter']
--------------------------------------------------

--------------------------------------------------
EPOCH: 13
TIME: 1918.402505159378
AVG. LOSS: 28.699120621267273
EPOCH METRICS: {'BLEU_1': 0.035543651368177206, 'BLEU_2': 0.011903502957686975, 'BLEU_3': 0.0, 'BLEU_4': 0.0, 'LOSS': 15.743495628783238, 'ROUGE': 0.06081133412187519, 'EXAMPLE': 'pred: se am tag tag fällt fällt fälltnetnetnetnet regen regen regen regen regen regen regen regen regen regen regen regen regen regen regen regen regen regen regen regen regen regen regen regen regen regen regen regen regen regen regen regen regen regen regen regen regen regen regen regen regen regen, target: mittwoch keine sonne dafür im westen schneeregen und schnee aber dann wird es langsam trockener'}
BASELINE METRICS: {'BLEU_1': 0.09094908292497328, 'BLEU_2': 0.04322398958422319, 'BLEU_3': 0.0208016188292086, 'BLEU_4': 0.01154076525203481, 'ROUGE': 0.23409513622147704}
['ern hoch hoch hoch hoch hoch tief gew von von von von von von von von vondruckdruckdruckdruckdruckdruckdruckdruckdruckdruckdruckdruckdruckdruckdruckdruckdruckdruckdruckdruckdruckdruckdruckdruckdruckdruckdruckdruckdruckdruckdruckdruckdruckdruckdruckdruckdruckdruckdruckdruckdruckdruck wird wird wird wird nord nord nord nord nord nord nord nord norddeutschlanddeutschlanddeutschlanddeutschlanddeutschlanddeutschlanddeutschlanddeutschlanddeutschlanddeutschlanddeutschlanddeutschlanddeutschlanddeutschlanddeutschlanddeutschlanddeutschlanddeutschlanddeutschlanddeutschlanddeutschlanddeutschlanddeutschland', 'se am amkenkenkenkenkenkenkenkenkenkenkenkenkenkenkenkenkenkenkenken son', 'ern im im im o o ostenstensten süd süd süd süd süd süd süd süd süd süd süd süd süd süd süd süd süd süd süd süd süd süd süd süd süd süd', 'felder das das das das das das das das das das das das das']
['das hoch über nordwesteuropa bestimmt im norden und in der mitte deutschlands das wetter mit trockener aber kühler luft', 'und dazu gibt es dort auch mehr sonne als wolken da können so fünf bis acht sonnenstunden zusammen kommen', 'im osten und süden heute nacht teilweise strenger frost in nordfriesland ein grad über null', 'zwischen dem tief im norden und dem azorenhoch fließt kühle meeresluft heran']
--------------------------------------------------

--------------------------------------------------
EPOCH: 14
TIME: 2028.1240367889404
AVG. LOSS: 28.332306514060484
EPOCH METRICS: {'BLEU_1': 0.018140231879485758, 'BLEU_2': 0.005668663815607798, 'BLEU_3': 0.0, 'BLEU_4': 0.0, 'LOSS': 15.840342935110103, 'ROUGE': 0.04210644085561982, 'EXAMPLE': 'pred: se mil mil mil mil mil mil mil mil mil mil mil mil mil mil mil mil mil mil mil mil mil mil mil mil mil mil mil mil mil mil mil mil mil mil mil mil mil mil mil mil mil mil mil mil mil mil mil mil mil mil mil mil mil mil mil mil mil mil mil mil mil mil, target: da es aber wieder milder wird steigt auch die schneefallgrenze'}
BASELINE METRICS: {'BLEU_1': 0.09094908292497328, 'BLEU_2': 0.04322398958422319, 'BLEU_3': 0.0208016188292086, 'BLEU_4': 0.01154076525203481, 'ROUGE': 0.23409513622147704}
['ern über über über über über über über über über  wol wol wol wol regenschauschauschauschauschauschauschauschauschau und und und undennekenkenkenken', 'nu hoch hoch hoch hoch hoch hoch hoch hoch hoch hoch hoch hoch hoch hoch', 'sich der der wind wind wind wind wind wind wind wind wind wind wind', 'nu nu gibt gibt gibt gibt gibt wol wol wol wol wol wol wol wol wol wol wol wol etwas etwas etwas etwas etwas etwas etwas']
['aber es sah völlig unterschiedlich aus strahlender sonnenschein im norden im süden dagegen viele wolken teilweise regen oder auch regenschauer', 'in den kommenden tagen erwartet uns überwiegend ruhiges hochdruckwetter', 'am tag weht der wind schwach bis mäßig aus nordost', 'an den alpen dichtere wolken die vereinzelt regen bringen']
--------------------------------------------------

--------------------------------------------------
EPOCH: 15
TIME: 2033.871969461441
AVG. LOSS: 27.880558646921376
EPOCH METRICS: {'BLEU_1': 0.01586202119553924, 'BLEU_2': 0.005646792964710771, 'BLEU_3': 0.0, 'BLEU_4': 0.0, 'LOSS': 15.380636034213968, 'ROUGE': 0.03466714635933181, 'EXAMPLE': 'pred: se von von von von vonsturstursturstursturstursturstursturstursturstursturstursturstursturstursturstursturstursturstursturstursturstursturstursturstursturstursturstursturstursturstursturstursturstursturstursturstursturstursturstursturstursturstursturstursturstursturstursturstursturstursturstursturstursturstursturstursturstursturstursturstursturstursturstursturstursturstursturstursturstur, target: ansonsten reißt die wolkendecke auf wir haben ja einen stürmischen westwind dann am vormittag noch'}
BASELINE METRICS: {'BLEU_1': 0.09094908292497328, 'BLEU_2': 0.04322398958422319, 'BLEU_3': 0.0208016188292086, 'BLEU_4': 0.01154076525203481, 'ROUGE': 0.23409513622147704}
['se am am am am am am wird wird wird wird wird wird wird wird wird wird wird wird wird wird wird wird wird dann dann dann dann dann dann dann dann dann dann dann dann dann dann dann dann dann dann dann dann dann dann dann dann dann dann dann dann dann dann dann dann dann dann nach nach nach nach nach nach nach nach nach nach nach nach nach nach nach nach nach nach nach nach nach nach nach nach nach nach nach nach nach nach nach nach nach nach nach nach nach nach nach', 'se son son son son mal mal mal mal mal mal mal mal malschauschauschauschauschauschauschauschauschauschauschauschauschauschau', 'kan auch auch auch auch auch auch auch auch auch auch auch auch auch auch auch auch auch regen etwas etwas etwas etwas etwas etwas etwas etwas etwas etwas etwas etwas etwas', 'kan das das das das das das das das das das das das das das das das']
['am donnerstag ist es zunächst recht freundlich ab den nachmittagsstunden vor allem im süden einige teilweise heftige gewitter', 'sonne und wolken ab und an stellenweise kräftige schauer und gewitter', 'am wochenende bleibt es wechselhaft in manchen regionen fällt schnee in den niederungen auch regen', 'aber von südwesten dehnt sich ein hoch aus das uns am wochenende verbreitet freundliches und warmes spätsommerwetter beschert']
--------------------------------------------------

--------------------------------------------------
EPOCH: 16
TIME: 1990.7332618236542
AVG. LOSS: 27.946695655953924
EPOCH METRICS: {'BLEU_1': 0.021421749215445495, 'BLEU_2': 0.007133731513184684, 'BLEU_3': 0.0, 'BLEU_4': 0.0, 'LOSS': 15.672282891466438, 'ROUGE': 0.04474890600536942, 'EXAMPLE': 'pred: se heute heute heute heute heute heute heute heute heute heute heute heute heute heute heute heute heute heute heute heute heute nacht nacht nacht nacht nacht nacht nacht nacht nacht nacht nacht nacht nacht nacht nacht nacht nacht nacht nacht sch sch sch sch sch sch sch sch sch sch sch sch sch sch sch sch sch sch sch sch, target: in der nacht regnet es im süden hier und da in den hochlagen schneit es'}
BASELINE METRICS: {'BLEU_1': 0.09094908292497328, 'BLEU_2': 0.04322398958422319, 'BLEU_3': 0.0208016188292086, 'BLEU_4': 0.01154076525203481, 'ROUGE': 0.23409513622147704}
['r heute heute heute heute heutefelder nacht nacht nacht nacht nacht nacht nacht nacht nacht nacht nacht nachtzezezezezezezezezezezezezezezezezezezezeze grad grad grad grad grad grad grad grad grad grad grad grad grad grad grad grad grad grad grad grad grad grad grad grad grad grad grad grad grad grad grad grad grad grad grad grad grad grad grad grad grad grad grad grad', 'temperaturen temperaturen temperaturen temperaturen temperaturenzzzzzzzzzzzzzigzigzigzigzigzigzigzigzigzigzigzigzigzigzigzigzigzigzigzigzigzigzigzigzigzigzigzigzig', 'se schw schw schw schw schw schw schw schw schw schw schw schw schw schw schw schw schw schw schw schw schw schw schw schw schw schw schw schw schw schw schw schw schw schw schw schw schw schw schw schw schw schw schw schw schw schw schw schw schw schw schw schw schw schw schw schw schw schw schw schw schw schw', 'nu  wird wird wird wird wird wird wird wird wird wird wird wird wird']
['heute nacht fünfzehn grad im südwesten und fünf grad in vorpommern', 'am tag vierundzwanzig bis dreißig grad an den küsten nur zwanzig', 'morgen meist schwacher bis mäßiger nordwind an der ostsee ist er frisch mit starken böen', 'unser wetter ändert sich wieder statt milder südwestwinde bekommen wir wieder die kalten nordwinde']
--------------------------------------------------

--------------------------------------------------
EPOCH: 17
TIME: 1973.6031448841095
AVG. LOSS: 27.749668946529592
EPOCH METRICS: {'BLEU_1': 0.019305703152674464, 'BLEU_2': 0.005915900239608716, 'BLEU_3': 0.0, 'BLEU_4': 0.0, 'LOSS': 15.739188492412971, 'ROUGE': 0.03721268396625815, 'EXAMPLE': 'pred: se guten guten guten guten guten guten guten guten guten guten, target: sie wollen wissen wie der sommer weitergeht meine damen und herren'}
BASELINE METRICS: {'BLEU_1': 0.09094908292497328, 'BLEU_2': 0.04322398958422319, 'BLEU_3': 0.0208016188292086, 'BLEU_4': 0.01154076525203481, 'ROUGE': 0.23409513622147704}
['nu nu sch sch sch sch sch sch sch sch sch sch sch sch sch sch sch sch sch sch', 'nu vor vor vor vor vor vor vor vor vor vor vor vor vor vor vor vor vor vor vor sch sch sch sch sch sch sch sch sch sch sch sch sch', 'ern morgen morgen morgen morgen morgen morgen morgen morgen morgen morgen morgen morgen morgen morgen morgen morgen morgen morgen morgen morgen mal mal mal mal mal mal mal mal mal mal mal mal mal mal mal mal mal mal mal mal mal mal mal mal mal mal mal mal mal mal mal mal mal mal mal mal', 'se schw schw schw schw schw schw schw schw schw schw schw schw schw schw schw schw schw schw schw schw schw schw schw schw schw schw schw schw schw schw schw schw']
['ansonsten aber regnet es in der mitte und dieses regengebiet zieht langsam weiter nach norden da schneit es also leicht weiter vor sich hin', 'im westen wird es schon kräftig regnen im osten dagegen anfangs immer noch schnee und auch eisregen und glättegefahr', 'morgen zeigt sich mal die sonne mal ist es stark bewölkt', 'der wind weht meist schwach und kommt aus nördlichen richtungen']
--------------------------------------------------

--------------------------------------------------
EPOCH: 18
TIME: 1951.3458709716797
AVG. LOSS: 27.317509397981937
EPOCH METRICS: {'BLEU_1': 0.020073572823470637, 'BLEU_2': 0.006111152264275099, 'BLEU_3': 0.0, 'BLEU_4': 0.0, 'LOSS': 15.67904517324444, 'ROUGE': 0.034777586073519245, 'EXAMPLE': 'pred: se am am amundundundundundundundundundundundundundundundundundundundundundundundundundundundundundundundundundundundundundundundundundundundundundundundundundundundundundundundundundundundundundundundundundundundundundundundundundundundundundundundundundundundundundundundundundundundundundund, target: morgen werte von zwanzig grad an der dänischen grenze bis dreißig grad am oberrhein'}
BASELINE METRICS: {'BLEU_1': 0.09094908292497328, 'BLEU_2': 0.04322398958422319, 'BLEU_3': 0.0208016188292086, 'BLEU_4': 0.01154076525203481, 'ROUGE': 0.23409513622147704}
['gew gew gew gew gew wind wind wind wind wind wind wind wind wind wind wind wind wind wind wind schw schw schw schw schw schw schw schw schw schw schw schw schw schw schw schw schw schw schw schw schw schw schw schw schw schw schw schw schw schw schw schw schw schw schw schw schw schw schw schw schw schw schw schw schw schw schw', 'r und und und und und und und', 'se guten guten guten guten guten guten guten guten guten guten', 'gew gew gew gew gew gew nach nach nach nach nach nach nach nach nach nach nach nach nach nach']
['der wind weht im süden schwach sonst mäßig an den küsten frisch mit stürmischen böen an der ostsee', 'und nun die wettervorhersage für morgen donnerstag den sechsten januar', 'liebe zuschauer guten abend', 'im westen allerdings lockert es schon wieder ein bisschen auf da ist das am nachmittag alles vorbei']
--------------------------------------------------

--------------------------------------------------
EPOCH: 19
TIME: 2029.5595109462738
AVG. LOSS: 27.46094339998626
EPOCH METRICS: {'BLEU_1': 0.01748071979434448, 'BLEU_2': 0.00428763631942721, 'BLEU_3': 0.0, 'BLEU_4': 0.0, 'LOSS': 15.399068053287808, 'ROUGE': 0.03385593930149251, 'EXAMPLE': 'pred: se am am am am grad grad grad grad grad grad grad grad grad grad grad grad grad grad grad grad grad grad grad grad grad grad grad grad grad grad grad grad grad grad grad grad grad grad, target: am tag teilweise nur einstellige werte an der nordsee'}
BASELINE METRICS: {'BLEU_1': 0.09094908292497328, 'BLEU_2': 0.04322398958422319, 'BLEU_3': 0.0208016188292086, 'BLEU_4': 0.01154076525203481, 'ROUGE': 0.23409513622147704}
['klar das das das das das das das das das das das das das das das', 'gew gew gew wird wird wird wird wird wird wird wird wird wird wird wird wird wird wird wird wird wird wird wird wird wird wird wird wird wird wird wird wird wird wird wird wird wird wird wird wird wird wird wird wird wird wird wird wird wird wird wird wird wird', 'sich es es es es es es es es es es es es es es es es es es es es es es nord nord nord nord nord nord nord nord nord nord nord nord nord nord nord nord nord nord nordwestwestwestwestwestwestwestwestwestwestwestwestwestwestwestwestwestwestwestwestwestwest', 'gew gew gew gew gew gew gew gew nord nord nord nord nord nord nord nord nord nord']
['diese frostluft kommt nach mitteleuropa', 'es wird dann kalt in dieser nacht aber frostig nur in bayern am alpenrand bis minus zwei grad sonst ist einfach zu windig für frost', 'in der nordwesthälfte ist es heute nacht verbreitet klar im osten und südosten zum teil ergiebiger regen', 'im nordosten regnet es nach mitternacht stellenweise kräftig']
--------------------------------------------------

--------------------------------------------------
EPOCH: 20
TIME: 2114.349036693573
AVG. LOSS: 27.02021941042
EPOCH METRICS: {'BLEU_1': 0.01180394336723016, 'BLEU_2': 0.0033743426106143527, 'BLEU_3': 0.0, 'BLEU_4': 0.0, 'LOSS': 15.790044222723312, 'ROUGE': 0.02681943728682789, 'EXAMPLE': 'pred: se es es es es sich sich sich sich sich sich sich sich sich sich sich sich sich sich sich sich sich sich und und und und und und und und und und und und und und und undiiii gew gew gew gew gew gew gew gew gew gew gew gew gew gew gew gew gew gew gew gew gew gew gew gew gew, target: das ist jetzt langsam im osten nach aber im süden haben sie weiter in der ganzen nacht noch schauer und gewitter an der nordsee'}
BASELINE METRICS: {'BLEU_1': 0.09094908292497328, 'BLEU_2': 0.04322398958422319, 'BLEU_3': 0.0208016188292086, 'BLEU_4': 0.01154076525203481, 'ROUGE': 0.23409513622147704}
['gew gew gew gew gew gew gew gew gew gew gewititititititititititititititit', 'temperaturen temperaturen temperaturen temperaturen temperaturen temperaturen temperaturen temperaturen temperaturen temperaturen temperaturen temperaturen temperaturen temperaturen temperaturen temperaturen', 'temperaturen temperaturen temperaturen temperaturen temperaturen temperaturen temperaturen temperaturen temperaturen grad grad grad grad grad grad grad grad grad grad grad grad grad grad grad grad grad grad', 'temperaturen temperaturen temperaturen temperaturennenenenenenenenenenenenenenenenenenenenenenenenenenenenenenenenenenenenenenenenene']
['auch im südwesten und westen schneit es gebietsweise teilweise ist gefrierender regen mit dabei vorsicht wegen glätte', 'mild wird es dagegen am alpenrand da steigen die temperaturen bis acht grad', 'wir haben nur einstellige temperaturen vor allen dingen im norden', 'im bergland rieselt schnee hier und da zeigt sich auch mal die sonne']
--------------------------------------------------

--------------------------------------------------
EPOCH: 21
TIME: 2081.013043642044
AVG. LOSS: 26.6268423934128
EPOCH METRICS: {'BLEU_1': 0.011414296694850118, 'BLEU_2': 0.000669030586156374, 'BLEU_3': 0.0, 'BLEU_4': 0.0, 'LOSS': 15.717983515046695, 'ROUGE': 0.02241233770983441, 'EXAMPLE': 'pred: se im im im im im im im nord nord nord nord nord nord nord nordososososososososososososososososososososososososososososososososososososososososososososososos, target: in norddeutschland dagegen nur wolken und der frost ja den haben wir wieder in der südhälfte'}
BASELINE METRICS: {'BLEU_1': 0.09094908292497328, 'BLEU_2': 0.04322398958422319, 'BLEU_3': 0.0208016188292086, 'BLEU_4': 0.01154076525203481, 'ROUGE': 0.23409513622147704}
['nu nu nu nu nu nu nu nu nu nu nu nu', 'temperaturen temperaturen temperaturen temperaturen temperaturen temperaturen temperaturen temperaturen temperaturen temperaturen an an an an an an an an an an an', 'sich sich sich sich sich sich sich sich sich sich sich sich sich sich sich sich', 'felderfelderfelderfelderfelderfelderfelderfelderfelderfelderfelderfelderfelderfelderfelderfelderfelderfelderfelderfelderfelderfelderfelderfelderfelderfelderfelderfelderfelderfelderfelderfelderfelderfelderfelderfelderfelderfelderfelderfelderfelderfelderfelderfelderfelderfelderfelderfelderfelderfelder']
['und nun die wettervorhersage für morgen mittwoch den ersten juli', 'heute nacht achtzehn grad an der nordsee zehn grad im bayerischen wald', 'an den folgetagen bestimmen tiefdruckgebiete das geschehen', 'bei klarem himmel heute nacht leichter frost an der nordsee unter wolken bis plus sechs grad']
--------------------------------------------------

--------------------------------------------------
EPOCH: 22
TIME: 2071.762810945511
AVG. LOSS: 26.188131367878015
EPOCH METRICS: {'BLEU_1': 0.014654570830425685, 'BLEU_2': 0.0011087412569077476, 'BLEU_3': 0.0, 'BLEU_4': 0.0, 'LOSS': 15.432344149073195, 'ROUGE': 0.029659737323423786, 'EXAMPLE': 'pred: se und und und und und und und und und und und und und und und, target: und nun die wettervorhersage für morgen samstag den zweiten oktober'}
BASELINE METRICS: {'BLEU_1': 0.09094908292497328, 'BLEU_2': 0.04322398958422319, 'BLEU_3': 0.0208016188292086, 'BLEU_4': 0.01154076525203481, 'ROUGE': 0.23409513622147704}
['temperaturen temperaturen temperaturen temperaturen temperaturen temperaturen temperaturen temperaturen temperaturen temperaturen temperaturen temperaturen temperaturen temperaturen temperaturen temperaturenzezezezezezezezezezezezezezezezezezezezezezezezezezezezezezezezezezezezezezezezezezezezezezezezezezezezezezezezezeze', 'ne morgen morgen morgen morgen morgen morgen morgen morgen morgen morgen morgen morgen morgen morgen morgen morgen morgen morgen morgen morgen morgen morgen morgen morgen morgen morgen morgen morgen morgen morgen morgenzezezezezezezezezezezezezezezezezezezezezezezezezezezezezezezezezezezezezezezezezezezezezezeze', 'temperaturen temperaturen temperaturen temperaturen temperaturen temperaturen temperaturen temperaturen temperaturen', 'gew gew gew gew gew gew gew']
['morgen zehn bis siebzehn im süden örtlich bis achtzehn grad', 'und auch morgen werden nur am rhein und neckar so sechzehn siebzehn grad erreicht', 'am dienstag wird es langsam wieder etwas freundlicher', 'ihnen einen schönen abend und machen sie es gut']
--------------------------------------------------

--------------------------------------------------
EPOCH: 23
TIME: 1963.1136932373047
AVG. LOSS: 25.996574786228148
EPOCH METRICS: {'BLEU_1': 0.01395907023749368, 'BLEU_2': 0.0, 'BLEU_3': 0.0, 'BLEU_4': 0.0, 'LOSS': 16.001208597525007, 'ROUGE': 0.024881929734602924, 'EXAMPLE': 'pred: ne das das das das das das das das das das das das das das das, target: das tief über dem baltikum wird schwächer bestimmt aber morgen noch das wetter im osten und süden deutschlands'}
BASELINE METRICS: {'BLEU_1': 0.09094908292497328, 'BLEU_2': 0.04322398958422319, 'BLEU_3': 0.0208016188292086, 'BLEU_4': 0.01154076525203481, 'ROUGE': 0.23409513622147704}
['se se se se se se gew gew gew gew gew gew gew gew gew gew gew gew gew gew gew gew gew gew gew gew gew', 'ernernernernernernernernernern grad grad grad grad grad grad grad grad grad grad grad grad grad grad grad grad grad grad grad grad grad grad grad grad grad grad grad grad grad grad grad grad grad grad', 'nu nu nu nu nu nu nu nu nu nu nu nu nu nu', 'sich sich sich sich sich sich sich sich sich']
['nachmittags gibt es vielleicht auch richtung lausitz mal ein gewitter', 'im osten heute nacht bis minus elf am oberrhein plus zwei grad', 'am freitag mal freundlich mal wolkig und teilweise windig', 'schönen abend noch']
--------------------------------------------------

--------------------------------------------------
EPOCH: 24
TIME: 1884.0080773830414
AVG. LOSS: 25.428918037500566
EPOCH METRICS: {'BLEU_1': 0.006469131858477755, 'BLEU_2': 0.0007341692498726506, 'BLEU_3': 0.0, 'BLEU_4': 0.0, 'LOSS': 15.90329629837433, 'ROUGE': 0.006803547632057102, 'EXAMPLE': 'pred: nu nu nu nu nu nu nu nu nu nu nu nu nu nu nu nu nu nu nu, target: und nun die wettervorhersage für morgen freitag den dreißigsten oktober'}
BASELINE METRICS: {'BLEU_1': 0.09094908292497328, 'BLEU_2': 0.04322398958422319, 'BLEU_3': 0.0208016188292086, 'BLEU_4': 0.01154076525203481, 'ROUGE': 0.23409513622147704}
['gew gew gew gew gew gew gew gew gew gew gew gewnenenenenenenenenenenenenenenenenenenenene', 'nu nu nu nu nu nu nu nu nu nu nu nu nu nu nu', 'sich sich sich sich sich sich sich sich sich sich sich sich sich sich sich sich sich sich', 'gew gew gew gew gew gew gew gew gew gew gew gew gew gew']
['und so fallen die niederschläge zunehmend als schnee im bergland ist bis samstag örtlich über dreißig zentimeter neuschnee möglich', 'ansonsten vielleicht ein paar sonnenstrahlen zwischen dem emsland und dem östlichen bayern', 'und nun die wettervorhersage für morgen montag den achten oktober', 'dem westen bringt ein atlantischer tiefausläufer etwas regen gleichzeitig fließt vorübergehend wieder mildere luft heran']
--------------------------------------------------

--------------------------------------------------
EPOCH: 25
TIME: 2026.8503715991974
AVG. LOSS: 25.645768351861292
EPOCH METRICS: {'BLEU_1': 0.010947399992501782, 'BLEU_2': 0.0011205908213973443, 'BLEU_3': 0.0, 'BLEU_4': 0.0, 'LOSS': 15.822728342173876, 'ROUGE': 0.0223445840346798, 'EXAMPLE': 'pred: se sch sch sch sch sch sch sch sch sch sch sch sch sch sch sch sch sch sch sch sch sch sch sch sch sch sch sch sch sch sch sch sch sch sch sch sch sch sch sch sch sch sch sch sch sch sch sch sch sch sch sch sch sch sch sch sch sch sch sch sch sch sch sch sch sch sch sch sch sch sch sch, target: am tag breiten sich die teilweise kräftigen schneefälle weiter aus'}
BASELINE METRICS: {'BLEU_1': 0.09094908292497328, 'BLEU_2': 0.04322398958422319, 'BLEU_3': 0.0208016188292086, 'BLEU_4': 0.01154076525203481, 'ROUGE': 0.23409513622147704}
['ne die die die die die die wird wird wird wird wird wird wird wird wird wird wird wird wird wird', 'ernernernernernernernernernernernernernernernernernernern', 'zigzigzigzigzigzigzigzigzigzigzigzigzigzigzigzigzigzigzigzigzigzigzigzigzigzigzigzigzigzigzigzigzigzigzigzigzigzigzigzigzigzigzigzigzigzigzigzigzigzigzigzigzigzigzigzigzigzigzigzigzigzigzigzigzigzigzigzigzigzigzigzigzigzigzigzigzigzigzigzigzigzigzigzigzigzigzigzigzigzigzigzigzigzigzigzigzigzig', 'nu nu nu nu nu nu nu nu nu nu nu nu nu sch sch sch sch sch sch sch sch sch sch sch sch sch sch sch sch sch sch sch sch sch sch sch sch']
['außerdem fließt aus südwesten wärmere luft heran die zusammen mit der sonne für steigende temperaturen sorgt', 'bei gewittern sind sturmböen möglich sonst weht der wind schwach in der nordhälfte weht er schwach bis mäßig', 'an der nordfriesischen küste morgen zehn in der lausitz bis siebzehn grad', 'heute nacht regnet es stellenweise etwas vor allem an der ostsee und in der südwesthälfte']
--------------------------------------------------

--------------------------------------------------
EPOCH: 26
TIME: 2019.4690449237823
AVG. LOSS: 25.44992222780574
EPOCH METRICS: {'BLEU_1': 0.011823685206205074, 'BLEU_2': 0.0, 'BLEU_3': 0.0, 'BLEU_4': 0.0, 'LOSS': 15.753785051132672, 'ROUGE': 0.023668753258468928, 'EXAMPLE': 'pred: ne und und und und und und und und und und we we we we we we we we we we we we we we, target: und nun die wettervorhersage für morgen samstag den zehnten april'}
BASELINE METRICS: {'BLEU_1': 0.09094908292497328, 'BLEU_2': 0.04322398958422319, 'BLEU_3': 0.0208016188292086, 'BLEU_4': 0.01154076525203481, 'ROUGE': 0.23409513622147704}
['r auch auch auch auch auch auch auch auch auch auch auch auch auch', 'klar klar klar klar klar klar klar klar klar klar klar klar klar klar klar klar klar', 'nu nu nu nu nu nu nu son son son son son son son son son son son son son son son son son son son son son son son son', 'se se se se se se se se']
['am freitag wird es von westen wieder freundlicher und am samstag zeigt sich häufig die sonne', 'in der südhälfte schwacher wind nach norden weht er mäßig richtung küsten weht er frisch mit starken bis stürmischen böen', 'auch die neue woche startet mit mehr wolken als sonne zeitweise gibt es regen oder schauer örtlich auch gewitter', 'autofahren kann jetzt zur rutschpartie werden']
--------------------------------------------------

--------------------------------------------------
EPOCH: 27
TIME: 2081.4705007076263
AVG. LOSS: 24.63976675171191
EPOCH METRICS: {'BLEU_1': 0.010926473935806964, 'BLEU_2': 0.0006502826488141108, 'BLEU_3': 0.0, 'BLEU_4': 0.0, 'LOSS': 15.820041605502883, 'ROUGE': 0.024200903826178684, 'EXAMPLE': 'pred: ne und und und und und und und und und und und und und und und und und und und frei frei frei frei frei frei frei frei frei frei frei frei frei frei frei frei frei frei frei frei frei frei, target: und nun die wettervorhersage für morgen freitag den einundzwanzigsten mai'}
BASELINE METRICS: {'BLEU_1': 0.09094908292497328, 'BLEU_2': 0.04322398958422319, 'BLEU_3': 0.0208016188292086, 'BLEU_4': 0.01154076525203481, 'ROUGE': 0.23409513622147704}
['temperaturen temperaturen temperaturen temperaturen temperaturen temperaturen temperaturen temperaturen temperaturen temperaturen temperaturen temperaturen temperaturen temperaturen temperaturen temperaturen temperaturen temperaturen temperaturen temperaturen temperaturen temperaturen temperaturen temperaturen temperaturen temperaturen', 'sich sich sich sich sich sich sich sich sich sich sich sich sich sich sich sich', 'gew gew gew gew gew gew gew gew gew gew gew gew gew gew gew bis bis bis bis bis bis bis bis bis bis bis bis bis bis bis bis bis bis bis bis bis bis bis bis bis bis bis bis bis bis bis bis bis bis bis bis', 'gew gew gew gew gew gew gew gew gew gew gew gew gew gew gew gew gew gew gew gew gew gew gew gew gew gew gew gew']
['wir bekommen ein paar nebelfelder und da wo es aufklart wird es eben auch im kältesten wahrscheinlich in thüringen und in sachsen', 'dieses regengebiet wird dann morgen weiterziehen richtung osten', 'im norden und westen sind die temperaturen noch ein bisschen verhalten da sind es siebzehn bis dreiundzwanzig grad', 'erst mittwoch donnerstag kommt neuer massiver regen der morgen hier irland erreicht']
--------------------------------------------------

--------------------------------------------------
EPOCH: 28
TIME: 2063.672964811325
AVG. LOSS: 24.397913469402738
EPOCH METRICS: {'BLEU_1': 0.007444583856127144, 'BLEU_2': 0.0, 'BLEU_3': 0.0, 'BLEU_4': 0.0, 'LOSS': 15.88333049858696, 'ROUGE': 0.014876024139139698, 'EXAMPLE': 'pred: nu nu nu nu nu nu nu nu nu nord nord nord nord nord nord nord nord nord nord nord nord nord nord nord nord nord nord nord nord, target: auch im norden und westen wird es später gebietsweise regnen'}
BASELINE METRICS: {'BLEU_1': 0.09094908292497328, 'BLEU_2': 0.04322398958422319, 'BLEU_3': 0.0208016188292086, 'BLEU_4': 0.01154076525203481, 'ROUGE': 0.23409513622147704}
['se se se se se se nord nord nord nord nord nord nord nord nord nord nord nord nord nord nord nord nord nord nord nord nord nord nord nord nord nord nord nord nord nord nord nord nord nord nord nord nord nord nord nord nord nord nord', 'gew gew gew gew gew gew gew gew gew gew gew gew gew gew gew gew', 'nu nu nu nu nu nu nu nu nu nu nu nu nu nu nu nu nu nu nu', 'gew gew gew gew gew gew gew gew gew gew gew gew gew']
['die werden zahlreicher intensiver und auf ihrem weg nach norden und osten stellenweise auch unwetterartig', 'im laufe des nachmittags wird es im südwesten freundlicher', 'am freitag richtung nordwesten mal sonne mal wolken sonst stellenweise regen', 'im nebel selbst bleibt es aber sehr kühl und der kann sich auch zäh halten']
--------------------------------------------------

--------------------------------------------------
EPOCH: 29
TIME: 2260.6439850330353
AVG. LOSS: 24.629529364885848
EPOCH METRICS: {'BLEU_1': 0.006831177802509885, 'BLEU_2': 0.0, 'BLEU_3': 0.0, 'BLEU_4': 0.0, 'LOSS': 15.83146640377008, 'ROUGE': 0.014560141862433918, 'EXAMPLE': 'pred: ne am am am am am am am am am am am am am am am am am am am am am am am am, target: am tag minus sieben grad im vogtland und null grad an der ostsee'}
BASELINE METRICS: {'BLEU_1': 0.09094908292497328, 'BLEU_2': 0.04322398958422319, 'BLEU_3': 0.0208016188292086, 'BLEU_4': 0.01154076525203481, 'ROUGE': 0.23409513622147704}
['gew gew gew gew gew gew gew gew gew gew gew gew gew gew gew', 'rrrrrrrrrrrrrrrrrrrrrrrrrrrr', 'gew gew gew gew gew gew gew gew gew gew gew gew gew gew gew gew gew', 'rrr wird wird wird wird wird wird wird wird wird wird wird wird wird wird wird wird wird wird wird wird wird wird wird wird wird wird wird wird wird wird wird wird']
['im südlichen alpenraum sorgt ein kräftiges mittelmeertief zum teil für unwetter', 'entlang des rheins heute nacht ein bis zwei plusgrade sonst verbreitet frost in vorpommern bis minus sechs grad', 'am mittwoch und am donnerstag insgesamt unbeständiges wetter wolken regen einzelne gewitter hier und da auch mal sonne', 'heute nacht werte zwischen fünf und minus ein grad am tag dann vier grad im vogtland und elf grad am niederrhein']
--------------------------------------------------

--------------------------------------------------
EPOCH: 30
TIME: 2134.5202012062073
AVG. LOSS: 24.11900368806609
EPOCH METRICS: {'BLEU_1': 0.0054470469224184885, 'BLEU_2': 0.0, 'BLEU_3': 0.0, 'BLEU_4': 0.0, 'LOSS': 16.15066786262571, 'ROUGE': 0.015745454187029967, 'EXAMPLE': 'pred: nu nu nu nu nu nu nu nu al al al al al al al al al al al al al al al al al al al al al al al al al al al al al al al al al al al al al al al al al al al al al al al al al al al al al al al al al al al al al al al al al al al al al al al al al al al al al al al al al al al al al al al al al al, target: nicht nur dort sondern auch in der nähe von flüssen und in den alpen kann sich in der nacht nebel oder hochnebel bilden'}
BASELINE METRICS: {'BLEU_1': 0.09094908292497328, 'BLEU_2': 0.04322398958422319, 'BLEU_3': 0.0208016188292086, 'BLEU_4': 0.01154076525203481, 'ROUGE': 0.23409513622147704}
['nu nu nu nu nu nu nu nu nu nu nu nu nu nu nu nu nu', 'temperaturen temperaturen temperaturen temperaturen temperaturen temperaturen temperaturen temperaturen temperaturen temperaturen temperaturen temperaturen temperaturen temperaturen temperaturen temperaturen temperaturen temperaturen temperaturen temperaturen temperaturen temperaturen temperaturen temperaturen temperaturen temperaturen temperaturen', 'nu nu nu nu nu nu nu nu nu nu', 'ne an an an an an an an an an an an an an an an an an an an an an an an an an an an an an an an an an']
['donnerstag und freitag gibt es teils sonne teils wolken mit schauern', 'ein tief bringt dem süden deutschlands in der nacht und auch noch morgen schnee', 'aber am freitag kommt dann wohl ein neuer wetterwechsel', 'im norden stellenweise schauer in küstennähe einzelne gewitter möglich']
--------------------------------------------------

--------------------------------------------------
EPOCH: 31
TIME: 2035.6916062831879
AVG. LOSS: 23.8167369607605
EPOCH METRICS: {'BLEU_1': 0.006342015855039635, 'BLEU_2': 0.0, 'BLEU_3': 0.0, 'BLEU_4': 0.0, 'LOSS': 15.927431579270115, 'ROUGE': 0.011094191749231312, 'EXAMPLE': 'pred: nu nu nu nu nu sch sch sch sch sch sch sch sch sch sch sch sch sch sch sch sch sch sch sch sch sch sch sch sch sch sch sch sch sch sch sch sch sch sch sch sch sch sch sch sch sch sch regen, target: und aus diesem schnee kann aber auch mal ganz schnell eisregen werden und das bedeutet gefährlich glatte straßen'}
BASELINE METRICS: {'BLEU_1': 0.09094908292497328, 'BLEU_2': 0.04322398958422319, 'BLEU_3': 0.0208016188292086, 'BLEU_4': 0.01154076525203481, 'ROUGE': 0.23409513622147704}
['gew gew gew gew gew gew gew gew gew gew gew gew gew gew gew gew gew gew gew gew gew gew gew gew', 'sich sich sich sich sich sich sich sich sich sich sich sich sich sich sich sich sich sich sich sich sich', 'nu nu nu nu nu nu nu nu nu nu nu nu nu', 'se se se se se se se se se se se se se se se']
['morgen von schauer und gewitterböen abgesehen meist schwacher bis mäßiger an der see auch frischer westwind', 'im laufe des tages steigen die temperaturen an auf sieben grad im sauerland südlich der donau bis dreizehn grad', 'am tag dann minus sechs grad im vogtland und plus ein grad an der ostsee', 'auch am freitag wechselhaft und kühl']
--------------------------------------------------
