Tue May  2 15:07:15 2023       
+---------------------------------------------------------------------------------------+
| NVIDIA-SMI 530.41.03              Driver Version: 530.41.03    CUDA Version: 12.1     |
|-----------------------------------------+----------------------+----------------------+
| GPU  Name                  Persistence-M| Bus-Id        Disp.A | Volatile Uncorr. ECC |
| Fan  Temp  Perf            Pwr:Usage/Cap|         Memory-Usage | GPU-Util  Compute M. |
|                                         |                      |               MIG M. |
|=========================================+======================+======================|
|   0  NVIDIA A100 80GB PCIe           On | 00000000:CA:00.0 Off |                    0 |
| N/A   29C    P0               41W / 300W|      0MiB / 81920MiB |      0%   E. Process |
|                                         |                      |             Disabled |
+-----------------------------------------+----------------------+----------------------+
                                                                                         
+---------------------------------------------------------------------------------------+
| Processes:                                                                            |
|  GPU   GI   CI        PID   Type   Process name                            GPU Memory |
|        ID   ID                                                             Usage      |
|=======================================================================================|
|  No running processes found                                                           |
+---------------------------------------------------------------------------------------+
----------GLOSS VOCAB SIZE 1085----------
----------GLOSS VOCAB SIZE 1085----------
----------GLOSS VOCAB SIZE 1085----------
Loading entire state dict directly...
Succesfully loaded
Everything unfrozen

--------------------Loading Model From Checkpoint--------------------

--------------------Preparing Baseline Metrics--------------------

--------------------Starting Training--------------------

--------------------------------------------------
EPOCH: 25
TIME: 2051.430959701538
AVG. LOSS: 76.90888927593038
EPOCH METRICS: {'BLEU_1': 0.0, 'BLEU_2': 0.0, 'BLEU_3': 0.0, 'BLEU_4': 0.0, 'LOSS': 27.432687264187027, 'ROUGE': 0.0, 'EXAMPLE': 'pred: , target: die aussichten auch am mittwoch gibt es viele wolken und gebietsweise regen im westen zeigt sich ab und zu die sonne'}
BASELINE METRICS: {'BLEU_1': 0.09094908292497328, 'BLEU_2': 0.04322398958422319, 'BLEU_3': 0.0208016188292086, 'BLEU_4': 0.01154076525203481, 'ROUGE': 0.23368107936397287}
['we und am im der in es  auch die tag nacht den nord süd wird son morgen das ein heute mit sam frei donner', 'we  am und der in im auch die tag nacht süd nord den es das morgen mit wind son', '', '']
['freitag und samstag erwartet uns im ganzen land ruhiges und weitgehend trockenes wetter', 'im norden gibt es heute nacht nur hier und da ein paar wolken sonst ist es meist sternenklar vereinzelt bildet sich nebel', 'am tag dann vier grad in osthessen und bis zehn grad im raum aachen', 'und nun die wettervorhersage für morgen freitag den zwölften februar']
--------------------------------------------------

--------------------------------------------------
EPOCH: 26
TIME: 2181.183159828186
AVG. LOSS: 67.01125634052573
EPOCH METRICS: {'BLEU_1': 0.0, 'BLEU_2': 0.0, 'BLEU_3': 0.0, 'BLEU_4': 0.0, 'LOSS': 24.837145851296956, 'ROUGE': 0.0, 'EXAMPLE': 'pred: , target: im süden weht der wind schwach im norden mäßig bis frisch bei schauern sowie an den küsten und auf den bergen teilweise stürmische böen'}
BASELINE METRICS: {'BLEU_1': 0.09094908292497328, 'BLEU_2': 0.04322398958422319, 'BLEU_3': 0.0208016188292086, 'BLEU_4': 0.01154076525203481, 'ROUGE': 0.23368107936397287}
['', 'wünsche', '', '']
['am mittwoch freundliches wetter nur wenige wolken am donnerstag erst sonne später nehmen im westen die wolken zu am nachmittag einzelne schauer und gewitter', 'am donnerstag meist freundlich im süden einzelne kräftige gewitter', 'also das sturmtief liegt schon über großbritannien zieht heute nacht mit dem regen über die nordsee und norddeutschland und das heißt im osten kann anfangs noch schnee dabei sein', 'und am nachmittag lässt auch der regen in norddeutschland nach aber wir haben einen starken bis stürmischen nordwind an der nordseeküste und erneut regenschauer und gewitter am alpenrand die gegen abend auch wieder heftiger werden können']
--------------------------------------------------

--------------------------------------------------
EPOCH: 27
TIME: 2183.933836221695
AVG. LOSS: 64.37502447136897
EPOCH METRICS: {'BLEU_1': 0.0, 'BLEU_2': 0.0, 'BLEU_3': 0.0, 'BLEU_4': 0.0, 'LOSS': 24.172492109052477, 'ROUGE': 0.0, 'EXAMPLE': 'pred: , target: besonders in küstennähe tauchen auch mal wolken auf die aber keinen regen bringen'}
BASELINE METRICS: {'BLEU_1': 0.09094908292497328, 'BLEU_2': 0.04322398958422319, 'BLEU_3': 0.0208016188292086, 'BLEU_4': 0.01154076525203481, 'ROUGE': 0.23368107936397287}
['', 'der im am und in  das auch die nacht tag nord wind', '', '']
['liebe zuschauer guten abend', 'südlich der donau nur hier und da schauer und gewitter', 'am dienstag sonnige zweiundzwanzig bis achtundzwanzig grad', 'im süden scheint häufig die sonne und es wird hochsommerlich warm']
--------------------------------------------------

--------------------------------------------------
EPOCH: 28
TIME: 2177.8213028907776
AVG. LOSS: 61.85180054764602
EPOCH METRICS: {'BLEU_1': 0.0, 'BLEU_2': 0.0, 'BLEU_3': 0.0, 'BLEU_4': 0.0, 'LOSS': 33.4919190746741, 'ROUGE': 0.0, 'EXAMPLE': 'pred: , target: am tag nur hier und da einige sonnige momente vor allem an den alpen'}
BASELINE METRICS: {'BLEU_1': 0.09094908292497328, 'BLEU_2': 0.04322398958422319, 'BLEU_3': 0.0208016188292086, 'BLEU_4': 0.01154076525203481, 'ROUGE': 0.23368107936397287}
['', '', '', '']
['am mittwoch wird es insgesamt etwas freundlicher bevor im laufe des donnerstags von westen wieder regen heranzieht', 'es gibt dann nur noch vereinzelt am nachmittag mal irgendwo im osten schauer oder gewitter auch am alpenrand', 'im süden bleibt es dagegen trocken und vor allem im östlichen bayern bei klarem himmel und einigen nebelfeldern wird es auch wieder frostig werden', 'der wind weht morgen schwach hier und da auch mäßig aus unterschiedlichen richtungen']
--------------------------------------------------

--------------------------------------------------
EPOCH: 29
TIME: 2198.4714415073395
AVG. LOSS: 59.7900461768889
EPOCH METRICS: {'BLEU_1': 0.0, 'BLEU_2': 0.0, 'BLEU_3': 0.0, 'BLEU_4': 0.0, 'LOSS': 20.70434998639057, 'ROUGE': 0.0, 'EXAMPLE': 'pred: , target: und nun die wettervorhersage für morgen dienstag den sechsundzwanzigsten januar'}
BASELINE METRICS: {'BLEU_1': 0.09094908292497328, 'BLEU_2': 0.04322398958422319, 'BLEU_3': 0.0208016188292086, 'BLEU_4': 0.01154076525203481, 'ROUGE': 0.23368107936397287}
['', '', '', '']
['und am nachmittag dann wahrscheinlich leichter regen hier im nordwesten', 'und nun die wettervorhersage für morgen donnerstag den achtundzwanzigsten oktober', 'am tag vier grad am bergrand und acht grad an rhein und nordsee', 'am tag sechs grad im vogtland und bei zähem nebel bis dreizehn grad am rhein']
--------------------------------------------------

--------------------------------------------------
EPOCH: 30
TIME: 2179.5951914787292
AVG. LOSS: 58.2018644909176
EPOCH METRICS: {'BLEU_1': 0.0, 'BLEU_2': 0.0, 'BLEU_3': 0.0, 'BLEU_4': 0.0, 'LOSS': 24.108293308228657, 'ROUGE': 0.0, 'EXAMPLE': 'pred: , target: der süden kommt dabei besser weg als der norden'}
BASELINE METRICS: {'BLEU_1': 0.09094908292497328, 'BLEU_2': 0.04322398958422319, 'BLEU_3': 0.0208016188292086, 'BLEU_4': 0.01154076525203481, 'ROUGE': 0.23368107936397287}
['', '', '', 'nun wind']
['das tief über großbritannien sorgt dafür dass es später richtung westen gewittriger wird', 'guten abend liebe zuschauer', 'besonders in der südwesthälfte bildet sich stellenweise nebel', 'morgen werte von minus einem grad im vogtland bis plus sechs am oberrhein']
--------------------------------------------------

--------------------------------------------------
EPOCH: 31
TIME: 2189.9051172733307
AVG. LOSS: 56.43600234533781
EPOCH METRICS: {'BLEU_1': 0.0, 'BLEU_2': 0.0, 'BLEU_3': 0.0, 'BLEU_4': 0.0, 'LOSS': 25.634982350704067, 'ROUGE': 0.0, 'EXAMPLE': 'pred: , target: es wird auch langsam wärmer am rhein dann schon mal so achtzehn bis zwanzig grad im übrigen deutschland so mit zwölf bis maximal achtzehn grad noch ein bisschen kühler'}
BASELINE METRICS: {'BLEU_1': 0.09094908292497328, 'BLEU_2': 0.04322398958422319, 'BLEU_3': 0.0208016188292086, 'BLEU_4': 0.01154076525203481, 'ROUGE': 0.23368107936397287}
['', '', '', '']
['und das wetter dazu bringt die meiste sonne in der westhälfte im südosten vormittags einige schauer', 'sonst sorgt ein hoch das von nordeuropa bis zum atlantik reicht für ruhiges wetter', 'heute nacht ist es meist nur locker bewölkt oder klar an der ostsee fällt noch etwas regen', 'am samstag fällt von nordwesten her zeitweise regen']
--------------------------------------------------

--------------------------------------------------
EPOCH: 32
TIME: 2169.6946408748627
AVG. LOSS: 55.44371144048525
EPOCH METRICS: {'BLEU_1': 0.0, 'BLEU_2': 0.0, 'BLEU_3': 0.0, 'BLEU_4': 0.0, 'LOSS': 20.644405539554896, 'ROUGE': 0.0, 'EXAMPLE': 'pred: , target: an den küsten ist es windig'}
BASELINE METRICS: {'BLEU_1': 0.09094908292497328, 'BLEU_2': 0.04322398958422319, 'BLEU_3': 0.0208016188292086, 'BLEU_4': 0.01154076525203481, 'ROUGE': 0.23368107936397287}
['', '', '', 'nun']
['deutschland liegt genau an der grenze zwischen diesen luftdruckgebieten und bekommt von allem etwas', 'im westen ist es freundlicher', 'ihnen einen schönen abend und machen sie es gut', 'und nun die wettervorhersage für morgen montag den fünfzehnten august']
--------------------------------------------------

--------------------------------------------------
EPOCH: 33
TIME: 2165.568302631378
AVG. LOSS: 53.96175284208278
EPOCH METRICS: {'BLEU_1': 0.0, 'BLEU_2': 0.0, 'BLEU_3': 0.0, 'BLEU_4': 0.0, 'LOSS': 20.856142621049532, 'ROUGE': 0.0, 'EXAMPLE': 'pred: , target: in den nächsten tagen erwartet uns wechselhaftes wetter'}
BASELINE METRICS: {'BLEU_1': 0.09094908292497328, 'BLEU_2': 0.04322398958422319, 'BLEU_3': 0.0208016188292086, 'BLEU_4': 0.01154076525203481, 'ROUGE': 0.23368107936397287}
['', '', '', '']
['in der nacht vor allem im westen und süden weitere schneeschauer sonst klart es teilweise auf', 'am tag zeigt sich neben dichten wolken auch mal die sonne stellenweise schneit es ein wenig', 'das sind die aussichten ich wünsche ihnen noch einen schönen abend', 'in bayern und sachsen schneit es am kräftigsten auch an den küsten schneeschauer']
--------------------------------------------------

--------------------------------------------------
EPOCH: 34
TIME: 2158.635701417923
AVG. LOSS: 52.53017938929991
EPOCH METRICS: {'BLEU_1': 0.0, 'BLEU_2': 0.0, 'BLEU_3': 0.0, 'BLEU_4': 0.0, 'LOSS': 22.184015125208507, 'ROUGE': 0.0, 'EXAMPLE': 'pred: , target: denn es sieht fast so aus als ob das hintere tief das vordere tief einholt'}
BASELINE METRICS: {'BLEU_1': 0.09094908292497328, 'BLEU_2': 0.04322398958422319, 'BLEU_3': 0.0208016188292086, 'BLEU_4': 0.01154076525203481, 'ROUGE': 0.23368107936397287}
['', '', 'sam', '']
['ab dienstag wieder kühler dazu gibt es zunächst etwas regen im bergland auch schnee', 'die nacht verläuft gebietsweise klar nebelfelder gibt es vor allem in den niederungen süddeutschlands', 'und nun die wettervorhersage für morgen samstag den zehnten juli', 'in der nacht elf grad im nordwesten vier grad in den alpentälern']
--------------------------------------------------

--------------------------------------------------
EPOCH: 35
TIME: 2167.719541311264
AVG. LOSS: 51.89291659336886
EPOCH METRICS: {'BLEU_1': 0.0, 'BLEU_2': 0.0, 'BLEU_3': 0.0, 'BLEU_4': 0.0, 'LOSS': 21.22837568845363, 'ROUGE': 0.0, 'EXAMPLE': 'pred: , target: am tag schneit es im süden und osten gebietsweise im flachland auch schneeregen'}
BASELINE METRICS: {'BLEU_1': 0.09094908292497328, 'BLEU_2': 0.04322398958422319, 'BLEU_3': 0.0208016188292086, 'BLEU_4': 0.01154076525203481, 'ROUGE': 0.23368107936397287}
['', '', '', '']
['und damit schönen guten abend', 'im nordosten regnet es kaum', 'heute nacht werte zwischen sieben und ein grad am tag dann acht grad im vogtland und fünfzehn grad am oberrhein', 'an der grenze zur kälteren luft im osten und südosten geht der regen in schnee über teilweise auch in gefrierenden regen']
--------------------------------------------------

--------------------------------------------------
EPOCH: 36
TIME: 2166.172600746155
AVG. LOSS: 50.70413738334596
EPOCH METRICS: {'BLEU_1': 0.0, 'BLEU_2': 0.0, 'BLEU_3': 0.0, 'BLEU_4': 0.0, 'LOSS': 28.477103172699152, 'ROUGE': 0.0, 'EXAMPLE': 'pred: , target: meist weht nur ein schwacher wind aus unterschiedlichen richtungen der bei schauern und gewittern stark böig sein kann'}
BASELINE METRICS: {'BLEU_1': 0.09094908292497328, 'BLEU_2': 0.04322398958422319, 'BLEU_3': 0.0208016188292086, 'BLEU_4': 0.01154076525203481, 'ROUGE': 0.23368107936397287}
['we', '', '', 'der am und die  im in auch es heute morgen das frei dienst']
['im übrigen land meist trocken und zum teil längere zeit sonnig im westen kann es später wieder kräftig gewittern', 'das bedeutet es wird zwar etwas sonniger in den kommenden tagen aber kaum wärmer', 'auch am montag ist es zunächst noch freundlich am nachmittag in der westhälfte hier und da schauer und gewitter', 'und in den bergen fällt dann auch wieder schnee']
--------------------------------------------------

--------------------------------------------------
EPOCH: 37
TIME: 2163.4542775154114
AVG. LOSS: 49.36359288539263
EPOCH METRICS: {'BLEU_1': 0.0, 'BLEU_2': 0.0, 'BLEU_3': 0.0, 'BLEU_4': 0.0, 'LOSS': 20.91370379901805, 'ROUGE': 0.0, 'EXAMPLE': 'pred: , target: im nordwesten sorgt das hoch über dem atlantik immer mehr für sonne'}
BASELINE METRICS: {'BLEU_1': 0.09094908292497328, 'BLEU_2': 0.04322398958422319, 'BLEU_3': 0.0208016188292086, 'BLEU_4': 0.01154076525203481, 'ROUGE': 0.23368107936397287}
['dienst', '', 'nun', '']
['morgen temperaturen von elf grad im sauerland bis einundzwanzig grad am östlichen alpenrand', 'ich wünsche ihnen einen schönen abend und machen sie es gut', 'ein seltener tag heute', 'am tag regnet es in der nordhälfte teilweise kräftig']
--------------------------------------------------

--------------------------------------------------
EPOCH: 38
TIME: 2147.965120077133
AVG. LOSS: 49.16661921375365
EPOCH METRICS: {'BLEU_1': 0.0, 'BLEU_2': 0.0, 'BLEU_3': 0.0, 'BLEU_4': 0.0, 'LOSS': 19.962520113340464, 'ROUGE': 0.0, 'EXAMPLE': 'pred: , target: daran ändert sich auch am donnerstag nur wenig'}
BASELINE METRICS: {'BLEU_1': 0.09094908292497328, 'BLEU_2': 0.04322398958422319, 'BLEU_3': 0.0208016188292086, 'BLEU_4': 0.01154076525203481, 'ROUGE': 0.23368107936397287}
['', 'wind', '', 'we']
['heute nacht ist es vielerorts stark bewölkt gelegentlich fällt etwas regen vor allem in alpennähe zeigen sich auch mal die sterne', 'der wind weht im norden schwach bis mäßig aus ost bis nordost sonst schwach aus unterschiedlichen richtungen', 'das schönwetterhoch zieht weiter nach osten und vom atlantik kommen die nächsten tiefs zu uns', 'am tag minus sieben grad am alpenrand und bis plus drei grad an der nordsee']
--------------------------------------------------

--------------------------------------------------
EPOCH: 39
TIME: 2177.6612179279327
AVG. LOSS: 47.748420816397854
EPOCH METRICS: {'BLEU_1': 0.0, 'BLEU_2': 0.0, 'BLEU_3': 0.0, 'BLEU_4': 0.0, 'LOSS': 18.89668659346182, 'ROUGE': 0.0, 'EXAMPLE': 'pred: , target: am tag zwei grad ganz im osten und dreizehn grad im nordwesten'}
BASELINE METRICS: {'BLEU_1': 0.09094908292497328, 'BLEU_2': 0.04322398958422319, 'BLEU_3': 0.0208016188292086, 'BLEU_4': 0.01154076525203481, 'ROUGE': 0.23368107936397287}
['we wind', '', 'age', 'wind']
['guten abend liebe zuschauer', 'der wind weht meist mäßig im norden frisch', 'ja dann wird es richtig matschig am wochenende', 'heute nacht ist es hier und da wolkig meist aber klar und trocken']
--------------------------------------------------

--------------------------------------------------
EPOCH: 40
TIME: 2174.132389307022
AVG. LOSS: 46.08496059882197
EPOCH METRICS: {'BLEU_1': 0.0, 'BLEU_2': 0.0, 'BLEU_3': 0.0, 'BLEU_4': 0.0, 'LOSS': 19.24390754626206, 'ROUGE': 0.0, 'EXAMPLE': 'pred: , target: heute nacht temperaturen zwischen vier und neun grad'}
BASELINE METRICS: {'BLEU_1': 0.09094908292497328, 'BLEU_2': 0.04322398958422319, 'BLEU_3': 0.0208016188292086, 'BLEU_4': 0.01154076525203481, 'ROUGE': 0.23368107936397287}
['', '', '', '']
['ansonsten aber regnet es in der mitte und dieses regengebiet zieht langsam weiter nach norden da schneit es also leicht weiter vor sich hin', 'im osten auch schon zum teil wolken und nachmittags kommt dort auch noch regen dazu', 'auch am dienstag insgesamt durchwachsenes wetter', 'am tag einstellige werte an den küsten siebzehn grad am oberrhein']
--------------------------------------------------

--------------------------------------------------
EPOCH: 41
TIME: 2168.016566991806
AVG. LOSS: 45.69051161909049
EPOCH METRICS: {'BLEU_1': 0.0, 'BLEU_2': 0.0, 'BLEU_3': 0.0, 'BLEU_4': 0.0, 'LOSS': 17.031687528871156, 'ROUGE': 0.0, 'EXAMPLE': 'pred: , target: gegen abend kann es westlich des rheins leicht regnen'}
BASELINE METRICS: {'BLEU_1': 0.09094908292497328, 'BLEU_2': 0.04322398958422319, 'BLEU_3': 0.0208016188292086, 'BLEU_4': 0.01154076525203481, 'ROUGE': 0.23368107936397287}
['we', '', '', '']
['zwischen tiefem luftdruck im nordwesten und hohem luftdruck im südosten wird wieder feucht heiße luft nach deutschland gelenkt', 'morgen schwacher bis mäßiger in der nordosthälfte auch frischer wind mit stürmischen böen im bergland sturmböen', 'in der nacht kommen von westen teilweise kräftige schauer und gewitter auf stellenweise mit starkregen und sturmböen', 'am dienstag ruhiges trockenes hochdruckwetter im norden und nordwesten ist es stark bewölkt oder neblig trüb']
--------------------------------------------------

--------------------------------------------------
EPOCH: 42
TIME: 2194.4848330020905
AVG. LOSS: 44.79258364190378
EPOCH METRICS: {'BLEU_1': 0.0, 'BLEU_2': 0.0, 'BLEU_3': 0.0, 'BLEU_4': 0.0, 'LOSS': 19.938052547690038, 'ROUGE': 0.0, 'EXAMPLE': 'pred: , target: an der nordsee morgen sieben im breisgau und an der isar bis fünfzehn grad'}
BASELINE METRICS: {'BLEU_1': 0.09094908292497328, 'BLEU_2': 0.04322398958422319, 'BLEU_3': 0.0208016188292086, 'BLEU_4': 0.01154076525203481, 'ROUGE': 0.23368107936397287}
['', '', 'we', '']
['auch am montag unbeständiges wetter', 'in der zweiten nachthälfte lockert der hier im östlichen bayern ein bisschen auf es wird dann recht kühl', 'erst weht der wind mäßig später stark vor allem in der nordwesthälfte gegen abend erste sturmböen', 'am samstag ist es teilweise freundlich teilweise aber auch stärker bewölkt']
--------------------------------------------------

--------------------------------------------------
EPOCH: 43
TIME: 2161.0478558540344
AVG. LOSS: 44.04110767231181
EPOCH METRICS: {'BLEU_1': 0.0, 'BLEU_2': 0.0, 'BLEU_3': 0.0, 'BLEU_4': 0.0, 'LOSS': 22.16065095155455, 'ROUGE': 0.0, 'EXAMPLE': 'pred: , target: im süden kann sich der nebel in den niederungen länger halten'}
BASELINE METRICS: {'BLEU_1': 0.09094908292497328, 'BLEU_2': 0.04322398958422319, 'BLEU_3': 0.0208016188292086, 'BLEU_4': 0.01154076525203481, 'ROUGE': 0.23368107936397287}
['', '', 'we', '']
['am tag temperaturen zwischen sechzehn und zwanzig grad am oberrhein bis zweiundzwanzig grad', 'die sonne zeigt sich am ehesten im westen', 'durch die wetterlage die hochs über skandinavien bringt trockene kühle luft in den norden gleichzeitig strömt von osten her feuchte und milde luft zu uns mit vielen wolken teilweise regen', 'in skandinavien hat bereits der winter einzug gehalten']
--------------------------------------------------

--------------------------------------------------
EPOCH: 44
TIME: 2159.0328397750854
AVG. LOSS: 43.51425624296926
EPOCH METRICS: {'BLEU_1': 0.0, 'BLEU_2': 0.0, 'BLEU_3': 0.0, 'BLEU_4': 0.0, 'LOSS': 18.894521053586164, 'ROUGE': 0.0, 'EXAMPLE': 'pred: , target: im vogtland morgen frische dreizehn am oberrhein fast sommerliche vierundzwanzig grad'}
BASELINE METRICS: {'BLEU_1': 0.09094908292497328, 'BLEU_2': 0.04322398958422319, 'BLEU_3': 0.0208016188292086, 'BLEU_4': 0.01154076525203481, 'ROUGE': 0.23368107936397287}
['', 'we wind', '', 'der am']
['sonst lässt der regen von den alpen her ein bisschen nach im norden wird es dann klar', 'ähnlich zweigeteiltes wetter auch am montag und am dienstag sonne in der südhälfte hier und da regenwolken über der nordhälfte', 'ab donnerstag ist bei sinkenden temperaturen auch wieder mehr schnee dabei', 'das tief das bis morgen abend über norddeutschland zur südlichen ostsee zieht sorgt für weitere schneefälle']
--------------------------------------------------

--------------------------------------------------
EPOCH: 45
TIME: 2182.126838684082
AVG. LOSS: 42.462049020855375
EPOCH METRICS: {'BLEU_1': 0.0, 'BLEU_2': 0.0, 'BLEU_3': 0.0, 'BLEU_4': 0.0, 'LOSS': 19.20741069293895, 'ROUGE': 0.0, 'EXAMPLE': 'pred: , target: auch am donnerstag neben sonne gebietsweise heftige schauer oder gewitter'}
BASELINE METRICS: {'BLEU_1': 0.09094908292497328, 'BLEU_2': 0.04322398958422319, 'BLEU_3': 0.0208016188292086, 'BLEU_4': 0.01154076525203481, 'ROUGE': 0.23368107936397287}
['morgen am und nun', 'mäßig', '', 'der am und die']
['und nun die wettervorhersage für morgen montag den sechsundzwanzigsten april', 'im norden ist es morgen meist stark bewölkt vereinzelt regnet es ein wenig ansonsten nebel und sonne', 'heute nacht sieben bis null grad wo es länger aufklart ist leichter frost möglich', 'am sonntag sonne und wolken später teilweise unwetterartige gewitter']
--------------------------------------------------

--------------------------------------------------
EPOCH: 46
TIME: 2174.668260574341
AVG. LOSS: 41.571584342969444
EPOCH METRICS: {'BLEU_1': 0.0, 'BLEU_2': 0.0, 'BLEU_3': 0.0, 'BLEU_4': 0.0, 'LOSS': 18.7783174432082, 'ROUGE': 0.0, 'EXAMPLE': 'pred: , target: und nun die wettervorhersage für morgen sonntag den sechsundzwanzigsten september'}
BASELINE METRICS: {'BLEU_1': 0.09094908292497328, 'BLEU_2': 0.04322398958422319, 'BLEU_3': 0.0208016188292086, 'BLEU_4': 0.01154076525203481, 'ROUGE': 0.23368107936397287}
['', '', '', '']
['aber frostig überall nur im äußersten westen auch leichte plusgrade', 'so geht es eigentlich auch weiter am wochenende', 'nur in alpennähe meist trocken', 'ihnen einen schönen abend und machen sie es gut']
--------------------------------------------------

--------------------------------------------------
EPOCH: 47
TIME: 2197.302388191223
AVG. LOSS: 41.06651989045514
EPOCH METRICS: {'BLEU_1': 0.0, 'BLEU_2': 0.0, 'BLEU_3': 0.0, 'BLEU_4': 0.0, 'LOSS': 18.226826641141564, 'ROUGE': 0.0, 'EXAMPLE': 'pred: , target: ich wünsche ihnen einen schönen abend und machen sie es gut'}
BASELINE METRICS: {'BLEU_1': 0.09094908292497328, 'BLEU_2': 0.04322398958422319, 'BLEU_3': 0.0208016188292086, 'BLEU_4': 0.01154076525203481, 'ROUGE': 0.23368107936397287}
['', '', '', '']
['die warme luft wird erstmal nach nordosten abgedrängt', 'an den alpen und in den höheren mittelgebirgslagen scheint sie meist ungestört', 'heute nacht vierzehn grad im südwesten und fünf grad im norden', 'die neue woche beginnt insgesamt wechselhaft und etwas kühler aber am dienstag wird es von westen schon wieder freundlicher']
--------------------------------------------------

--------------------------------------------------
EPOCH: 48
TIME: 2166.1546971797943
AVG. LOSS: 39.815333973864156
EPOCH METRICS: {'BLEU_1': 0.0, 'BLEU_2': 0.0, 'BLEU_3': 0.0, 'BLEU_4': 0.0, 'LOSS': 18.73713759787969, 'ROUGE': 0.0, 'EXAMPLE': 'pred: , target: dazu bläst ein böiger nordostwind an der ostsee ist er auch frisch im höheren bergland sind stürmische böen möglich'}
BASELINE METRICS: {'BLEU_1': 0.09094908292497328, 'BLEU_2': 0.04322398958422319, 'BLEU_3': 0.0208016188292086, 'BLEU_4': 0.01154076525203481, 'ROUGE': 0.23368107936397287}
['', 'morgen am und  nun dienst', '', '']
['guten abend liebe zuschauer', 'am tag einundzwanzig grad in der eifel', 'am längsten zeigt sich die sonne noch im äußersten osten', 'und es kommt im moment auch nicht viel regen nach denn der regen zieht sich immer mehr richtung alpenrand zurück']
--------------------------------------------------

--------------------------------------------------
EPOCH: 49
TIME: 2166.5851249694824
AVG. LOSS: 39.405516097080614
EPOCH METRICS: {'BLEU_1': 0.0, 'BLEU_2': 0.0, 'BLEU_3': 0.0, 'BLEU_4': 0.0, 'LOSS': 17.034306007543282, 'ROUGE': 0.0, 'EXAMPLE': 'pred: , target: am sonntag im westen und nordwesten wieder viele wolken und etwas regen richtung osten ist es weiterhin recht freundlich'}
BASELINE METRICS: {'BLEU_1': 0.09094908292497328, 'BLEU_2': 0.04322398958422319, 'BLEU_3': 0.0208016188292086, 'BLEU_4': 0.01154076525203481, 'ROUGE': 0.23368107936397287}
['we', '', '', 'morgen der']
['nachmittags gibt es vielleicht auch richtung lausitz mal ein gewitter', 'es kann sehr glatt werden und auch der schneeregen und schnee hier im südosten der südwesten lässt langsam wieder nach', 'es sorgt teilweise für kräftige schauer', 'danach kommt die warme luft auch nach norddeutschland und das bedeutet eben unter umständen glatteisregen']
--------------------------------------------------

--------------------------------------------------
EPOCH: 50
TIME: 2171.034195661545
AVG. LOSS: 38.452300375182574
EPOCH METRICS: {'BLEU_1': 0.0, 'BLEU_2': 0.0, 'BLEU_3': 0.0, 'BLEU_4': 0.0, 'LOSS': 18.142944278055534, 'ROUGE': 0.0, 'EXAMPLE': 'pred: , target: und nun die wettervorhersage für morgen dienstag den zwanzigsten oktober'}
BASELINE METRICS: {'BLEU_1': 0.09094908292497328, 'BLEU_2': 0.04322398958422319, 'BLEU_3': 0.0208016188292086, 'BLEU_4': 0.01154076525203481, 'ROUGE': 0.23368107936397287}
['', '', 'mäßig', '']
['nachmittags etwas sonne an der nordsee richtung osten freundlicher wenn sich der nebel aufgelöst hat und auch trocken', 'vom atlantik nähert sich aber wieder ein tief', 'im süden schwacher bis mäßiger sonst teilweise frischer wind mit starken bis stürmischen böen an der see und auf den bergen sind sturmböen möglich', 'tauwetter erwartet uns']
--------------------------------------------------

--------------------------------------------------
EPOCH: 51
TIME: 2179.2440021038055
AVG. LOSS: 37.71888421756439
EPOCH METRICS: {'BLEU_1': 0.0, 'BLEU_2': 0.0, 'BLEU_3': 0.0, 'BLEU_4': 0.0, 'LOSS': 18.02190863971306, 'ROUGE': 0.0, 'EXAMPLE': 'pred: , target: und nun die wettervorhersage für morgen dienstag den neunten februar'}
BASELINE METRICS: {'BLEU_1': 0.09094908292497328, 'BLEU_2': 0.04322398958422319, 'BLEU_3': 0.0208016188292086, 'BLEU_4': 0.01154076525203481, 'ROUGE': 0.23368107936397287}
['wind', '', '', 'der am im morgen']
['der wind weht schwach bis mäßig im norden und westen teilweise frisch mit starken an der see stürmischen böen', 'ich wünsche ihnen einen schönen abend und machen sie es gut', 'wetterbestimmend ist das kleine tief das bis morgen abend von großbritannien in die mitte deutschlands zieht', 'es wird etwas kühler am wochenende von osten aber das mit diesem wunderbaren sonnenschein']
--------------------------------------------------

--------------------------------------------------
EPOCH: 52
TIME: 2203.072617292404
AVG. LOSS: 37.696380612546456
EPOCH METRICS: {'BLEU_1': 0.0, 'BLEU_2': 0.0, 'BLEU_3': 0.0, 'BLEU_4': 0.0, 'LOSS': 17.56958829736434, 'ROUGE': 0.0, 'EXAMPLE': 'pred: , target: am tag weht der wind schwach bis mäßig im norden und nordosten mäßig bis frisch an der ostsee stark'}
BASELINE METRICS: {'BLEU_1': 0.09094908292497328, 'BLEU_2': 0.04322398958422319, 'BLEU_3': 0.0208016188292086, 'BLEU_4': 0.01154076525203481, 'ROUGE': 0.23368107936397287}
['', 'we', '', 'we']
['die sonne kann sich am ehesten mal im norden zeigen es bläst ein schwacher bis mäßiger im nordwesten frischer wind aus östlichen richtungen', 'schwacher bis mäßiger wind aus südwest an der küste bläst er auch frisch und kommt aus osten', 'in der nacht temperaturen von null bis sieben im nordwesten bis acht grad', 'aber die gewitter lassen dann im laufe der nacht nach']
--------------------------------------------------

--------------------------------------------------
EPOCH: 53
TIME: 2218.120097398758
AVG. LOSS: 36.708704669956695
EPOCH METRICS: {'BLEU_1': 0.0, 'BLEU_2': 0.0, 'BLEU_3': 0.0, 'BLEU_4': 0.0, 'LOSS': 16.232842197767344, 'ROUGE': 0.0, 'EXAMPLE': 'pred: , target: am wochenende sorgt dann ein hoch das sich von spanien ausbreitet wieder für sonnenschein und teilweise sommerliche temperaturen'}
BASELINE METRICS: {'BLEU_1': 0.09094908292497328, 'BLEU_2': 0.04322398958422319, 'BLEU_3': 0.0208016188292086, 'BLEU_4': 0.01154076525203481, 'ROUGE': 0.23368107936397287}
['wind', '', '', 'we']
['der wind weht meist mäßig im norden frisch', 'es wird noch ein bisschen wärmer am wochenende samstag dabei der freundlichste tag der regen der wird wahrscheinlich erst abends kommen', 'auch morgen kann es im süden zum teil noch länger schneien sonst fällt nur hier und da etwas schnee oder regen', 'zwischendurch kann sich auch mal die sonne blicken lassen am ehesten noch im norden']
--------------------------------------------------
