Loaded dependency [python3/3.10.7]: gcc/11.3.0-binutils-2.38
Loaded module: python3/3.10.7

Loading python3/3.10.7
  Loading requirement: gcc/11.3.0-binutils-2.38
Loaded module: cuda/12.0
Loaded module: cudnn/v8.3.2.44-prod-cuda-11.X
Traceback (most recent call last):
  File "/zhome/6b/b/151617/Sign2Text/main.py", line 59, in <module>
    main()
  File "/zhome/6b/b/151617/Sign2Text/main.py", line 55, in main
    train(model, dataloader_train, dataloader_val, T_CFG)
  File "/zhome/6b/b/151617/Sign2Text/Trainer/trainer.py", line 148, in train
    epoch_metrics[epoch] = compute_metrics(model, dataloaderVal, loss_preds_fc, ctc_loss_fc, tokenize_targets, epoch, CFG)
  File "/zhome/6b/b/151617/Sign2Text/utils/compute_metrics.py", line 70, in compute_metrics
    raw_preds = model.predict(ipt.to(CFG.device), ipt_len)
  File "/zhome/6b/b/151617/Sign2Text/Sign2Text/Sign2Text.py", line 41, in predict
    preds = self.language_model.generate(
  File "/zhome/6b/b/151617/Sign2Text/mBART/TranslationModel.py", line 31, in generate
    output_dict = self.mbart.generate(
  File "/zhome/6b/b/151617/env2/lib/python3.10/site-packages/torch/utils/_contextlib.py", line 115, in decorate_context
    return func(*args, **kwargs)
  File "/zhome/6b/b/151617/env2/lib/python3.10/site-packages/transformers/generation/utils.py", line 1285, in generate
    input_ids_seq_length = input_ids.shape[-1]
AttributeError: 'int' object has no attribute 'shape'
