Sun May 28 12:07:06 2023       
+---------------------------------------------------------------------------------------+
| NVIDIA-SMI 530.41.03              Driver Version: 530.41.03    CUDA Version: 12.1     |
|-----------------------------------------+----------------------+----------------------+
| GPU  Name                  Persistence-M| Bus-Id        Disp.A | Volatile Uncorr. ECC |
| Fan  Temp  Perf            Pwr:Usage/Cap|         Memory-Usage | GPU-Util  Compute M. |
|                                         |                      |               MIG M. |
|=========================================+======================+======================|
|   0  NVIDIA A100 80GB PCIe           On | 00000000:CA:00.0 Off |                    0 |
| N/A   30C    P0               41W / 300W|      0MiB / 81920MiB |      0%   E. Process |
|                                         |                      |             Disabled |
+-----------------------------------------+----------------------+----------------------+
                                                                                         
+---------------------------------------------------------------------------------------+
| Processes:                                                                            |
|  GPU   GI   CI        PID   Type   Process name                            GPU Memory |
|        ID   ID                                                             Usage      |
|=======================================================================================|
|  No running processes found                                                           |
+---------------------------------------------------------------------------------------+
----------GLOSS VOCAB SIZE 1085----------
----------GLOSS VOCAB SIZE 1085----------
----------GLOSS VOCAB SIZE 1085----------
Loading entire state dict directly...
Succesfully loaded
Freezing up to block 4 in S3D backbone
Loading model from pretrained checkpoint!

--------------------Preparing Baseline Metrics--------------------

--------------------Starting Training--------------------

--------------------------------------------------
EPOCH: 0
TIME: 1569.2659993171692
AVG. LOSS: 35.518768175113834
EPOCH METRICS: {'BLEU_1': 0.1718141346688926, 'BLEU_2': 0.0942776249934954, 'BLEU_3': 0.06476892169532496, 'BLEU_4': 0.04874443981024886, 'LOSS': 41.02994093683643, 'ROUGE': 0.17303011736261326, 'EXAMPLE': 'pred: in der nacht regnet es in der osthälfte gebietsweise im norden und westen ist es teilweise klar, target: am tag vor allem im norden und osten sowie an den alpen hier und da noch schauer sonst mal sonne mal wolken richtung südwesten gibt es den meisten sonnenschein'}
BASELINE METRICS: {}
['und nun die wettervorhersage für morgen samstag den fünfundzwanzigsten juli', 'im norden und nordwesten deutschlands sorgt das hoch über dem atlantik für wechselhaftes und auch windiges wetter', 'am sonntag im norden und westen einige schauer und gewitter die in der osthälfte unwetterpotenzial haben', 'und nun die wettervorhersage für morgen samstag den neunundzwanzigsten juli']
['und aber es aberbstlich kühl undgee wartzennnnnnnntt es und und und und', 'am nordenen gibt die längere zeit die sonne der mitteosthälfte entwickeln  gewittrige schauer am', 'am tagstag ist sonne im nur zu dreißig grad derstennähe nurwiegen die wolken es stellentlich regen', 'und nun die wettervorhersage für morgen samag den fünfunundzwanzigsten julirz undeeeeee']
['insgesamt bleibt es herbstlich kühl', 'im nordwesten scheint für längere zeit die sonne in der südosthälfte einzelne teilweise gewittrige schauer', 'am samstag viel sonne bei bis zu dreißig grad in küstennähe überwiegen die wolken und bringen gelegentlich regen', 'und nun die wettervorhersage für morgen dienstag den neunundzwanzigsten märz']
--------------------------------------------------
