Loaded dependency [python3/3.10.7]: gcc/11.3.0-binutils-2.38
Loaded module: python3/3.10.7

Loading python3/3.10.7
  Loading requirement: gcc/11.3.0-binutils-2.38
Loaded module: cuda/12.0
Loaded module: cudnn/v8.3.2.44-prod-cuda-11.X
Traceback (most recent call last):
  File "/zhome/6b/b/151617/Sign2Text/main.py", line 60, in <module>
    main()
  File "/zhome/6b/b/151617/Sign2Text/main.py", line 56, in main
    train(model, dataloader_train, dataloader_val, T_CFG)
  File "/zhome/6b/b/151617/Sign2Text/Trainer/trainer.py", line 68, in train
    preds, probs = model(ipt.to(CFG.device))
  File "/zhome/6b/b/151617/env2/lib/python3.10/site-packages/torch/nn/modules/module.py", line 1501, in _call_impl
    return forward_call(*args, **kwargs)
  File "/zhome/6b/b/151617/Sign2Text/Sign2Text/Sign2Text.py", line 28, in forward
    out = self.language_model(gloss_representations,gloss_language_features)
  File "/zhome/6b/b/151617/env2/lib/python3.10/site-packages/torch/nn/modules/module.py", line 1501, in _call_impl
    return forward_call(*args, **kwargs)
  File "/zhome/6b/b/151617/Sign2Text/mBART/TranslationModel.py", line 27, in forward
    decoder_outputs = self.mbart.model.decoder(
  File "/zhome/6b/b/151617/env2/lib/python3.10/site-packages/torch/nn/modules/module.py", line 1501, in _call_impl
    return forward_call(*args, **kwargs)
  File "/zhome/6b/b/151617/env2/lib/python3.10/site-packages/transformers/models/mbart/modeling_mbart.py", line 1029, in forward
    attention_mask = self._prepare_decoder_attention_mask(
  File "/zhome/6b/b/151617/env2/lib/python3.10/site-packages/transformers/models/mbart/modeling_mbart.py", line 910, in _prepare_decoder_attention_mask
    ).to(inputs_embeds.device)
KeyboardInterrupt
