Fri May  5 17:10:00 2023       
+---------------------------------------------------------------------------------------+
| NVIDIA-SMI 530.41.03              Driver Version: 530.41.03    CUDA Version: 12.1     |
|-----------------------------------------+----------------------+----------------------+
| GPU  Name                  Persistence-M| Bus-Id        Disp.A | Volatile Uncorr. ECC |
| Fan  Temp  Perf            Pwr:Usage/Cap|         Memory-Usage | GPU-Util  Compute M. |
|                                         |                      |               MIG M. |
|=========================================+======================+======================|
|   0  NVIDIA A100 80GB PCIe           On | 00000000:65:00.0 Off |                    0 |
| N/A   38C    P0               45W / 300W|      0MiB / 81920MiB |      0%   E. Process |
|                                         |                      |             Disabled |
+-----------------------------------------+----------------------+----------------------+
                                                                                         
+---------------------------------------------------------------------------------------+
| Processes:                                                                            |
|  GPU   GI   CI        PID   Type   Process name                            GPU Memory |
|        ID   ID                                                             Usage      |
|=======================================================================================|
|  No running processes found                                                           |
+---------------------------------------------------------------------------------------+
----------GLOSS VOCAB SIZE 1085----------
----------GLOSS VOCAB SIZE 1085----------
----------GLOSS VOCAB SIZE 1085----------
Loading entire state dict directly...
Succesfully loaded
Freezing up to block 4 in S3D backbone

--------------------Preparing Baseline Metrics--------------------

--------------------Starting Training--------------------

--------------------------------------------------
EPOCH: 0
TIME: 1695.033560037613
AVG. LOSS: 37.6096125355971
EPOCH METRICS: {'BLEU_1': 2.7910245765828592e-05, 'BLEU_2': 1.4722271253985972e-05, 'BLEU_3': 0.0, 'BLEU_4': 0.0, 'LOSS': 15.84499990963063, 'ROUGE': 0.020530706542077434, 'EXAMPLE': 'pred: richtung süden, target: am mittwoch im süden und an den küsten etwas regen sonst ist es meist freundlich'}
BASELINE METRICS: {'BLEU_1': 0.09094908292497328, 'BLEU_2': 0.04322398958422319, 'BLEU_3': 0.0208016188292086, 'BLEU_4': 0.01154076525203481, 'ROUGE': 0.23373427043538952}
['', '', '', 'dort']
['deshalb dort glatte straßen morgen früh', 'und die temperaturen dazu sind mit siebzehn bis fünfundzwanzig grad eigentlich ganz ansprechend da könnten wir doch eigentlich zufrieden sein', 'das gilt auch für heute nacht', 'am mittwoch wieder mehr wolken verbreitet gibt es schauer teilweise auch heftige gewitter']
--------------------------------------------------

--------------------------------------------------
EPOCH: 1
TIME: 1847.8471682071686
AVG. LOSS: 32.29615587983889
EPOCH METRICS: {'BLEU_1': 9.89218712718517e-08, 'BLEU_2': 4.0144184652762783e-07, 'BLEU_3': 0.0, 'BLEU_4': 0.0, 'LOSS': 15.803878349605553, 'ROUGE': 0.0013888298180833995, 'EXAMPLE': 'pred: , target: in der nacht dreizehn grad auf sylt und null grad in den mittelgebirgstälern'}
BASELINE METRICS: {'BLEU_1': 0.09094908292497328, 'BLEU_2': 0.04322398958422319, 'BLEU_3': 0.0208016188292086, 'BLEU_4': 0.01154076525203481, 'ROUGE': 0.23373427043538952}
['im', 'auch', '', '']
['bei auflandigem wind an der ostsee morgen angenehme dreiundzwanzig grad im südwesten bis zweiunddreißig grad', 'im norden unter klarem himmel heute nacht leichter frost an der isar bis sieben grad plus', 'guten abend liebe zuschauer', 'auch morgen viele wolken im osten und südosten noch leichter schneefall oder gefrierender regen']
--------------------------------------------------

--------------------------------------------------
EPOCH: 2
TIME: 2184.719064474106
AVG. LOSS: 31.475167823886117
EPOCH METRICS: {'BLEU_1': 1.1689924337552772e-05, 'BLEU_2': 4.1343672492761385e-06, 'BLEU_3': 0.0, 'BLEU_4': 0.0, 'LOSS': 15.56690040121648, 'ROUGE': 0.005039576158667796, 'EXAMPLE': 'pred: , target: am tag zehn grad im vogtland und siebzehn grad am oberrhein'}
BASELINE METRICS: {'BLEU_1': 0.09094908292497328, 'BLEU_2': 0.04322398958422319, 'BLEU_3': 0.0208016188292086, 'BLEU_4': 0.01154076525203481, 'ROUGE': 0.23373427043538952}
['', 'se es regnet wolken und südosten regenw norden', '', 'erreicht der der wind wehtacher im norden mäßig schwstur frisch anm']
['ihnen einen schönen abend und machen sie es gut', 'die aussichten am mittwoch und am donnerstag viel sonnenschein hier und da ist es wolkig vereinzelt muss mit schauern oder gewittern gerechnet werden', 'ansonsten gibt es eine mischung aus sonne und wolken', 'es bläst ein mäßiger und böiger nordostwind an der ostsee ist er auch frisch']
--------------------------------------------------

--------------------------------------------------
EPOCH: 3
TIME: 2163.317857980728
AVG. LOSS: 30.100960927186986
EPOCH METRICS: {'BLEU_1': 0.0405743589095512, 'BLEU_2': 0.023117256463205373, 'BLEU_3': 0.010259649742631239, 'BLEU_4': 0.006059252516280373, 'LOSS': 15.617525422274491, 'ROUGE': 0.03542746287452682, 'EXAMPLE': 'pred: , target: am tag einundzwanzig grad auf sylt und neunundzwanzig grad in der lausitz und in niederbayern'}
BASELINE METRICS: {'BLEU_1': 0.09094908292497328, 'BLEU_2': 0.04322398958422319, 'BLEU_3': 0.0208016188292086, 'BLEU_4': 0.01154076525203481, 'ROUGE': 0.23373427043538952}
['se nun die wetterhers', '', 'kan im sonst süden gibt es ist der nacht nordken und meist mal wol sich klar ne diesten hier inw nebel son teilweiserichtung erreicht auch di bei etwas überk noch nurschauer wind dicht vor regen am wird regnet dann be teils wewest eint sche bleibt denniglfte ziehenn an aufcken heute ab mitte fällt verbreitet vielestag allem bisfteo o wiederhä stellenweise', 'se im heute nacht nacht tag temperaturen der grad bis minus nacht zwischen einzehr pen vier in undn an sieben fünf zwei fhe nord plus amwan drei ober al beizigundzoenin süd es osten zehnt']
['und nun die wettervorhersage für morgen mittwoch den sechsten juli', 'morgen vierzehn grad im emsland bis zweiundzwanzig in niederbayern', 'sonst auch mal dichtere wolken und im laufe des tages entwickeln sich stellenweise schauer', 'die temperaturen reichen heute nacht von minus einem grad am main bis minus sieben grad im allgäu']
--------------------------------------------------

--------------------------------------------------
EPOCH: 4
TIME: 2130.213021993637
AVG. LOSS: 29.693712966955502
EPOCH METRICS: {'BLEU_1': 0.06876202694034639, 'BLEU_2': 0.027186969966612753, 'BLEU_3': 0.004651957569785327, 'BLEU_4': 0.0, 'LOSS': 15.53087960548254, 'ROUGE': 0.0805052268339364, 'EXAMPLE': 'pred: , target: am tag bleibt es bei vielen wolken und nebel weitgehend trocken mancherorts zeigt sich auch die sonne'}
BASELINE METRICS: {'BLEU_1': 0.09094908292497328, 'BLEU_2': 0.04322398958422319, 'BLEU_3': 0.0208016188292086, 'BLEU_4': 0.01154076525203481, 'ROUGE': 0.23373427043538952}
['se am wird lufttter  es', 'se tag tag gradh im zwischen nord undn bis', 'se am im der es kann reg und regen auchnenet gibt sche', 'se am gibt es und tter gewi']
['und das ist doch eigentlich ganz angenehmes winterwetter und das passt auch zu den temperaturen durchweg frostig nur in den südwesten schwappt etwas mildere luft', 'morgen erwarten uns in ganz deutschland höchsttemperaturen zwischen achtzehn und vierundzwanzig grad und wir haben es immer noch mit regenschauern zu tun vor allen dingen in der gesamten ost und südhälfte', 'südlich der donau fällt heute nacht regen der vor allem am alpenrand länger andauert und mit schnee vermischt ist', 'am montag und dienstag wenig sonne gebietsweise regnet es hier und da auch blitz und donner']
--------------------------------------------------

--------------------------------------------------
EPOCH: 5
TIME: 2124.565512418747
AVG. LOSS: 30.17004887307779
EPOCH METRICS: {'BLEU_1': 0.08227289908025703, 'BLEU_2': 0.03173820892914167, 'BLEU_3': 0.0051283439866345905, 'BLEU_4': 0.0, 'LOSS': 15.550335704017007, 'ROUGE': 0.1073784519761742, 'EXAMPLE': 'pred: se am am am am am am am am frei frei frei frei frei frei frei frei frei frei frei freitagtagtagtagtagtagtagag son wird wird wird es sich ist im malne die wolken freundlich der nochs nordwesten morgen uns dasdruck viel  westenlf in und teilweise auch zunächst vor allem von südhä regen hier meist verbreitet viele wiederteäler tief überrichtung kü ein bis mitte nach eine dicht di ausw dann, target: morgen gibt es mal sonne mal wolken in der nordhälfte zeigt sich die sonne häufiger'}
BASELINE METRICS: {'BLEU_1': 0.09094908292497328, 'BLEU_2': 0.04322398958422319, 'BLEU_3': 0.0208016188292086, 'BLEU_4': 0.01154076525203481, 'ROUGE': 0.23373427043538952}
['kan und heute se in der der der nacht nacht nacht nacht nacht auch es  temperaturen die sich wir gradr f noche auf ein morgen amer bisgent ans von den im schon mit al vor', 'erreicht heute se temperaturen temperaturen bis der grad gradzeh', 'se am am tag tag tag bis nacht heute dern von nord grad noch im undze in anen  morgen den elh', 'kan tief erreicht sich der nacht es wolken im norden und vor allem in die']
['heute nacht fünf bis minus ein grad vor allem in den mittelgebirgen vorsicht wegen glätte', 'morgen temperaturen zwischen drei und acht am oberrhein bis neun grad', 'morgen am alpenrand im dauerregen elf in der lausitz bis zwanzig grad', 'im norden gibt es heute nacht noch viele wolken die gebietsweise regen bringen']
--------------------------------------------------

--------------------------------------------------
EPOCH: 6
TIME: 1989.9670877456665
AVG. LOSS: 29.634046290074018
EPOCH METRICS: {'BLEU_1': 0.09943927463612504, 'BLEU_2': 0.03610845594589775, 'BLEU_3': 0.006288751024994388, 'BLEU_4': 0.002391418776205931, 'LOSS': 15.567600649905343, 'ROUGE': 0.1565977202261592, 'EXAMPLE': 'pred: se am am frei frei frei wird wird wird wird wird wirdwechselhafthafthafthafthafthafthafthafthafthafthafthafthafthafthafthafthafthafthafthafthafthafthafthafthafthafthafthafthafthafthafthaft, target: in der neuen woche wird es milder aber es bleibt wechselhaft'}
BASELINE METRICS: {'BLEU_1': 0.09094908292497328, 'BLEU_2': 0.04322398958422319, 'BLEU_3': 0.0208016188292086, 'BLEU_4': 0.01154076525203481, 'ROUGE': 0.23373427043538952}
['se am am tag tag gibt gibtnet es wol wol wolken nord und sonne dies im westen regenschauer en auch süd oder mal gewern', 'ern am am am am am tag tag tag tag tag tag gibt gibt istnetnetnetnetnet es im westen nord sonen süd süd süd süd süd süd süd süd derwest und in wolken freundlich schauero ofte gewlf morgen diesnetter regen auch allem vor noch mal', 'se am wird wird wird wird wird dann', 'se am am am am frei frei frei frei frei frei frei frei freitagtagtagtagtagtag dann es sonenne die im sich morgen nord süd vonken in wols  we viel und freundlich auch einer hoch über dersten vornwest das wird uns den']
['am dienstag neben dichten wolken auch lücken in der wolkendecke vor allem im westen und in der mitte entwickeln sich stellenweise schauer und gewitter', 'am donnerstag scheint wieder häufig die sonne besonders im westen und süden sind einzelne gewitter möglich', 'am freitag dann wechselhaft und ein wenig kühler', 'am sonntag im norden nur wenig regen richtung süden scheint oft die sonne']
--------------------------------------------------

--------------------------------------------------
EPOCH: 7
TIME: 2035.5288467407227
AVG. LOSS: 29.56497742627089
EPOCH METRICS: {'BLEU_1': 0.07370632041244989, 'BLEU_2': 0.027422733215232125, 'BLEU_3': 0.0, 'BLEU_4': 0.0, 'LOSS': 15.392085917882607, 'ROUGE': 0.11275943418417561, 'EXAMPLE': 'pred: se und und und die wird wird wird wird wird wird wird wird wird wird wird wird wird es auch noch  dannnende in den am wieder, target: das temperaturniveau ändert sich auch über das wochenende hinaus kaum'}
BASELINE METRICS: {'BLEU_1': 0.09094908292497328, 'BLEU_2': 0.04322398958422319, 'BLEU_3': 0.0208016188292086, 'BLEU_4': 0.01154076525203481, 'ROUGE': 0.23373427043538952}
['felder in der esen den noch', 'erreicht guten guten guten guten guten guten guten guten guten guten guten guten', 'felder sonst sonst sonst es es heutekan und f auf nacht ne nebelenr minus am grad null im', 'kan das das das das das tieferndruckdruckdruckdruckdruckdruckdruckdruckdruckdruckdruckdruckdruckdruckdruckdruckdruckdruckdruckdruckdruckdruckdruckdruckdruckdruckdruckdruckdruck  sich über die südens']
['heute hat es mal so ein paar kleinere schneeschauer gegeben man sieht hier eine wunderbaren fernsicht hier vom brocken im harz', 'guten abend liebe zuschauer', 'in der nacht wieder überall klirrend kalt unter klarem himmel teilweise zweistellige minusgrade', 'das tief das sich von spanien bis ins südliche mitteleuropa erstreckt weitet sich morgen weiter nach norden aus']
--------------------------------------------------

--------------------------------------------------
EPOCH: 8
TIME: 2006.6470098495483
AVG. LOSS: 29.53486453532635
EPOCH METRICS: {'BLEU_1': 0.04697643510708992, 'BLEU_2': 0.01804462692655927, 'BLEU_3': 0.0, 'BLEU_4': 0.0, 'LOSS': 15.373445883881379, 'ROUGE': 0.07919984772126368, 'EXAMPLE': 'pred: se am am freundlich freundlich freundlich freundlich freundlich freundlich freundlich freundlich freundlich freundlich freundlich freundlich freundlich freundlich freundlich freundlich freundlich süd süd süd süd süd süd süd süd süd süd süd süd süd süd süd süd süd süd süd süd süd süd süd süd süd süd süd süd süd süd süd süd süd süd süd süd süd süd süd süd süd süd süd süd süd süd, target: südlich der donau kommt auch mal die sonne zum zuge und es bleibt trocken'}
BASELINE METRICS: {'BLEU_1': 0.09094908292497328, 'BLEU_2': 0.04322398958422319, 'BLEU_3': 0.0208016188292086, 'BLEU_4': 0.01154076525203481, 'ROUGE': 0.23373427043538952}
['se das das das das das dasdruckdruckdruckdruckdruckdruckdruckdruckdruckdruckdruckdruckdruckdruckdruckdruckdruckdruckdruckdruckdruckdruckdruck', 'felder tag tag tag sonne es im süd süd süd süd süden', 'erreicht das das das das das das das dasdruckdruckdruckdruckdruckdruckdruckdruckdruckdruckdruckdruckdruckdruckdruckdruckdruckdruckdruckdruckdruckdruckdruckdruckdruckdruckdruckdruckdruckdruckdruckdruckdruckdruckdruckdruckdruckdruckdruckdruckdruck we  der morgen morgen süd süd süd süd süddeutschland se', 'erreicht hochdruckdruckdruckdruckdruckdruckdruckdruckdruckern mil']
['das tief über mitteleuropa macht sich in der nacht und morgen vor allem in der nordwesthälfte deutschlands mit regenwolken bemerkbar', 'am sonntag im westen und süden neben einzelnen schauern auch etwas sonnenschein', 'denn dieses hoch kuno das hat uns heute viel sonnenschein beschert', 'im süden weiter ruhiges teilweise freundliches wetter']
--------------------------------------------------

--------------------------------------------------
EPOCH: 9
TIME: 1949.8335525989532
AVG. LOSS: 29.27544557174674
EPOCH METRICS: {'BLEU_1': 0.0537895860514767, 'BLEU_2': 0.022804037902469, 'BLEU_3': 0.0032030895312609472, 'BLEU_4': 0.0, 'LOSS': 15.548736824006244, 'ROUGE': 0.08029177141871191, 'EXAMPLE': 'pred: se das das das das das das das das das das das das das das süd süd süd süd süd süd süd süd süd süd süd süd süd süd süd süd süd süd süd süd süd süd süd süd süd süd süd süd süd süd süd süd süd süd, target: heute nacht ja schon regen im westen deutschlands der sich auch langsam richtung elbe ausbreitet'}
BASELINE METRICS: {'BLEU_1': 0.09094908292497328, 'BLEU_2': 0.04322398958422319, 'BLEU_3': 0.0208016188292086, 'BLEU_4': 0.01154076525203481, 'ROUGE': 0.23373427043538952}
['se heute ober ober ober ober ober ober ober ober ober ober ober grad grad grad grad grad grad grad grad grad grad grad', 'se nun nun nun dievorvorvor morgen morgen morgen morgen morgen morgen morgen morgen morgen', 'se am tag tag reg imstenen süd süd süd süd süd süd süd', 'ern am am tag tag ist ist ist ist ist ist ist süd süd süd süd süd süd süd süd süd süd']
['in einigen tal und muldenlagen heute nacht neun an main und rhein fünfzehn bis sechzehn grad', 'und nun die wettervorhersage für morgen samstag den zweiundzwanzigsten mai', 'unbeständig dagegen bleibt es noch im süden und osten', 'also heute nacht aber im osten zum teil klar im laufe der nacht dann einige nebelfelder und im westen hier und da immer wieder etwas regen']
--------------------------------------------------

--------------------------------------------------
EPOCH: 10
TIME: 1970.1861236095428
AVG. LOSS: 29.48707170013376
EPOCH METRICS: {'BLEU_1': 0.04359380300802896, 'BLEU_2': 0.01745644474720379, 'BLEU_3': 0.0, 'BLEU_4': 0.0, 'LOSS': 15.132859564470648, 'ROUGE': 0.06926867221193618, 'EXAMPLE': 'pred: se am am tag tag tag tag tag es es es es wol wol wol wol wolkenkenkenkenkenkenkenkenkenkenkenkenkenkenkenkenkenkenkenkenkenkenkenken, target: am tag meist stark bewölkt oder neblig trüb stellenweise fällt noch etwas schnee oder regen'}
BASELINE METRICS: {'BLEU_1': 0.09094908292497328, 'BLEU_2': 0.04322398958422319, 'BLEU_3': 0.0208016188292086, 'BLEU_4': 0.01154076525203481, 'ROUGE': 0.23373427043538952}
['se morgen morgen morgen wird wird wird wird es es es', 'se am frei dann dann dann dann dann dann dann', 'gew im süd südwestwestwestwestwestwestwestwestwest', 'se in nord nord nord es im imsten regenkan']
['am montag frischt der wind auf das heißt der nebel lichtet sich schneller', 'und ab mittag fängt es an der nordsee auch wieder an zu regnen nachmittags an der ostseeküste', 'in der nacht gibt es vor allem von der deutschen bucht bis zum oderbruch gebietsweise noch regen sonst ist es trocken richtung süden auch klar', 'später zieht von nordwesten etwas regen heran']
--------------------------------------------------
