Loaded dependency [python3/3.10.7]: gcc/11.3.0-binutils-2.38
Loaded module: python3/3.10.7

Loading python3/3.10.7
  Loading requirement: gcc/11.3.0-binutils-2.38
Loaded module: cuda/12.0
Loaded module: cudnn/v8.3.2.44-prod-cuda-11.X
Traceback (most recent call last):
  File "/zhome/6b/b/151617/Sign2Text/main.py", line 59, in <module>
    main()
  File "/zhome/6b/b/151617/Sign2Text/main.py", line 55, in main
    train(model, dataloader_train, dataloader_val, T_CFG)
  File "/zhome/6b/b/151617/Sign2Text/Trainer/trainer.py", line 104, in train
    preds, probs, loss_ce = model(ipt.to(CFG.device), tokenized_trg_transl, ipt_len)
  File "/zhome/6b/b/151617/env2/lib/python3.10/site-packages/torch/nn/modules/module.py", line 1501, in _call_impl
    return forward_call(*args, **kwargs)
  File "/zhome/6b/b/151617/Sign2Text/Sign2Text/Sign2Text.py", line 33, in forward
    probs, reps = self.visual_encoder(x, ipt_len)
  File "/zhome/6b/b/151617/env2/lib/python3.10/site-packages/torch/nn/modules/module.py", line 1501, in _call_impl
    return forward_call(*args, **kwargs)
  File "/zhome/6b/b/151617/Sign2Text/VisualEncoder/VisualEncoder.py", line 57, in forward
    x, _ = self.backbone(x, video_lens=None)
  File "/zhome/6b/b/151617/env2/lib/python3.10/site-packages/torch/nn/modules/module.py", line 1501, in _call_impl
    return forward_call(*args, **kwargs)
  File "/zhome/6b/b/151617/Sign2Text/VisualEncoder/S3D_backbone.py", line 41, in forward
    x = self.base(x)
  File "/zhome/6b/b/151617/env2/lib/python3.10/site-packages/torch/nn/modules/module.py", line 1501, in _call_impl
    return forward_call(*args, **kwargs)
  File "/zhome/6b/b/151617/env2/lib/python3.10/site-packages/torch/nn/modules/container.py", line 217, in forward
    input = module(input)
  File "/zhome/6b/b/151617/env2/lib/python3.10/site-packages/torch/nn/modules/module.py", line 1501, in _call_impl
    return forward_call(*args, **kwargs)
  File "/zhome/6b/b/151617/Sign2Text/VisualEncoder/S3D/model.py", line 69, in forward
    x = self.conv_s(x)
  File "/zhome/6b/b/151617/env2/lib/python3.10/site-packages/torch/nn/modules/module.py", line 1501, in _call_impl
    return forward_call(*args, **kwargs)
  File "/zhome/6b/b/151617/env2/lib/python3.10/site-packages/torch/nn/modules/conv.py", line 613, in forward
    return self._conv_forward(input, self.weight, self.bias)
  File "/zhome/6b/b/151617/env2/lib/python3.10/site-packages/torch/nn/modules/conv.py", line 608, in _conv_forward
    return F.conv3d(
KeyboardInterrupt
